{
    "user": "cw_1",
    "resume": null,
    "datetime": "2024-02-25-10:29",
    "photo_dir": "/Users/codaxu/Documents/ChatAlbum/Reviver_Proactive/photos/cw_1",
    "chat_history": [
        {
            "role": "assistant",
            "content": "这是2018年10月7号和11号的照片，记录了你和几位成年人在天安门、故宫、动物园、颐和园、鸟巢的参观与合影。其中7号的照片中是天安门和故宫，11号的照片中是动物园、颐和园、鸟巢。我们从第一个场景聊起吧，第一个场景是天安门前合影。"
        },
        {
            "role": "user",
            "content": "请问照片里有多少人"
        },
        {
            "role": "assistant",
            "content": "在提供的照片中，有五位人物。其中一位是用户本人，正面站立并穿着带有横向条纹装饰的白色上衣和黑色裤子。其他四位一起与用户站立在一个似乎是户外拥挤场合的照片中。他们背后的建筑似乎表明这是一个著名的地标或景点。因为这是第一次聊到天安门前合影的照片,我来整体向您介绍下。这是您照片中的第1个场景,一共有6张照片，拍摄于10月7日上午10点20分左右，记录了你和其他成年人在天安门前的站立合影。天空很蓝，天气晴朗。照片中主要有天安门建筑和游客。天安门整体是红色的，前挂有毛主席的相片。我的描述准确吗?你记得当时在做什么吗?"
        },
        {
            "role": "user",
            "content": "请和我描述参观游览颐和园的照片"
        },
        {
            "role": "assistant",
            "content": "好的，你提到了颐和园的参观游览。在照片里，我看到两位男士站在一个开阔的地方，背景是红色的古典建筑，建筑上有多个复杂的屋檐和金色装饰，还有蓝天和几朵云。其中一位男士穿着黑色上衣和运动裤，另一位穿着深色条纹衬衫和浅色裤子。因为这是第一次聊到在颐和园的户外晴朗观光的照片,我来整体向您介绍下。这是您照片中的第6个场景,一共有5张照片，拍摄于10月11日下午13点左右，记录了你在颐和园的观光场景。照片中主要有你和其他成年人、颐和园的红墙绿瓦建筑、广场上的石板和其他游客。我的描述准确吗?你记得当时在做什么吗?"
        },
        {
            "role": "user",
            "content": "照片里还有什么场景?"
        },
        {
            "role": "assistant",
            "content": "好的，在这些照片中可以看到的场景是用户与其他人在宽敞的广场上，背景是一座宏伟的红色古建筑，有着金色的屋顶装饰。建筑周围有很多游客，可以看到天气晴朗，蓝天下有阳光照射。因为这是第一次聊到故宫太和门广场前合影的照片,我来整体向您介绍下。这是您照片中的第3个场景,一共有9张照片，拍摄于10月7日上午11点左右，记录了你在故宫太和门前与其他成年人的站立合影。天气晴朗，故宫的建筑整体红色顶上有黄色或绿色琉璃瓦。照片中主要有游客、故宫的红墙黄瓦建筑、广场和蓝天。我的描述准确吗?你记得当时在做什么吗?"
        }
    ],
    "mtree": {
        "superE": "这是2018年10月7号和11号的照片，记录了你和几位成年人在天安门、故宫、动物园、颐和园、鸟巢的参观与合影。其中7号的照片中是天安门和故宫，11号的照片中是动物园、颐和园、鸟巢。",
        "events": [
            "一共有6张照片，拍摄于10月7日上午10点20分左右，记录了你和其他成年人在天安门前的站立合影。天空很蓝，天气晴朗。照片中主要有天安门建筑和游客。天安门整体是红色的，前挂有毛主席的相片。",
            "一共有7张照片，拍摄于10月7日上午10点40分左右，记录了你在故宫端门前与其他成年人的站立合影。照片中主要有你、其他两位成年人、故宫的红墙和黄色琉璃瓦屋顶，以及周围的游客。",
            "一共有9张照片，拍摄于10月7日上午11点左右，记录了你在故宫太和门前与其他成年人的站立合影。天气晴朗，故宫的建筑整体红色顶上有黄色或绿色琉璃瓦。照片中主要有游客、故宫的红墙黄瓦建筑、广场和蓝天。",
            "一共有10张照片，拍摄于10月11日上午10点左右，记录了动物园中的白狮和老虎的各种姿态。这些场景的环境多在户外，天气晴朗，照片中主要有白狮、老虎、树木、围栏和其他动物园内景观。",
            "一共有3张照片，拍摄于10月11日上午10点半左右，记录了动物园中的刺猬。照片是隔着玻璃拍摄。刺猬主要是黑白色的。",
            "一共有5张照片，拍摄于10月11日下午13点左右，记录了你在颐和园的观光场景。照片中主要有你和其他成年人、颐和园的红墙绿瓦建筑、广场上的石板和其他游客。",
            "一共有3张照片，拍摄于10月11日下午17点左右，记录了鸟巢附近的活动。其中一位女性站在户外，背后是鸟巢，阳光照射下，地面是灰色的；另外两张照片中，你分别和两位男士并排站立，以及和一位女士拍照，背景均为鸟巢。"
        ],
        "evtCnt": 7,
        "evtStr": "0 天安门\n1 故宫端门\n2 故宫太和门广场\n3 老虎和白狮\n4 刺猬\n5 颐和园\n6 鸟巢\n",
        "shorts": [
            "天安门前合影",
            "故宫端门前合影",
            "故宫太和门广场前合影",
            "白狮在动物园",
            "刺猬的户外和室内活动",
            "在颐和园的户外晴朗观光",
            "鸟巢附近活动"
        ],
        "photos": [
            [
                1,
                2,
                3,
                4,
                5,
                6
            ],
            [
                7,
                8,
                9,
                10,
                11,
                12,
                13
            ],
            [
                14,
                15,
                16,
                17,
                18,
                19,
                20,
                21,
                22
            ],
            [
                23,
                24,
                25,
                26,
                27,
                28,
                29,
                30,
                31,
                32
            ],
            [
                33,
                34,
                35
            ],
            [
                36,
                37,
                38,
                39,
                40
            ],
            [
                41,
                42,
                43
            ]
        ],
        "topics": [
            [
                "照片中，你留着短发，穿着白色长袖上衣和黑色裤子,背着黑色背包。有一名女士穿着黑色夹克，灰色条纹T恤，黑色裤子，红色鞋子，戴着眼镜，留着黑色短发。你记得都有谁吗?",
                "照片中还有两位男士。一位穿着黑色外套,带有蓝色和白色条纹的T恤，淡色长裤,深色鞋子，留着黑色短发。另一位穿着白绿色格子衬衫，身高很高。你记得他们吗?",
                "照片中天安门的红色墙体和黄色琉璃瓦，毛主席的画像和红旗横幅，以及一位身着制服的警察。你记得在做什么吗?"
            ],
            [
                "你们在故宫端门前站立合影。背景中有'故宫博物院'的牌匾。你记得在做什么吗?",
                "照片拍摄于室外，天气晴朗，故宫端门前。红墙和黄色琉璃瓦屋顶在背景中显得格外醒目。你记得这个地方吗?",
                "照片中有故宫的红墙、黄色琉璃瓦屋顶、绿色松树、穿着各式衣服的游客和古典风格的路灯。这里面有你想了解的内容吗?"
            ],
            [
                "照片中除了你之外，还有两位男士，一位女士。和上一个场景的人物相同。你还记得当时的活动吗?",
                "照片中还有故宫建筑的红色墙面和黄色琉璃瓦顶，以及周围的游客。所有照片中天气都十分晴朗，你的心情如何?",
                "照片的拍摄地是故宫博物院，在室外的广场或门前，广场上人来人往，地面是灰色的石板。你记得这个地方吗?"
            ],
            [
                "一只老虎和几只白狮出现在照片中，它们在动物园里的玻璃笼子和户外的围栏内行走或休息。动物们的颜色各异，从橙色的老虎带有黑色条纹，到白色和淡黄色间隔的白狮。你记得看到过这些动物吗?",
                "照片中白狮的活动包括行走、站立、张望、静卧，并有几张照片捕捉到了两只狮子彼此陪伴。你记得在做什么时看到这些活动吗?",
                "这些照片拍摄于不同的户外环境，有晴朗的天空、明媚的阳光、棕黄色的土地和树木、泥土和碎石。你记得这个地方吗?"
            ],
            [
                "第一张照片中的刺猬是黑色的，具体动作不清晰。第二、三张照片中的刺猬是黑白相间的，有许多尖刺。你记得是在哪里吗？"
            ],
            [
                "你在照片中留着黑色短发，穿着黑色夹克、深色裤子，还戴着眼镜。你记得都有谁吗?",
                "照片记录了你和另一位男性或女性在颐和园内的观光活动，有时你们背对着太阳，有时站在宽阔的石地上。你记得在做什么吗?",
                "照片捕捉了颐和园的美丽景色，包括红墙和绿色屋顶的建筑群以及灰色的石板广场。你还记得这个地方吗?",
                "照片中的物体有广场上的石板、颐和园的建筑、天空、其他游客。这里面有你想了解的内容吗?"
            ],
            [
                "照片中的环境是户外鸟巢广场，鸟巢整体是大型钢结构建筑，地面是灰色砖石铺成，有不规则的石块。你记得这个地方吗?",
                "你和另外两位男士并排站在广场上，天气晴朗。你穿着黑色裤子，白色与橙色相间的上衣。你还记得当时在做什么吗?"
            ]
        ]
    },
    "reply_history": [
        {
            "dialogue_turn": 0,
            "user_input": null,
            "command_eid": null,
            "original_reply": "这是2018年10月7号和11号的照片，记录了你和几位成年人在天安门、故宫、动物园、颐和园、鸟巢的参观与合影。其中7号的照片中是天安门和故宫，11号的照片中是动物园、颐和园、鸟巢。我们从第一个场景聊起吧，第一个场景是天安门前合影。",
            "corrected_reply": null
        },
        {
            "dialogue_turn": 1,
            "user_input": "请问照片里有多少人",
            "command_eid": "0",
            "original_reply": "在提供的照片中，有五位人物。其中一位是用户本人，正面站立并穿着带有横向条纹装饰的白色上衣和黑色裤子。其他四位一起与用户站立在一个似乎是户外拥挤场合的照片中。他们背后的建筑似乎表明这是一个著名的地标或景点。因为这是第一次聊到天安门前合影的照片,我来整体向您介绍下。这是您照片中的第1个场景,一共有6张照片，拍摄于10月7日上午10点20分左右，记录了你和其他成年人在天安门前的站立合影。天空很蓝，天气晴朗。照片中主要有天安门建筑和游客。天安门整体是红色的，前挂有毛主席的相片。我的描述准确吗?你记得当时在做什么吗?",
            "corrected_reply": null
        },
        {
            "dialogue_turn": 2,
            "user_input": "请和我描述参观游览颐和园的照片",
            "command_eid": "5",
            "original_reply": "好的，你提到了颐和园的参观游览。在照片里，我看到两位男士站在一个开阔的地方，背景是红色的古典建筑，建筑上有多个复杂的屋檐和金色装饰，还有蓝天和几朵云。其中一位男士穿着黑色上衣和运动裤，另一位穿着深色条纹衬衫和浅色裤子。因为这是第一次聊到在颐和园的户外晴朗观光的照片,我来整体向您介绍下。这是您照片中的第6个场景,一共有5张照片，拍摄于10月11日下午13点左右，记录了你在颐和园的观光场景。照片中主要有你和其他成年人、颐和园的红墙绿瓦建筑、广场上的石板和其他游客。我的描述准确吗?你记得当时在做什么吗?",
            "corrected_reply": null
        },
        {
            "dialogue_turn": 3,
            "user_input": "照片里还有什么场景?",
            "command_eid": "2",
            "original_reply": "好的，在这些照片中可以看到的场景是用户与其他人在宽敞的广场上，背景是一座宏伟的红色古建筑，有着金色的屋顶装饰。建筑周围有很多游客，可以看到天气晴朗，蓝天下有阳光照射。因为这是第一次聊到故宫太和门广场前合影的照片,我来整体向您介绍下。这是您照片中的第3个场景,一共有9张照片，拍摄于10月7日上午11点左右，记录了你在故宫太和门前与其他成年人的站立合影。天气晴朗，故宫的建筑整体红色顶上有黄色或绿色琉璃瓦。照片中主要有游客、故宫的红墙黄瓦建筑、广场和蓝天。我的描述准确吗?你记得当时在做什么吗?",
            "corrected_reply": null
        }
    ],
    "state_history": [
        {
            "dialogue_turn": 0,
            "curEid": 0,
            "commandEid": null,
            "switchingEvent": true,
            "wandering": false,
            "forwardProgress": 0,
            "sumPending": false,
            "evtPending": false,
            "wanPending": false,
            "hasSuggested": false,
            "isEventTalked": [
                true,
                false,
                true,
                false,
                false,
                true,
                false
            ],
            "isTopicTalked": [
                [
                    false,
                    false,
                    false
                ],
                [
                    false,
                    false,
                    false
                ],
                [
                    false,
                    false,
                    false
                ],
                [
                    false,
                    false,
                    false
                ],
                [
                    false
                ],
                [
                    false,
                    false,
                    false,
                    false
                ],
                [
                    false,
                    false
                ]
            ],
            "summarizing": false,
            "ended": false
        },
        {
            "dialogue_turn": 1,
            "curEid": 0,
            "commandEid": "0",
            "switchingEvent": false,
            "wandering": false,
            "forwardProgress": 0,
            "sumPending": false,
            "evtPending": false,
            "wanPending": false,
            "hasSuggested": false,
            "isEventTalked": [
                true,
                false,
                true,
                false,
                false,
                true,
                false
            ],
            "isTopicTalked": [
                [
                    false,
                    false,
                    false
                ],
                [
                    false,
                    false,
                    false
                ],
                [
                    false,
                    false,
                    false
                ],
                [
                    false,
                    false,
                    false
                ],
                [
                    false
                ],
                [
                    false,
                    false,
                    false,
                    false
                ],
                [
                    false,
                    false
                ]
            ],
            "summarizing": false,
            "ended": false
        },
        {
            "dialogue_turn": 2,
            "curEid": 5,
            "commandEid": "5",
            "switchingEvent": true,
            "wandering": true,
            "forwardProgress": 0,
            "sumPending": false,
            "evtPending": false,
            "wanPending": false,
            "hasSuggested": false,
            "isEventTalked": [
                true,
                false,
                true,
                false,
                false,
                true,
                false
            ],
            "isTopicTalked": [
                [
                    false,
                    false,
                    false
                ],
                [
                    false,
                    false,
                    false
                ],
                [
                    false,
                    false,
                    false
                ],
                [
                    false,
                    false,
                    false
                ],
                [
                    false
                ],
                [
                    false,
                    false,
                    false,
                    false
                ],
                [
                    false,
                    false
                ]
            ],
            "summarizing": false,
            "ended": false
        },
        {
            "dialogue_turn": 3,
            "curEid": 2,
            "commandEid": "2",
            "switchingEvent": true,
            "wandering": true,
            "forwardProgress": 0,
            "sumPending": false,
            "evtPending": false,
            "wanPending": false,
            "hasSuggested": false,
            "isEventTalked": [
                true,
                false,
                true,
                false,
                false,
                true,
                false
            ],
            "isTopicTalked": [
                [
                    false,
                    false,
                    false
                ],
                [
                    false,
                    false,
                    false
                ],
                [
                    false,
                    false,
                    false
                ],
                [
                    false,
                    false,
                    false
                ],
                [
                    false
                ],
                [
                    false,
                    false,
                    false,
                    false
                ],
                [
                    false,
                    false
                ]
            ],
            "summarizing": false,
            "ended": false
        }
    ]
}