{
    "user": "cw_1",
    "resume": "cw_1_20240225_4.log",
    "datetime": [
        "2024-02-25-17:22"
    ],
    "photo_dir": "/Users/codaxu/Documents/ChatAlbum/Reviver_Proactive/photos/cw_1",
    "chat_history": [
        {
            "role": "assistant",
            "content": "这是2018年10月7号和11号的照片，记录了你和几位成年人在天安门、故宫、动物园、颐和园、鸟巢的参观与合影。其中7号的照片中是天安门和故宫，11号的照片中是动物园、颐和园、鸟巢。我们从第一个场景聊起吧，第一个场景是天安门前合影。"
        },
        {
            "role": "user",
            "content": "合影一共有几个人"
        },
        {
            "role": "assistant",
            "content": "在提供的照片中，合影共有四个人。因为这是第一次聊到天安门前合影的照片,我来整体向您介绍下。这是您照片中的第1个场景,一共有6张照片，拍摄于10月7日上午10点20分左右，记录了你和其他成年人在天安门前的站立合影。天空很蓝，天气晴朗。照片中主要有天安门建筑和游客。天安门整体是红色的，前挂有毛主席的相片。我的描述准确吗?你记得当时在做什么吗?"
        },
        {
            "role": "user",
            "content": "你的描述很准确,里面4个人,其中是不是有一个个子特别高?"
        },
        {
            "role": "assistant",
            "content": "照片中确实有一位个子很高的男士.穿着白绿色格子衬衫，身高很高。你记得他们吗?"
        },
        {
            "role": "user",
            "content": "我记得,通过你的描述我已经完全能确认这是我和我父母,还有我同学.我们四个人一起游玩的照片.是那一段事件在故宫/颐和园/动物园/鸟巢/还有雍和宫游玩的照片."
        },
        {
            "role": "assistant",
            "content": "你的描述很详细.从照片中,我还注意到:照片中天安门的红色墙体和黄色琉璃瓦，毛主席的画像和红旗横幅，以及一位身"
        },
        {
            "role": "user",
            "content": "你刚刚说这是一组照片,请问还有什么照片,分别是在什么建筑和场景前拍摄的"
        },
        {
            "role": "assistant",
            "content": "7号的照片中是天安门和故宫，11号的照片中是动物园、颐和园、鸟巢。接下来我先介绍一下故宫,这是您照片中的第2个场景,一共有7张照片，拍摄于10月7日上午10点40分左右，记录了你在故宫端门前与其他成年人的站立合影。照片中主要有你、其他两位成年人、故宫的红墙和黄色琉璃瓦屋顶，以及周围的游客。我的描述准确吗?你记得当时在做什么吗?"
        },
        {
            "role": "user",
            "content": "你的描述很准确.请问还有其他照片吗?这一组照片中除了在天安门/端门前.其他的呢"
        },
        {
            "role": "assistant",
            "content": "这组照片一共40多张,前11张是故宫端门和天安门,后面分别有故宫太和门/动物园/颐和园/鸟巢"
        },
        {
            "role": "user",
            "content": " 请给我介绍后面的照片 故宫的下一组照片"
        },
        {
            "role": "assistant",
            "content": "下一组照片记录了你在故宫太和门前与其他成年人的站立合影。天气晴朗，故宫的建筑整体红色顶上有黄色或绿色琉璃瓦。照片中主要有游客、故宫的红墙黄瓦建筑、广场和蓝天。我的描述准确吗?你记得当时在做什么吗?"
        },
        {
            "role": "user",
            "content": "invalid literal for int() with base 10: '您照片中的第3个场景,一共有9张照片，拍摄于10月7日上午11点左右，记录了你在故宫太和门前与其他成年人的站立合影。天气晴朗，故宫的建筑整体红色顶上有黄色或绿色琉璃瓦。照片中主要有游客、故宫的红墙黄瓦建筑、广场和蓝天。我的描述准确吗?你记得当时在做什么吗?关于故宫的下一张照片."
        },
        {
            "role": "assistant",
            "content": "下一组照片记录了你在故宫太和门前与其他成年人的站立合影。天气晴朗，故宫的建筑整体红色顶上有黄色或绿色琉璃瓦。照片中主要有游客、故宫的红墙黄瓦建筑、广场和蓝天。我的描述准确吗?你记得当时在做什么吗?"
        },
        {
            "role": "user",
            "content": "你刚才已经介绍我在天安门,端门,太和殿前的合影.请问我还在故宫什么建筑前拍过照片?"
        },
        {
            "role": "assistant",
            "content": "故宫中,只有两个地点拍照.一个是端门,一个是太和门广场前照片.照片中除了你之外，还有两位男士，一位女士。和上一个场景的人物相同。你还记得当时的活动吗?"
        },
        {
            "role": "user",
            "content": "在故宫中,拍照的地点只有端门和太和门吗?还有没有其他地点的照片"
        },
        {
            "role": "assistant",
            "content": "故宫中,确实只有端门和太和门的照片,没有其他故宫的照片.接下来我来介绍下动物园.您照片中的第4个场景,一共有10张照片，拍摄于10月11日上午10点左右，记录了动物园中的白狮和老虎的各种姿态。这些场景的环境多在户外，天气晴朗，照片中主要有白狮、老虎、树木、围栏和其他动物园内景观。我的描述准确吗?你记得当时在做什么吗?"
        },
        {
            "role": "user",
            "content": "你的描述准确.请告诉我有没有熊的照片"
        },
        {
            "role": "assistant",
            "content": "照片中没有熊,但是有刺猬.因为这是第一次聊到刺猬的户外和室内活动的照片,我来整体向您介绍下。这是您照片中的第5个场景,一共有3张照片，拍摄于10月11日上午10点半左右，记录了动物园中的刺猬。照片是隔着玻璃拍摄。刺猬主要是黑白色的。我的描述准确吗?你记得当时在做什么吗?"
        },
        {
            "role": "user",
            "content": "我记得好像没有拍过刺猬把,是不是我记错了?能再仔细确认一下吗"
        },
        {
            "role": "assistant",
            "content": "好的，在照片中确实有刺猬。它的身体主要是黑色的，带有白色的刺。刺猬在户外的场景中，貌似在进食。从照片中,我还注意到:第一张照片中的刺猬是黑色的，具体动作不清晰。第二、三张照片中的刺猬是黑白相间的，有许多尖刺。你记得是在哪里吗？"
        },
        {
            "role": "user",
            "content": "应该就是在动物园吧.有没有大象和猎豹的照片?"
        },
        {
            "role": "assistant",
            "content": "照片中,动物只有狮子/老虎,你是要了解这些吗?"
        },
        {
            "role": "user",
            "content": "好的,介绍下一组吧"
        },
        {
            "role": "assistant",
            "content": "这是您照片中的第6个场景,一共有5张照片，拍摄于10月11日下午13点左右，记录了你在颐和园的观光场景。照片中主要有你和其他成年人、颐和园的红墙绿瓦建筑、广场上的石板和其他游客。我的描述准确吗?你记得当时在做什么吗?"
        },
        {
            "role": "user",
            "content": "你的描述很准确.请再次重复一下,故宫/动物园/颐和园分别是在什么时间拍摄的"
        },
        {
            "role": "assistant",
            "content": "故宫拍摄于拍摄于10月7日上午,动物园拍摄于10月11日上午10点,颐和园拍摄于10月11日下午13点左右."
        },
        {
            "role": "user",
            "content": "好的,我知道了.请继续介绍后面的照片."
        },
        {
            "role": "assistant",
            "content": "下一组是您照片中的第7个场景,一共有3张照片，拍摄于10月11日下午17点左右，记录了鸟巢附近的活动。其中一位女性站在户外，背后是鸟巢，阳光照射下，地面是灰色的；另外两张照片中，你分别和两位男士并排站立，以及和一位女士拍照，背景均为鸟巢。我的描述准确吗?你记得当时在做什么吗?"
        },
        {
            "role": "user",
            "content": ""
        },
        {
            "role": "assistant",
            "content": "鸟巢照片拍摄于10月11日下午17点左右，从照片中,我还注意到:你和另外两位男士并排站在广场上，天气晴朗。你穿着黑色裤子，白色与橙色相间的上衣。你还记得当时在做什么吗?"
        },
        {
            "role": "user",
            "content": "我记得，请告诉我在鸟巢的照片里面,有没有在鸟巢内部拍摄的照片,"
        },
        {
            "role": "assistant",
            "content": "在提供的照片中，均没有显示鸟巢内部的景象。所有照片都是在户外拍摄的，背景是鸟巢的外观。"
        },
        {
            "role": "user",
            "content": "好的,请介绍下一组照片"
        },
        {
            "role": "assistant",
            "content": "这组照片一共有7个场景，刚刚我们已经都讨论过了。我为您生成了以下回忆录:回忆录：\n\n在那个金秋十月的北京之旅中，我和我的父母、同学一起踏足了这座历史与现代交融的城市。我们的旅程于10月7日开始，先是在天安门前留下了我们的笑脸，在那片蓝天下，红旗飘扬，毛主席的画像庄严地看着我们；接着是故宫的端门和太和门，那红墙黄瓦下记录着我们的身影与兴奋的心情。11日，我们又在动物园与白狮、老虎等动物相遇，感受自然的奇妙。下午，我们漫步在颐和园，静赏古典建筑之美。傍晚，我们在鸟巢前合影，那个独特的建筑让我们的回忆更添几分特色。这些照片如同定格的时光，见证了我们的欢声笑语，成为了我珍贵的记忆。"
        },
        {
            "role": "user",
            "content": "谢谢,非常完美."
        },
        {
            "role": "assistant",
            "content": "the session has ended"
        }
    ],
    "mtree": {
        "superE": "这是2018年10月7号和11号的照片，记录了你和几位成年人在天安门、故宫、动物园、颐和园、鸟巢的参观与合影。其中7号的照片中是天安门和故宫，11号的照片中是动物园、颐和园、鸟巢。",
        "events": [
            "一共有6张照片，拍摄于10月7日上午10点20分左右，记录了你和其他成年人在天安门前的站立合影。天空很蓝，天气晴朗。照片中主要有天安门建筑和游客。天安门整体是红色的，前挂有毛主席的相片。",
            "一共有7张照片，拍摄于10月7日上午10点40分左右，记录了你在故宫端门前与其他成年人的站立合影。照片中主要有你、其他两位成年人、故宫的红墙和黄色琉璃瓦屋顶，以及周围的游客。",
            "一共有9张照片，拍摄于10月7日上午11点左右，记录了你在故宫太和门前与其他成年人的站立合影。天气晴朗，故宫的建筑整体红色顶上有黄色或绿色琉璃瓦。照片中主要有游客、故宫的红墙黄瓦建筑、广场和蓝天。",
            "一共有10张照片，拍摄于10月11日上午10点左右，记录了动物园中的白狮和老虎的各种姿态。这些场景的环境多在户外，天气晴朗，照片中主要有白狮、老虎、树木、围栏和其他动物园内景观。",
            "一共有3张照片，拍摄于10月11日上午10点半左右，记录了动物园中的刺猬。照片是隔着玻璃拍摄。刺猬主要是黑白色的。",
            "一共有5张照片，拍摄于10月11日下午13点左右，记录了你在颐和园的观光场景。照片中主要有你和其他成年人、颐和园的红墙绿瓦建筑、广场上的石板和其他游客。",
            "一共有3张照片，拍摄于10月11日下午17点左右，记录了鸟巢附近的活动。其中一位女性站在户外，背后是鸟巢，阳光照射下，地面是灰色的；另外两张照片中，你分别和两位男士并排站立，以及和一位女士拍照，背景均为鸟巢。"
        ],
        "evtCnt": 7,
        "evtStr": "0 天安门\n1 故宫端门\n2 故宫太和门广场\n3 老虎和白狮\n4 刺猬\n5 颐和园\n6 鸟巢\n",
        "shorts": [
            "天安门前合影",
            "故宫端门前合影",
            "故宫太和门广场前合影",
            "白狮在动物园",
            "刺猬的户外和室内活动",
            "在颐和园的户外晴朗观光",
            "鸟巢附近活动"
        ],
        "photos": [
            [
                1,
                2,
                3,
                4,
                5,
                6
            ],
            [
                7,
                8,
                9,
                10,
                11,
                12,
                13
            ],
            [
                14,
                15,
                16,
                17,
                18,
                19,
                20,
                21,
                22
            ],
            [
                23,
                24,
                25,
                26,
                27,
                28,
                29,
                30,
                31,
                32
            ],
            [
                33,
                34,
                35
            ],
            [
                36,
                37,
                38,
                39,
                40
            ],
            [
                41,
                42,
                43
            ]
        ],
        "topics": [
            [
                "照片中，你留着短发，穿着白色长袖上衣和黑色裤子,背着黑色背包。有一名女士穿着黑色夹克，灰色条纹T恤，黑色裤子，红色鞋子，戴着眼镜，留着黑色短发。你记得都有谁吗?",
                "照片中还有两位男士。一位穿着黑色外套,带有蓝色和白色条纹的T恤，淡色长裤,深色鞋子，留着黑色短发。另一位穿着白绿色格子衬衫，身高很高。你记得他们吗?",
                "照片中天安门的红色墙体和黄色琉璃瓦，毛主席的画像和红旗横幅，以及一位身着制服的警察。你记得在做什么吗?"
            ],
            [
                "你们在故宫端门前站立合影。背景中有'故宫博物院'的牌匾。你记得在做什么吗?",
                "照片拍摄于室外，天气晴朗，故宫端门前。红墙和黄色琉璃瓦屋顶在背景中显得格外醒目。你记得这个地方吗?",
                "照片中有故宫的红墙、黄色琉璃瓦屋顶、绿色松树、穿着各式衣服的游客和古典风格的路灯。这里面有你想了解的内容吗?"
            ],
            [
                "照片中除了你之外，还有两位男士，一位女士。和上一个场景的人物相同。你还记得当时的活动吗?",
                "照片中还有故宫建筑的红色墙面和黄色琉璃瓦顶，以及周围的游客。所有照片中天气都十分晴朗，你的心情如何?",
                "照片的拍摄地是故宫博物院，在室外的广场或门前，广场上人来人往，地面是灰色的石板。你记得这个地方吗?"
            ],
            [
                "一只老虎和几只白狮出现在照片中，它们在动物园里的玻璃笼子和户外的围栏内行走或休息。动物们的颜色各异，从橙色的老虎带有黑色条纹，到白色和淡黄色间隔的白狮。你记得看到过这些动物吗?",
                "照片中白狮的活动包括行走、站立、张望、静卧，并有几张照片捕捉到了两只狮子彼此陪伴。你记得在做什么时看到这些活动吗?",
                "这些照片拍摄于不同的户外环境，有晴朗的天空、明媚的阳光、棕黄色的土地和树木、泥土和碎石。你记得这个地方吗?"
            ],
            [
                "第一张照片中的刺猬是黑色的，具体动作不清晰。第二、三张照片中的刺猬是黑白相间的，有许多尖刺。你记得是在哪里吗？"
            ],
            [
                "你在照片中留着黑色短发，穿着黑色夹克、深色裤子，还戴着眼镜。你记得都有谁吗?",
                "照片记录了你和另一位男性或女性在颐和园内的观光活动，有时你们背对着太阳，有时站在宽阔的石地上。你记得在做什么吗?",
                "照片捕捉了颐和园的美丽景色，包括红墙和绿色屋顶的建筑群以及灰色的石板广场。你还记得这个地方吗?",
                "照片中的物体有广场上的石板、颐和园的建筑、天空、其他游客。这里面有你想了解的内容吗?"
            ],
            [
                "照片中的环境是户外鸟巢广场，鸟巢整体是大型钢结构建筑，地面是灰色砖石铺成，有不规则的石块。你记得这个地方吗?",
                "你和另外两位男士并排站在广场上，天气晴朗。你穿着黑色裤子，白色与橙色相间的上衣。你还记得当时在做什么吗?"
            ]
        ]
    },
    "reply_history": [
        {
            "dialogue_turn": 0,
            "user_input": null,
            "command_eid": null,
            "original_reply": "这是2018年10月7号和11号的照片，记录了你和几位成年人在天安门、故宫、动物园、颐和园、鸟巢的参观与合影。其中7号的照片中是天安门和故宫，11号的照片中是动物园、颐和园、鸟巢。我们从第一个场景聊起吧，第一个场景是天安门前合影。",
            "corrected_reply": null
        },
        {
            "dialogue_turn": 1,
            "user_input": "合影一共有几个人",
            "command_eid": "N",
            "original_reply": "在提供的照片中，合影共有四个人。因为这是第一次聊到天安门前合影的照片,我来整体向您介绍下。这是您照片中的第1个场景,一共有6张照片，拍摄于10月7日上午10点20分左右，记录了你和其他成年人在天安门前的站立合影。天空很蓝，天气晴朗。照片中主要有天安门建筑和游客。天安门整体是红色的，前挂有毛主席的相片。我的描述准确吗?你记得当时在做什么吗?",
            "corrected_reply": null
        },
        {
            "dialogue_turn": 2,
            "user_input": "你的描述很准确,里面4个人,其中是不是有一个个子特别高?",
            "command_eid": "N",
            "original_reply": "从照片中,我还注意到:照片中还有两位男士。一位穿着黑色外套,带有蓝色和白色条纹的T恤，淡色长裤,深色鞋子，留着黑色短发。另一位穿着白绿色格子衬衫，身高很高。你记得他们吗?",
            "corrected_reply": "照片中确实有一位个子很高的男士.穿着白绿色格子衬衫，身高很高。你记得他们吗?"
        },
        {
            "dialogue_turn": 3,
            "user_input": "我记得,通过你的描述我已经完全能确认这是我和我父母,还有我同学.我们四个人一起游玩的照片.是那一段事件在故宫/颐和园/动物园/鸟巢/还有雍和宫游玩的照片.",
            "command_eid": "N",
            "original_reply": "从照片中,我还注意到:照片中天安门的红色墙体和黄色琉璃瓦，毛主席的画像和红旗横幅，以及一位身着制服的警察。你记得在做什么吗?",
            "corrected_reply": "你的描述很详细.从照片中,我还注意到:照片中天安门的红色墙体和黄色琉璃瓦，毛主席的画像和红旗横幅，以及一位身"
        },
        {
            "dialogue_turn": 4,
            "user_input": "你刚刚说这是一组照片,请问还有什么照片,分别是在什么建筑和场景前拍摄的",
            "command_eid": "E",
            "original_reply": "因为这是第一次聊到故宫端门前合影的照片,我来整体向您介绍下。这是您照片中的第2个场景,一共有7张照片，拍摄于10月7日上午10点40分左右，记录了你在故宫端门前与其他成年人的站立合影。照片中主要有你、其他两位成年人、故宫的红墙和黄色琉璃瓦屋顶，以及周围的游客。我的描述准确吗?你记得当时在做什么吗?",
            "corrected_reply": "7号的照片中是天安门和故宫，11号的照片中是动物园、颐和园、鸟巢。接下来我先介绍一下故宫,这是您照片中的第2个场景,一共有7张照片，拍摄于10月7日上午10点40分左右，记录了你在故宫端门前与其他成年人的站立合影。照片中主要有你、其他两位成年人、故宫的红墙和黄色琉璃瓦屋顶，以及周围的游客。我的描述准确吗?你记得当时在做什么吗?"
        },
        {
            "dialogue_turn": 5,
            "user_input": "你的描述很准确.请问还有其他照片吗?这一组照片中除了在天安门/端门前.其他的呢",
            "command_eid": "E",
            "original_reply": "因为这是第一次聊到故宫太和门广场前合影的照片,我来整体向您介绍下。这是您照片中的第3个场景,一共有9张照片，拍摄于10月7日上午11点左右，记录了你在故宫太和门前与其他成年人的站立合影。天气晴朗，故宫的建筑整体红色顶上有黄色或绿色琉璃瓦。照片中主要有游客、故宫的红墙黄瓦建筑、广场和蓝天。我的描述准确吗?你记得当时在做什么吗?",
            "corrected_reply": "这组照片一共40多张,前11张是故宫端门和天安门,后面分别有故宫太和门/动物园/颐和园/鸟巢"
        },
        {
            "dialogue_turn": 6,
            "user_input": " 请给我介绍后面的照片 故宫的下一组照片",
            "command_eid": "2",
            "original_reply": "从照片中,我还注意到:照片中除了你之外，还有两位男士，一位女士。和上一个场景的人物相同。你还记得当时的活动吗?",
            "corrected_reply": "下一组照片记录了你在故宫太和门前与其他成年人的站立合影。天气晴朗，故宫的建筑整体红色顶上有黄色或绿色琉璃瓦。照片中主要有游客、故宫的红墙黄瓦建筑、广场和蓝天。我的描述准确吗?你记得当时在做什么吗?"
        },
        {
            "dialogue_turn": 7,
            "user_input": "invalid literal for int() with base 10: '您照片中的第3个场景,一共有9张照片，拍摄于10月7日上午11点左右，记录了你在故宫太和门前与其他成年人的站立合影。天气晴朗，故宫的建筑整体红色顶上有黄色或绿色琉璃瓦。照片中主要有游客、故宫的红墙黄瓦建筑、广场和蓝天。我的描述准确吗?你记得当时在做什么吗?关于故宫的下一张照片.",
            "command_eid": "2",
            "original_reply": "从照片中,我还注意到:照片中还有故宫建筑的红色墙面和黄色琉璃瓦顶，以及周围的游客。所有照片中天气都十分晴朗，你的心情如何?",
            "corrected_reply": "下一组照片记录了你在故宫太和门前与其他成年人的站立合影。天气晴朗，故宫的建筑整体红色顶上有黄色或绿色琉璃瓦。照片中主要有游客、故宫的红墙黄瓦建筑、广场和蓝天。我的描述准确吗?你记得当时在做什么吗?"
        },
        {
            "dialogue_turn": 8,
            "user_input": "你刚才已经介绍我在天安门,端门,太和殿前的合影.请问我还在故宫什么建筑前拍过照片?",
            "command_eid": "2",
            "original_reply": "",
            "corrected_reply": "故宫中,只有两个地点拍照.一个是端门,一个是太和门广场前照片.照片中除了你之外，还有两位男士，一位女士。和上一个场景的人物相同。你还记得当时的活动吗?"
        },
        {
            "dialogue_turn": 9,
            "user_input": "在故宫中,拍照的地点只有端门和太和门吗?还有没有其他地点的照片",
            "command_eid": "E",
            "original_reply": "因为这是第一次聊到白狮在动物园的照片,我来整体向您介绍下。这是您照片中的第4个场景,一共有10张照片，拍摄于10月11日上午10点左右，记录了动物园中的白狮和老虎的各种姿态。这些场景的环境多在户外，天气晴朗，照片中主要有白狮、老虎、树木、围栏和其他动物园内景观。我的描述准确吗?你记得当时在做什么吗?",
            "corrected_reply": "故宫中,确实只有端门和太和门的照片,没有其他故宫的照片.接下来我来介绍下动物园.您照片中的第4个场景,一共有10张照片，拍摄于10月11日上午10点左右，记录了动物园中的白狮和老虎的各种姿态。这些场景的环境多在户外，天气晴朗，照片中主要有白狮、老虎、树木、围栏和其他动物园内景观。我的描述准确吗?你记得当时在做什么吗?"
        },
        {
            "dialogue_turn": 10,
            "user_input": "你的描述准确.请告诉我有没有熊的照片",
            "command_eid": "4",
            "original_reply": "因为这是第一次聊到刺猬的户外和室内活动的照片,我来整体向您介绍下。这是您照片中的第5个场景,一共有3张照片，拍摄于10月11日上午10点半左右，记录了动物园中的刺猬。照片是隔着玻璃拍摄。刺猬主要是黑白色的。我的描述准确吗?你记得当时在做什么吗?",
            "corrected_reply": "照片中没有熊,但是有刺猬.因为这是第一次聊到刺猬的户外和室内活动的照片,我来整体向您介绍下。这是您照片中的第5个场景,一共有3张照片，拍摄于10月11日上午10点半左右，记录了动物园中的刺猬。照片是隔着玻璃拍摄。刺猬主要是黑白色的。我的描述准确吗?你记得当时在做什么吗?"
        },
        {
            "dialogue_turn": 11,
            "user_input": "我记得好像没有拍过刺猬把,是不是我记错了?能再仔细确认一下吗",
            "command_eid": "N",
            "original_reply": "好的，在照片中确实有刺猬。它的身体主要是黑色的，带有白色的刺。刺猬在户外的场景中，貌似在进食。从照片中,我还注意到:第一张照片中的刺猬是黑色的，具体动作不清晰。第二、三张照片中的刺猬是黑白相间的，有许多尖刺。你记得是在哪里吗？",
            "corrected_reply": null
        },
        {
            "dialogue_turn": 12,
            "user_input": "应该就是在动物园吧.有没有大象和猎豹的照片?",
            "command_eid": "N",
            "original_reply": "关于刺猬的户外和室内活动场景，我们聊了很多了。你还有更多问题吗?没有的话, 我们可以聊下一个场景:在颐和园的户外晴朗观光。",
            "corrected_reply": "照片中,动物只有狮子/老虎,你是要了解这些吗?"
        },
        {
            "dialogue_turn": 13,
            "user_input": "好的,介绍下一组吧",
            "command_eid": null,
            "original_reply": "因为这是第一次聊到在颐和园的户外晴朗观光的照片,我来整体向您介绍下。这是您照片中的第6个场景,一共有5张照片，拍摄于10月11日下午13点左右，记录了你在颐和园的观光场景。照片中主要有你和其他成年人、颐和园的红墙绿瓦建筑、广场上的石板和其他游客。我的描述准确吗?你记得当时在做什么吗?",
            "corrected_reply": "这是您照片中的第6个场景,一共有5张照片，拍摄于10月11日下午13点左右，记录了你在颐和园的观光场景。照片中主要有你和其他成年人、颐和园的红墙绿瓦建筑、广场上的石板和其他游客。我的描述准确吗?你记得当时在做什么吗?"
        },
        {
            "dialogue_turn": 14,
            "user_input": "你的描述很准确.请再次重复一下,故宫/动物园/颐和园分别是在什么时间拍摄的",
            "command_eid": "N",
            "original_reply": "从照片中,我还注意到:照片捕捉了颐和园的美丽景色，包括红墙和绿色屋顶的建筑群以及灰色的石板广场。你还记得这个地方吗?",
            "corrected_reply": "故宫拍摄于拍摄于10月7日上午,动物园拍摄于10月11日上午10点,颐和园拍摄于10月11日下午13点左右."
        },
        {
            "dialogue_turn": 15,
            "user_input": "好的,我知道了.请继续介绍后面的照片.",
            "command_eid": "E",
            "original_reply": "因为这是第一次聊到鸟巢附近活动的照片,我来整体向您介绍下。这是您照片中的第7个场景,一共有3张照片，拍摄于10月11日下午17点左右，记录了鸟巢附近的活动。其中一位女性站在户外，背后是鸟巢，阳光照射下，地面是灰色的；另外两张照片中，你分别和两位男士并排站立，以及和一位女士拍照，背景均为鸟巢。我的描述准确吗?你记得当时在做什么吗?",
            "corrected_reply": "下一组是您照片中的第7个场景,一共有3张照片，拍摄于10月11日下午17点左右，记录了鸟巢附近的活动。其中一位女性站在户外，背后是鸟巢，阳光照射下，地面是灰色的；另外两张照片中，你分别和两位男士并排站立，以及和一位女士拍照，背景均为鸟巢。我的描述准确吗?你记得当时在做什么吗?"
        },
        {
            "dialogue_turn": 16,
            "user_input": "",
            "command_eid": "N",
            "original_reply": "从照片中,我还注意到:你和另外两位男士并排站在广场上，天气晴朗。你穿着黑色裤子，白色与橙色相间的上衣。你还记得当时在做什么吗?",
            "corrected_reply": "鸟巢照片拍摄于10月11日下午17点左右，从照片中,我还注意到:你和另外两位男士并排站在广场上，天气晴朗。你穿着黑色裤子，白色与橙色相间的上衣。你还记得当时在做什么吗?"
        },
        {
            "dialogue_turn": 17,
            "user_input": "我记得，请告诉我在鸟巢的照片里面,有没有在鸟巢内部拍摄的照片,",
            "command_eid": "N",
            "original_reply": "B\n\n在提供的照片中，均没有显示鸟巢内部的景象。所有照片都是在户外拍摄的，背景是鸟巢的外观。",
            "corrected_reply": "在提供的照片中，均没有显示鸟巢内部的景象。所有照片都是在户外拍摄的，背景是鸟巢的外观。"
        },
        {
            "dialogue_turn": 18,
            "user_input": "好的,请介绍下一组照片",
            "command_eid": "E",
            "original_reply": "这组照片一共有7个场景，刚刚我们已经都讨论过了。我为您生成了以下回忆录:回忆录：\n\n在那个金秋十月的北京之旅中，我和我的父母、同学一起踏足了这座历史与现代交融的城市。我们的旅程于10月7日开始，先是在天安门前留下了我们的笑脸，在那片蓝天下，红旗飘扬，毛主席的画像庄严地看着我们；接着是故宫的端门和太和门，那红墙黄瓦下记录着我们的身影与兴奋的心情。11日，我们又在动物园与白狮、老虎等动物相遇，感受自然的奇妙。下午，我们漫步在颐和园，静赏古典建筑之美。傍晚，我们在鸟巢前合影，那个独特的建筑让我们的回忆更添几分特色。这些照片如同定格的时光，见证了我们的欢声笑语，成为了我珍贵的记忆。",
            "corrected_reply": null
        },
        {
            "dialogue_turn": 19,
            "user_input": "谢谢,非常完美.",
            "command_eid": null,
            "original_reply": "the session has ended",
            "corrected_reply": null
        }
    ],
    "state_history": [
        {
            "dialogue_turn": 0,
            "curEid": 0,
            "commandEid": null,
            "switchingEvent": true,
            "wandering": false,
            "forwardProgress": 0,
            "sumPending": false,
            "evtPending": false,
            "wanPending": false,
            "hasSuggested": false,
            "isEventTalked": [
                true,
                true,
                true,
                false,
                false,
                false,
                false
            ],
            "isTopicTalked": [
                [
                    false,
                    true,
                    true
                ],
                [
                    false,
                    false,
                    false
                ],
                [
                    false,
                    false,
                    false
                ],
                [
                    false,
                    false,
                    false
                ],
                [
                    false
                ],
                [
                    false,
                    false,
                    false,
                    false
                ],
                [
                    false,
                    false
                ]
            ],
            "summarizing": false,
            "ended": false
        },
        {
            "dialogue_turn": 1,
            "curEid": 0,
            "commandEid": "N",
            "switchingEvent": false,
            "wandering": false,
            "forwardProgress": 0,
            "sumPending": false,
            "evtPending": false,
            "wanPending": false,
            "hasSuggested": false,
            "isEventTalked": [
                true,
                true,
                true,
                false,
                false,
                false,
                false
            ],
            "isTopicTalked": [
                [
                    false,
                    true,
                    true
                ],
                [
                    false,
                    false,
                    false
                ],
                [
                    false,
                    false,
                    false
                ],
                [
                    false,
                    false,
                    false
                ],
                [
                    false
                ],
                [
                    false,
                    false,
                    false,
                    false
                ],
                [
                    false,
                    false
                ]
            ],
            "summarizing": false,
            "ended": false
        },
        {
            "dialogue_turn": 2,
            "curEid": 0,
            "commandEid": "N",
            "switchingEvent": false,
            "wandering": false,
            "forwardProgress": 0,
            "sumPending": false,
            "evtPending": false,
            "wanPending": false,
            "hasSuggested": false,
            "isEventTalked": [
                true,
                true,
                true,
                false,
                false,
                false,
                false
            ],
            "isTopicTalked": [
                [
                    false,
                    true,
                    true
                ],
                [
                    false,
                    false,
                    false
                ],
                [
                    false,
                    false,
                    false
                ],
                [
                    false,
                    false,
                    false
                ],
                [
                    false
                ],
                [
                    false,
                    false,
                    false,
                    false
                ],
                [
                    false,
                    false
                ]
            ],
            "summarizing": false,
            "ended": false
        },
        {
            "dialogue_turn": 3,
            "curEid": 0,
            "commandEid": "N",
            "switchingEvent": false,
            "wandering": false,
            "forwardProgress": 0,
            "sumPending": false,
            "evtPending": false,
            "wanPending": false,
            "hasSuggested": false,
            "isEventTalked": [
                true,
                true,
                true,
                false,
                false,
                false,
                false
            ],
            "isTopicTalked": [
                [
                    false,
                    true,
                    true
                ],
                [
                    false,
                    false,
                    false
                ],
                [
                    false,
                    false,
                    false
                ],
                [
                    false,
                    false,
                    false
                ],
                [
                    false
                ],
                [
                    false,
                    false,
                    false,
                    false
                ],
                [
                    false,
                    false
                ]
            ],
            "summarizing": false,
            "ended": false
        },
        {
            "dialogue_turn": 4,
            "curEid": 1,
            "commandEid": "E",
            "switchingEvent": true,
            "wandering": false,
            "forwardProgress": 1,
            "sumPending": false,
            "evtPending": false,
            "wanPending": false,
            "hasSuggested": false,
            "isEventTalked": [
                true,
                true,
                true,
                false,
                false,
                false,
                false
            ],
            "isTopicTalked": [
                [
                    false,
                    true,
                    true
                ],
                [
                    false,
                    false,
                    false
                ],
                [
                    false,
                    false,
                    false
                ],
                [
                    false,
                    false,
                    false
                ],
                [
                    false
                ],
                [
                    false,
                    false,
                    false,
                    false
                ],
                [
                    false,
                    false
                ]
            ],
            "summarizing": false,
            "ended": false
        },
        {
            "dialogue_turn": 5,
            "curEid": 2,
            "commandEid": "E",
            "switchingEvent": true,
            "wandering": false,
            "forwardProgress": 2,
            "sumPending": false,
            "evtPending": false,
            "wanPending": false,
            "hasSuggested": false,
            "isEventTalked": [
                true,
                true,
                true,
                true,
                true,
                true,
                true
            ],
            "isTopicTalked": [
                [
                    false,
                    true,
                    true
                ],
                [
                    false,
                    false,
                    false
                ],
                [
                    true,
                    true,
                    false
                ],
                [
                    false,
                    false,
                    false
                ],
                [
                    true
                ],
                [
                    false,
                    false,
                    true,
                    false
                ],
                [
                    false,
                    true
                ]
            ],
            "summarizing": false,
            "ended": false
        },
        {
            "dialogue_turn": 6,
            "curEid": 2,
            "commandEid": "2",
            "switchingEvent": false,
            "wandering": false,
            "forwardProgress": 2,
            "sumPending": false,
            "evtPending": false,
            "wanPending": false,
            "hasSuggested": false,
            "isEventTalked": [
                true,
                true,
                true,
                true,
                true,
                true,
                true
            ],
            "isTopicTalked": [
                [
                    false,
                    true,
                    true
                ],
                [
                    false,
                    false,
                    false
                ],
                [
                    true,
                    true,
                    false
                ],
                [
                    false,
                    false,
                    false
                ],
                [
                    true
                ],
                [
                    false,
                    false,
                    true,
                    false
                ],
                [
                    false,
                    true
                ]
            ],
            "summarizing": false,
            "ended": false
        },
        {
            "dialogue_turn": 7,
            "curEid": 2,
            "commandEid": "2",
            "switchingEvent": false,
            "wandering": false,
            "forwardProgress": 2,
            "sumPending": false,
            "evtPending": false,
            "wanPending": false,
            "hasSuggested": false,
            "isEventTalked": [
                true,
                true,
                true,
                true,
                true,
                true,
                true
            ],
            "isTopicTalked": [
                [
                    false,
                    true,
                    true
                ],
                [
                    false,
                    false,
                    false
                ],
                [
                    true,
                    true,
                    false
                ],
                [
                    false,
                    false,
                    false
                ],
                [
                    true
                ],
                [
                    false,
                    false,
                    true,
                    false
                ],
                [
                    false,
                    true
                ]
            ],
            "summarizing": false,
            "ended": false
        },
        {
            "dialogue_turn": 8,
            "curEid": 2,
            "commandEid": "2",
            "switchingEvent": false,
            "wandering": false,
            "forwardProgress": 2,
            "sumPending": false,
            "evtPending": false,
            "wanPending": false,
            "hasSuggested": false,
            "isEventTalked": [
                true,
                true,
                true,
                true,
                true,
                true,
                true
            ],
            "isTopicTalked": [
                [
                    false,
                    true,
                    true
                ],
                [
                    false,
                    false,
                    false
                ],
                [
                    true,
                    true,
                    false
                ],
                [
                    false,
                    false,
                    false
                ],
                [
                    true
                ],
                [
                    false,
                    false,
                    true,
                    false
                ],
                [
                    false,
                    true
                ]
            ],
            "summarizing": false,
            "ended": false
        },
        {
            "dialogue_turn": 9,
            "curEid": 3,
            "commandEid": "E",
            "switchingEvent": true,
            "wandering": false,
            "forwardProgress": 3,
            "sumPending": false,
            "evtPending": false,
            "wanPending": false,
            "hasSuggested": false,
            "isEventTalked": [
                true,
                true,
                true,
                true,
                true,
                true,
                true
            ],
            "isTopicTalked": [
                [
                    false,
                    true,
                    true
                ],
                [
                    false,
                    false,
                    false
                ],
                [
                    true,
                    true,
                    false
                ],
                [
                    false,
                    false,
                    false
                ],
                [
                    true
                ],
                [
                    false,
                    false,
                    true,
                    false
                ],
                [
                    false,
                    true
                ]
            ],
            "summarizing": false,
            "ended": false
        },
        {
            "dialogue_turn": 10,
            "curEid": 4,
            "commandEid": "4",
            "switchingEvent": true,
            "wandering": false,
            "forwardProgress": 4,
            "sumPending": false,
            "evtPending": false,
            "wanPending": false,
            "hasSuggested": false,
            "isEventTalked": [
                true,
                true,
                true,
                true,
                true,
                true,
                true
            ],
            "isTopicTalked": [
                [
                    false,
                    true,
                    true
                ],
                [
                    false,
                    false,
                    false
                ],
                [
                    true,
                    true,
                    false
                ],
                [
                    false,
                    false,
                    false
                ],
                [
                    true
                ],
                [
                    false,
                    false,
                    true,
                    false
                ],
                [
                    false,
                    true
                ]
            ],
            "summarizing": false,
            "ended": false
        },
        {
            "dialogue_turn": 11,
            "curEid": 4,
            "commandEid": "N",
            "switchingEvent": false,
            "wandering": false,
            "forwardProgress": 4,
            "sumPending": false,
            "evtPending": false,
            "wanPending": false,
            "hasSuggested": false,
            "isEventTalked": [
                true,
                true,
                true,
                true,
                true,
                true,
                true
            ],
            "isTopicTalked": [
                [
                    false,
                    true,
                    true
                ],
                [
                    false,
                    false,
                    false
                ],
                [
                    true,
                    true,
                    false
                ],
                [
                    false,
                    false,
                    false
                ],
                [
                    true
                ],
                [
                    false,
                    false,
                    true,
                    false
                ],
                [
                    false,
                    true
                ]
            ],
            "summarizing": false,
            "ended": false
        },
        {
            "dialogue_turn": 12,
            "curEid": 4,
            "commandEid": "N",
            "switchingEvent": false,
            "wandering": false,
            "forwardProgress": 4,
            "sumPending": false,
            "evtPending": true,
            "wanPending": false,
            "hasSuggested": true,
            "isEventTalked": [
                true,
                true,
                true,
                true,
                true,
                true,
                true
            ],
            "isTopicTalked": [
                [
                    false,
                    true,
                    true
                ],
                [
                    false,
                    false,
                    false
                ],
                [
                    true,
                    true,
                    false
                ],
                [
                    false,
                    false,
                    false
                ],
                [
                    true
                ],
                [
                    false,
                    false,
                    true,
                    false
                ],
                [
                    false,
                    true
                ]
            ],
            "summarizing": false,
            "ended": false
        },
        {
            "dialogue_turn": 13,
            "curEid": 5,
            "commandEid": null,
            "switchingEvent": true,
            "wandering": false,
            "forwardProgress": 5,
            "sumPending": false,
            "evtPending": false,
            "wanPending": false,
            "hasSuggested": false,
            "isEventTalked": [
                true,
                true,
                true,
                true,
                true,
                true,
                true
            ],
            "isTopicTalked": [
                [
                    false,
                    true,
                    true
                ],
                [
                    false,
                    false,
                    false
                ],
                [
                    true,
                    true,
                    false
                ],
                [
                    false,
                    false,
                    false
                ],
                [
                    true
                ],
                [
                    false,
                    false,
                    true,
                    false
                ],
                [
                    false,
                    true
                ]
            ],
            "summarizing": false,
            "ended": false
        },
        {
            "dialogue_turn": 14,
            "curEid": 5,
            "commandEid": "N",
            "switchingEvent": false,
            "wandering": false,
            "forwardProgress": 5,
            "sumPending": false,
            "evtPending": false,
            "wanPending": false,
            "hasSuggested": false,
            "isEventTalked": [
                true,
                true,
                true,
                true,
                true,
                true,
                true
            ],
            "isTopicTalked": [
                [
                    false,
                    true,
                    true
                ],
                [
                    false,
                    false,
                    false
                ],
                [
                    true,
                    true,
                    false
                ],
                [
                    false,
                    false,
                    false
                ],
                [
                    true
                ],
                [
                    false,
                    false,
                    true,
                    false
                ],
                [
                    false,
                    true
                ]
            ],
            "summarizing": false,
            "ended": false
        },
        {
            "dialogue_turn": 15,
            "curEid": 6,
            "commandEid": "E",
            "switchingEvent": true,
            "wandering": false,
            "forwardProgress": 6,
            "sumPending": false,
            "evtPending": false,
            "wanPending": false,
            "hasSuggested": false,
            "isEventTalked": [
                true,
                true,
                true,
                true,
                true,
                true,
                true
            ],
            "isTopicTalked": [
                [
                    false,
                    true,
                    true
                ],
                [
                    false,
                    false,
                    false
                ],
                [
                    true,
                    true,
                    false
                ],
                [
                    false,
                    false,
                    false
                ],
                [
                    true
                ],
                [
                    false,
                    false,
                    true,
                    false
                ],
                [
                    false,
                    true
                ]
            ],
            "summarizing": false,
            "ended": false
        },
        {
            "dialogue_turn": 16,
            "curEid": 6,
            "commandEid": "N",
            "switchingEvent": false,
            "wandering": false,
            "forwardProgress": 6,
            "sumPending": false,
            "evtPending": false,
            "wanPending": false,
            "hasSuggested": false,
            "isEventTalked": [
                true,
                true,
                true,
                true,
                true,
                true,
                true
            ],
            "isTopicTalked": [
                [
                    false,
                    true,
                    true
                ],
                [
                    false,
                    false,
                    false
                ],
                [
                    true,
                    true,
                    false
                ],
                [
                    false,
                    false,
                    false
                ],
                [
                    true
                ],
                [
                    false,
                    false,
                    true,
                    false
                ],
                [
                    false,
                    true
                ]
            ],
            "summarizing": false,
            "ended": false
        },
        {
            "dialogue_turn": 17,
            "curEid": 6,
            "commandEid": "N",
            "switchingEvent": false,
            "wandering": false,
            "forwardProgress": 6,
            "sumPending": false,
            "evtPending": false,
            "wanPending": false,
            "hasSuggested": false,
            "isEventTalked": [
                true,
                true,
                true,
                true,
                true,
                true,
                true
            ],
            "isTopicTalked": [
                [
                    false,
                    true,
                    true
                ],
                [
                    false,
                    false,
                    false
                ],
                [
                    true,
                    true,
                    false
                ],
                [
                    false,
                    false,
                    false
                ],
                [
                    true
                ],
                [
                    false,
                    false,
                    true,
                    false
                ],
                [
                    false,
                    true
                ]
            ],
            "summarizing": false,
            "ended": false
        },
        {
            "dialogue_turn": 18,
            "curEid": 6,
            "commandEid": "E",
            "switchingEvent": true,
            "wandering": false,
            "forwardProgress": 6,
            "sumPending": false,
            "evtPending": false,
            "wanPending": false,
            "hasSuggested": false,
            "isEventTalked": [
                true,
                true,
                true,
                true,
                true,
                true,
                true
            ],
            "isTopicTalked": [
                [
                    false,
                    true,
                    true
                ],
                [
                    false,
                    false,
                    false
                ],
                [
                    true,
                    true,
                    false
                ],
                [
                    false,
                    false,
                    false
                ],
                [
                    true
                ],
                [
                    false,
                    false,
                    true,
                    false
                ],
                [
                    false,
                    true
                ]
            ],
            "summarizing": true,
            "ended": true
        },
        {
            "dialogue_turn": 19,
            "curEid": 6,
            "commandEid": null,
            "switchingEvent": false,
            "wandering": false,
            "forwardProgress": 6,
            "sumPending": false,
            "evtPending": false,
            "wanPending": false,
            "hasSuggested": false,
            "isEventTalked": [
                true,
                true,
                true,
                true,
                true,
                true,
                true
            ],
            "isTopicTalked": [
                [
                    false,
                    true,
                    true
                ],
                [
                    false,
                    false,
                    false
                ],
                [
                    true,
                    true,
                    false
                ],
                [
                    false,
                    false,
                    false
                ],
                [
                    true
                ],
                [
                    false,
                    false,
                    true,
                    false
                ],
                [
                    false,
                    true
                ]
            ],
            "summarizing": true,
            "ended": true
        }
    ]
}