{
    "user": "hjs_2",
    "resume": null,
    "datetime": "2024-03-07-09:25",
    "photo_dir": "/Users/codaxu/Documents/ChatAlbum/Reviver_Proactive/photos/hjs_2",
    "chat_history": [
        {
            "role": "assistant",
            "content": "这组照片一共有33张，记录了可能是在韩国的活动。为了帮助您理解，我把照片分成了7个场景。分别是:1 夜晚城市风光, 2 餐厅中的用餐时光, 3 南怡岛参观冰雕和雕塑,4 公园中参观树木、气球、鸟儿, 5 你和铁轨、以及'南怡岛文化艺术活动'的展牌合影, 6 户外蓝色小火车, 7 晴朗天气下的蓝色湖泊。我们从第一个场景聊起吧，第一个场景是夜晚城市风光。"
        },
        {
            "role": "user",
            "content": "许"
        },
        {
            "role": "assistant",
            "content": "好的。此外，我注意到:还有一张照片，是方形的小桌子。上面摆有绿色的野菜、黄色的泡菜，以及灰白色的煎饼。这些美食都是什么呢?你有印象吗"
        },
        {
            "role": "user",
            "content": "小火车什么颜色的"
        },
        {
            "role": "assistant",
            "content": "≈小火车的颜色主要是蓝色的，车身上有着红色的轮辋和一些白色的装饰。小火车被树木环绕着，阳光洒在火车车顶上。小火车前面部分的车篷上印有“unicef”（联合国儿童基金会）的标志。此外，我注意到:蓝色小火车被树木环绕树木上有稀疏的绿色。土色地面上落满落叶。车上乘客们穿着各式各样的厚外套。当时是什么季节?你有印象吗"
        }
    ],
    "mtree": {
        "superE": "这组照片一共有33张，记录了可能是在韩国的活动。为了帮助您理解，我把照片分成了7个场景。分别是:1 夜晚城市风光, 2 餐厅中的用餐时光, 3 南怡岛参观冰雕和雕塑,4 公园中参观树木、气球、鸟儿, 5 你和铁轨、以及'南怡岛文化艺术活动'的展牌合影, 6 户外蓝色小火车, 7 晴朗天气下的蓝色湖泊。",
        "events": [
            "一共有8张照片，记录了夜晚被灯光照亮的室外建筑物，可能是在游览城市夜景。有些照片拍到了湖岸对面的高塔;有些是像是在摊贩区,地面湿润似乎刚下过雨;有些地方有草坪和休闲椅。",
            "一共有5张照片，记录了人们在餐厅里吃饭的场景。餐厅中光线充足。照片中出现的食物有红色炒鸡、黄色的泡菜，以及灰白色的煎饼。",
            "一共有4张照片，记录了晴朗天气下参观冰雕、以及参观写有‘南怡岛’字样的牌坊和雕塑。",
            "一共有6张照片，记录了晴朗的天气下在有雪的公园散步和拍照。照片中可见雪地、白色气球、和鸟儿特写。",
            "一共有2张照片，记录了你站在铁轨旁拍照，及在写有'南怡岛文化艺术活动'展牌前拍照的瞬间。",
            "一共有2张照片，记录了蓝色小火车。这个场景的环境在户外，看起来都是晴朗的日子。照片中主要有小火车、乘客、树木、天空和一些自然元素。",
            "一共有6张照片，记录了蓝色的湖泊。这个场景的环境都在户外，天气晴朗。照片中湖泊很宽广、远处有山脉、建筑物和船只。"
        ],
        "evtCnt": 7,
        "evtStr": "0 室外夜晚建筑物被灯光照亮\n1 餐厅中的用餐时光\n2 南怡岛户外活动\n3 户外活动与晴朗天气\n4 户外晴朗铁轨与展牌\n5 户外蓝色小火车之旅\n6 晴朗天气下的湖泊与周边环境\n",
        "shorts": [
            "夜晚城市风光",
            "餐厅中吃炒鸡和泡菜",
            "南怡岛参观冰雕和雕塑",
            "公园中参观树木、气球、鸟儿",
            "你和铁轨、以及'南怡岛文化艺术活动'的展牌合影",
            "户外蓝色小火车",
            "晴朗天气下的蓝色湖泊"
        ],
        "metas": [
            "有8张照片",
            "有5张照片",
            "有4张照片",
            "有6张照片",
            "有2张照片",
            "有2张照片",
            "有6张照片"
        ],
        "photos": [
            [
                1,
                2,
                3,
                4,
                5,
                6,
                7,
                8
            ],
            [
                9,
                10,
                11,
                12,
                13
            ],
            [
                14,
                15,
                16,
                17
            ],
            [
                18,
                19,
                20,
                21,
                22,
                23
            ],
            [
                24,
                25
            ],
            [
                26,
                27
            ],
            [
                28,
                29,
                30,
                31,
                32,
                33
            ]
        ],
        "topics": [
            [
                "有照片显示可能刚下过雨的食品摊贩区, 商铺用透明塑料帘作为围栏，颜色是透明的。地面湿润，映照着灯光，可能刚下过雨。一个男性在商铺里用餐。你记得这个地方吗?",
                "还有照片是晚上拍摄的城市天际线和大片水域。其中有一座高塔，顶部发着蓝色光芒，塔身有多种灯光颜色。建筑和灯光在水面上有倒影。你记得这个高塔吗?",
                "有照片中记录了一个具有装饰性灯光的白色建筑物，有几个拱门和塔楼，塔顶有照明灯。前面人们穿着厚衣服，据此判断天气冷。我的判断对吗?",
                "照片中还记录了一个有草地和休闲椅的公共区域。可能是户外休息区或者咖啡馆的露台。椅子是金属制的，颜色是银色，设计为可堆叠。桌子也是金属制的，银色，中间有玻璃面板。你记得这里吗?"
            ],
            [
                "照片中有多人正在吃饭，桌上是黑色木质的，摆满了各种食物，包括看起来辣味十足的炒鸡块和汤。这道菜是辣的吗?",
                "还有一张照片，是方形的小桌子。上面摆有绿色的野菜、黄色的泡菜，以及灰白色的煎饼。这些美食都是什么呢?"
            ],
            [
                "这个地方有亚洲风格的白色和深褐色牌楼，入口悬挂着写着'春天来到了南怡岛'的横幅，地面由红色砖块铺成。你记得这个地方吗?",
                "照片中有尖塔形雕塑，上面写着'来自南怡岛的问候 2018'的字样。你记得这个雕塑吗?",
                "照片中拍到了白色冰雕，像是一座山。你记得这个冰雕吗?"
            ],
            [
                "这组照片环境多在户外，地点包括公园和林荫道。有的地点有雪地覆盖，你记得这个地方吗?",
                "照片中的林荫道悬挂着白色气球、还拍到了白色带斑纹的鸟儿等。这里面有你想了解的内容吗?",
                "照片中显示天气晴朗，天空很蓝。你的心情如何?"
            ],
            [
                "在铁轨旁的照片中，铁轨是棕色的，背景中有一座桥和裸树。这个铁轨有什么特别意义吗？",
                "照片中,展牌上写有2016 展, 还有韩文，翻译过来是:南怡岛文化艺术活动，南怡岛歌夜，霍班画廊。你记得这个展板吗?",
                "照片中，你留着短发，胸前挂着名牌，穿着黑色夹克和裤子。你记得当时的心情吗?"
            ],
            [
                "照片中，有一辆在轨道上的蓝色小火车，侧面是透明塑料帘子，车身上有装饰性的雪花图案，车上坐有乘客。你记得这个火车吗?",
                "还有一个看起来是火车造型的屋子，木质，侧面贴有车轮做装饰。室内没有人。你记得这个建筑吗?",
                "蓝色小火车被树木环绕树木上有稀疏的绿色。土色地面上落满落叶。车上乘客们穿着各式各样的厚外套。当时是什么季节?"
            ],
            [
                "照片中的湖泊是蓝色的，湖面宽阔，有时候波光粼粼。你记得这个地方吗?",
                "这些照片显示了天空一直都是晴朗且蓝色的，且没有云彩。在湖泊旁是什么感受?",
                "湖泊周围山脉的颜色多变，有的呈现出淡棕色和暗绿色，有的山顶覆盖着白雪。当时是下过雪吗?",
                "山上的建筑物小而分散，有的房顶是红色的，还有现代风格的建筑。有一个是高大的塔架结构。你记得这些建筑物吗?"
            ]
        ]
    },
    "reply_history": [
        {
            "dialogue_turn": 0,
            "user_input": null,
            "command_eid": null,
            "original_reply": "这组照片一共有33张，记录了可能是在韩国的活动。为了帮助您理解，我把照片分成了7个场景。分别是:1 夜晚城市风光, 2 餐厅中的用餐时光, 3 南怡岛参观冰雕和雕塑,4 公园中参观树木、气球、鸟儿, 5 你和铁轨、以及'南怡岛文化艺术活动'的展牌合影, 6 户外蓝色小火车, 7 晴朗天气下的蓝色湖泊。我们从第一个场景聊起吧，第一个场景是夜晚城市风光。",
            "corrected_reply": null
        },
        {
            "dialogue_turn": 1,
            "user_input": "许",
            "command_eid": "1",
            "original_reply": "",
            "corrected_reply": "好的。此外，我注意到:还有一张照片，是方形的小桌子。上面摆有绿色的野菜、黄色的泡菜，以及灰白色的煎饼。这些美食都是什么呢?你有印象吗"
        },
        {
            "dialogue_turn": 2,
            "user_input": "小火车什么颜色的",
            "command_eid": "5",
            "original_reply": "小火车的颜色主要是蓝色的，车身上有着红色的轮辋和一些白色的装饰。小火车被树木环绕着，阳光洒在火车车顶上。小火车前面部分的车篷上印有“unicef”（联合国儿童基金会）的标志。",
            "corrected_reply": "≈小火车的颜色主要是蓝色的，车身上有着红色的轮辋和一些白色的装饰。小火车被树木环绕着，阳光洒在火车车顶上。小火车前面部分的车篷上印有“unicef”（联合国儿童基金会）的标志。此外，我注意到:蓝色小火车被树木环绕树木上有稀疏的绿色。土色地面上落满落叶。车上乘客们穿着各式各样的厚外套。当时是什么季节?你有印象吗"
        },
        {
            "dialogue_turn": 3,
            "user_input": "好的.谢谢你.",
            "command_eid": "",
            "original_reply": "",
            "corrected_reply": ":照片中，有一辆在轨道上的蓝色小火车，侧面是透明塑料帘子，车身上有装饰性的雪花图案，车上坐有乘客。你记得这个火车吗?你有印象吗"
        }
    ],
    "state_history": [
        {
            "dialogue_turn": 0,
            "curEid": 0,
            "commandEid": null,
            "wandering": false,
            "forwardProgress": 0,
            "isEventTalked": [
                false,
                true,
                false,
                false,
                false,
                true,
                false
            ],
            "isTopicTalked": [
                [
                    false,
                    false,
                    false,
                    false
                ],
                [
                    false,
                    false
                ],
                [
                    false,
                    false,
                    false
                ],
                [
                    false,
                    false,
                    false
                ],
                [
                    false,
                    false,
                    false
                ],
                [
                    false,
                    false,
                    false
                ],
                [
                    false,
                    false,
                    false,
                    false
                ]
            ],
            "summarizing": false,
            "overviewing": false
        },
        {
            "dialogue_turn": 1,
            "curEid": 1,
            "commandEid": "1",
            "wandering": false,
            "forwardProgress": 1,
            "isEventTalked": [
                false,
                true,
                false,
                false,
                false,
                true,
                false
            ],
            "isTopicTalked": [
                [
                    false,
                    false,
                    false,
                    false
                ],
                [
                    false,
                    false
                ],
                [
                    false,
                    false,
                    false
                ],
                [
                    false,
                    false,
                    false
                ],
                [
                    false,
                    false,
                    false
                ],
                [
                    false,
                    false,
                    false
                ],
                [
                    false,
                    false,
                    false,
                    false
                ]
            ],
            "summarizing": false,
            "overviewing": false
        },
        {
            "dialogue_turn": 2,
            "curEid": 5,
            "commandEid": "5",
            "wandering": true,
            "forwardProgress": 1,
            "isEventTalked": [
                false,
                true,
                false,
                false,
                false,
                true,
                false
            ],
            "isTopicTalked": [
                [
                    false,
                    false,
                    false,
                    false
                ],
                [
                    false,
                    false
                ],
                [
                    false,
                    false,
                    false
                ],
                [
                    false,
                    false,
                    false
                ],
                [
                    false,
                    false,
                    false
                ],
                [
                    false,
                    false,
                    false
                ],
                [
                    false,
                    false,
                    false,
                    false
                ]
            ],
            "summarizing": false,
            "overviewing": false
        },
        {
            "dialogue_turn": 3,
            "curEid": 5,
            "commandEid": "",
            "wandering": true,
            "forwardProgress": 1,
            "isEventTalked": [
                false,
                true,
                false,
                false,
                false,
                true,
                false
            ],
            "isTopicTalked": [
                [
                    false,
                    false,
                    false,
                    false
                ],
                [
                    false,
                    false
                ],
                [
                    false,
                    false,
                    false
                ],
                [
                    false,
                    false,
                    false
                ],
                [
                    false,
                    false,
                    false
                ],
                [
                    false,
                    false,
                    false
                ],
                [
                    false,
                    false,
                    false,
                    false
                ]
            ],
            "summarizing": false,
            "overviewing": false
        }
    ]
}