{
    "user": "hjs_2",
    "resume": null,
    "datetime": "2024-03-01-15:44",
    "photo_dir": "/Users/codaxu/Documents/ChatAlbum/Reviver_Proactive/photos/hjs_2",
    "chat_history": [
        {
            "role": "assistant",
            "content": "这组照片一共有33张，记录了可能是在韩国的活动。为了帮助您理解，我把照片分成了7个场景。分别是:1 夜晚城市风光, 2 餐厅中的用餐时光, 3 南怡岛参观冰雕和雕塑,4 公园中参观树木、气球、鸟儿, 5 你和铁轨、以及'南怡岛文化艺术活动'的展牌合影, 6 户外蓝色小火车, 7 晴朗天气下的蓝色湖泊。我们从第一个场景聊起吧，第一个场景是夜晚城市风光。"
        },
        {
            "role": "user",
            "content": "具体"
        },
        {
            "role": "assistant",
            "content": "您照片中的第1个场景是夜晚城市风光。一共有8张照片，记录了夜晚被灯光照亮的室外建筑物，可能是在游览城市夜景。有些照片拍到了湖岸对面的高塔;有些是像是在摊贩区,地面湿润似乎刚下过雨;有些地方有草坪和休闲椅.我注意到:有照片显示可能刚下过雨的食品摊贩区, 商铺用透明塑料帘作为围栏，颜色是透明的。地面湿润，映照着灯光，可能刚下过雨。一个男性在商铺里用餐。你记得这个地方吗?你有印象吗"
        },
        {
            "role": "user",
            "content": "我想起来了，这是在韩国首尔，我们在酒店"
        },
        {
            "role": "assistant",
            "content": "此外，我注意到:还有照片是晚上拍摄的城市天际线和大片水域。其中有一座高塔，顶部发着蓝色光芒，塔身有多种灯光颜色。建筑和灯光在水面上有倒影。你记得这个高塔吗?你有印象吗"
        },
        {
            "role": "user",
            "content": "能从这个高塔判别是哪里吗？"
        },
        {
            "role": "assistant",
            "content": "我在照片里看到的是一座高塔，在夜晚被多彩灯光照亮，塔尖发出蓝色光芒，而建筑物上部分呈现紫色到红色的过渡。但我无法判断具体地点,因为照片很模糊.此外，我注意到:有照片中记录了一个具有装饰性灯光的白色建筑物，有几个拱门和塔楼，塔顶有照明灯。前面人们穿着厚衣服，据此判断天气冷。我的判断对吗?你有印象吗"
        },
        {
            "role": "user",
            "content": "是的，我想起来了。确实比较冷，刚下过雨。"
        },
        {
            "role": "assistant",
            "content": "你的记忆很生动.我注意到:照片中还记录了一个有草地和休闲椅的公共区域。可能是户外休息区或者咖啡馆的露台。椅子是金属制的，颜色是银色，设计为可堆叠。桌子也是金属制的，银色，中间有玻璃面板。你记得这里吗?你有印象吗"
        },
        {
            "role": "user",
            "content": "是的，主办方组织。换一个"
        },
        {
            "role": "assistant",
            "content": "好的.您照片中的第2个场景是餐厅中吃炒鸡和泡菜。一共有5张照片，记录了人们在餐厅里吃饭的场景。餐厅中光线充足。照片中出现的食物有红色炒鸡、黄色的泡菜，以及灰白色的煎饼。"
        },
        {
            "role": "user",
            "content": "你怎么知道是炒鸡的"
        },
        {
            "role": "assistant",
            "content": "我在照片里看到的是一款带有红色调酱料，看起来辣味十足的大盘鸡肉料理，里面混合着类似洋葱、胡萝卜和其他可能的蔬菜配料，鸡肉表面看起来带有炒制时的微微焦黄。此外，我注意到:还有一张照片，是方形的小桌子。上面摆有绿色的野菜、黄色的泡菜，以及灰白色的煎饼。这些美食都是什么呢?你有印象吗"
        },
        {
            "role": "user",
            "content": "你能帮我在网上搜一搜炒鸡是韩国哪个地区的美食吗？"
        },
        {
            "role": "assistant",
            "content": "您想了解炒鸡是韩国哪个地区的美食。我在照片里看到的是一种韩国料理，鸡肉与各类蔬菜混合，看起来有辣酱料调味，这可能是韩式炒鸡，通常称作“닭갈비”(dakgalbi)，它源于韩国春川地区。餐厅中吃炒鸡和泡菜场景中的主要信息都聊完了。要不要聊下一个呢?下一个场景是:场景3:南怡岛参观冰雕和雕塑,有4张照片.。"
        },
        {
            "role": "user",
            "content": "要"
        },
        {
            "role": "assistant",
            "content": "您照片中的第3个场景是南怡岛参观冰雕和雕塑。一共有4张照片，记录了晴朗天气下参观冰雕、以及参观写有‘南怡岛’字样的牌坊和雕塑。我注意到:这个地方有亚洲风格的白色和深褐色牌楼，入口悬挂着写着'春天来到了南怡岛'的横幅，地面由红色砖块铺成。你记得这个地方吗?"
        },
        {
            "role": "user",
            "content": "我记得这是一个下午，天气很晴朗。还有不少小伙伴"
        },
        {
            "role": "assistant",
            "content": "照片中拍到了白色冰雕，像是一座山。外，我注意到:照片中有尖塔形雕塑，上面写着'来自南怡岛的问候 2018'的字样。你记得这个雕塑吗?你有印象吗"
        },
        {
            "role": "user",
            "content": "能详细描述一下这个南怡岛的问候2018的雕塑吗"
        },
        {
            "role": "assistant",
            "content": "这个雕塑是一个尖塔形状的结构，有木质的基座和几个向上延伸的板块构成，板块的外侧贴有各种颜色鲜艳的装饰物，如鞋子和树叶形状的元素。雕塑的前方挂着一块牌子，上面用英文和韩文写着“Greetings from Nami Island 2018”和“来自南怡岛的问候 2018”。南怡岛参观冰雕和雕塑场景中的主要信息都聊完了。要不要聊下一个呢?下一个场景是:场景4:公园中参观树木、气球、鸟儿,有6张照片.。"
        },
        {
            "role": "user",
            "content": "好的"
        },
        {
            "role": "assistant",
            "content": " 这个冰雕非常雄伟，是一个尖塔形状。照片前方有一位穿着黑色上衣的年轻男士，带着微笑。但是没有看向镜头。"
        },
        {
            "role": "user",
            "content": "好的。能在网上给我搜搜南怡岛吗"
        },
        {
            "role": "assistant",
            "content": "我无法访问互联网内容.我在照片里看到有一个大型的木制尖塔形雕塑，上面有色彩鲜艳的装饰，以及英文和韩文写着的“Greetings from Nami Island 2018”字样。"
        },
        {
            "role": "user",
            "content": "好的"
        },
        {
            "role": "assistant",
            "content": "您照片中的第4个场景是公园中参观树木、气球、鸟儿。一共有6张照片，记录了晴朗的天气下在有雪的公园散步和拍照。照片中可见雪地、白色气球、和鸟儿特写。这组照片环境多在户外，地点包括公园和林荫道。有的地点有雪地覆盖，你记得这个地方吗?"
        },
        {
            "role": "user",
            "content": "是的，这也是上一个场景的承接。这也是在南怡岛。当时的天很冷，主办方的朋友带我们一直向里面走。有铁轨。"
        },
        {
            "role": "assistant",
            "content": "是的 您照片中的第5个场景是你和铁轨、以及'南怡岛文化艺术活动'的展牌合影。一共有2张照片，记录了你站在铁轨旁拍照，及在写有'南怡岛文化艺术活动'展牌前拍照的瞬间。"
        },
        {
            "role": "user",
            "content": "下一个"
        },
        {
            "role": "assistant",
            "content": "好的.我还想说一下,照片中，你留着短发，胸前挂着名牌，穿着黑色夹克和裤子。您照片中的第6个场景是户外蓝色小火车。一共有2张照片，记录了蓝色小火车。这个场景的环境在户外，看起来都是晴朗的日子。照片中主要有小火车、乘客、树木、天空和一些自然元素。"
        },
        {
            "role": "user",
            "content": "是的，这也是在南怡岛。"
        },
        {
            "role": "assistant",
            "content": "你的描述很有趣.照片中，有一辆在轨道上的蓝色小火车，侧面是透明塑料帘子，车身上有装饰性的雪花图案，车上坐有乘客。有一个看起来是火车造型的屋子，木质，侧面贴有车轮做装饰。室内没有人。你记得这个建筑吗?"
        },
        {
            "role": "user",
            "content": "记得记得。下一个"
        },
        {
            "role": "assistant",
            "content": "好的,我们聊下一个场景.您照片中的第7个场景是晴朗天气下的蓝色湖泊。一共有6张照片，记录了蓝色的湖泊。这个场景的环境都在户外，天气晴朗。照片中湖泊很宽广、远处有山脉、建筑物和船只。"
        },
        {
            "role": "user",
            "content": "能再描述详细一些吗"
        },
        {
            "role": "assistant",
            "content": "照片中的湖泊是蓝色的，湖面宽阔，有时候波光粼粼。这些照片显示了天空一直都是晴朗且蓝色的，且没有云彩。湖泊周围山脉的颜色多变，有的呈现出淡棕色和暗绿色，有的山顶覆盖着白雪。当时是下过雪吗?"
        },
        {
            "role": "user",
            "content": "是的没错,应该是参观完南怡岛后我的随手记录"
        },
        {
            "role": "assistant",
            "content": "是的!此外，我注意到:山上的建筑物小而分散，有的房顶是红色的，还有现代风格的建筑。有一个是高大的塔架结构。你记得这些建筑物吗?"
        },
        {
            "role": "user",
            "content": "并没有印象.可能是无意拍到的,"
        },
        {
            "role": "assistant",
            "content": "好的!这组照片的内容都聊过了。我们聊过了以下场景:场景1:夜晚城市风光,有8张照片.场景2:餐厅中吃炒鸡和泡菜,有5张照片.场景3:南怡岛参观冰雕和雕塑,有4张照片.场景4:公园中参观树木、气球、鸟儿,有6张照片.场景5:你和铁轨、以及'南怡岛文化艺术活动'的展牌合影,有2张照片.场景6:户外蓝色小火车,有2张照片.场景7:晴朗天气下的蓝色湖泊,有6张照片.。你还有更多问题吗?没有的话, 我会为您生成一段文字回忆录。"
        },
        {
            "role": "user",
            "content": "没有了"
        },
        {
            "role": "assistant",
            "content": "这组照片一共33张，有7个场景。我为您生成了以下回忆录:在那个晴朗的冬日里，我走过城市夜晚的雨后光影，回味着餐厅里美味的炒鸡和泡菜。后来，我踏上了韩国南怡岛的雪地，与朋友们一同在雕塑和冰雕前留影。我记得在铁轨旁那棵树下，那天非常冷，鲜艳的气球和树上的鸟儿，漫步在蓝色小火车旁，存下了心中那片晴朗的湖泊景象。这些宝贵的瞬间，悄然镌刻在我的记忆中。"
        }
    ],
    "mtree": {
        "superE": "这组照片一共有33张，记录了可能是在韩国的活动。为了帮助您理解，我把照片分成了7个场景。分别是:1 夜晚城市风光, 2 餐厅中的用餐时光, 3 南怡岛参观冰雕和雕塑,4 公园中参观树木、气球、鸟儿, 5 你和铁轨、以及'南怡岛文化艺术活动'的展牌合影, 6 户外蓝色小火车, 7 晴朗天气下的蓝色湖泊。",
        "events": [
            "一共有8张照片，记录了夜晚被灯光照亮的室外建筑物，可能是在游览城市夜景。有些照片拍到了湖岸对面的高塔;有些是像是在摊贩区,地面湿润似乎刚下过雨;有些地方有草坪和休闲椅。",
            "一共有5张照片，记录了人们在餐厅里吃饭的场景。餐厅中光线充足。照片中出现的食物有红色炒鸡、黄色的泡菜，以及灰白色的煎饼。",
            "一共有4张照片，记录了晴朗天气下参观冰雕、以及参观写有‘南怡岛’字样的牌坊和雕塑。",
            "一共有6张照片，记录了晴朗的天气下在有雪的公园散步和拍照。照片中可见雪地、白色气球、和鸟儿特写。",
            "一共有2张照片，记录了你站在铁轨旁拍照，及在写有'南怡岛文化艺术活动'展牌前拍照的瞬间。",
            "一共有2张照片，记录了蓝色小火车。这个场景的环境在户外，看起来都是晴朗的日子。照片中主要有小火车、乘客、树木、天空和一些自然元素。",
            "一共有6张照片，记录了蓝色的湖泊。这个场景的环境都在户外，天气晴朗。照片中湖泊很宽广、远处有山脉、建筑物和船只。"
        ],
        "evtCnt": 7,
        "evtStr": "0 室外夜晚建筑物被灯光照亮\n1 餐厅中的用餐时光\n2 南怡岛户外活动\n3 户外活动与晴朗天气\n4 户外晴朗铁轨与展牌\n5 户外蓝色小火车之旅\n6 晴朗天气下的湖泊与周边环境\n",
        "shorts": [
            "夜晚城市风光",
            "餐厅中吃炒鸡和泡菜",
            "南怡岛参观冰雕和雕塑",
            "公园中参观树木、气球、鸟儿",
            "你和铁轨、以及'南怡岛文化艺术活动'的展牌合影",
            "户外蓝色小火车",
            "晴朗天气下的蓝色湖泊"
        ],
        "metas": [
            "有8张照片",
            "有5张照片",
            "有4张照片",
            "有6张照片",
            "有2张照片",
            "有2张照片",
            "有6张照片"
        ],
        "photos": [
            [
                1,
                2,
                3,
                4,
                5,
                6,
                7,
                8
            ],
            [
                9,
                10,
                11,
                12,
                13
            ],
            [
                14,
                15,
                16,
                17
            ],
            [
                18,
                19,
                20,
                21,
                22,
                23
            ],
            [
                24,
                25
            ],
            [
                26,
                27
            ],
            [
                28,
                29,
                30,
                31,
                32,
                33
            ]
        ],
        "topics": [
            [
                "有照片显示可能刚下过雨的食品摊贩区, 商铺用透明塑料帘作为围栏，颜色是透明的。地面湿润，映照着灯光，可能刚下过雨。一个男性在商铺里用餐。你记得这个地方吗?",
                "还有照片是晚上拍摄的城市天际线和大片水域。其中有一座高塔，顶部发着蓝色光芒，塔身有多种灯光颜色。建筑和灯光在水面上有倒影。你记得这个高塔吗?",
                "有照片中记录了一个具有装饰性灯光的白色建筑物，有几个拱门和塔楼，塔顶有照明灯。前面人们穿着厚衣服，据此判断天气冷。我的判断对吗?",
                "照片中还记录了一个有草地和休闲椅的公共区域。可能是户外休息区或者咖啡馆的露台。椅子是金属制的，颜色是银色，设计为可堆叠。桌子也是金属制的，银色，中间有玻璃面板。你记得这里吗?"
            ],
            [
                "照片中有多人正在吃饭，桌上是黑色木质的，摆满了各种食物，包括看起来辣味十足的炒鸡块和汤。这道菜是辣的吗?",
                "还有一张照片，是方形的小桌子。上面摆有绿色的野菜、黄色的泡菜，以及灰白色的煎饼。这些美食都是什么呢?"
            ],
            [
                "这个地方有亚洲风格的白色和深褐色牌楼，入口悬挂着写着'春天来到了南怡岛'的横幅，地面由红色砖块铺成。你记得这个地方吗?",
                "照片中有尖塔形雕塑，上面写着'来自南怡岛的问候 2018'的字样。你记得这个雕塑吗?",
                "照片中拍到了白色冰雕，像是一座山。你记得这个冰雕吗?"
            ],
            [
                "这组照片环境多在户外，地点包括公园和林荫道。有的地点有雪地覆盖，你记得这个地方吗?",
                "照片中的林荫道悬挂着白色气球、还拍到了白色带斑纹的鸟儿等。这里面有你想了解的内容吗?",
                "照片中显示天气晴朗，天空很蓝。你的心情如何?"
            ],
            [
                "在铁轨旁的照片中，铁轨是棕色的，背景中有一座桥和裸树。这个铁轨有什么特别意义吗？",
                "照片中,展牌上写有2016 展, 还有韩文，翻译过来是:南怡岛文化艺术活动，南怡岛歌夜，霍班画廊。你记得这个展板吗?",
                "照片中，你留着短发，胸前挂着名牌，穿着黑色夹克和裤子。你记得当时的心情吗?"
            ],
            [
                "照片中，有一辆在轨道上的蓝色小火车，侧面是透明塑料帘子，车身上有装饰性的雪花图案，车上坐有乘客。你记得这个火车吗?",
                "还有一个看起来是火车造型的屋子，木质，侧面贴有车轮做装饰。室内没有人。你记得这个建筑吗?",
                "蓝色小火车被树木环绕树木上有稀疏的绿色。土色地面上落满落叶。车上乘客们穿着各式各样的厚外套。当时是什么季节?"
            ],
            [
                "照片中的湖泊是蓝色的，湖面宽阔，有时候波光粼粼。你记得这个地方吗?",
                "这些照片显示了天空一直都是晴朗且蓝色的，且没有云彩。在湖泊旁是什么感受?",
                "湖泊周围山脉的颜色多变，有的呈现出淡棕色和暗绿色，有的山顶覆盖着白雪。当时是下过雪吗?",
                "山上的建筑物小而分散，有的房顶是红色的，还有现代风格的建筑。有一个是高大的塔架结构。你记得这些建筑物吗?"
            ]
        ]
    },
    "reply_history": [
        {
            "dialogue_turn": 0,
            "user_input": null,
            "command_eid": null,
            "original_reply": "这组照片一共有33张，记录了可能是在韩国的活动。为了帮助您理解，我把照片分成了7个场景。分别是:1 夜晚城市风光, 2 餐厅中的用餐时光, 3 南怡岛参观冰雕和雕塑,4 公园中参观树木、气球、鸟儿, 5 你和铁轨、以及'南怡岛文化艺术活动'的展牌合影, 6 户外蓝色小火车, 7 晴朗天气下的蓝色湖泊。我们从第一个场景聊起吧，第一个场景是夜晚城市风光。",
            "corrected_reply": null
        },
        {
            "dialogue_turn": 1,
            "user_input": "具体",
            "command_eid": "",
            "original_reply": "",
            "corrected_reply": "您照片中的第1个场景是夜晚城市风光。一共有8张照片，记录了夜晚被灯光照亮的室外建筑物，可能是在游览城市夜景。有些照片拍到了湖岸对面的高塔;有些是像是在摊贩区,地面湿润似乎刚下过雨;有些地方有草坪和休闲椅.我注意到:有照片显示可能刚下过雨的食品摊贩区, 商铺用透明塑料帘作为围栏，颜色是透明的。地面湿润，映照着灯光，可能刚下过雨。一个男性在商铺里用餐。你记得这个地方吗?你有印象吗"
        },
        {
            "dialogue_turn": 2,
            "user_input": "我想起来了，这是在韩国首尔，我们在酒店",
            "command_eid": "",
            "original_reply": "",
            "corrected_reply": "此外，我注意到:还有照片是晚上拍摄的城市天际线和大片水域。其中有一座高塔，顶部发着蓝色光芒，塔身有多种灯光颜色。建筑和灯光在水面上有倒影。你记得这个高塔吗?你有印象吗"
        },
        {
            "dialogue_turn": 3,
            "user_input": "能从这个高塔判别是哪里吗？",
            "command_eid": "0",
            "original_reply": "你提到了高塔。我在照片里看到的是一座高塔，在夜晚被多彩灯光照亮，塔尖发出蓝色光芒，而建筑物上部分呈现紫色到红色的过渡。塔和周围建筑的灯光在对面的水面上形成了倒影。",
            "corrected_reply": "我在照片里看到的是一座高塔，在夜晚被多彩灯光照亮，塔尖发出蓝色光芒，而建筑物上部分呈现紫色到红色的过渡。但我无法判断具体地点,因为照片很模糊.此外，我注意到:有照片中记录了一个具有装饰性灯光的白色建筑物，有几个拱门和塔楼，塔顶有照明灯。前面人们穿着厚衣服，据此判断天气冷。我的判断对吗?你有印象吗"
        },
        {
            "dialogue_turn": 4,
            "user_input": "是的，我想起来了。确实比较冷，刚下过雨。",
            "command_eid": "",
            "original_reply": "",
            "corrected_reply": "你的记忆很生动.我注意到:照片中还记录了一个有草地和休闲椅的公共区域。可能是户外休息区或者咖啡馆的露台。椅子是金属制的，颜色是银色，设计为可堆叠。桌子也是金属制的，银色，中间有玻璃面板。你记得这里吗?你有印象吗"
        },
        {
            "dialogue_turn": 5,
            "user_input": "是的，主办方组织。换一个",
            "command_eid": "1",
            "original_reply": "",
            "corrected_reply": "好的.您照片中的第2个场景是餐厅中吃炒鸡和泡菜。一共有5张照片，记录了人们在餐厅里吃饭的场景。餐厅中光线充足。照片中出现的食物有红色炒鸡、黄色的泡菜，以及灰白色的煎饼。"
        },
        {
            "dialogue_turn": 6,
            "user_input": "你怎么知道是炒鸡的",
            "command_eid": "1",
            "original_reply": "在之前的对话中，你表达了想了解餐厅食物的内容，我根据照片内容判断你所问的关于炒鸡的疑问。我在照片里看到的是一款带有红色调酱料，看起来辣味十足的大盘鸡肉料理，里面混合着类似洋葱、胡萝卜和其他可能的蔬菜配料，鸡肉表面看起来带有炒制时的微微焦黄。",
            "corrected_reply": "我在照片里看到的是一款带有红色调酱料，看起来辣味十足的大盘鸡肉料理，里面混合着类似洋葱、胡萝卜和其他可能的蔬菜配料，鸡肉表面看起来带有炒制时的微微焦黄。此外，我注意到:还有一张照片，是方形的小桌子。上面摆有绿色的野菜、黄色的泡菜，以及灰白色的煎饼。这些美食都是什么呢?你有印象吗"
        },
        {
            "dialogue_turn": 7,
            "user_input": "你能帮我在网上搜一搜炒鸡是韩国哪个地区的美食吗？",
            "command_eid": "",
            "original_reply": "您想了解炒鸡是韩国哪个地区的美食。我在照片里看到的是一种韩国料理，鸡肉与各类蔬菜混合，看起来有辣酱料调味，这可能是韩式炒鸡，通常称作“닭갈비”(dakgalbi)，它源于韩国春川地区。",
            "corrected_reply": "您想了解炒鸡是韩国哪个地区的美食。我在照片里看到的是一种韩国料理，鸡肉与各类蔬菜混合，看起来有辣酱料调味，这可能是韩式炒鸡，通常称作“닭갈비”(dakgalbi)，它源于韩国春川地区。餐厅中吃炒鸡和泡菜场景中的主要信息都聊完了。要不要聊下一个呢?下一个场景是:场景3:南怡岛参观冰雕和雕塑,有4张照片.。"
        },
        {
            "dialogue_turn": 8,
            "user_input": "要",
            "command_eid": "2",
            "original_reply": "",
            "corrected_reply": "您照片中的第3个场景是南怡岛参观冰雕和雕塑。一共有4张照片，记录了晴朗天气下参观冰雕、以及参观写有‘南怡岛’字样的牌坊和雕塑。我注意到:这个地方有亚洲风格的白色和深褐色牌楼，入口悬挂着写着'春天来到了南怡岛'的横幅，地面由红色砖块铺成。你记得这个地方吗?"
        },
        {
            "dialogue_turn": 9,
            "user_input": "我记得这是一个下午，天气很晴朗。还有不少小伙伴",
            "command_eid": "",
            "original_reply": "",
            "corrected_reply": "照片中拍到了白色冰雕，像是一座山。外，我注意到:照片中有尖塔形雕塑，上面写着'来自南怡岛的问候 2018'的字样。你记得这个雕塑吗?你有印象吗"
        },
        {
            "dialogue_turn": 10,
            "user_input": "能详细描述一下这个南怡岛的问候2018的雕塑吗",
            "command_eid": "",
            "original_reply": "这个雕塑是一个尖塔形状的结构，有木质的基座和几个向上延伸的板块构成，板块的外侧贴有各种颜色鲜艳的装饰物，如鞋子和树叶形状的元素。雕塑的前方挂着一块牌子，上面用英文和韩文写着“Greetings from Nami Island 2018”和“来自南怡岛的问候 2018”。",
            "corrected_reply": "这个雕塑是一个尖塔形状的结构，有木质的基座和几个向上延伸的板块构成，板块的外侧贴有各种颜色鲜艳的装饰物，如鞋子和树叶形状的元素。雕塑的前方挂着一块牌子，上面用英文和韩文写着“Greetings from Nami Island 2018”和“来自南怡岛的问候 2018”。南怡岛参观冰雕和雕塑场景中的主要信息都聊完了。要不要聊下一个呢?下一个场景是:场景4:公园中参观树木、气球、鸟儿,有6张照片.。"
        },
        {
            "dialogue_turn": 11,
            "user_input": "好的",
            "command_eid": "2",
            "original_reply": "你提到了用户本人，我在照片里看到一位穿着黑色上衣的年轻男士，带着微笑，背后有树木和一些模糊的文字。他的头发是黑色的，戴着蓝色的绳索式项链。",
            "corrected_reply": " 这个冰雕非常雄伟，是一个尖塔形状。照片前方有一位穿着黑色上衣的年轻男士，带着微笑。但是没有看向镜头。"
        },
        {
            "dialogue_turn": 12,
            "user_input": "好的。能在网上给我搜搜南怡岛吗",
            "command_eid": "",
            "original_reply": "你提到了南怡岛。我在照片里看到有一个大型的木制尖塔形雕塑，上面有色彩鲜艳的装饰，以及英文和韩文写着的“Greetings from Nami Island 2018”字样。",
            "corrected_reply": "我无法访问互联网内容.我在照片里看到有一个大型的木制尖塔形雕塑，上面有色彩鲜艳的装饰，以及英文和韩文写着的“Greetings from Nami Island 2018”字样。"
        },
        {
            "dialogue_turn": 13,
            "user_input": "好的",
            "command_eid": "3",
            "original_reply": "",
            "corrected_reply": "您照片中的第4个场景是公园中参观树木、气球、鸟儿。一共有6张照片，记录了晴朗的天气下在有雪的公园散步和拍照。照片中可见雪地、白色气球、和鸟儿特写。这组照片环境多在户外，地点包括公园和林荫道。有的地点有雪地覆盖，你记得这个地方吗?"
        },
        {
            "dialogue_turn": 14,
            "user_input": "是的，这也是上一个场景的承接。这也是在南怡岛。当时的天很冷，主办方的朋友带我们一直向里面走。有铁轨。",
            "command_eid": "4",
            "original_reply": "",
            "corrected_reply": "是的 您照片中的第5个场景是你和铁轨、以及'南怡岛文化艺术活动'的展牌合影。一共有2张照片，记录了你站在铁轨旁拍照，及在写有'南怡岛文化艺术活动'展牌前拍照的瞬间。"
        },
        {
            "dialogue_turn": 15,
            "user_input": "下一个",
            "command_eid": "5",
            "original_reply": "",
            "corrected_reply": "好的.我还想说一下,照片中，你留着短发，胸前挂着名牌，穿着黑色夹克和裤子。您照片中的第6个场景是户外蓝色小火车。一共有2张照片，记录了蓝色小火车。这个场景的环境在户外，看起来都是晴朗的日子。照片中主要有小火车、乘客、树木、天空和一些自然元素。"
        },
        {
            "dialogue_turn": 16,
            "user_input": "是的，这也是在南怡岛。",
            "command_eid": "5",
            "original_reply": "",
            "corrected_reply": "你的描述很有趣.照片中，有一辆在轨道上的蓝色小火车，侧面是透明塑料帘子，车身上有装饰性的雪花图案，车上坐有乘客。有一个看起来是火车造型的屋子，木质，侧面贴有车轮做装饰。室内没有人。你记得这个建筑吗?"
        },
        {
            "dialogue_turn": 17,
            "user_input": "记得记得。下一个",
            "command_eid": "6",
            "original_reply": "",
            "corrected_reply": "好的,我们聊下一个场景.您照片中的第7个场景是晴朗天气下的蓝色湖泊。一共有6张照片，记录了蓝色的湖泊。这个场景的环境都在户外，天气晴朗。照片中湖泊很宽广、远处有山脉、建筑物和船只。"
        },
        {
            "dialogue_turn": 18,
            "user_input": "能再描述详细一些吗",
            "command_eid": "6",
            "original_reply": "",
            "corrected_reply": "照片中的湖泊是蓝色的，湖面宽阔，有时候波光粼粼。这些照片显示了天空一直都是晴朗且蓝色的，且没有云彩。湖泊周围山脉的颜色多变，有的呈现出淡棕色和暗绿色，有的山顶覆盖着白雪。当时是下过雪吗?"
        },
        {
            "dialogue_turn": 19,
            "user_input": "是的没错,应该是参观完南怡岛后我的随手记录",
            "command_eid": "6",
            "original_reply": "",
            "corrected_reply": "是的!此外，我注意到:山上的建筑物小而分散，有的房顶是红色的，还有现代风格的建筑。有一个是高大的塔架结构。你记得这些建筑物吗?"
        },
        {
            "dialogue_turn": 20,
            "user_input": "并没有印象.可能是无意拍到的,",
            "command_eid": "",
            "original_reply": "",
            "corrected_reply": "好的!这组照片的内容都聊过了。我们聊过了以下场景:场景1:夜晚城市风光,有8张照片.场景2:餐厅中吃炒鸡和泡菜,有5张照片.场景3:南怡岛参观冰雕和雕塑,有4张照片.场景4:公园中参观树木、气球、鸟儿,有6张照片.场景5:你和铁轨、以及'南怡岛文化艺术活动'的展牌合影,有2张照片.场景6:户外蓝色小火车,有2张照片.场景7:晴朗天气下的蓝色湖泊,有6张照片.。你还有更多问题吗?没有的话, 我会为您生成一段文字回忆录。"
        },
        {
            "dialogue_turn": 21,
            "user_input": "没有了",
            "command_eid": "s",
            "original_reply": "这组照片一共33张，有7个场景。我为您生成了以下回忆录:在那个晴朗的冬日里，我踏上了韩国南怡岛的雪地，与朋友们一同在雕塑和冰雕前留影。走过城市夜晚的雨后光影，回味着餐厅里美味的炒鸡和泡菜。我记得在铁轨旁那棵树下，那天非常冷，鲜艳的气球和树上的鸟儿，漫步在蓝色小火车旁，存下了心中那片晴朗的湖泊景象。这些宝贵的瞬间，悄然镌刻在我的记忆中。",
            "corrected_reply": "这组照片一共33张，有7个场景。我为您生成了以下回忆录:在那个晴朗的冬日里，我走过城市夜晚的雨后光影，回味着餐厅里美味的炒鸡和泡菜。后来，我踏上了韩国南怡岛的雪地，与朋友们一同在雕塑和冰雕前留影。我记得在铁轨旁那棵树下，那天非常冷，鲜艳的气球和树上的鸟儿，漫步在蓝色小火车旁，存下了心中那片晴朗的湖泊景象。这些宝贵的瞬间，悄然镌刻在我的记忆中。"
        }
    ],
    "state_history": [
        {
            "dialogue_turn": 0,
            "curEid": 0,
            "commandEid": null,
            "wandering": false,
            "forwardProgress": 0,
            "isEventTalked": [
                true,
                true,
                true,
                true,
                true,
                true,
                true
            ],
            "isTopicTalked": [
                [
                    false,
                    false,
                    false,
                    false
                ],
                [
                    false,
                    false
                ],
                [
                    false,
                    false,
                    false
                ],
                [
                    false,
                    false,
                    false
                ],
                [
                    false,
                    false,
                    false
                ],
                [
                    false,
                    false,
                    false
                ],
                [
                    false,
                    false,
                    false,
                    false
                ]
            ],
            "summarizing": false,
            "overviewing": false
        },
        {
            "dialogue_turn": 1,
            "curEid": 0,
            "commandEid": "",
            "wandering": false,
            "forwardProgress": 0,
            "isEventTalked": [
                true,
                true,
                true,
                true,
                true,
                true,
                true
            ],
            "isTopicTalked": [
                [
                    false,
                    false,
                    false,
                    false
                ],
                [
                    false,
                    false
                ],
                [
                    false,
                    false,
                    false
                ],
                [
                    false,
                    false,
                    false
                ],
                [
                    false,
                    false,
                    false
                ],
                [
                    false,
                    false,
                    false
                ],
                [
                    false,
                    false,
                    false,
                    false
                ]
            ],
            "summarizing": false,
            "overviewing": false
        },
        {
            "dialogue_turn": 2,
            "curEid": 0,
            "commandEid": "",
            "wandering": false,
            "forwardProgress": 0,
            "isEventTalked": [
                true,
                true,
                true,
                true,
                true,
                true,
                true
            ],
            "isTopicTalked": [
                [
                    false,
                    false,
                    false,
                    false
                ],
                [
                    false,
                    false
                ],
                [
                    false,
                    false,
                    false
                ],
                [
                    false,
                    false,
                    false
                ],
                [
                    false,
                    false,
                    false
                ],
                [
                    false,
                    false,
                    false
                ],
                [
                    false,
                    false,
                    false,
                    false
                ]
            ],
            "summarizing": false,
            "overviewing": false
        },
        {
            "dialogue_turn": 3,
            "curEid": 0,
            "commandEid": "0",
            "wandering": false,
            "forwardProgress": 0,
            "isEventTalked": [
                true,
                true,
                true,
                true,
                true,
                true,
                true
            ],
            "isTopicTalked": [
                [
                    false,
                    false,
                    false,
                    false
                ],
                [
                    false,
                    false
                ],
                [
                    false,
                    false,
                    false
                ],
                [
                    false,
                    false,
                    false
                ],
                [
                    false,
                    false,
                    false
                ],
                [
                    false,
                    false,
                    false
                ],
                [
                    false,
                    false,
                    false,
                    false
                ]
            ],
            "summarizing": false,
            "overviewing": false
        },
        {
            "dialogue_turn": 4,
            "curEid": 0,
            "commandEid": "",
            "wandering": false,
            "forwardProgress": 0,
            "isEventTalked": [
                true,
                true,
                true,
                true,
                true,
                true,
                true
            ],
            "isTopicTalked": [
                [
                    false,
                    false,
                    false,
                    false
                ],
                [
                    false,
                    false
                ],
                [
                    false,
                    false,
                    false
                ],
                [
                    false,
                    false,
                    false
                ],
                [
                    false,
                    false,
                    false
                ],
                [
                    false,
                    false,
                    false
                ],
                [
                    false,
                    false,
                    false,
                    false
                ]
            ],
            "summarizing": false,
            "overviewing": false
        },
        {
            "dialogue_turn": 5,
            "curEid": 1,
            "commandEid": "1",
            "wandering": false,
            "forwardProgress": 1,
            "isEventTalked": [
                true,
                true,
                true,
                true,
                true,
                true,
                true
            ],
            "isTopicTalked": [
                [
                    false,
                    false,
                    false,
                    false
                ],
                [
                    false,
                    false
                ],
                [
                    false,
                    false,
                    false
                ],
                [
                    false,
                    false,
                    false
                ],
                [
                    false,
                    false,
                    false
                ],
                [
                    false,
                    false,
                    false
                ],
                [
                    false,
                    false,
                    false,
                    false
                ]
            ],
            "summarizing": false,
            "overviewing": false
        },
        {
            "dialogue_turn": 6,
            "curEid": 1,
            "commandEid": "1",
            "wandering": false,
            "forwardProgress": 1,
            "isEventTalked": [
                true,
                true,
                true,
                true,
                true,
                true,
                true
            ],
            "isTopicTalked": [
                [
                    false,
                    false,
                    false,
                    false
                ],
                [
                    false,
                    false
                ],
                [
                    false,
                    false,
                    false
                ],
                [
                    false,
                    false,
                    false
                ],
                [
                    false,
                    false,
                    false
                ],
                [
                    false,
                    false,
                    false
                ],
                [
                    false,
                    false,
                    false,
                    false
                ]
            ],
            "summarizing": false,
            "overviewing": false
        },
        {
            "dialogue_turn": 7,
            "curEid": 1,
            "commandEid": "",
            "wandering": false,
            "forwardProgress": 1,
            "isEventTalked": [
                true,
                true,
                true,
                true,
                true,
                true,
                true
            ],
            "isTopicTalked": [
                [
                    false,
                    false,
                    false,
                    false
                ],
                [
                    false,
                    false
                ],
                [
                    false,
                    false,
                    false
                ],
                [
                    false,
                    false,
                    false
                ],
                [
                    false,
                    false,
                    false
                ],
                [
                    false,
                    false,
                    false
                ],
                [
                    false,
                    false,
                    false,
                    false
                ]
            ],
            "summarizing": false,
            "overviewing": false
        },
        {
            "dialogue_turn": 8,
            "curEid": 2,
            "commandEid": "2",
            "wandering": false,
            "forwardProgress": 2,
            "isEventTalked": [
                true,
                true,
                true,
                true,
                true,
                true,
                true
            ],
            "isTopicTalked": [
                [
                    false,
                    false,
                    false,
                    false
                ],
                [
                    false,
                    false
                ],
                [
                    false,
                    false,
                    false
                ],
                [
                    false,
                    false,
                    false
                ],
                [
                    false,
                    false,
                    false
                ],
                [
                    false,
                    false,
                    false
                ],
                [
                    false,
                    false,
                    false,
                    false
                ]
            ],
            "summarizing": false,
            "overviewing": false
        },
        {
            "dialogue_turn": 9,
            "curEid": 2,
            "commandEid": "",
            "wandering": false,
            "forwardProgress": 2,
            "isEventTalked": [
                true,
                true,
                true,
                true,
                true,
                true,
                true
            ],
            "isTopicTalked": [
                [
                    false,
                    false,
                    false,
                    false
                ],
                [
                    false,
                    false
                ],
                [
                    false,
                    false,
                    false
                ],
                [
                    false,
                    false,
                    false
                ],
                [
                    false,
                    false,
                    false
                ],
                [
                    false,
                    false,
                    false
                ],
                [
                    false,
                    false,
                    false,
                    false
                ]
            ],
            "summarizing": false,
            "overviewing": false
        },
        {
            "dialogue_turn": 10,
            "curEid": 2,
            "commandEid": "",
            "wandering": false,
            "forwardProgress": 2,
            "isEventTalked": [
                true,
                true,
                true,
                true,
                true,
                true,
                true
            ],
            "isTopicTalked": [
                [
                    false,
                    false,
                    false,
                    false
                ],
                [
                    false,
                    false
                ],
                [
                    false,
                    false,
                    false
                ],
                [
                    false,
                    false,
                    false
                ],
                [
                    false,
                    false,
                    false
                ],
                [
                    false,
                    false,
                    false
                ],
                [
                    false,
                    false,
                    false,
                    false
                ]
            ],
            "summarizing": false,
            "overviewing": false
        },
        {
            "dialogue_turn": 11,
            "curEid": 2,
            "commandEid": "2",
            "wandering": false,
            "forwardProgress": 2,
            "isEventTalked": [
                true,
                true,
                true,
                true,
                true,
                true,
                true
            ],
            "isTopicTalked": [
                [
                    false,
                    false,
                    false,
                    false
                ],
                [
                    false,
                    false
                ],
                [
                    false,
                    false,
                    false
                ],
                [
                    false,
                    false,
                    false
                ],
                [
                    false,
                    false,
                    false
                ],
                [
                    false,
                    false,
                    false
                ],
                [
                    false,
                    false,
                    false,
                    false
                ]
            ],
            "summarizing": false,
            "overviewing": false
        },
        {
            "dialogue_turn": 12,
            "curEid": 2,
            "commandEid": "",
            "wandering": false,
            "forwardProgress": 2,
            "isEventTalked": [
                true,
                true,
                true,
                true,
                true,
                true,
                true
            ],
            "isTopicTalked": [
                [
                    false,
                    false,
                    false,
                    false
                ],
                [
                    false,
                    false
                ],
                [
                    false,
                    false,
                    false
                ],
                [
                    false,
                    false,
                    false
                ],
                [
                    false,
                    false,
                    false
                ],
                [
                    false,
                    false,
                    false
                ],
                [
                    false,
                    false,
                    false,
                    false
                ]
            ],
            "summarizing": false,
            "overviewing": false
        },
        {
            "dialogue_turn": 13,
            "curEid": 3,
            "commandEid": "3",
            "wandering": false,
            "forwardProgress": 3,
            "isEventTalked": [
                true,
                true,
                true,
                true,
                true,
                true,
                true
            ],
            "isTopicTalked": [
                [
                    false,
                    false,
                    false,
                    false
                ],
                [
                    false,
                    false
                ],
                [
                    false,
                    false,
                    false
                ],
                [
                    false,
                    false,
                    false
                ],
                [
                    false,
                    false,
                    false
                ],
                [
                    false,
                    false,
                    false
                ],
                [
                    false,
                    false,
                    false,
                    false
                ]
            ],
            "summarizing": false,
            "overviewing": false
        },
        {
            "dialogue_turn": 14,
            "curEid": 4,
            "commandEid": "4",
            "wandering": false,
            "forwardProgress": 4,
            "isEventTalked": [
                true,
                true,
                true,
                true,
                true,
                true,
                true
            ],
            "isTopicTalked": [
                [
                    false,
                    false,
                    false,
                    false
                ],
                [
                    false,
                    false
                ],
                [
                    false,
                    false,
                    false
                ],
                [
                    false,
                    false,
                    false
                ],
                [
                    false,
                    false,
                    false
                ],
                [
                    false,
                    false,
                    false
                ],
                [
                    false,
                    false,
                    false,
                    false
                ]
            ],
            "summarizing": false,
            "overviewing": false
        },
        {
            "dialogue_turn": 15,
            "curEid": 5,
            "commandEid": "5",
            "wandering": false,
            "forwardProgress": 5,
            "isEventTalked": [
                true,
                true,
                true,
                true,
                true,
                true,
                true
            ],
            "isTopicTalked": [
                [
                    false,
                    false,
                    false,
                    false
                ],
                [
                    false,
                    false
                ],
                [
                    false,
                    false,
                    false
                ],
                [
                    false,
                    false,
                    false
                ],
                [
                    false,
                    false,
                    false
                ],
                [
                    false,
                    false,
                    false
                ],
                [
                    false,
                    false,
                    false,
                    false
                ]
            ],
            "summarizing": false,
            "overviewing": false
        },
        {
            "dialogue_turn": 16,
            "curEid": 5,
            "commandEid": "5",
            "wandering": false,
            "forwardProgress": 5,
            "isEventTalked": [
                true,
                true,
                true,
                true,
                true,
                true,
                true
            ],
            "isTopicTalked": [
                [
                    false,
                    false,
                    false,
                    false
                ],
                [
                    false,
                    false
                ],
                [
                    false,
                    false,
                    false
                ],
                [
                    false,
                    false,
                    false
                ],
                [
                    false,
                    false,
                    false
                ],
                [
                    false,
                    false,
                    false
                ],
                [
                    false,
                    false,
                    false,
                    false
                ]
            ],
            "summarizing": false,
            "overviewing": false
        },
        {
            "dialogue_turn": 17,
            "curEid": 6,
            "commandEid": "6",
            "wandering": false,
            "forwardProgress": 6,
            "isEventTalked": [
                true,
                true,
                true,
                true,
                true,
                true,
                true
            ],
            "isTopicTalked": [
                [
                    false,
                    false,
                    false,
                    false
                ],
                [
                    false,
                    false
                ],
                [
                    false,
                    false,
                    false
                ],
                [
                    false,
                    false,
                    false
                ],
                [
                    false,
                    false,
                    false
                ],
                [
                    false,
                    false,
                    false
                ],
                [
                    false,
                    false,
                    false,
                    false
                ]
            ],
            "summarizing": false,
            "overviewing": false
        },
        {
            "dialogue_turn": 18,
            "curEid": 6,
            "commandEid": "6",
            "wandering": false,
            "forwardProgress": 6,
            "isEventTalked": [
                true,
                true,
                true,
                true,
                true,
                true,
                true
            ],
            "isTopicTalked": [
                [
                    false,
                    false,
                    false,
                    false
                ],
                [
                    false,
                    false
                ],
                [
                    false,
                    false,
                    false
                ],
                [
                    false,
                    false,
                    false
                ],
                [
                    false,
                    false,
                    false
                ],
                [
                    false,
                    false,
                    false
                ],
                [
                    false,
                    false,
                    false,
                    false
                ]
            ],
            "summarizing": false,
            "overviewing": false
        },
        {
            "dialogue_turn": 19,
            "curEid": 6,
            "commandEid": "6",
            "wandering": false,
            "forwardProgress": 6,
            "isEventTalked": [
                true,
                true,
                true,
                true,
                true,
                true,
                true
            ],
            "isTopicTalked": [
                [
                    false,
                    false,
                    false,
                    false
                ],
                [
                    false,
                    false
                ],
                [
                    false,
                    false,
                    false
                ],
                [
                    false,
                    false,
                    false
                ],
                [
                    false,
                    false,
                    false
                ],
                [
                    false,
                    false,
                    false
                ],
                [
                    false,
                    false,
                    false,
                    false
                ]
            ],
            "summarizing": false,
            "overviewing": false
        },
        {
            "dialogue_turn": 20,
            "curEid": 6,
            "commandEid": "",
            "wandering": false,
            "forwardProgress": 6,
            "isEventTalked": [
                true,
                true,
                true,
                true,
                true,
                true,
                true
            ],
            "isTopicTalked": [
                [
                    false,
                    false,
                    false,
                    false
                ],
                [
                    false,
                    false
                ],
                [
                    false,
                    false,
                    false
                ],
                [
                    false,
                    false,
                    false
                ],
                [
                    false,
                    false,
                    false
                ],
                [
                    false,
                    false,
                    false
                ],
                [
                    false,
                    false,
                    false,
                    false
                ]
            ],
            "summarizing": false,
            "overviewing": false
        },
        {
            "dialogue_turn": 21,
            "curEid": 6,
            "commandEid": "s",
            "wandering": false,
            "forwardProgress": 6,
            "isEventTalked": [
                true,
                true,
                true,
                true,
                true,
                true,
                true
            ],
            "isTopicTalked": [
                [
                    false,
                    false,
                    false,
                    false
                ],
                [
                    false,
                    false
                ],
                [
                    false,
                    false,
                    false
                ],
                [
                    false,
                    false,
                    false
                ],
                [
                    false,
                    false,
                    false
                ],
                [
                    false,
                    false,
                    false
                ],
                [
                    false,
                    false,
                    false,
                    false
                ]
            ],
            "summarizing": true,
            "overviewing": false
        }
    ]
}