{
    "user": "kelei_2",
    "resume": null,
    "datetime": "2024-03-14-15:44",
    "photo_dir": "/Users/codaxu/Documents/ChatAlbum/Reviver_Proactive/photos/kelei_2",
    "chat_history": [
        {
            "role": "assistant",
            "content": "这组照片一共有17张，记录了可能是在北京的活动。为了帮助您理解，我把照片分成了5个场景。第一个场景是 颐和园的特色建筑, 第二个是 颐和园的木桥和河水, 第三个是 颐和园和树木合影, 第四个是 颐和园和石头合影, 第五个是 天安门和人民英雄纪念碑。我们从第一个场景聊起吧，第一个场景是颐和园的特色建筑。"
        },
        {
            "role": "user",
            "content": "我想问一下我当时拍照的地方是颐和园什么特色建筑"
        },
        {
            "role": "assistant",
            "content": "第1个场景是颐和园的特色建筑。一共有3张照片，记录了你到颐和园入园游览的场景。这个场景的环境在室外，天气看起来晴朗。照片中主要有你在不同的建筑旁边或桥上，以及游客和自然环境。其中有出现慈福牌坊、苏州街等颐和园景点。"
        },
        {
            "role": "user",
            "content": "好的,除了刚刚说的慈福牌坊和苏州街,我想问一下当时我在苏州街拍照的姿势"
        },
        {
            "role": "assistant",
            "content": "你在一座桥上留下了影像，我在照片里看到你穿着一件长至大腿的浅色系的冬季外套，盘腿坐在台阶上，身体稍微前倾，手臂交叠放在腿上，面对镜头，表情自然。背景中可见建筑装饰繁复、色彩鲜艳的牌坊，还有穿梭的游客和苏州街的河道。背后一条小河流穿过苏州街两岸，岸边有一层高的楼阁临水而建，有着黑色瓦片和红色栏杆，楼上悬挂有黄色、红色、蓝色等各色彩旗，建筑背后树木葱茏。你记得这个地方吗?"
        },
        {
            "role": "user",
            "content": "有点印象,但是还是很模糊,可以说的更具体明确一些吗,说说我当时身边有没有合照的人或是别的游客"
        },
        {
            "role": "assistant",
            "content": "您身边没有其他人,苏州街照片中主要是您一个人.你穿着白色羽绒服,有着米色的帽檐."
        },
        {
            "role": "user",
            "content": "好的.我当时有背包吗戴帽子了吗"
        },
        {
            "role": "assistant",
            "content": "我在照片里看到，你没有戴帽子，同时也没有背包。你的羽绒服颜色偏浅，直至大腿长度，穿着黑色裤子和白色运动鞋。照片中您还拿着一瓶矿泉水.外，我注意到:一张照片显示你蹲在一处台阶上，背后是有红色柱子、黄色瓦片和精美的木质雕花的中国古代建筑牌坊，牌坊上有蓝色、白色和金色的图案。牌坊上的文字暂时无法辨认。这里是否是慈福牌坊？这是你游览颐和园的第一站吗？"
        },
        {
            "role": "user",
            "content": "应该是的,那我还想问一下我当时有戴墨镜吗"
        },
        {
            "role": "assistant",
            "content": "在颐和园古建筑的照片中，有看到你戴墨镜。你的面部特征清晰可见，没有遮挡物。但是后面再颐和园的流水小桥旁，您带了墨镜。要聊聊流水小桥吗"
        },
        {
            "role": "user",
            "content": "key"
        },
        {
            "role": "assistant",
            "content": "这座桥栏杆是绿色的，与扶手的红色涂料形成对比。脚下是棕色的木质桥面。照片中你手扶栏杆，或背对或面朝着暗绿色的湖水，湖面有微微的波澜.你记得曾在桥上行走吗？"
        },
        {
            "role": "user",
            "content": "我记得,那我当时表情是什么样子的"
        },
        {
            "role": "assistant",
            "content": " 你在照片中的表情是平静的，没有明显的笑容。你的眼睛直视镜头，表情专注。此外，我注意到:一张照片中出现了一艘古色古香的游船，船只有黄色的顶棚、深绿色的栏杆和鲜艳的雕花装饰，有少量游人在船上。背景中还出现了湖岸栽种着的树木，树木相互倚靠，呈现一片连绵的浅绿色"
        },
        {
            "role": "user",
            "content": "好的,这艘游船是在湖里的吗"
        },
        {
            "role": "assistant",
            "content": "是的,这艘船和您拍照的湖所在地点一直.照片中你还佩戴过有黄绿色反光的墨镜。你对这副墨镜有印象吗？"
        }
    ],
    "mtree": {
        "superE": "这组照片一共有17张，记录了可能是在北京的活动。为了帮助您理解，我把照片分成了5个场景。第一个场景是 颐和园的特色建筑, 第二个是 颐和园的木桥和河水, 第三个是 颐和园和树木合影, 第四个是 颐和园和石头合影, 第五个是 天安门和人民英雄纪念碑。",
        "events": [
            "一共有3张照片，记录了你到颐和园入园游览的场景。这个场景的环境在室外，天气看起来晴朗。照片中主要有你在不同的建筑旁边或桥上，以及游客和自然环境。其中有出现慈福牌坊、苏州街等颐和园景点。",
            "一共有4张照片，记录了你在颐和园内小河边驻足，穿着冬装、佩戴墨镜的场景。这些场景的环境在室外，天气看起来晴朗。照片中主要有木桥、栏杆、湖景、游船、古典建筑与倚靠着栏杆的你。",
            "一共有3张照片，记录了你在颐和园与花木互动的场景。这些场景的天气都很晴朗，有近处的树木和远处的建筑物。照片中主要有你自己，岩石，树木与依稀可见的建筑物。其中有一株树木盛开着粉红色花朵。",
            "一共有3张照片，记录了你在颐和园与石头合影的场景。这个场景的环境晴朗。照片中主要有岩石、树木和或抚摸岩石或坐在其上的你。",
            "一共有4张照片，记录了你在天安门广场的场景。这些场景环境在室外，天气晴朗。照片中主要有你戴着墨镜、穿着米色上衣与黑色裤子、背对着阳光或手扶金色栏杆，还有天安门城楼与人民英雄纪念碑的背景。"
        ],
        "evtCnt": 5,
        "evtStr": "1 颐和园的特色建筑\n2 颐和园的木桥和河水\n3 颐和园和树木合影\n4 颐和园和石头合影\n5 天安门和人民英雄纪念碑\n",
        "shorts": [
            "颐和园的特色建筑",
            "颐和园的木桥和河水",
            "颐和园和树木合影",
            "颐和园和石头合影",
            "天安门和人民英雄纪念碑"
        ],
        "metas": [
            "有3张照片",
            "有4张照片",
            "有3张照片",
            "有3张照片",
            "有4张照片"
        ],
        "photos": [
            [
                1,
                2,
                3
            ],
            [
                4,
                5,
                6,
                7
            ],
            [
                8,
                9,
                10
            ],
            [
                11,
                12,
                13
            ],
            [
                14,
                15,
                16,
                17
            ]
        ],
        "topics": [
            [
                "照片中，你身穿不同的服装，有时是白色长款羽绒服，帽子边上是黄色鸭绒或鹅绒;有时是米色的毛衣，搭配着黑色裤子和白色运动鞋，充满了冬季的氛围。你对这身穿搭有印象吗？",
                "一张照片显示你蹲在一处台阶上，背后是有红色柱子、黄色瓦片和精美的木质雕花的中国古代建筑牌坊，牌坊上有蓝色、白色和金色的图案。牌坊上的文字暂时无法辨认。这里是否是慈福牌坊？这是你游览颐和园的第一站吗？",
                "你在一座桥上留下了影像，背后一条小河流穿过苏州街两岸，岸边有一层高的楼阁临水而建，有着黑色瓦片和红色栏杆，楼上悬挂有黄色、红色、蓝色等各色彩旗，建筑背后树木葱茏。你记得这个地方吗?",
                "一张照片中你侧身站在一个白色拱形石柱包围的红色木门前，门带有金色边框，上方有半圆的窗格，下方表面有些斑驳掉漆。拱形石柱上有精美的雕花装饰。你还记得这座门位于颐和园的何处吗?"
            ],
            [
                "照片中你手扶栏杆，或背对或面朝着暗绿色的湖水，湖面有微微的波澜，你扶着的栏杆是绿色的，与扶手的红色涂料形成对比。脚下是棕色的木质桥面。你记得曾在桥上行走吗？",
                "一张照片中出现了一艘古色古香的游船，船只有黄色的顶棚、深绿色的栏杆和鲜艳的雕花装饰，有少量游人在船上。背景中还出现了湖岸栽种着的树木，树木相互倚靠，呈现一片连绵的浅绿色",
                "湖边的你穿着一件白色长款羽绒服，黑色裤子和白色运动鞋。此外，你还佩戴过有黄绿色反光的墨镜。你对这副墨镜有印象吗？"
            ],
            [
                "一张照片中，你半蹲在一块岩石上，一手比着V字手势，背后是一个粗壮的松树和隐约可见的黄瓦红墙古典建筑。这块石头高吗?爬上去拍照的心情如何呢？",
                "另一张照片中你踏着岩石，双臂伏在一棵大树恰好伸出的棕色枝干上，背后是树木浓绿的叶影和藏在树影中的建筑物。你还记得这棵树吗？",
                "还有一张照片，你站在一株盛开着粉红色花朵的树下，一手握着花树纤细的枝干，花朵团团聚拢在枝头，花色明媚，画面唯美。这里面有你想了解的内容吗?"
            ],
            [
                "在几张照片里，你坐在林间的岩石上，岩石有灰色或暗褐色的，体积较大，表面有些凹凸不平，带着不规则的纹路。",
                "还有一张照片中，你站立着伸手抚摸一堵由多块不规则形状的黄色和灰色石头堆砌成的墙壁。你还记得石头的触感吗？",
                "照片出现了白色的文字标注：‘你敢试，世界就敢回答’，可能来自后期的人工添加，你对这句话有什么印象吗？"
            ],
            [
                "你身穿米色针织衫和黑色裤子，背着一个蓝色肩带包，带着墨镜。不少照片中你或蹲或站，倚靠着天安门广场周围的金色栏杆，背景里出现了修剪整齐的绿色灌木花坛，远处立着经典的天安门城楼。",
                "晴朗的天气下，你迎着风、背着光，与气势恢宏的人民英雄纪念碑合影。纪念碑周围是白色的石质栏杆，背后带着立柱的规则建筑可能是毛泽东纪念堂。你对它们有什么印象吗？"
            ]
        ]
    },
    "reply_history": [
        {
            "dialogue_turn": 0,
            "user_input": null,
            "command_eid": null,
            "original_reply": "这组照片一共有17张，记录了可能是在北京的活动。为了帮助您理解，我把照片分成了5个场景。第一个场景是 颐和园的特色建筑, 第二个是 颐和园的木桥和河水, 第三个是 颐和园和树木合影, 第四个是 颐和园和石头合影, 第五个是 天安门和人民英雄纪念碑。我们从第一个场景聊起吧，第一个场景是颐和园的特色建筑。",
            "corrected_reply": null
        },
        {
            "dialogue_turn": 1,
            "user_input": "我想问一下我当时拍照的地方是颐和园什么特色建筑",
            "command_eid": "",
            "original_reply": "",
            "corrected_reply": "第1个场景是颐和园的特色建筑。一共有3张照片，记录了你到颐和园入园游览的场景。这个场景的环境在室外，天气看起来晴朗。照片中主要有你在不同的建筑旁边或桥上，以及游客和自然环境。其中有出现慈福牌坊、苏州街等颐和园景点。"
        },
        {
            "dialogue_turn": 2,
            "user_input": "好的,除了刚刚说的慈福牌坊和苏州街,我想问一下当时我在苏州街拍照的姿势",
            "command_eid": "",
            "original_reply": "你提到了在苏州街拍照的姿势，我在照片里看到你穿着一件长至大腿的浅色系的冬季外套，盘腿坐在台阶上，身体稍微前倾，手臂交叠放在腿上，面对镜头，表情自然。背景中可见建筑装饰繁复、色彩鲜艳的牌坊，还有穿梭的游客和苏州街的河道。",
            "corrected_reply": "你在一座桥上留下了影像，我在照片里看到你穿着一件长至大腿的浅色系的冬季外套，盘腿坐在台阶上，身体稍微前倾，手臂交叠放在腿上，面对镜头，表情自然。背景中可见建筑装饰繁复、色彩鲜艳的牌坊，还有穿梭的游客和苏州街的河道。背后一条小河流穿过苏州街两岸，岸边有一层高的楼阁临水而建，有着黑色瓦片和红色栏杆，楼上悬挂有黄色、红色、蓝色等各色彩旗，建筑背后树木葱茏。你记得这个地方吗?"
        },
        {
            "dialogue_turn": 3,
            "user_input": "有点印象,但是还是很模糊,可以说的更具体明确一些吗,说说我当时身边有没有合照的人或是别的游客",
            "command_eid": "",
            "original_reply": "",
            "corrected_reply": "您身边没有其他人,苏州街照片中主要是您一个人.你穿着白色羽绒服,有着米色的帽檐."
        },
        {
            "dialogue_turn": 4,
            "user_input": "好的.我当时有背包吗戴帽子了吗",
            "command_eid": "",
            "original_reply": "你提到了是否有背包或戴帽子的问题。我在照片里看到，你没有戴帽子，背着的是白色的羽绒服衣帽，同时也没有背包。你的羽绒服颜色偏浅，直至大腿长度，穿着黑色裤子和白色运动鞋。",
            "corrected_reply": "我在照片里看到，你没有戴帽子，同时也没有背包。你的羽绒服颜色偏浅，直至大腿长度，穿着黑色裤子和白色运动鞋。照片中您还拿着一瓶矿泉水.外，我注意到:一张照片显示你蹲在一处台阶上，背后是有红色柱子、黄色瓦片和精美的木质雕花的中国古代建筑牌坊，牌坊上有蓝色、白色和金色的图案。牌坊上的文字暂时无法辨认。这里是否是慈福牌坊？这是你游览颐和园的第一站吗？"
        },
        {
            "dialogue_turn": 5,
            "user_input": "应该是的,那我还想问一下我当时有戴墨镜吗",
            "command_eid": "",
            "original_reply": "你提到了你当时是否戴墨镜，我在照片里没有看到你戴墨镜。你的面部特征清晰可见，没有遮挡物。",
            "corrected_reply": "在颐和园古建筑的照片中，有看到你戴墨镜。你的面部特征清晰可见，没有遮挡物。但是后面再颐和园的流水小桥旁，您带了墨镜。要聊聊流水小桥吗"
        },
        {
            "dialogue_turn": 6,
            "user_input": "key",
            "command_eid": "E",
            "original_reply": "",
            "corrected_reply": "这座桥栏杆是绿色的，与扶手的红色涂料形成对比。脚下是棕色的木质桥面。照片中你手扶栏杆，或背对或面朝着暗绿色的湖水，湖面有微微的波澜.你记得曾在桥上行走吗？"
        },
        {
            "dialogue_turn": 7,
            "user_input": "我记得,那我当时表情是什么样子的",
            "command_eid": "",
            "original_reply": "你在照片中的表情是平静和严肃的，没有明显的笑容。你的眼睛直视镜头，表情专注。",
            "corrected_reply": " 你在照片中的表情是平静的，没有明显的笑容。你的眼睛直视镜头，表情专注。此外，我注意到:一张照片中出现了一艘古色古香的游船，船只有黄色的顶棚、深绿色的栏杆和鲜艳的雕花装饰，有少量游人在船上。背景中还出现了湖岸栽种着的树木，树木相互倚靠，呈现一片连绵的浅绿色"
        },
        {
            "dialogue_turn": 8,
            "user_input": "好的,这艘游船是在湖里的吗",
            "command_eid": "",
            "original_reply": "",
            "corrected_reply": "是的,这艘船和您拍照的湖所在地点一直.照片中你还佩戴过有黄绿色反光的墨镜。你对这副墨镜有印象吗？"
        },
        {
            "dialogue_turn": 9,
            "user_input": "没有什么印象.我只有这张照片戴墨镜了吗",
            "command_eid": "",
            "original_reply": "你提到了关于戴墨镜的照片。我在照片里看到，你确实在一张照片中戴着黄绿色反光的墨镜，其他照片中没有戴墨镜。",
            "corrected_reply": "在后面天安门的照片中，您也戴了墨镜。要和您介绍下天安门的照片吗"
        }
    ],
    "state_history": [
        {
            "dialogue_turn": 0,
            "curEid": 0,
            "commandEid": null,
            "wandering": false,
            "forwardProgress": 0,
            "isEventTalked": [
                true,
                true,
                false,
                false,
                false
            ],
            "isTopicTalked": [
                [
                    false,
                    false,
                    false,
                    false
                ],
                [
                    false,
                    false,
                    false
                ],
                [
                    false,
                    false,
                    false
                ],
                [
                    false,
                    false,
                    false
                ],
                [
                    false,
                    false
                ]
            ],
            "summarizing": false,
            "overviewing": false
        },
        {
            "dialogue_turn": 1,
            "curEid": 0,
            "commandEid": "",
            "wandering": false,
            "forwardProgress": 0,
            "isEventTalked": [
                true,
                true,
                false,
                false,
                false
            ],
            "isTopicTalked": [
                [
                    false,
                    false,
                    false,
                    false
                ],
                [
                    false,
                    false,
                    false
                ],
                [
                    false,
                    false,
                    false
                ],
                [
                    false,
                    false,
                    false
                ],
                [
                    false,
                    false
                ]
            ],
            "summarizing": false,
            "overviewing": false
        },
        {
            "dialogue_turn": 2,
            "curEid": 0,
            "commandEid": "",
            "wandering": false,
            "forwardProgress": 0,
            "isEventTalked": [
                true,
                true,
                false,
                false,
                false
            ],
            "isTopicTalked": [
                [
                    false,
                    false,
                    false,
                    false
                ],
                [
                    false,
                    false,
                    false
                ],
                [
                    false,
                    false,
                    false
                ],
                [
                    false,
                    false,
                    false
                ],
                [
                    false,
                    false
                ]
            ],
            "summarizing": false,
            "overviewing": false
        },
        {
            "dialogue_turn": 3,
            "curEid": 0,
            "commandEid": "",
            "wandering": false,
            "forwardProgress": 0,
            "isEventTalked": [
                true,
                true,
                false,
                false,
                false
            ],
            "isTopicTalked": [
                [
                    false,
                    false,
                    false,
                    false
                ],
                [
                    false,
                    false,
                    false
                ],
                [
                    false,
                    false,
                    false
                ],
                [
                    false,
                    false,
                    false
                ],
                [
                    false,
                    false
                ]
            ],
            "summarizing": false,
            "overviewing": false
        },
        {
            "dialogue_turn": 4,
            "curEid": 0,
            "commandEid": "",
            "wandering": false,
            "forwardProgress": 0,
            "isEventTalked": [
                true,
                true,
                false,
                false,
                false
            ],
            "isTopicTalked": [
                [
                    false,
                    false,
                    false,
                    false
                ],
                [
                    false,
                    false,
                    false
                ],
                [
                    false,
                    false,
                    false
                ],
                [
                    false,
                    false,
                    false
                ],
                [
                    false,
                    false
                ]
            ],
            "summarizing": false,
            "overviewing": false
        },
        {
            "dialogue_turn": 5,
            "curEid": 0,
            "commandEid": "",
            "wandering": false,
            "forwardProgress": 0,
            "isEventTalked": [
                true,
                true,
                false,
                false,
                false
            ],
            "isTopicTalked": [
                [
                    false,
                    false,
                    false,
                    false
                ],
                [
                    false,
                    false,
                    false
                ],
                [
                    false,
                    false,
                    false
                ],
                [
                    false,
                    false,
                    false
                ],
                [
                    false,
                    false
                ]
            ],
            "summarizing": false,
            "overviewing": false
        },
        {
            "dialogue_turn": 6,
            "curEid": 1,
            "commandEid": "E",
            "wandering": false,
            "forwardProgress": 1,
            "isEventTalked": [
                true,
                true,
                false,
                false,
                false
            ],
            "isTopicTalked": [
                [
                    false,
                    false,
                    false,
                    false
                ],
                [
                    false,
                    false,
                    false
                ],
                [
                    false,
                    false,
                    false
                ],
                [
                    false,
                    false,
                    false
                ],
                [
                    false,
                    false
                ]
            ],
            "summarizing": false,
            "overviewing": false
        },
        {
            "dialogue_turn": 7,
            "curEid": 1,
            "commandEid": "",
            "wandering": false,
            "forwardProgress": 1,
            "isEventTalked": [
                true,
                true,
                false,
                false,
                false
            ],
            "isTopicTalked": [
                [
                    false,
                    false,
                    false,
                    false
                ],
                [
                    false,
                    false,
                    false
                ],
                [
                    false,
                    false,
                    false
                ],
                [
                    false,
                    false,
                    false
                ],
                [
                    false,
                    false
                ]
            ],
            "summarizing": false,
            "overviewing": false
        },
        {
            "dialogue_turn": 8,
            "curEid": 1,
            "commandEid": "",
            "wandering": false,
            "forwardProgress": 1,
            "isEventTalked": [
                true,
                true,
                false,
                false,
                false
            ],
            "isTopicTalked": [
                [
                    false,
                    false,
                    false,
                    false
                ],
                [
                    false,
                    false,
                    false
                ],
                [
                    false,
                    false,
                    false
                ],
                [
                    false,
                    false,
                    false
                ],
                [
                    false,
                    false
                ]
            ],
            "summarizing": false,
            "overviewing": false
        },
        {
            "dialogue_turn": 9,
            "curEid": 1,
            "commandEid": "",
            "wandering": false,
            "forwardProgress": 1,
            "isEventTalked": [
                true,
                true,
                false,
                false,
                false
            ],
            "isTopicTalked": [
                [
                    false,
                    false,
                    false,
                    false
                ],
                [
                    false,
                    false,
                    false
                ],
                [
                    false,
                    false,
                    false
                ],
                [
                    false,
                    false,
                    false
                ],
                [
                    false,
                    false
                ]
            ],
            "summarizing": false,
            "overviewing": false
        }
    ]
}