{
    "user": "liang_2",
    "resume": null,
    "datetime": "2024-03-13-16:14",
    "photo_dir": "/Users/codaxu/Documents/ChatAlbum/Reviver_Proactive/photos/liang_2",
    "chat_history": [
        {
            "role": "assistant",
            "content": "这组照片一共有27张，记录了可能是在马来西亚亚庇市的活动。为了帮助您理解，我把照片分成了4个场景。分别是:场景 1 海滩风光及海上拖拽伞活动, 场景 2 清真寺及周边观光, 场景 3 海滩边的女士摄影, 场景 4 市区沿途街景。我们从第一个场景聊起吧，第一个场景是海滩风光及海上拖拽伞活动。"
        },
        {
            "role": "user",
            "content": "是的,这个场景主要有什么"
        },
        {
            "role": "assistant",
            "content": "第1个场景是海滩风光及海上拖拽伞活动。一共有11张照片，记录了海滩活动及海上风景。这些场景的环境都在户外，大部分天气晴朗，有的多云，地点多是沙滩或海上。照片中主要有人在进行海上拖拽伞项目、有海上驶过的船只，以及拿着鞋子在散步的你。此外还有救生装备等。"
        },
        {
            "role": "user",
            "content": "救生装备"
        },
        {
            "role": "assistant",
            "content": "您并没有穿着救生装备.在一张照片中您穿着亮黄色夹克和黑色短裤，斜挎着黑色小方包，在沙滩上赤脚站立，手持鞋子。你还记得踩在沙子上的感觉吗？"
        },
        {
            "role": "user",
            "content": "是的,我记得,哪里的沙子很柔软.很舒适.阳光很好,温度适宜"
        },
        {
            "role": "assistant",
            "content": "你描述的很宜人.照片中，沙滩是浅黄色的，海水清澈透亮，在晴朗的天空下呈现出蓝绿色。此外，我注意到:照片记录了海上的空中拖拽伞项目。乘客有一位男士和一位女士。快艇拖着黄色的伞面，带着乘客飞驰在空中。虽然未拍到乘客肖像。但乘客的亮黄色衣服和您穿着一致，所以我推测您坐在伞上。我说的对吗？"
        },
        {
            "role": "user",
            "content": "是的，这张照片里我穿着什么"
        },
        {
            "role": "assistant",
            "content": "照片比较模糊,我只能看到亮黄色的袖子.其他部分无法分辨.我注意到:我看到一艘白色的小船正在海上行驶。船上有乘客，船只行驶快速，尾部留下了长长的白色水花。海水颜色为深蓝色，天空有云但整体看起来天气晴朗，远处可以看见陆地和树木。"
        },
        {
            "role": "user",
            "content": "好的,那大概是在亚比美人鱼"
        },
        {
            "role": "assistant",
            "content": "这个岛上还有其他风光.照片中有游人在海边的沙滩上的吊床上休息。吊床是织物质地。沙滩是淡黄色，沙滩周围有翠绿色的树木。远处可以看到湛蓝色的海水和一些沙滩躺椅"
        },
        {
            "role": "user",
            "content": "照片里有游泳的人吗"
        },
        {
            "role": "assistant",
            "content": "我在照片里看到有游泳的人。海滩上的几张照片展示了天空下蔚蓝的海水中有人在游泳，海水颜色从浅蓝渐变深蓝，一些人在岸边泳区内游泳或在水中嬉戏。但您不在游泳。海滩风光及海上拖拽伞活动场景中的主要信息都聊完了。要不要聊下一个呢?下一个场景是:场景2:清真寺及周边观光,有5张照片.。"
        },
        {
            "role": "user",
            "content": "我还想撩这个场景,有没有动物或贝壳"
        },
        {
            "role": "assistant",
            "content": "你提到了动物或贝壳。我在照片里看到的是海滩上有散落的树枝和若干石块，但没有清晰可辨别的动物或贝壳的存在。沙滩是细软的浅黄色，海水呈现出深浅不一的蓝色。没有看到明显的鸟类/螃蟹等动物."
        },
        {
            "role": "user",
            "content": "好的,第二个"
        },
        {
            "role": "assistant",
            "content": ""
        },
        {
            "role": "user",
            "content": "好的"
        },
        {
            "role": "assistant",
            "content": ""
        },
        {
            "role": "user",
            "content": "好的"
        },
        {
            "role": "assistant",
            "content": "照片中的第2个场景是清真寺及周边观光。一共有5张照片，记录了亚庇市立清真寺的建筑风貌和室内场景。照片中主要有清真寺的建筑外观、湖水、周围的树木。还有清真寺室内场景。我注意到:照片展示了室外的清真寺，整体呈波斯建筑风格。建筑主体为白色，带有蓝色圆顶，还有四根高耸的白色柱子。你记得有去过这座清真寺吗?"
        },
        {
            "role": "user",
            "content": "我记得,我去过.这个清真寺是水上清真使"
        },
        {
            "role": "assistant",
            "content": "确实.寺庙周围围绕着平静的湖水，湖面上映射着清真寺的倒影。整个寺庙在湖边显得十分壮观。你记得这片湖吗?"
        },
        {
            "role": "user",
            "content": "这片湖我不是很记得了.你给我描述一下这片湖都有什么风光.生动一些"
        },
        {
            "role": "assistant",
            "content": "这片湖环绕着一座清真寺，水面平静，清澈见底。湖边有排列整齐的棕榈树和郁郁葱葱的草坪。天空湛蓝，白色蓬松的云朵悠闲地飘浮。清真寺建筑以白色为主，配有蓝色图案的圆顶和高耸的尖塔。整个场景显得宁静而优雅。"
        },
        {
            "role": "user",
            "content": "这些照片有哪些人"
        },
        {
            "role": "assistant",
            "content": "整组照片中主要是您和一位女士.具体在清真寺场景中,一张照片是室内空间，可能是一个清真寺的祈祷大厅。地面铺着带花纹的绿色地毯。墙面整体是白色的。人们穿着多彩的衣服，性别不明，具体活动不清晰。有些人可能在祈祷。你有什么印象吗?"
        },
        {
            "role": "user",
            "content": "我记得当时人很少.祈祷的人多吗,一共有几个"
        },
        {
            "role": "assistant",
            "content": "我在照片里看到，在清真寺的室内空间中有少数几个人在进行宗教活动，但由于距离的原因，无法具体统计人数。整个空间显得相对空旷。人数不超过10人"
        },
        {
            "role": "user",
            "content": "照片中,和我一起的女士,头上有戴什么,身上有没有批什么衣服"
        },
        {
            "role": "assistant",
            "content": "清真寺照片中主要是远处的人,并没有您和女士.其他照片中有女士出现,主要是在沙滩上.要去沙滩的照片吗?或者我可以再介绍一下室内建筑装饰"
        },
        {
            "role": "user",
            "content": "好的,我在清真寺内有没有穿袜子,我不记得我是否光脚"
        },
        {
            "role": "assistant",
            "content": "照片中,没有您出现.只有拍到远处的人. 此外，我注意到:清真寺室内白色墙面上，有许多镂空的装饰。室内还有几个拱门形状的结构，颜色与墙面一致，都是白色。墙壁中部有蓝色和金色图案组成的板块。"
        },
        {
            "role": "user",
            "content": "好的,下一个"
        },
        {
            "role": "assistant",
            "content": "好的.您照片中的第3个场景是海滩边的女士摄影。一共有5张照片，记录了女士在阳光明媚的海滩和多云天气下的沙滩上的休闲场景。照片中主要有身穿粉色连衣裙的长发女士、海滩、天空、海水、树木和吊床等。此外，我注意到:照片中，有一位长发女士身穿桃红色连衣裙，一张照片中，她站在黄色的沙滩上，微笑看向摄影者的方向。另一张照片中，她坐在吊床上。她是与你同行的同伴吗？"
        },
        {
            "role": "user",
            "content": "是的,女士年龄是20来岁吗"
        },
        {
            "role": "assistant",
            "content": "你提到了女士年龄。根据照片中呈现的信息，女士看起来可能是20多岁，但请注意，这仅是从外貌上的一种估计，并不能确定实际年龄。一张照片中，她坐在吊床上。你记得这个画面吗"
        },
        {
            "role": "user",
            "content": "我不太记得了,但是你提到了她穿的是粉红色裙子,又提到了桃红色.请问是同一个人吗"
        },
        {
            "role": "assistant",
            "content": "照片中是同一个人,只是不同照片中裙子颜色稍有不同.花色是一致的,推测是光照不同影响了裙子的颜色.此外，我注意到:有一张照片拍摄的是女士的人物剪影。天空中多云，透过明亮的阳光，使得整个照片呈现黄蓝色。女士背对着镜头，手臂举过头顶，向上伸展。你记得这个场景吗?"
        },
        {
            "role": "user",
            "content": "不是很记得了.这个沙滩和第一片是同一片沙滩吗"
        },
        {
            "role": "assistant",
            "content": "根据周围植被判断,很可能不是同一片.第一组照片中沙滩周围多为灌木,第三组照片中沙滩周围是高大的绿色树木.此外，我注意到:在户外的海滩上，我看到插有马来西亚国旗，还 有系在树干之间的吊床供游人休闲，你有坐上去体验吗？"
        },
        {
            "role": "user",
            "content": "我有坐上去体验过.晒太阳很惬意"
        },
        {
            "role": "assistant",
            "content": "你的描述非常吸引人,晒太阳很舒服.海滩边的女士摄影场景中的主要信息都聊完了。要不要聊下一个呢?下一个场景是:场景4:市区沿途街景和旗鱼雕塑,有6张照片.。"
        },
        {
            "role": "user",
            "content": "好的,描述一下主要内容"
        },
        {
            "role": "assistant",
            "content": ""
        },
        {
            "role": "user",
            "content": "好的"
        },
        {
            "role": "assistant",
            "content": "您照片中的第4个场景是市区沿途街景和旗鱼雕塑。一共有6张照片，记录了不同的市区户外风景和建筑物。这些场景的环境在室外，天气晴朗或多云。照片中主要有红色屋顶的白色建筑、路边的棕榈树。还有一个旗鱼造型的雕塑。我注意到:照片拍摄到花坛之上的一座蓝色旗鱼雕塑，鱼尾托着一颗红色爱心。雕塑底座环绕着绿色灌木和各色的花朵。背景是海面与海堤小路。你对这座雕像是否有印象呢？"
        },
        {
            "role": "user",
            "content": "我印象不深了.不记得在哪里拍的了"
        },
        {
            "role": "assistant",
            "content": "虽然照片中也无法判断具体地点,但是这组照片中展现了多变的市区风景，包括或高或低的观景植物、公路、行驶的公交车和沿街建筑物。这些照片可能是在路上拍摄。你是坐在车里吗？"
        },
        {
            "role": "user",
            "content": "我记得我有坐过公交车"
        },
        {
            "role": "assistant",
            "content": "我在照片里看到道路旁边有行驶的公交车，车身为橙色白色相间，后方有排队等待上车的人群。周围环境绿树成荫，远处建筑物错落有致。此外，我注意到:照片中拍摄了多种不同的建筑物，其中有红色屋顶的四层白色建筑，可能是别墅。有10层左右的灰色外立面高楼。这些建筑物是什么，是别墅或度假酒店吗?"
        },
        {
            "role": "user",
            "content": "可能是酒店或商场."
        },
        {
            "role": "assistant",
            "content": "好的.这组照片的内容都聊过了。我们聊过了以下场景:场景1:海滩风光及海上拖拽伞活动,有11张照片.场景2:清真寺及周边观光,有5张照片.场景3:海滩边的女士摄影,有5张照片.场景4:市区沿途街景和旗鱼雕塑,有6张照片.。你还有更多问题吗?没有的话, 我会为您生成一段文字回忆录。"
        },
        {
            "role": "user",
            "content": "我想问最后一个场景有无教堂"
        },
        {
            "role": "assistant",
            "content": "最后一个场景中没有拍到教堂，照片中展示了一些建筑物，其中包括有红色屋顶的多层住宅建筑，以及一些建筑物和高楼，但没有看到传统教堂的特征，如十字架、尖顶或哥特式的窗户。此外，第二个场景拍到了清真寺。"
        },
        {
            "role": "user",
            "content": "好的,我更正一下,第一个场景是亚庇的沙比_(:з」∠)_,第三个场景是美人鱼岛,第四个是亚庇市区"
        },
        {
            "role": "assistant",
            "content": "好的。感谢您的更正。这组照片一共27张，有4个场景。我为您生成了以下回忆录:在亚庇的沙比岛沙滩上，我感受了柔软细腻的沙子和适宜的阳光，头顶蓝天，海水蔚蓝。活力四射的海上拖拽伞活动成为这里的一道亮丽风景。清新的海风和海滩上的国旗雕塑构成了别样的记忆。接下来我们去了海上清真寺。后来在美人鱼岛，一位身穿粉色裙子的女士在海滩上摄影，留下了时光的足迹。而亚庇市区的繁华街景与橙白相间的公交车，以及蓝色旗鱼雕塑，记录下城市的热闹和温暖。这一切组成了一段难忘的回忆。"
        }
    ],
    "mtree": {
        "superE": "这组照片一共有27张，记录了可能是在马来西亚亚庇市的活动。为了帮助您理解，我把照片分成了4个场景。分别是:场景 1 海滩风光及海上拖拽伞活动, 场景 2 清真寺及周边观光, 场景 3 海滩边的女士摄影, 场景 4 市区沿途街景。",
        "events": [
            "一共有11张照片，记录了海滩活动及海上风景。这些场景的环境都在户外，大部分天气晴朗，有的多云，地点多是沙滩或海上。照片中主要有人在进行海上拖拽伞项目、有海上驶过的船只，以及拿着鞋子在散步的你。此外还有救生装备等。",
            "一共有5张照片，记录了亚庇市立清真寺的建筑风貌和室内场景。照片中主要有清真寺的建筑外观、湖水、周围的树木。还有清真寺室内场景。",
            "一共有5张照片，记录了女士在阳光明媚的海滩和多云天气下的沙滩上的休闲场景。照片中主要有身穿粉色连衣裙的长发女士、海滩、天空、海水、树木和吊床等。",
            "一共有6张照片，记录了不同的市区户外风景和建筑物。这些场景的环境在室外，天气晴朗或多云。照片中主要有红色屋顶的白色建筑、路边的棕榈树。还有一个旗鱼造型的雕塑。"
        ],
        "evtCnt": 4,
        "evtStr": "1 海滩风光及海上拖拽伞活动, \n2 清真寺及周边观光, \n3 海滩边的女士摄影, \n4 市区沿途街景。\n",
        "shorts": [
            "海滩风光及海上拖拽伞活动",
            "清真寺及周边观光",
            "海滩边的女士摄影",
            "市区沿途街景和旗鱼雕塑"
        ],
        "metas": [
            "有11张照片",
            "有5张照片",
            "有5张照片",
            "有6张照片"
        ],
        "photos": [
            [
                1,
                2,
                3,
                4,
                5,
                6,
                7,
                8,
                9,
                10,
                11
            ],
            [
                12,
                13,
                14,
                15,
                16
            ],
            [
                17,
                18,
                19,
                20,
                21
            ],
            [
                22,
                23,
                24,
                25,
                26,
                27
            ]
        ],
        "topics": [
            [
                "在一张照片中您穿着亮黄色夹克和黑色短裤，斜挎着黑色小方包，在沙滩上赤脚站立，手持鞋子。你还记得踩在沙子上的感觉吗？",
                "照片中，沙滩是浅黄色的，海水清澈透亮，在晴朗的天空下呈现出蓝绿色。这是哪里的海滩？",
                "照片记录了海上的空中拖拽伞项目。乘客有一位男士和一位女士。快艇拖着黄色的伞面，带着乘客飞驰在空中。虽然未拍到乘客肖像。但乘客的亮黄色衣服和您穿着一致，所以我推测您坐在伞上。我说的对吗？",
                "我看到一艘白色的小船正在海上行驶。船上有乘客，船只行驶快速，尾部留下了长长的白色水花。海水颜色为深蓝色，天空有云但整体看起来天气晴朗，远处可以看见陆地和树木。",
                "有游人在海边的沙滩上的吊床上休息。吊床是织物质地。沙滩是淡黄色，沙滩周围有翠绿色的树木。远处可以看到湛蓝色的海水和一些沙滩躺椅"
            ],
            [
                "照片展示了室外的清真寺，整体呈波斯建筑风格。建筑主体为白色，带有蓝色圆顶，还有四根高耸的白色柱子。你记得有去过这座清真寺吗?",
                "寺庙周围围绕着平静的湖水，湖面上映射着清真寺的倒影。整个寺庙在湖边显得十分壮观。你记得这片湖吗?",
                "一张照片是室内空间，可能是一个清真寺的祈祷大厅。地面铺着带花纹的绿色地毯。墙面整体是白色的。人们穿着多彩的衣服，性别不明，具体活动不清晰。有些人可能在祈祷。你有什么印象吗?",
                "清真寺室内白色墙面上，有许多镂空的装饰。室内还有几个拱门形状的结构，颜色与墙面一致，都是白色。墙壁中部有蓝色和金色图案组成的板块。"
            ],
            [
                "照片中，有一位长发女士身穿桃红色连衣裙，一张照片中，她站在黄色的沙滩上，微笑看向摄影者的方向。另一张照片中，她坐在吊床上。她是与你同行的同伴吗？",
                "有一张照片拍摄的是女士的人物剪影。天空中多云，透过明亮的阳光，使得整个照片呈现黄蓝色。女士背对着镜头，手臂举过头顶，向上伸展。你记得这个场景吗?",
                "在户外的海滩上，我看到插有马来西亚国旗，还 有系在树干之间的吊床供游人休闲，你有坐上去体验吗？"
            ],
            [
                "照片拍摄到花坛之上的一座蓝色旗鱼雕塑，鱼尾托着一颗红色爱心。雕塑底座环绕着绿色灌木和各色的花朵。背景是海面与海堤小路。你对这座雕像是否有印象呢？",
                "照片中拍摄了多种不同的建筑物，其中有红色屋顶的四层白色建筑，可能是别墅。有10层左右的灰色外立面高楼。这些建筑物是什么，是别墅或度假酒店吗?",
                "照片中展现了多变的市区风景，包括或高或低的观景植物、公路、行驶的公交车和沿街建筑物。这些照片可能是在路上拍摄。你是坐在车里吗？"
            ]
        ]
    },
    "reply_history": [
        {
            "dialogue_turn": 0,
            "user_input": null,
            "command_eid": null,
            "original_reply": "这组照片一共有27张，记录了可能是在马来西亚亚庇市的活动。为了帮助您理解，我把照片分成了4个场景。分别是:场景 1 海滩风光及海上拖拽伞活动, 场景 2 清真寺及周边观光, 场景 3 海滩边的女士摄影, 场景 4 市区沿途街景。我们从第一个场景聊起吧，第一个场景是海滩风光及海上拖拽伞活动。",
            "corrected_reply": null
        },
        {
            "dialogue_turn": 1,
            "user_input": "是的,这个场景主要有什么",
            "command_eid": "",
            "original_reply": "",
            "corrected_reply": "第1个场景是海滩风光及海上拖拽伞活动。一共有11张照片，记录了海滩活动及海上风景。这些场景的环境都在户外，大部分天气晴朗，有的多云，地点多是沙滩或海上。照片中主要有人在进行海上拖拽伞项目、有海上驶过的船只，以及拿着鞋子在散步的你。此外还有救生装备等。"
        },
        {
            "dialogue_turn": 2,
            "user_input": "救生装备",
            "command_eid": "",
            "original_reply": "",
            "corrected_reply": "您并没有穿着救生装备.在一张照片中您穿着亮黄色夹克和黑色短裤，斜挎着黑色小方包，在沙滩上赤脚站立，手持鞋子。你还记得踩在沙子上的感觉吗？"
        },
        {
            "dialogue_turn": 3,
            "user_input": "是的,我记得,哪里的沙子很柔软.很舒适.阳光很好,温度适宜",
            "command_eid": "",
            "original_reply": "",
            "corrected_reply": "你描述的很宜人.照片中，沙滩是浅黄色的，海水清澈透亮，在晴朗的天空下呈现出蓝绿色。此外，我注意到:照片记录了海上的空中拖拽伞项目。乘客有一位男士和一位女士。快艇拖着黄色的伞面，带着乘客飞驰在空中。虽然未拍到乘客肖像。但乘客的亮黄色衣服和您穿着一致，所以我推测您坐在伞上。我说的对吗？"
        },
        {
            "dialogue_turn": 4,
            "user_input": "是的，这张照片里我穿着什么",
            "command_eid": "",
            "original_reply": "",
            "corrected_reply": "照片比较模糊,我只能看到亮黄色的袖子.其他部分无法分辨.我注意到:我看到一艘白色的小船正在海上行驶。船上有乘客，船只行驶快速，尾部留下了长长的白色水花。海水颜色为深蓝色，天空有云但整体看起来天气晴朗，远处可以看见陆地和树木。"
        },
        {
            "dialogue_turn": 5,
            "user_input": "好的,那大概是在亚比美人鱼",
            "command_eid": "",
            "original_reply": "",
            "corrected_reply": "这个岛上还有其他风光.照片中有游人在海边的沙滩上的吊床上休息。吊床是织物质地。沙滩是淡黄色，沙滩周围有翠绿色的树木。远处可以看到湛蓝色的海水和一些沙滩躺椅"
        },
        {
            "dialogue_turn": 6,
            "user_input": "照片里有游泳的人吗",
            "command_eid": "",
            "original_reply": "我在照片里看到有游泳的人。海滩上的几张照片展示了天空下蔚蓝的海水中有人在游泳，海水颜色从浅蓝渐变深蓝，一些人在岸边泳区内游泳或在水中嬉戏。",
            "corrected_reply": "我在照片里看到有游泳的人。海滩上的几张照片展示了天空下蔚蓝的海水中有人在游泳，海水颜色从浅蓝渐变深蓝，一些人在岸边泳区内游泳或在水中嬉戏。但您不在游泳。海滩风光及海上拖拽伞活动场景中的主要信息都聊完了。要不要聊下一个呢?下一个场景是:场景2:清真寺及周边观光,有5张照片.。"
        },
        {
            "dialogue_turn": 7,
            "user_input": "我还想撩这个场景,有没有动物或贝壳",
            "command_eid": "",
            "original_reply": "你提到了动物或贝壳。我在照片里看到的是海滩上有散落的树枝和若干石块，但没有清晰可辨别的动物或贝壳的存在。沙滩是细软的浅黄色，海水呈现出深浅不一的蓝色。",
            "corrected_reply": "你提到了动物或贝壳。我在照片里看到的是海滩上有散落的树枝和若干石块，但没有清晰可辨别的动物或贝壳的存在。沙滩是细软的浅黄色，海水呈现出深浅不一的蓝色。没有看到明显的鸟类/螃蟹等动物."
        },
        {
            "dialogue_turn": 8,
            "user_input": "好的,第二个",
            "command_eid": "",
            "original_reply": "",
            "corrected_reply": null
        },
        {
            "dialogue_turn": 9,
            "user_input": "好的",
            "command_eid": "",
            "original_reply": "",
            "corrected_reply": null
        },
        {
            "dialogue_turn": 10,
            "user_input": "好的",
            "command_eid": "E",
            "original_reply": "",
            "corrected_reply": "照片中的第2个场景是清真寺及周边观光。一共有5张照片，记录了亚庇市立清真寺的建筑风貌和室内场景。照片中主要有清真寺的建筑外观、湖水、周围的树木。还有清真寺室内场景。我注意到:照片展示了室外的清真寺，整体呈波斯建筑风格。建筑主体为白色，带有蓝色圆顶，还有四根高耸的白色柱子。你记得有去过这座清真寺吗?"
        },
        {
            "dialogue_turn": 11,
            "user_input": "我记得,我去过.这个清真寺是水上清真使",
            "command_eid": "",
            "original_reply": "",
            "corrected_reply": "确实.寺庙周围围绕着平静的湖水，湖面上映射着清真寺的倒影。整个寺庙在湖边显得十分壮观。你记得这片湖吗?"
        },
        {
            "dialogue_turn": 12,
            "user_input": "这片湖我不是很记得了.你给我描述一下这片湖都有什么风光.生动一些",
            "command_eid": "",
            "original_reply": "这片湖环绕着一座清真寺，水面平静，清澈见底。湖边有排列整齐的棕榈树和郁郁葱葱的草坪。天空湛蓝，白色蓬松的云朵悠闲地飘浮。清真寺建筑以白色为主，配有蓝色图案的圆顶和高耸的尖塔。整个场景显得宁静而优雅。",
            "corrected_reply": "这片湖环绕着一座清真寺，水面平静，清澈见底。湖边有排列整齐的棕榈树和郁郁葱葱的草坪。天空湛蓝，白色蓬松的云朵悠闲地飘浮。清真寺建筑以白色为主，配有蓝色图案的圆顶和高耸的尖塔。整个场景显得宁静而优雅。"
        },
        {
            "dialogue_turn": 13,
            "user_input": "这些照片有哪些人",
            "command_eid": "",
            "original_reply": "",
            "corrected_reply": "整组照片中主要是您和一位女士.具体在清真寺场景中,一张照片是室内空间，可能是一个清真寺的祈祷大厅。地面铺着带花纹的绿色地毯。墙面整体是白色的。人们穿着多彩的衣服，性别不明，具体活动不清晰。有些人可能在祈祷。你有什么印象吗?"
        },
        {
            "dialogue_turn": 14,
            "user_input": "我记得当时人很少.祈祷的人多吗,一共有几个",
            "command_eid": "",
            "original_reply": "你提到了祈祷的人的数量。我在照片里看到，在清真寺的室内空间中有少数几个人在进行宗教活动，但由于照片角度和距离的原因，无法具体统计人数。整个空间显得相对空旷。",
            "corrected_reply": "我在照片里看到，在清真寺的室内空间中有少数几个人在进行宗教活动，但由于距离的原因，无法具体统计人数。整个空间显得相对空旷。人数不超过10人"
        },
        {
            "dialogue_turn": 15,
            "user_input": "照片中,和我一起的女士,头上有戴什么,身上有没有批什么衣服",
            "command_eid": "",
            "original_reply": "",
            "corrected_reply": "清真寺照片中主要是远处的人,并没有您和女士.其他照片中有女士出现,主要是在沙滩上.要去沙滩的照片吗?或者我可以再介绍一下室内建筑装饰"
        },
        {
            "dialogue_turn": 16,
            "user_input": "好的,我在清真寺内有没有穿袜子,我不记得我是否光脚",
            "command_eid": "",
            "original_reply": "",
            "corrected_reply": "照片中,没有您出现.只有拍到远处的人. 此外，我注意到:清真寺室内白色墙面上，有许多镂空的装饰。室内还有几个拱门形状的结构，颜色与墙面一致，都是白色。墙壁中部有蓝色和金色图案组成的板块。"
        },
        {
            "dialogue_turn": 17,
            "user_input": "好的,下一个",
            "command_eid": "E",
            "original_reply": "",
            "corrected_reply": "好的.您照片中的第3个场景是海滩边的女士摄影。一共有5张照片，记录了女士在阳光明媚的海滩和多云天气下的沙滩上的休闲场景。照片中主要有身穿粉色连衣裙的长发女士、海滩、天空、海水、树木和吊床等。此外，我注意到:照片中，有一位长发女士身穿桃红色连衣裙，一张照片中，她站在黄色的沙滩上，微笑看向摄影者的方向。另一张照片中，她坐在吊床上。她是与你同行的同伴吗？"
        },
        {
            "dialogue_turn": 18,
            "user_input": "是的,女士年龄是20来岁吗",
            "command_eid": "",
            "original_reply": "你提到了女士年龄。根据照片中呈现的信息，女士看起来可能是20多岁，但请注意，这仅是从外貌上的一种估计，并不能确定实际年龄。",
            "corrected_reply": "你提到了女士年龄。根据照片中呈现的信息，女士看起来可能是20多岁，但请注意，这仅是从外貌上的一种估计，并不能确定实际年龄。一张照片中，她坐在吊床上。你记得这个画面吗"
        },
        {
            "dialogue_turn": 19,
            "user_input": "我不太记得了,但是你提到了她穿的是粉红色裙子,又提到了桃红色.请问是同一个人吗",
            "command_eid": "",
            "original_reply": "根据对话历史和用户输入，你提到了关于服装颜色的疑问。在提供的照片中，可以看到同一个女士，在不同的照片中，她一次穿着粉红色带有水果图案的连衣裙，另一次穿着浅蓝色裙子。",
            "corrected_reply": "照片中是同一个人,只是不同照片中裙子颜色稍有不同.花色是一致的,推测是光照不同影响了裙子的颜色.此外，我注意到:有一张照片拍摄的是女士的人物剪影。天空中多云，透过明亮的阳光，使得整个照片呈现黄蓝色。女士背对着镜头，手臂举过头顶，向上伸展。你记得这个场景吗?"
        },
        {
            "dialogue_turn": 20,
            "user_input": "不是很记得了.这个沙滩和第一片是同一片沙滩吗",
            "command_eid": "",
            "original_reply": "",
            "corrected_reply": "根据周围植被判断,很可能不是同一片.第一组照片中沙滩周围多为灌木,第三组照片中沙滩周围是高大的绿色树木.此外，我注意到:在户外的海滩上，我看到插有马来西亚国旗，还 有系在树干之间的吊床供游人休闲，你有坐上去体验吗？"
        },
        {
            "dialogue_turn": 21,
            "user_input": "我有坐上去体验过.晒太阳很惬意",
            "command_eid": "",
            "original_reply": "",
            "corrected_reply": "你的描述非常吸引人,晒太阳很舒服.海滩边的女士摄影场景中的主要信息都聊完了。要不要聊下一个呢?下一个场景是:场景4:市区沿途街景和旗鱼雕塑,有6张照片.。"
        },
        {
            "dialogue_turn": 22,
            "user_input": "好的,描述一下主要内容",
            "command_eid": "",
            "original_reply": "",
            "corrected_reply": null
        },
        {
            "dialogue_turn": 23,
            "user_input": "好的",
            "command_eid": "E",
            "original_reply": "",
            "corrected_reply": "您照片中的第4个场景是市区沿途街景和旗鱼雕塑。一共有6张照片，记录了不同的市区户外风景和建筑物。这些场景的环境在室外，天气晴朗或多云。照片中主要有红色屋顶的白色建筑、路边的棕榈树。还有一个旗鱼造型的雕塑。我注意到:照片拍摄到花坛之上的一座蓝色旗鱼雕塑，鱼尾托着一颗红色爱心。雕塑底座环绕着绿色灌木和各色的花朵。背景是海面与海堤小路。你对这座雕像是否有印象呢？"
        },
        {
            "dialogue_turn": 24,
            "user_input": "我印象不深了.不记得在哪里拍的了",
            "command_eid": "",
            "original_reply": "",
            "corrected_reply": "虽然照片中也无法判断具体地点,但是这组照片中展现了多变的市区风景，包括或高或低的观景植物、公路、行驶的公交车和沿街建筑物。这些照片可能是在路上拍摄。你是坐在车里吗？"
        },
        {
            "dialogue_turn": 25,
            "user_input": "我记得我有坐过公交车",
            "command_eid": "",
            "original_reply": "你提到了坐过公交车，我在照片里看到道路旁边有行驶的公交车，车身为橙色白色相间，后方有排队等待上车的人群。周围环境绿树成荫，远处建筑物错落有致。",
            "corrected_reply": "我在照片里看到道路旁边有行驶的公交车，车身为橙色白色相间，后方有排队等待上车的人群。周围环境绿树成荫，远处建筑物错落有致。此外，我注意到:照片中拍摄了多种不同的建筑物，其中有红色屋顶的四层白色建筑，可能是别墅。有10层左右的灰色外立面高楼。这些建筑物是什么，是别墅或度假酒店吗?"
        },
        {
            "dialogue_turn": 26,
            "user_input": "可能是酒店或商场.",
            "command_eid": "",
            "original_reply": "",
            "corrected_reply": "好的.这组照片的内容都聊过了。我们聊过了以下场景:场景1:海滩风光及海上拖拽伞活动,有11张照片.场景2:清真寺及周边观光,有5张照片.场景3:海滩边的女士摄影,有5张照片.场景4:市区沿途街景和旗鱼雕塑,有6张照片.。你还有更多问题吗?没有的话, 我会为您生成一段文字回忆录。"
        },
        {
            "dialogue_turn": 27,
            "user_input": "我想问最后一个场景有无教堂",
            "command_eid": "",
            "original_reply": "您提到了想知道最后一个场景是否有教堂。我在照片里没有看到典型的教堂建筑。照片中展示了一些建筑物，其中包括有红色屋顶的多层住宅建筑，以及一些建筑物和高楼，但没有看到传统教堂的特征，如十字架、尖顶或哥特式的窗户。",
            "corrected_reply": "最后一个场景中没有拍到教堂，照片中展示了一些建筑物，其中包括有红色屋顶的多层住宅建筑，以及一些建筑物和高楼，但没有看到传统教堂的特征，如十字架、尖顶或哥特式的窗户。此外，第二个场景拍到了清真寺。"
        },
        {
            "dialogue_turn": 28,
            "user_input": "好的,我更正一下,第一个场景是亚庇的沙比_(:з」∠)_,第三个场景是美人鱼岛,第四个是亚庇市区",
            "command_eid": "s",
            "original_reply": "这组照片一共27张，有4个场景。我为您生成了以下回忆录:在亚庇的沙滩上，我感受了柔软细腻的沙子和适宜的阳光，头顶蓝天，海水蔚蓝。活力四射的海上拖拽伞活动成为这里的一道亮丽风景。清新的海风和海滩上的国旗雕塑构成了别样的记忆。在美人鱼岛，一位身穿粉色裙子的女士在海滩上摄影，留下了时光的足迹。而亚庇市区的繁华街景与橙白相间的公交车，以及蓝色旗鱼雕塑，记录下城市的热闹和温暖。这一切组成了一段难忘的回忆。",
            "corrected_reply": "好的。感谢您的更正。这组照片一共27张，有4个场景。我为您生成了以下回忆录:在亚庇的沙比岛沙滩上，我感受了柔软细腻的沙子和适宜的阳光，头顶蓝天，海水蔚蓝。活力四射的海上拖拽伞活动成为这里的一道亮丽风景。清新的海风和海滩上的国旗雕塑构成了别样的记忆。接下来我们去了海上清真寺。后来在美人鱼岛，一位身穿粉色裙子的女士在海滩上摄影，留下了时光的足迹。而亚庇市区的繁华街景与橙白相间的公交车，以及蓝色旗鱼雕塑，记录下城市的热闹和温暖。这一切组成了一段难忘的回忆。"
        }
    ],
    "state_history": [
        {
            "dialogue_turn": 0,
            "curEid": 0,
            "commandEid": null,
            "wandering": false,
            "forwardProgress": 0,
            "isEventTalked": [
                true,
                true,
                true,
                true
            ],
            "isTopicTalked": [
                [
                    false,
                    false,
                    false,
                    false,
                    false
                ],
                [
                    false,
                    false,
                    false,
                    false
                ],
                [
                    false,
                    false,
                    false
                ],
                [
                    false,
                    false,
                    false
                ]
            ],
            "summarizing": false,
            "overviewing": false
        },
        {
            "dialogue_turn": 1,
            "curEid": 0,
            "commandEid": "",
            "wandering": false,
            "forwardProgress": 0,
            "isEventTalked": [
                true,
                true,
                true,
                true
            ],
            "isTopicTalked": [
                [
                    false,
                    false,
                    false,
                    false,
                    false
                ],
                [
                    false,
                    false,
                    false,
                    false
                ],
                [
                    false,
                    false,
                    false
                ],
                [
                    false,
                    false,
                    false
                ]
            ],
            "summarizing": false,
            "overviewing": false
        },
        {
            "dialogue_turn": 2,
            "curEid": 0,
            "commandEid": "",
            "wandering": false,
            "forwardProgress": 0,
            "isEventTalked": [
                true,
                true,
                true,
                true
            ],
            "isTopicTalked": [
                [
                    false,
                    false,
                    false,
                    false,
                    false
                ],
                [
                    false,
                    false,
                    false,
                    false
                ],
                [
                    false,
                    false,
                    false
                ],
                [
                    false,
                    false,
                    false
                ]
            ],
            "summarizing": false,
            "overviewing": false
        },
        {
            "dialogue_turn": 3,
            "curEid": 0,
            "commandEid": "",
            "wandering": false,
            "forwardProgress": 0,
            "isEventTalked": [
                true,
                true,
                true,
                true
            ],
            "isTopicTalked": [
                [
                    false,
                    false,
                    false,
                    false,
                    false
                ],
                [
                    false,
                    false,
                    false,
                    false
                ],
                [
                    false,
                    false,
                    false
                ],
                [
                    false,
                    false,
                    false
                ]
            ],
            "summarizing": false,
            "overviewing": false
        },
        {
            "dialogue_turn": 4,
            "curEid": 0,
            "commandEid": "",
            "wandering": false,
            "forwardProgress": 0,
            "isEventTalked": [
                true,
                true,
                true,
                true
            ],
            "isTopicTalked": [
                [
                    false,
                    false,
                    false,
                    false,
                    false
                ],
                [
                    false,
                    false,
                    false,
                    false
                ],
                [
                    false,
                    false,
                    false
                ],
                [
                    false,
                    false,
                    false
                ]
            ],
            "summarizing": false,
            "overviewing": false
        },
        {
            "dialogue_turn": 5,
            "curEid": 0,
            "commandEid": "",
            "wandering": false,
            "forwardProgress": 0,
            "isEventTalked": [
                true,
                true,
                true,
                true
            ],
            "isTopicTalked": [
                [
                    false,
                    false,
                    false,
                    false,
                    false
                ],
                [
                    false,
                    false,
                    false,
                    false
                ],
                [
                    false,
                    false,
                    false
                ],
                [
                    false,
                    false,
                    false
                ]
            ],
            "summarizing": false,
            "overviewing": false
        },
        {
            "dialogue_turn": 6,
            "curEid": 0,
            "commandEid": "",
            "wandering": false,
            "forwardProgress": 0,
            "isEventTalked": [
                true,
                true,
                true,
                true
            ],
            "isTopicTalked": [
                [
                    false,
                    false,
                    false,
                    false,
                    false
                ],
                [
                    false,
                    false,
                    false,
                    false
                ],
                [
                    false,
                    false,
                    false
                ],
                [
                    false,
                    false,
                    false
                ]
            ],
            "summarizing": false,
            "overviewing": false
        },
        {
            "dialogue_turn": 7,
            "curEid": 0,
            "commandEid": "",
            "wandering": false,
            "forwardProgress": 0,
            "isEventTalked": [
                true,
                true,
                true,
                true
            ],
            "isTopicTalked": [
                [
                    false,
                    false,
                    false,
                    false,
                    false
                ],
                [
                    false,
                    false,
                    false,
                    false
                ],
                [
                    false,
                    false,
                    false
                ],
                [
                    false,
                    false,
                    false
                ]
            ],
            "summarizing": false,
            "overviewing": false
        },
        {
            "dialogue_turn": 8,
            "curEid": 0,
            "commandEid": "",
            "wandering": false,
            "forwardProgress": 0,
            "isEventTalked": [
                true,
                true,
                true,
                true
            ],
            "isTopicTalked": [
                [
                    false,
                    false,
                    false,
                    false,
                    false
                ],
                [
                    false,
                    false,
                    false,
                    false
                ],
                [
                    false,
                    false,
                    false
                ],
                [
                    false,
                    false,
                    false
                ]
            ],
            "summarizing": false,
            "overviewing": false
        },
        {
            "dialogue_turn": 9,
            "curEid": 0,
            "commandEid": "",
            "wandering": false,
            "forwardProgress": 0,
            "isEventTalked": [
                true,
                true,
                true,
                true
            ],
            "isTopicTalked": [
                [
                    false,
                    false,
                    false,
                    false,
                    false
                ],
                [
                    false,
                    false,
                    false,
                    false
                ],
                [
                    false,
                    false,
                    false
                ],
                [
                    false,
                    false,
                    false
                ]
            ],
            "summarizing": false,
            "overviewing": false
        },
        {
            "dialogue_turn": 10,
            "curEid": 1,
            "commandEid": "E",
            "wandering": false,
            "forwardProgress": 1,
            "isEventTalked": [
                true,
                true,
                true,
                true
            ],
            "isTopicTalked": [
                [
                    false,
                    false,
                    false,
                    false,
                    false
                ],
                [
                    false,
                    false,
                    false,
                    false
                ],
                [
                    false,
                    false,
                    false
                ],
                [
                    false,
                    false,
                    false
                ]
            ],
            "summarizing": false,
            "overviewing": false
        },
        {
            "dialogue_turn": 11,
            "curEid": 1,
            "commandEid": "",
            "wandering": false,
            "forwardProgress": 1,
            "isEventTalked": [
                true,
                true,
                true,
                true
            ],
            "isTopicTalked": [
                [
                    false,
                    false,
                    false,
                    false,
                    false
                ],
                [
                    false,
                    false,
                    false,
                    false
                ],
                [
                    false,
                    false,
                    false
                ],
                [
                    false,
                    false,
                    false
                ]
            ],
            "summarizing": false,
            "overviewing": false
        },
        {
            "dialogue_turn": 12,
            "curEid": 1,
            "commandEid": "",
            "wandering": false,
            "forwardProgress": 1,
            "isEventTalked": [
                true,
                true,
                true,
                true
            ],
            "isTopicTalked": [
                [
                    false,
                    false,
                    false,
                    false,
                    false
                ],
                [
                    false,
                    false,
                    false,
                    false
                ],
                [
                    false,
                    false,
                    false
                ],
                [
                    false,
                    false,
                    false
                ]
            ],
            "summarizing": false,
            "overviewing": false
        },
        {
            "dialogue_turn": 13,
            "curEid": 1,
            "commandEid": "",
            "wandering": false,
            "forwardProgress": 1,
            "isEventTalked": [
                true,
                true,
                true,
                true
            ],
            "isTopicTalked": [
                [
                    false,
                    false,
                    false,
                    false,
                    false
                ],
                [
                    false,
                    false,
                    false,
                    false
                ],
                [
                    false,
                    false,
                    false
                ],
                [
                    false,
                    false,
                    false
                ]
            ],
            "summarizing": false,
            "overviewing": false
        },
        {
            "dialogue_turn": 14,
            "curEid": 1,
            "commandEid": "",
            "wandering": false,
            "forwardProgress": 1,
            "isEventTalked": [
                true,
                true,
                true,
                true
            ],
            "isTopicTalked": [
                [
                    false,
                    false,
                    false,
                    false,
                    false
                ],
                [
                    false,
                    false,
                    false,
                    false
                ],
                [
                    false,
                    false,
                    false
                ],
                [
                    false,
                    false,
                    false
                ]
            ],
            "summarizing": false,
            "overviewing": false
        },
        {
            "dialogue_turn": 15,
            "curEid": 1,
            "commandEid": "",
            "wandering": false,
            "forwardProgress": 1,
            "isEventTalked": [
                true,
                true,
                true,
                true
            ],
            "isTopicTalked": [
                [
                    false,
                    false,
                    false,
                    false,
                    false
                ],
                [
                    false,
                    false,
                    false,
                    false
                ],
                [
                    false,
                    false,
                    false
                ],
                [
                    false,
                    false,
                    false
                ]
            ],
            "summarizing": false,
            "overviewing": false
        },
        {
            "dialogue_turn": 16,
            "curEid": 1,
            "commandEid": "",
            "wandering": false,
            "forwardProgress": 1,
            "isEventTalked": [
                true,
                true,
                true,
                true
            ],
            "isTopicTalked": [
                [
                    false,
                    false,
                    false,
                    false,
                    false
                ],
                [
                    false,
                    false,
                    false,
                    false
                ],
                [
                    false,
                    false,
                    false
                ],
                [
                    false,
                    false,
                    false
                ]
            ],
            "summarizing": false,
            "overviewing": false
        },
        {
            "dialogue_turn": 17,
            "curEid": 2,
            "commandEid": "E",
            "wandering": false,
            "forwardProgress": 2,
            "isEventTalked": [
                true,
                true,
                true,
                true
            ],
            "isTopicTalked": [
                [
                    false,
                    false,
                    false,
                    false,
                    false
                ],
                [
                    false,
                    false,
                    false,
                    false
                ],
                [
                    false,
                    false,
                    false
                ],
                [
                    false,
                    false,
                    false
                ]
            ],
            "summarizing": false,
            "overviewing": false
        },
        {
            "dialogue_turn": 18,
            "curEid": 2,
            "commandEid": "",
            "wandering": false,
            "forwardProgress": 2,
            "isEventTalked": [
                true,
                true,
                true,
                true
            ],
            "isTopicTalked": [
                [
                    false,
                    false,
                    false,
                    false,
                    false
                ],
                [
                    false,
                    false,
                    false,
                    false
                ],
                [
                    false,
                    false,
                    false
                ],
                [
                    false,
                    false,
                    false
                ]
            ],
            "summarizing": false,
            "overviewing": false
        },
        {
            "dialogue_turn": 19,
            "curEid": 2,
            "commandEid": "",
            "wandering": false,
            "forwardProgress": 2,
            "isEventTalked": [
                true,
                true,
                true,
                true
            ],
            "isTopicTalked": [
                [
                    false,
                    false,
                    false,
                    false,
                    false
                ],
                [
                    false,
                    false,
                    false,
                    false
                ],
                [
                    false,
                    false,
                    false
                ],
                [
                    false,
                    false,
                    false
                ]
            ],
            "summarizing": false,
            "overviewing": false
        },
        {
            "dialogue_turn": 20,
            "curEid": 2,
            "commandEid": "",
            "wandering": false,
            "forwardProgress": 2,
            "isEventTalked": [
                true,
                true,
                true,
                true
            ],
            "isTopicTalked": [
                [
                    false,
                    false,
                    false,
                    false,
                    false
                ],
                [
                    false,
                    false,
                    false,
                    false
                ],
                [
                    false,
                    false,
                    false
                ],
                [
                    false,
                    false,
                    false
                ]
            ],
            "summarizing": false,
            "overviewing": false
        },
        {
            "dialogue_turn": 21,
            "curEid": 2,
            "commandEid": "",
            "wandering": false,
            "forwardProgress": 2,
            "isEventTalked": [
                true,
                true,
                true,
                true
            ],
            "isTopicTalked": [
                [
                    false,
                    false,
                    false,
                    false,
                    false
                ],
                [
                    false,
                    false,
                    false,
                    false
                ],
                [
                    false,
                    false,
                    false
                ],
                [
                    false,
                    false,
                    false
                ]
            ],
            "summarizing": false,
            "overviewing": false
        },
        {
            "dialogue_turn": 22,
            "curEid": 2,
            "commandEid": "",
            "wandering": false,
            "forwardProgress": 2,
            "isEventTalked": [
                true,
                true,
                true,
                true
            ],
            "isTopicTalked": [
                [
                    false,
                    false,
                    false,
                    false,
                    false
                ],
                [
                    false,
                    false,
                    false,
                    false
                ],
                [
                    false,
                    false,
                    false
                ],
                [
                    false,
                    false,
                    false
                ]
            ],
            "summarizing": false,
            "overviewing": false
        },
        {
            "dialogue_turn": 23,
            "curEid": 3,
            "commandEid": "E",
            "wandering": false,
            "forwardProgress": 3,
            "isEventTalked": [
                true,
                true,
                true,
                true
            ],
            "isTopicTalked": [
                [
                    false,
                    false,
                    false,
                    false,
                    false
                ],
                [
                    false,
                    false,
                    false,
                    false
                ],
                [
                    false,
                    false,
                    false
                ],
                [
                    false,
                    false,
                    false
                ]
            ],
            "summarizing": false,
            "overviewing": false
        },
        {
            "dialogue_turn": 24,
            "curEid": 3,
            "commandEid": "",
            "wandering": false,
            "forwardProgress": 3,
            "isEventTalked": [
                true,
                true,
                true,
                true
            ],
            "isTopicTalked": [
                [
                    false,
                    false,
                    false,
                    false,
                    false
                ],
                [
                    false,
                    false,
                    false,
                    false
                ],
                [
                    false,
                    false,
                    false
                ],
                [
                    false,
                    false,
                    false
                ]
            ],
            "summarizing": false,
            "overviewing": false
        },
        {
            "dialogue_turn": 25,
            "curEid": 3,
            "commandEid": "",
            "wandering": false,
            "forwardProgress": 3,
            "isEventTalked": [
                true,
                true,
                true,
                true
            ],
            "isTopicTalked": [
                [
                    false,
                    false,
                    false,
                    false,
                    false
                ],
                [
                    false,
                    false,
                    false,
                    false
                ],
                [
                    false,
                    false,
                    false
                ],
                [
                    false,
                    false,
                    false
                ]
            ],
            "summarizing": false,
            "overviewing": false
        },
        {
            "dialogue_turn": 26,
            "curEid": 3,
            "commandEid": "",
            "wandering": false,
            "forwardProgress": 3,
            "isEventTalked": [
                true,
                true,
                true,
                true
            ],
            "isTopicTalked": [
                [
                    false,
                    false,
                    false,
                    false,
                    false
                ],
                [
                    false,
                    false,
                    false,
                    false
                ],
                [
                    false,
                    false,
                    false
                ],
                [
                    false,
                    false,
                    false
                ]
            ],
            "summarizing": false,
            "overviewing": false
        },
        {
            "dialogue_turn": 27,
            "curEid": 3,
            "commandEid": "",
            "wandering": false,
            "forwardProgress": 3,
            "isEventTalked": [
                true,
                true,
                true,
                true
            ],
            "isTopicTalked": [
                [
                    false,
                    false,
                    false,
                    false,
                    false
                ],
                [
                    false,
                    false,
                    false,
                    false
                ],
                [
                    false,
                    false,
                    false
                ],
                [
                    false,
                    false,
                    false
                ]
            ],
            "summarizing": false,
            "overviewing": false
        },
        {
            "dialogue_turn": 28,
            "curEid": 3,
            "commandEid": "s",
            "wandering": false,
            "forwardProgress": 3,
            "isEventTalked": [
                true,
                true,
                true,
                true
            ],
            "isTopicTalked": [
                [
                    false,
                    false,
                    false,
                    false,
                    false
                ],
                [
                    false,
                    false,
                    false,
                    false
                ],
                [
                    false,
                    false,
                    false
                ],
                [
                    false,
                    false,
                    false
                ]
            ],
            "summarizing": true,
            "overviewing": false
        }
    ]
}