{
    "user": "lmq_2",
    "resume": null,
    "datetime": "2024-02-24-13:57",
    "photo_dir": "/Users/codaxu/Documents/ChatAlbum/Reviver_Proactive/photos/lmq_2",
    "chat_history": [
        {
            "role": "assistant",
            "content": "这是2022年2月份的照片，记录了你在雪地、鸟巢、冬奥会中的活动。我把照片分成了10个场景，前三个场景是:你在雪地里玩耍、窗外雪景、冰墩墩和雪人的雪景。接下来的7个场景是在鸟巢中演出的画面以及合影。我们从第一个场景聊起吧，第一个场景是你在雪地里玩耍。"
        },
        {
            "role": "user",
            "content": "  好的."
        },
        {
            "role": "assistant",
            "content": "好的。因为这是第一次聊到你在雪地里玩耍的照片,我来整体向您介绍下。这是您照片中的第1个场景,一共有4张照片，记录了你在雪地里玩耍的场景。环境在室外，下着雪，有很多树木。照片中你穿着迷彩外套、黑色裤子和靴子，周围有被雪覆盖的树木和灌木。我的描述准确吗?你记得当时在做什么吗?"
        },
        {
            "role": "user",
            "content": " 很准确.应该是我在集训地点的照片.那时候下雪了"
        },
        {
            "role": "assistant",
            "content": "好的，了解您在集训地点拍摄的照片背景，并且看到了周围覆盖着雪的环境。从照片中,我还注意到:这些照片捕捉了你在雪地里高兴地伸展双手的瞬间。你还记得在做什么吗？"
        }
    ],
    "mtree": {
        "superE": "这是2022年2月份的照片，记录了你在雪地、鸟巢、冬奥会中的活动。我把照片分成了10个场景，前三个场景是:你在雪地里玩耍、窗外雪景、冰墩墩和雪人的雪景。接下来的7个场景是在鸟巢中演出的画面以及合影。",
        "events": [
            "一共有4张照片，记录了你在雪地里玩耍的场景。环境在室外，下着雪，有很多树木。照片中你穿着迷彩外套、黑色裤子和靴子，周围有被雪覆盖的树木和灌木。",
            "一共有6张照片，记录了窗外被雪覆盖的室外风景。这些场景的环境在室外，天气都是雪天。照片中主要有白色的积雪、光秃的树木、被雪覆盖的建筑物、不明显颜色的车辆、以及雪地中的路灯。",
            "一共有7张照片，记录了户外的冰墩墩雪雕、普通雪人、以及你和雪容融吉祥物在室内的合影。",
            "一共有3张照片，记录了两位男士和你在八宝粥罐头柱子旁的场景。这个场景的环境在室内，可能是展览厅、活动室或餐厅，光线从适中到充足。照片中主要有罐装八宝粥柱子、多样的衣着人物和散落的物品。",
            "一共有2张照片，记录了CCTV13转播的北京2022冬残奥会开幕式和彩排幕后的场景。这个场景的环境在室内，似乎是表演场地或演播室，地面上有彩色的图案，场地看上去宽敞而明亮。照片中主要有表演者、乐器、'BEIJING 2022'的图案、'CCTV13'和'一起向未来-北京2022'的文字。",
            "一共有4张照片，记录了鸟巢体育场在夜晚被灯光照亮的场景。环境分别在室内外，位置是鸟巢内部和外部。照片中主要有体育场座位、场地中央的人、体育场外观等。",
            "一共有9张照片，记录了你在鸟巢内部参与演出的场景。照片中主要有你与其他演员在演奏传统乐器、舞台背景、观众席和照明设备。",
            "一共有5张照片，记录了你在鸟巢体育场室内与人们拍摄合影的场景。这个场景的环境看起来是进行某种庆典或活动的场合。照片中主要有你和其他演员认工们、背景中庞大的体育场馆以及各种表演服饰。",
            "一共有9张照片，记录了你在鸟巢体育场内，与空中的火炬合影的场景。这个场景的环境在室内，鸟巢体育场内灯光闪耀，光线充足。照片中主要有你、其他表演者或参与者、装饰灯、显示屏以及鸟巢体育场馆内部结构。",
            "一共有4张照片，记录了你在户外以及鸟巢内外与背景合影的场景。这些场景的环境在户外时天气晴朗，而室内则光线明亮。照片中主要有你穿着黑色上衣与灰色长裙的模样、红色围巾或披肩，以及'BEIJING 2022'相关的标志性建筑和装置。"
        ],
        "evtCnt": 10,
        "evtStr": "",
        "shorts": [
            "你在雪地里玩耍",
            "窗外俯瞰地面的雪景",
            "冰墩墩、雪人、雪容融",
            "你在室内和八宝粥罐头柱子拍照",
            "CCTV13转播北京2022冬残奥会的画面",
            "夜景中的鸟巢外景",
            "鸟巢内部演出，你在弹奏琵琶",
            "鸟巢体育场室内多人合影",
            "鸟巢体育场内的单人照",
            "鸟巢外的单人照"
        ],
        "photos": [
            [
                1,
                2,
                3,
                4
            ],
            [
                5,
                6,
                7,
                8,
                9,
                10
            ],
            [
                11,
                12,
                13,
                14,
                15,
                16,
                17
            ],
            [
                18,
                19,
                20
            ],
            [
                21,
                22
            ],
            [
                23,
                24,
                25,
                26
            ],
            [
                27,
                28,
                29,
                30,
                31,
                32,
                33,
                34,
                35
            ],
            [
                36,
                37,
                38,
                39,
                40
            ],
            [
                41,
                42,
                43,
                44,
                45,
                46,
                47,
                48,
                49
            ],
            [
                50,
                51,
                52,
                53
            ]
        ],
        "topics": [
            [
                "照片中，你穿着迷彩外套，上面有多个徽章，黑色裤子和黑色的雪地靴，你看起来非常快乐。你还记得当时的心情吗？",
                "这些照片捕捉了你在雪地里高兴地伸展双手的瞬间。你还记得在做什么吗？",
                "照片中的环境是户外，周围是树木被雪覆盖的景象。你记得这个地方吗？",
                "照片里的对象包括穿着迷彩外套、黑色裤子的你，以及雪覆盖的树木和地面。这里面有你想了解的内容吗？"
            ],
            [
                "照片展示了室外被雪覆盖的环境，树木光秃，建筑物是圆形的，雪地中偶尔可见的路灯和设施。你还记得这个地方吗?",
                "这些照片中的积雪、覆盖在树木和建筑物上的雪，以及雪地中的车辆和路灯，都为冬季的宁静增添了一份美感。这里面有你想了解的内容吗?",
                "窗外的雪花轻轻地覆盖了每一寸土地和建筑物。下雪天你的心情如何?"
            ],
            [
                "在一张照片中，你穿着迷彩服，和一个冰墩墩雪人合影, 冰墩墩贴有北京2022冬奥会标志和五环标志的细节.你记得这个场景吗?",
                "在另一张照片中，你和红色的雪容融吉祥物合影。雪容融是一个人物扮演的。你记得这个场景吗?",
                "照片中大部分雪人以冰墩墩为主题，有黑色的眼睛和耳朵，并贴有彩色的奥运五环标志。你记得这些雪人吗?",
                "场景环境在室外，地面上覆盖着雪，周围有树木和栅栏。你还记得这个地方吗?"
            ],
            [
                "照片记录了两位男士和一位女士在八宝粥罐头柱子旁的活动，其中男士们衣着从汉服到西装，女士穿着黑色上衣和灰色长裙。你记得都有谁吗?",
                "在展览会场中，不同的八宝粥罐头堆叠成柱子，背景中还有展示板和衣服货架。你还记得在做什么吗?",
                "你在和罐装八宝粥的柱子合影，看起来心情愉快。你的心情如何?",
                "照片中出现了各种物品，如塑料瓶、纸盒、饮料瓶以及食品包装等。这里面有你想了解的内容吗?"
            ],
            [
                "照片中，表演场地上有琵琶、鼓、大提琴等乐器，还有一群坐着的人统一着装演奏乐器。你还记得当时的活动吗?",
                "照片中，屏幕上方显示着'CCTV13'的文字，屏幕下方写着: 以'生命的绽放'为主题，突出残健融合历年。这里面有你想了解的内容吗?",
                "照片展现的室内环境中，地面上有多彩色图案，包括'BEIJING 2022'的字样，还有'一起向未来-北京2022'的横幅。你记得这个地方吗?",
                "照片中，男女表演者们穿着正式的表演服装，远景拍摄，无法确定你是否在场。你记得都有谁吗?"
            ],
            [
                "体育场内的照片显示出蓝色和橙色座位，场地中央有人正在忙碌，他们穿着深色衣服。你记得这个地方吗?",
                "鸟巢的外观为一个大型钢结构建筑物，夜晚时分被红色和黄色的灯光交织照亮。这个照片带给你什么感受?",
                "前景有模糊的车辆经过，可能位于一条道路上，附近有蓝色和红色的照明标牌。你记得当时在做什么吗?"
            ],
            [
                "照片中的你穿着灰色和黑色的服装，长发披肩，站着或坐着弹奏着琵琶和古筝。你还记得自己的精彩演出吗?",
                "你与其他演员共同完成了一场演出，他们穿着不同风格的服装，有的穿着黑色礼服，有的穿着白色服装，你还记得都有谁吗?",
                "一张照片中，还有小孩子们穿着带有绿色和白色的服装，戴着白色帽子和围巾，手里拿着彩色的圆环在表演。你还记得他们在做什么吗?",
                "演出场景在鸟巢的室内，舞台上安装着多彩的灯光和大屏幕。活动中有多种乐器如二胡、笛子和大提琴的演奏。你还记得这个地方吗?",
                "照片中还有蓝色的舞台和明亮的灯光。这里面有你想了解的内容吗?"
            ],
            [
                "合影活动发生在体育场内部，背景中还有很多其他人，穿着黄色或绿色的衣服。你还记得当时的活动吗?",
                "你身着黑色礼服，头发披肩，脸上露出笑容。你当时的心情如何?",
                "照片中有你和其他人，大家都穿着表演服装，包括红色、黑色、灰色不同颜色的裙子和上衣。你记得都有谁吗?",
                "照片中主要的对象有明亮的室内大厅、体育场馆、以及人群拉手的场景。场内装饰有大型吊灯和多彩的灯光。这里面有你想了解的内容吗?"
            ],
            [
                "照片中有天花板悬挂的巨型装饰、装饰灯如雪花状、奥运五环形状的艺术作品、LED地板以及体育场的椭圆形结构。这里面有你想了解的内容吗?",
                "照片中，你身穿黑白相间带图案的上衣，外面披着红色披肩，下身是浅灰色裙子，头发扎成马尾或盘起。你的心情如何?",
                "你在鸟巢体育场的表演区坐着，背后是看台和舞台，有许多穿着红色传统服装的人在表演中活动。你记得在做什么吗?",
                "照片捕捉了鸟巢体育场内部璀璨的灯光和装饰，包括挂着的大型装饰灯、蓝色灯光的座椅和地面、以及悬挂的白色照明装置。你记得这个地方吗?"
            ],
            [
                "照片中呈现了你在室外的日光下，穿着黑色上衣、灰色长裙和红色围巾或披肩的样子，你身后是标志性的鸟巢建筑。你记得这个地方吗？",
                "你在室外和室内的合照都展示了'BEIJING 2022'的元素，无论是建筑上的标语或是艺术装置。这些照片唤起你哪些记忆？",
                "室外照片中你的服饰和表情展现出闲适和愉悦的心情，室内照片中你与火炬的合影更是令人印象深刻。你的心情如何？",
                "这些照片里有很多细节值得探索，比如你服饰上的花纹，或是鸟巢建筑的现代外型。你对它们有什么想了解的吗？"
            ]
        ]
    },
    "reply_history": [
        {
            "dialogue_turn": 0,
            "user_input": null,
            "command_eid": null,
            "original_reply": "这是2022年2月份的照片，记录了你在雪地、鸟巢、冬奥会中的活动。我把照片分成了10个场景，前三个场景是:你在雪地里玩耍、窗外雪景、冰墩墩和雪人的雪景。接下来的7个场景是在鸟巢中演出的画面以及合影。我们从第一个场景聊起吧，第一个场景是你在雪地里玩耍。",
            "corrected_reply": null
        },
        {
            "dialogue_turn": 1,
            "user_input": "  好的.",
            "command_eid": "N",
            "original_reply": "好的。因为这是第一次聊到你在雪地里玩耍的照片,我来整体向您介绍下。这是您照片中的第1个场景,一共有4张照片，记录了你在雪地里玩耍的场景。环境在室外，下着雪，有很多树木。照片中你穿着迷彩外套、黑色裤子和靴子，周围有被雪覆盖的树木和灌木。我的描述准确吗?你记得当时在做什么吗?",
            "corrected_reply": null
        },
        {
            "dialogue_turn": 2,
            "user_input": " 很准确.应该是我在集训地点的照片.那时候下雪了",
            "command_eid": "N",
            "original_reply": "好的，了解您在集训地点拍摄的照片背景，并且看到了周围覆盖着雪的环境。从照片中,我还注意到:这些照片捕捉了你在雪地里高兴地伸展双手的瞬间。你还记得在做什么吗？",
            "corrected_reply": null
        }
    ],
    "state_history": [
        {
            "dialogue_turn": 0,
            "curEid": 0,
            "commandEid": null,
            "switchingEvent": true,
            "wandering": false,
            "forwardProgress": 0,
            "sumPending": false,
            "evtPending": false,
            "wanPending": false,
            "hasSuggested": false,
            "isEventTalked": [
                true,
                false,
                false,
                false,
                false,
                false,
                false,
                false,
                false,
                false
            ],
            "isTopicTalked": [
                [
                    false,
                    true,
                    false,
                    false
                ],
                [
                    false,
                    false,
                    false
                ],
                [
                    false,
                    false,
                    false,
                    false
                ],
                [
                    false,
                    false,
                    false,
                    false
                ],
                [
                    false,
                    false,
                    false,
                    false
                ],
                [
                    false,
                    false,
                    false
                ],
                [
                    false,
                    false,
                    false,
                    false,
                    false
                ],
                [
                    false,
                    false,
                    false,
                    false
                ],
                [
                    false,
                    false,
                    false,
                    false
                ],
                [
                    false,
                    false,
                    false,
                    false
                ]
            ],
            "summarizing": false,
            "ended": false
        },
        {
            "dialogue_turn": 1,
            "curEid": 0,
            "commandEid": "N",
            "switchingEvent": false,
            "wandering": false,
            "forwardProgress": 0,
            "sumPending": false,
            "evtPending": false,
            "wanPending": false,
            "hasSuggested": false,
            "isEventTalked": [
                true,
                false,
                false,
                false,
                false,
                false,
                false,
                false,
                false,
                false
            ],
            "isTopicTalked": [
                [
                    false,
                    true,
                    false,
                    false
                ],
                [
                    false,
                    false,
                    false
                ],
                [
                    false,
                    false,
                    false,
                    false
                ],
                [
                    false,
                    false,
                    false,
                    false
                ],
                [
                    false,
                    false,
                    false,
                    false
                ],
                [
                    false,
                    false,
                    false
                ],
                [
                    false,
                    false,
                    false,
                    false,
                    false
                ],
                [
                    false,
                    false,
                    false,
                    false
                ],
                [
                    false,
                    false,
                    false,
                    false
                ],
                [
                    false,
                    false,
                    false,
                    false
                ]
            ],
            "summarizing": false,
            "ended": false
        },
        {
            "dialogue_turn": 2,
            "curEid": 0,
            "commandEid": "N",
            "switchingEvent": false,
            "wandering": false,
            "forwardProgress": 0,
            "sumPending": false,
            "evtPending": false,
            "wanPending": false,
            "hasSuggested": false,
            "isEventTalked": [
                true,
                false,
                false,
                false,
                false,
                false,
                false,
                false,
                false,
                false
            ],
            "isTopicTalked": [
                [
                    false,
                    true,
                    false,
                    false
                ],
                [
                    false,
                    false,
                    false
                ],
                [
                    false,
                    false,
                    false,
                    false
                ],
                [
                    false,
                    false,
                    false,
                    false
                ],
                [
                    false,
                    false,
                    false,
                    false
                ],
                [
                    false,
                    false,
                    false
                ],
                [
                    false,
                    false,
                    false,
                    false,
                    false
                ],
                [
                    false,
                    false,
                    false,
                    false
                ],
                [
                    false,
                    false,
                    false,
                    false
                ],
                [
                    false,
                    false,
                    false,
                    false
                ]
            ],
            "summarizing": false,
            "ended": false
        }
    ]
}