{
    "user": "lmq_1",
    "resume": null,
    "datetime": "2024-02-19-22:07",
    "photo_dir": "/Users/codaxu/Documents/ChatAlbum/Reviver_Proactive/photos/lmq_1",
    "chat_history": [
        {
            "role": "assistant",
            "content": "我们从第一个场景聊起吧，第一个场景是户外古亭黄昏风景。"
        },
        {
            "role": "user",
            "content": "好的"
        },
        {
            "role": "assistant",
            "content": "好的，因为这是第一次聊到户外古亭黄昏风景的照片,我来整体向您介绍下。这是您照片中的第1个场景,一共有3张照片，记录了无人的户外场景。这些场景的环境在室外，分别在黄昏时分阳光透过建筑物散发出暖黄色的光线以及看起来像是阴天的天气。照片中主要有天空、柳树、湖面、栏杆、建筑物、亭子、树木、荷花等。我的描述准确吗?你记得当时在做什么吗?"
        },
        {
            "role": "user",
            "content": " 我没什么印象了.你能根据照片推测这个地方吗?"
        },
        {
            "role": "assistant",
            "content": "你提到了想知道这个地方的信息。我在照片里看到一个户外景观，有一个美丽的湖泊，湖面平静，波光粼粼。周围有一座红瓦顶的建筑与一座有着红灯笼的亭子。天空看起来阴沉，没有太阳或蓝天。反观第二张照片，天气与光线表明该照片是在日落时分拍摄的，带有暖黄色的天空。这些照片看上去像是在中国的传统园林景观中拍摄的。从照片中,我还注意到:图片中没有人，环境在室外，黄昏时分阳光透过建筑物散发出暖黄色的光线。你还记得这个地方吗?"
        },
        {
            "role": "user",
            "content": ""
        },
        {
            "role": "assistant",
            "content": "quit"
        }
    ],
    "mtree": {
        "superE": "",
        "events": [
            "一共有3张照片，记录了无人的户外场景。这些场景的环境在室外，分别在黄昏时分阳光透过建筑物散发出暖黄色的光线以及看起来像是阴天的天气。照片中主要有天空、柳树、湖面、栏杆、建筑物、亭子、树木、荷花等。",
            "一共有4张照片，记录了没有人物出现，只显示了位于山顶的亭子和城市风景的场景。照片拍摄于室外山顶，天气似乎有些雾蒙蒙的。照片中主要有亭子、树木、岩石、山坡、指示牌和城市建筑群。",
            "一共有6张照片，记录了室外主题公园的场景。这个场景的环境晴朗，天气好。照片中主要有各种游乐设施、建筑物和城市风光。",
            "一共有5张照片，记录了你在游乐园的摩天轮内观景以及游乐园其他部分的场景。环境在室外室内均有，天气晴朗。照片中主要有摩天轮、城堡、游乐设施、天空、树木和草地。",
            "一共有7张照片，记录了你和朋友们在湖边的合影时光。这个场景的环境在户外，天气多为阴沉。照片中主要有鸳鸯、亭子、你和朋友们。",
            "一共有3张照片，记录了你和其他两位女性朋友一起坐在湖边石凳上的场景。这个场景的环境在户外，似乎是一个公园或者景区，天气阴沉。照片中主要有你和朋友、古色古香的建筑、湖水和柳树。",
            "一共有3张照片，记录了你在湖边休息和欣赏风景的场景。这些场景的环境都在室外，湖边的位置，天气看起来阴沉或多云，可能是早上或傍晚时分。照片中主要有你、湖水、亭子、树木和石阶等。",
            "一共有5张照片，记录了你和其他几个人在桥上游览的场景。环境在户外，天气呈多云或阴天状况。照片中主要有你们、桥、及周围的自然风光。",
            "一共有5张照片，记录了你和两位朋友在亭子里走动、站立、拍照和合影的场景。这些场景的环境在室外，天气看起来阴沉，可能是在下过雨后的公园里。照片中主要有你们三人、亭子、远处的山和湖泊，亭子的横幅有着中国古典的诗句。",
            "一共有4张照片，记录了你在湖边欣赏风景以及做伸展动作的场景。环境在户外，背景是湖泊和远处的山脉，天气从阴沉到晴朗不等。照片中主要有你、湖水、山脉和石砖地面。",
            "一共有6张照片，记录了你在户外湖边或河边散步、跳跃和微笑的场景。这些场景的环境在户外，看起来都是阴天或多云天气。照片中主要有你的形象、柳树、湖泊、山丘和灰蓝色的天空。",
            "一共有5张照片，记录了你在苹果商店前的活动场景。这个场景的环境在室外，晚上时分，地点位于商业区。照片中主要有苹果商店、路人、你的跳跃动作、你的服装和周边的地面。"
        ],
        "evtCnt": 12,
        "evtStr": "",
        "shorts": [
            "户外古亭黄昏风景",
            "山顶亭子与城市风景",
            "室外主题公园游览",
            "晴朗天游乐园摩天轮体验",
            "湖边合影留念",
            "湖边与朋友同坐",
            "湖边休息和欣赏风景",
            "在桥上游览",
            "室外亭子合影",
            "户外湖边伸展和欣赏风景",
            "户外湖边散步与跳跃",
            "苹果商店前的夜晚活动"
        ],
        "photos": [
            [
                1,
                2,
                3
            ],
            [
                4,
                5,
                6,
                7
            ],
            [
                8,
                9,
                10,
                11,
                12,
                13
            ],
            [
                14,
                15,
                16,
                17,
                18
            ],
            [
                19,
                20,
                21,
                22,
                23,
                24,
                25
            ],
            [
                26,
                27,
                28
            ],
            [
                29,
                30,
                31
            ],
            [
                32,
                33,
                34,
                35,
                36
            ],
            [
                37,
                38,
                39,
                40,
                41
            ],
            [
                42,
                43,
                44,
                45
            ],
            [
                46,
                47,
                48,
                49,
                50,
                51
            ],
            [
                52,
                53,
                54,
                55,
                56
            ]
        ],
        "topics": [
            [
                "图片中没有人，环境在室外，黄昏时分阳光透过建筑物散发出暖黄色的光线。你还记得这个地方吗?",
                "照片中，天空是橘黄色逐渐过渡到深蓝色的，此时太阳已经接近地平线。湖面平静，倒映着天空与树木的轮廓。前景有一排栏杆，颜色是深灰色。背景中有建筑物的轮廓，可以略见窗户的细节，颜色偏深。这些内容中有什么吸引你想了解的?",
                "在另一张照片中，一组人在公园的亭子里坐着，环境在户外，看起来是一个公园，天气看起来是阴天。湖水是绿色的，有涟漪，亭子栏杆是白色，长条状。远处的建筑有传统屋顶，颜色为灰白色。树木是绿色的，人们穿着休闲服装，坐在亭子里。你对这些场景还有印象吗?",
                "第三张照片是一座中国传统风格的亭子位于池塘的一角，亭子周围是若干树木，水面上有荷花。亭子是中国传统风格，颜色是红色和绿色。池塘中有荷花，花朵是粉色的。周围的树木繁茂，主要是绿色。池塘的水是深绿色，表面波光粼粼。这个园林给你留下了怎样的感受?"
            ],
            [
                "照片中的亭子有着红色屋顶和白色栏杆，设计为传统结构。周围环绕着绿色的树木和岩石。你记得在做什么吗?",
                "拍摄地点在户外的山顶，周围的植被覆盖着山坡，与城市的景观形成了鲜明对比。你记得这个地方吗?",
                "虽然天空呈现出灰白色，整体感觉多云或有雾，但远处的城市景观仍然颇为壮观，颜色多样且稠密。这里面有你想了解的内容吗?",
                "照片中的天气和大环境对于观看和拍摄城市景观产生了什么样的影响？请分享你当时的心情。"
            ],
            [
                "照片中的游乐设施包括圆形建筑、高空滑梯、过山车、摩天轮、旋转木马等，都是色彩鲜艳，非常吸引眼球。你还记得这些游乐设施吗?",
                "照片的场景展示了城市环境，包括高楼、半球形建筑、绿树和一些交通情况。你记得这个地方吗?",
                "照片中有天空、树木、草地、步行道、水体等自然元素，构成了和谐宜人的城市绿化环境。这些让你想了解的内容吗?",
                "环境很清新，天气晴朗，能感受到娱乐公园的活力。观察这些照片，你的心情如何?"
            ],
            [
                "照片中，你背对摄影机坐在摩天轮舱室内，阳光透过透明的舱壁照射进来，你身穿紫色衣服，有一头黑色短发。你记得在做什么吗?",
                "通过摩天轮舱壁可以看到室外游乐园的风景，有着多彩的娱乐设施及红色欧洲古堡风格的建筑，环境在室外的照片中，还有蓝色的天空与绿色的草地。你记得这个地方吗?",
                "照片中有紫色上衣、白云、蓝天、摩天轮的金属内部结构、多彩的娱乐设施、红色的城堡、绿色的草坪和树木、现代建筑群以及白色围栏等物体。这里面有你想了解的内容吗?",
                "室外的天气晴朗，天空蓝色，偶尔有白云飘过。阳光照在摩天轮上，使它看起来别有一番风味。你当时的心情如何?"
            ],
            [
                "照片中，有一群颜色各异的鸳鸯在湖面上游动。你记得在做什么吗?",
                "环境是一个湖泊，湖面平静，周围有亭子和栅栏。你记得这个地方吗?",
                "你和两位女士站在湖边，你穿着黑色外套，左侧女士穿着粉色外套，右侧女士穿着黑色外套。你记得都有谁吗?",
                "场景中除了你们之外，还有中国风的亭子，防洪栅栏和石板路。这里面有你想了解的内容吗?",
                "照片中，你和朋友们穿着各式外套，合影时摆出各种姿势，看起来心情不错。你的心情如何?"
            ],
            [
                "照片中，你和另外两位女性朋友一起坐在石凳上，背景中有走动的人群和古色古香的建筑。你记得都有谁吗?",
                "你们似乎在享受户外的休闲时光，坐在湖边的长凳上聊天。你还记得在做什么吗?",
                "照片的环境是一个公园或景区，看起来天气阴沉。你记得这个地方吗?",
                "照片中有灰色的石凳、石板路、亭子和水面。这里面有你想了解的内容吗?",
                "照片中的你穿着带有毛领的灰夹克，朋友们穿着各式各样的外套，你的心情如何?"
            ],
            [
                "照片中，你身着黑色裤子和紫色毛领装饰的灰色外套，似乎在享受宁静的时光。你还记得当时穿的衣服吗?",
                "在这些照片中，你坐在湖边的石凳、栏杆和石阶上，安静地欣赏对面或背对的风景。你还记得自己在做什么吗?",
                "这些照片捕捉了湖边的美景，包括平静的灰蓝色湖水、灰白色的中国风格亭子以及模糊的远处景观。你记得这个地方吗?",
                "除了照片中的你和服装外，还有湖水、亭子、栏杆和石阶等对象。这里面有你想了解的内容吗?",
                "照片中，你的表情和身姿似乎展示了一种平静和满足的心情。那天你的心情如何?"
            ],
            [
                "照片中，你留着黑色长发，穿着带有紫色毛领的灰色大衣。你还记得都有谁吗?",
                "照片记录的活动是在拱形设计的灰色石头桥上游览，你旁边有一位男性对着相机比出V形手势。你记得在做什么吗?",
                "这座桥是灰白色的古朴石桥，你背后的河面静谧，水体清澈，远处可以看到无叶的赤褐色树木和淡黄色屋顶的建筑。你记得这个地方吗?",
                "除了你们之外，这些照片中还有几株树木和一些建筑物。这些树木和建筑物具有较为典型的户外公园环境特点。这里面有你想了解的内容吗?",
                "看照片中你的穿着和活动，你可能是在快乐地游览观光。你的心情如何?"
            ],
            [
                "照片中，你和两位朋友都留着中长或长发，穿着各式外套和裤子，并摆出不同姿势。你记得都有谁吗?",
                "你们在亭子里合影，拍照，有时摆出V字手势，表现出愉快的心情。你记得在做什么吗?",
                "亭子位于一个湖边，天气多云阴暗，地面有雨后的湿润感，环境看起来像公园。你记得这个地方吗?",
                "照片中主要有亭子、楹联、横幅、湖泊和山的景致。亭子上的横幅均为中国古典的诗句，如'平湖秋月'与'白堤无梅不盛名'。这里面有你想了解的内容吗?",
                "你和朋友们在亭子里相处的情况，装扮及所做的活动表明你们心情愉悦，和愉快地享受着相聚的时光。你的心情如何?"
            ],
            [
                "照片中，你留着黑色长发，穿着黑色夹克和裤子，内搭紫色或灰色衣服，脚穿白色运动鞋。你当时的心情如何?",
                "在这些活动中，包括你湖边欣赏风景，以及户外做伸展动作。你记得在做什么吗?",
                "环境在户外，背景是湖泊和远处的山脉，地面是铺设整齐的灰色石板。你记得这个地方吗?",
                "照片中有许多主要的对象，包括深蓝色或深灰色的湖水，暗色系的山脉和阴沉或多云的天气。这里面有你想了解的内容吗?"
            ],
            [
                "照片中，你留着黑色或棕色的头发，有时戴着帽子，穿着不同颜色的衣物，从黑色夹克到黑色大衣，装饰有紫色的毛边或毛领，还有白色运动鞋和浅色草帽。你的心情如何?",
                "你的活动包括在户外散步、跳跃和微笑着面向镜头，你记得在做什么吗?",
                "这些照片的环境都是在户外，可能在湖边或河边的步道上，地面有时是灰色的广场砖或石板路。你记得这个地方吗?",
                "照片中出现了柳树、湖泊、山丘、灰蒙蒙的天空和绿色的植物。这里面有你想了解的内容吗?"
            ],
            [
                "照片中，你在苹果商店前跳跃、走路，有活力的动作吸引注意。你记得当时在做什么吗?",
                "照片显示的是苹果商店明亮的玻璃幕墙和显眼的苹果标志，在晚上的商业区中格外亮眼。你记得这个地方吗?",
                "你身着一套黑色衣裤搭配粉色运动鞋，时尚又舒适，在苹果商店前蹦蹦跳跳。你的心情如何?",
                "照片中，地面是灰色的，看起来像是大理石或混凝土铺设，铺路石有规则的图案和波浪形状。这里面有你想了解的内容吗?",
                "苹果商店前聚集了不少人，有的在交谈，有的在拍照，穿着各式外套，形成了一道独特的风景线。你记得都有谁吗?"
            ]
        ]
    },
    "reply_history": [
        {
            "dialogue_turn": 0,
            "user_input": null,
            "command_eid": null,
            "original_reply": "我们从第一个场景聊起吧，第一个场景是户外古亭黄昏风景。",
            "corrected_reply": null
        },
        {
            "dialogue_turn": 1,
            "user_input": "好的",
            "command_eid": "N",
            "original_reply": "好的，因为这是第一次聊到户外古亭黄昏风景的照片,我来整体向您介绍下。这是您照片中的第1个场景,一共有3张照片，记录了无人的户外场景。这些场景的环境在室外，分别在黄昏时分阳光透过建筑物散发出暖黄色的光线以及看起来像是阴天的天气。照片中主要有天空、柳树、湖面、栏杆、建筑物、亭子、树木、荷花等。我的描述准确吗?你记得当时在做什么吗?",
            "corrected_reply": null
        },
        {
            "dialogue_turn": 2,
            "user_input": " 我没什么印象了.你能根据照片推测这个地方吗?",
            "command_eid": "N",
            "original_reply": "你提到了想知道这个地方的信息。我在照片里看到一个户外景观，有一个美丽的湖泊，湖面平静，波光粼粼。周围有一座红瓦顶的建筑与一座有着红灯笼的亭子。天空看起来阴沉，没有太阳或蓝天。反观第二张照片，天气与光线表明该照片是在日落时分拍摄的，带有暖黄色的天空。这些照片看上去像是在中国的传统园林景观中拍摄的。从照片中,我还注意到:图片中没有人，环境在室外，黄昏时分阳光透过建筑物散发出暖黄色的光线。你还记得这个地方吗?",
            "corrected_reply": null
        },
        {
            "dialogue_turn": 3,
            "user_input": "",
            "command_eid": "",
            "original_reply": "好的，现在我已经看到了您提供的照片。这里有一位女士坐在户外，她穿着黑色带有紫色毛领的外套，显得温暖而休闲。还有几张美丽的户外风景照片，呈现出一片宁静的湖面、建筑和天空。湖面上反射的光线让水显得波光粼粼，周围有着中国风格的亭子和柳树，营造出和谐安详的氛围。从照片中,我还注意到:照片中，天空是橘黄色逐渐过渡到深蓝色的，此时太阳已经接近地平线。湖面平静，倒映着天空与树木的轮廓。前景有一排栏杆，颜色是深灰色。背景中有建筑物的轮廓，可以略见窗户的细节，颜色偏深。这些内容中有什么吸引你想了解的?",
            "corrected_reply": "quit"
        }
    ],
    "state_history": [
        {
            "dialogue_turn": 0,
            "curEid": 0,
            "commandEid": null,
            "switchingEvent": true,
            "wandering": false,
            "forwardProgress": 0,
            "sumPending": false,
            "evtPending": false,
            "wanPending": false,
            "hasSuggested": false,
            "isEventTalked": [
                true,
                false,
                false,
                false,
                false,
                false,
                false,
                false,
                false,
                false,
                false,
                false
            ],
            "isTopicTalked": [
                [
                    true,
                    true,
                    false,
                    false
                ],
                [
                    false,
                    false,
                    false,
                    false
                ],
                [
                    false,
                    false,
                    false,
                    false
                ],
                [
                    false,
                    false,
                    false,
                    false
                ],
                [
                    false,
                    false,
                    false,
                    false,
                    false
                ],
                [
                    false,
                    false,
                    false,
                    false,
                    false
                ],
                [
                    false,
                    false,
                    false,
                    false,
                    false
                ],
                [
                    false,
                    false,
                    false,
                    false,
                    false
                ],
                [
                    false,
                    false,
                    false,
                    false,
                    false
                ],
                [
                    false,
                    false,
                    false,
                    false
                ],
                [
                    false,
                    false,
                    false,
                    false
                ],
                [
                    false,
                    false,
                    false,
                    false,
                    false
                ]
            ],
            "summarizing": false,
            "ended": false
        },
        {
            "dialogue_turn": 1,
            "curEid": 0,
            "commandEid": "N",
            "switchingEvent": false,
            "wandering": false,
            "forwardProgress": 0,
            "sumPending": false,
            "evtPending": false,
            "wanPending": false,
            "hasSuggested": false,
            "isEventTalked": [
                true,
                false,
                false,
                false,
                false,
                false,
                false,
                false,
                false,
                false,
                false,
                false
            ],
            "isTopicTalked": [
                [
                    true,
                    true,
                    false,
                    false
                ],
                [
                    false,
                    false,
                    false,
                    false
                ],
                [
                    false,
                    false,
                    false,
                    false
                ],
                [
                    false,
                    false,
                    false,
                    false
                ],
                [
                    false,
                    false,
                    false,
                    false,
                    false
                ],
                [
                    false,
                    false,
                    false,
                    false,
                    false
                ],
                [
                    false,
                    false,
                    false,
                    false,
                    false
                ],
                [
                    false,
                    false,
                    false,
                    false,
                    false
                ],
                [
                    false,
                    false,
                    false,
                    false,
                    false
                ],
                [
                    false,
                    false,
                    false,
                    false
                ],
                [
                    false,
                    false,
                    false,
                    false
                ],
                [
                    false,
                    false,
                    false,
                    false,
                    false
                ]
            ],
            "summarizing": false,
            "ended": false
        },
        {
            "dialogue_turn": 2,
            "curEid": 0,
            "commandEid": "N",
            "switchingEvent": false,
            "wandering": false,
            "forwardProgress": 0,
            "sumPending": false,
            "evtPending": false,
            "wanPending": false,
            "hasSuggested": false,
            "isEventTalked": [
                true,
                false,
                false,
                false,
                false,
                false,
                false,
                false,
                false,
                false,
                false,
                false
            ],
            "isTopicTalked": [
                [
                    true,
                    true,
                    false,
                    false
                ],
                [
                    false,
                    false,
                    false,
                    false
                ],
                [
                    false,
                    false,
                    false,
                    false
                ],
                [
                    false,
                    false,
                    false,
                    false
                ],
                [
                    false,
                    false,
                    false,
                    false,
                    false
                ],
                [
                    false,
                    false,
                    false,
                    false,
                    false
                ],
                [
                    false,
                    false,
                    false,
                    false,
                    false
                ],
                [
                    false,
                    false,
                    false,
                    false,
                    false
                ],
                [
                    false,
                    false,
                    false,
                    false,
                    false
                ],
                [
                    false,
                    false,
                    false,
                    false
                ],
                [
                    false,
                    false,
                    false,
                    false
                ],
                [
                    false,
                    false,
                    false,
                    false,
                    false
                ]
            ],
            "summarizing": false,
            "ended": false
        },
        {
            "dialogue_turn": 3,
            "curEid": 0,
            "commandEid": "",
            "switchingEvent": false,
            "wandering": false,
            "forwardProgress": 0,
            "sumPending": false,
            "evtPending": false,
            "wanPending": false,
            "hasSuggested": false,
            "isEventTalked": [
                true,
                false,
                false,
                false,
                false,
                false,
                false,
                false,
                false,
                false,
                false,
                false
            ],
            "isTopicTalked": [
                [
                    true,
                    true,
                    false,
                    false
                ],
                [
                    false,
                    false,
                    false,
                    false
                ],
                [
                    false,
                    false,
                    false,
                    false
                ],
                [
                    false,
                    false,
                    false,
                    false
                ],
                [
                    false,
                    false,
                    false,
                    false,
                    false
                ],
                [
                    false,
                    false,
                    false,
                    false,
                    false
                ],
                [
                    false,
                    false,
                    false,
                    false,
                    false
                ],
                [
                    false,
                    false,
                    false,
                    false,
                    false
                ],
                [
                    false,
                    false,
                    false,
                    false,
                    false
                ],
                [
                    false,
                    false,
                    false,
                    false
                ],
                [
                    false,
                    false,
                    false,
                    false
                ],
                [
                    false,
                    false,
                    false,
                    false,
                    false
                ]
            ],
            "summarizing": false,
            "ended": false
        }
    ]
}