{
    "user": "wl_2",
    "resume": null,
    "datetime": "2024-03-15-09:21",
    "photo_dir": "/Users/codaxu/Documents/ChatAlbum/Reviver_Proactive/photos/wl_2",
    "chat_history": [
        {
            "role": "assistant",
            "content": "这组照片一共有19张，记录了可能是在云南大理的活动。为了帮助您理解，我把照片分成了7个场景。分别是:场景1, 苹果店外合影, 场景2, 住宅区抱婴儿合影, 场景3, 天龙八部影视城游玩, 场景4, 公路骑马体验, 场景5, 大理古城游览, 场景6, 玻璃平台景点合影, 场景7, 山与湖的自然风光。我们从第一个场景聊起吧，第一个场景是苹果店外合影。"
        },
        {
            "role": "user",
            "content": "在苹果店外合影照片背景如何"
        },
        {
            "role": "assistant",
            "content": "一共有2张照片，记录了你和一名男性在苹果零售店外的场景。环境在室外，天气看起来是晴朗的。照片中主要有你们两个、导盲犬和苹果零售店的建筑。背景是一个透明的圆柱形建筑物，这个建筑物上有苹果公司的标志性Logo。建筑物是现代风格，周围有平铺的地面和一些模糊的行人。天气看起来晴朗，建筑的玻璃幕墙反射出蓝天和周边的城市景观。"
        },
        {
            "role": "user",
            "content": "下"
        },
        {
            "role": "assistant",
            "content": "好的.您照片中的第2个场景是住宅区抱婴儿合影。一共有4张照片，记录了你和一名中年女性轮流抱着婴儿在住宅区庭院的场景。这个场景在室外，有庭院，看起来是一个住宅区，天气晴朗。照片中主要有女士和婴儿、绿色植物、花朵和小路。我注意到:照片记录了大约两层楼高的住宅与户外庭院，背景中有灰白色的围墙，周围栽种着绿树与花草，姹紫嫣红。这个地方是哪里呢?"
        },
        {
            "role": "user",
            "content": "这是丽江"
        },
        {
            "role": "assistant",
            "content": "好的.此外，我注意到:照片中，一位中年女士抱着婴儿，留着短卷发，身穿黑白条纹上衣和黑色宽腿裤，她是谁呢?"
        },
        {
            "role": "user",
            "content": "照片的建筑物具体什么样子?从上到下描述"
        },
        {
            "role": "assistant",
            "content": "照片中的建筑物是白色的墙面，远处的房屋有灰色的屋顶。还有扶梯。住宅区抱婴儿合影场景中的主要信息都聊完了。要不要聊下一个呢?下一个场景是:场景3:天龙八部影视城游玩,有2张照片.。"
        },
        {
            "role": "user",
            "content": "这里的具体内容有什么"
        },
        {
            "role": "assistant",
            "content": ""
        },
        {
            "role": "user",
            "content": "好"
        },
        {
            "role": "assistant",
            "content": "好的.您照片中的第3个场景是天龙八部影视城游玩。一共有2张照片，记录了你和一位中年女性轮流抱着婴儿在天龙八部影视城合照的场景。这个场景的环境在室外，天气晴朗。照片中主要有中年女性与婴儿、红黄色兔子雕塑和传统风格的建筑。其中一侧的指引牌上写有“天龙八部影视城景区全景图”。这个画面里有你想要了解的信息吗?"
        },
        {
            "role": "user",
            "content": "天龙八部影视城具体长什么样子,描述建筑物"
        },
        {
            "role": "assistant",
            "content": "天龙八部影视城的建筑物呈现出传统的中式建筑风格。建筑物的屋顶是斗拱结构，黑色琉璃瓦覆盖，有翘起的檐角。建筑的墙面为浅黄色，配有红色挂幡和黑色的门框。前方的广场上放置着与影视城主题相符的装饰物。其中一个照片中，你抱着一个婴儿，穿着白色背心和黄色毛衣，背后的传统中式建筑门前有“羽翎尉”、“射击基地”、“古代箭场”的标志。"
        },
        {
            "role": "user",
            "content": "照片的拍摄人物效果如何，是否清晰，睁眼"
        },
        {
            "role": "assistant",
            "content": "照片中的人物拍摄效果总体清晰，主体位于画面中心，容貌特征可辨。人物的眼睛在大多数照片中是睁开的，光线合适，没有明显的过曝或者暗部。背景也相对清晰，可以辨识照片中的环境和装饰。照片中主要有3个人物，两个成年女士，和一个婴儿。其中一位中年女性留着黑色短卷发，穿着红色外套和黑色裤子。婴儿穿着紫白相间衣服。"
        },
        {
            "role": "user",
            "content": "好的"
        },
        {
            "role": "assistant",
            "content": "好的.您照片中的第4个场景是公路骑马体验。一共有3张照片，记录了你和一位男性在户外公路骑马的场景。这些场景的环境在晴朗的天气下，地点像是乡村或郊外的道路和田野。照片中主要有你和男性、两匹棕色的马、蓝天白云和远处的山脉。"
        },
        {
            "role": "user",
            "content": "这组照片里面两匹马的样子,具体描述外貌,高度,穿着"
        },
        {
            "role": "assistant",
            "content": "我在照片里看到两匹棕色的马，它们的毛发呈深棕色，躯体饱满，四肢健壮。马背上各搭有一个黑色的鞍座，马头佩戴着简单的缰绳。高度上，它们大约到成年人胸部位置，具体高度无法精确判断。此外，我注意到:照片中有你和一位黑色短发、戴着眼镜的男性，你们都骑在棕色的马上。你披着蓝白相间的披巾，或牵着男性的手，或自由地把手伸向天空。你还记得骑马的感受吗?"
        },
        {
            "role": "user",
            "content": "照片里面的背景是什么样子的"
        },
        {
            "role": "assistant",
            "content": "照片展示了宽阔的道路旁金黄色的田野，背景是蓝天白云、远处的山脉。整体像是乡村或郊外景观，你记得这是什么地方呢?"
        },
        {
            "role": "user",
            "content": "这里是大理的一个网红景点"
        },
        {
            "role": "assistant",
            "content": "好的.我记住了这里在大理.公路骑马体验场景中的主要信息都聊完了。要不要聊下一个呢?下一个场景是:场景5:大理古城游览,有3张照片.。"
        },
        {
            "role": "user",
            "content": "好"
        },
        {
            "role": "assistant",
            "content": "好的.您照片中的第5个场景是大理古城游览。一共有3张照片，记录了你与家人和宠物在大理古城的场景。这些场景的环境都在室外，天气晴朗。照片中主要有你、家人、一只狗以及鲜花。我注意到:一张照片中，你身穿蓝白色长外套、黄色上衣、卡其色裙子，扎着头发，背着黑色背包，怀抱一个穿着紫白色衣物、绿色袜子的婴儿。你一手比V，婴儿的手正放在自己嘴里。你们站在一条有传统中式建筑和绿树红花的街道上。这幅画面中有你想要了解的信息吗？"
        },
        {
            "role": "user",
            "content": "这组照片背景是什么样的"
        },
        {
            "role": "assistant",
            "content": "照片中的背景展示了大理古城中的街道和建筑。街道两旁是传统的白墙灰瓦建筑，植被丰富，可以看到垂柳和红花。蓝天下，街道宽敞整洁，有行走的游客。还有一处石拱门，其上刻有“苍山洱海”和“大理古城”的字样，门两旁是雕塑和花草，远处有山脉的轮廓。"
        },
        {
            "role": "user",
            "content": "这组照片里面人的表情怎么样"
        },
        {
            "role": "assistant",
            "content": "在照片中，人们的表情看起来愉快和放松。有大笑的表情，以及微笑和幸福的神情。此外，还有一张照片展示了你和家人以及宠物站在石牌坊前合影，牌坊成灰白色，有石质雕花装饰，上书“洋人街”，左右写着“大理好风光”、“世界共分享”。同时牌坊两侧也有红色的鲜花在盛开。你记得这个地方吗？"
        },
        {
            "role": "user",
            "content": "下一组"
        },
        {
            "role": "assistant",
            "content": "好的.您照片中的第6个场景是玻璃平台景点合影。一共有3张照片，记录了你与他人在玻璃平台景点活动的场景。环境在户外，天气晴朗，场地与设施不同。照片中主要有你与他人的互动、风景、雕塑和倒影。"
        },
        {
            "role": "user",
            "content": "这组照片的场景具体有什么内容"
        },
        {
            "role": "assistant",
            "content": " 这组照片的场景是一个户外的玻璃平台，平台上反射出天空和云彩的倒影，以及站在平台上的人的倒影。照片背景有蓝天和遥远的山脉，还有一张照片中出现了一座设计独特的雕塑，呈现出放射状的线条设计。其中还有你与一名穿着蓝白卫衣、深色裤子、白鞋子，斜挎包、戴眼镜的男性合照。"
        },
        {
            "role": "user",
            "content": "这个场景是天空之境.请描述人物动作,按顺序介绍,从左到右"
        },
        {
            "role": "assistant",
            "content": "好的.我在照片里看到一位女性站在玻璃上，她利用玻璃的反光效果伸手仿佛触摸天空。这位女性与另一张照片中的人物身穿类似服饰，可能是同一个人。而在一张有多人的照片中，一位女性和孩子坐在玻璃上，孩子面向前方，女性面朝摄影机微笑；另一对人站在玻璃平台上交谈；最远处有个人坐在摆设的摇椅上。"
        },
        {
            "role": "user",
            "content": "下一组"
        },
        {
            "role": "assistant",
            "content": "好的.您照片中的第7个场景是山与湖的自然风光。一共有2张照片，记录了户外欣赏山峦湖泊的自然风光的场景。这个场景的环境在室外，天气晴朗。照片中主要有人物、湖面、山脉和天空。"
        },
        {
            "role": "user",
            "content": "照片里面的颜色,分物体描述"
        },
        {
            "role": "assistant",
            "content": "一张照片中，一位男性背对镜头，他穿着红色的民族服装，头戴牛仔帽，背着背包，肩膀斜挂着黄色带花纹的带状物。他似乎在望着前方，前方是碧蓝的湖泊、连绵的山脉、湛蓝的天空和干燥的黄色草地。另一张照片是你与一位抱着婴儿的中年女性在山脉下辽阔的平地上合影，你穿着粉色上衣、白色百褶裙、蓝白色外套，留着黑色长发。中年女性穿着紫色运动装，身前抱着穿着粉白衣物、带着兔耳朵帽子的婴儿。"
        },
        {
            "role": "user",
            "content": "人物表情怎么样"
        },
        {
            "role": "assistant",
            "content": "第一张照片只有人物背影。第二张中，您的眼睛是闭着的，身旁女士睁眼微笑。孩子的表情不可辨别，因为拍摄有些模糊。"
        },
        {
            "role": "user",
            "content": "好的"
        },
        {
            "role": "assistant",
            "content": "组照片一共19张，有7个场景。我为您生成了以下回忆录:在阳光明媚的大理，五在古城的小巷、山脉湖泊的壮阔，都让我心灵得到了洗礼。此外,我透过玻璃平台伸手仿佛触碰到了蔚蓝的天空。我还骑在郊外的棕马上，感受着风的自由，有你们陪伴，每一刻都是美好记忆。"
        }
    ],
    "mtree": {
        "superE": "这组照片一共有19张，记录了可能是在云南大理的活动。为了帮助您理解，我把照片分成了7个场景。分别是:场景1, 苹果店外合影, 场景2, 住宅区抱婴儿合影, 场景3, 天龙八部影视城游玩, 场景4, 公路骑马体验, 场景5, 大理古城游览, 场景6, 玻璃平台景点合影, 场景7, 山与湖的自然风光。",
        "events": [
            "一共有2张照片，记录了你和一名男性在苹果零售店外的场景。环境在室外，天气看起来是晴朗的。照片中主要有你们两个、导盲犬和苹果零售店的建筑。",
            "一共有4张照片，记录了你和一名中年女性轮流抱着婴儿在住宅区庭院的场景。这个场景在室外，有庭院，看起来是一个住宅区，天气晴朗。照片中主要有女士和婴儿、绿色植物、花朵和小路。",
            "一共有2张照片，记录了你和一位中年女性轮流抱着婴儿在天龙八部影视城合照的场景。这个场景的环境在室外，天气晴朗。照片中主要有中年女性与婴儿、红黄色兔子雕塑和传统风格的建筑。",
            "一共有3张照片，记录了你和一位男性在户外公路骑马的场景。这些场景的环境在晴朗的天气下，地点像是乡村或郊外的道路和田野。照片中主要有你和男性、两匹棕色的马、蓝天白云和远处的山脉。",
            "一共有3张照片，记录了你与家人和宠物在大理古城的场景。这些场景的环境都在室外，天气晴朗。照片中主要有你、家人、一只狗以及鲜花。",
            "一共有3张照片，记录了你与他人在玻璃平台景点活动的场景。环境在户外，天气晴朗，场地与设施不同。照片中主要有你与他人的互动、风景、雕塑和倒影。",
            "一共有2张照片，记录了户外欣赏山峦湖泊的自然风光的场景。这个场景的环境在室外，天气晴朗。照片中主要有人物、湖面、山脉和天空。"
        ],
        "evtCnt": 7,
        "evtStr": "0 苹果店外合影\n1 住宅区抱婴儿合影\n2 天龙八部影视城游玩\n3 公路骑马体验\n4 大理古城游览\n5 玻璃平台景点合影\n6 山与湖的自然风光\n",
        "shorts": [
            "苹果店外合影",
            "住宅区抱婴儿合影",
            "天龙八部影视城游玩",
            "公路骑马体验",
            "大理古城游览",
            "玻璃平台景点合影",
            "山与湖的自然风光"
        ],
        "metas": [
            "有2张照片",
            "有4张照片",
            "有2张照片",
            "有3张照片",
            "有3张照片",
            "有3张照片",
            "有2张照片"
        ],
        "photos": [
            [
                1,
                2
            ],
            [
                3,
                4,
                5,
                6
            ],
            [
                7,
                8
            ],
            [
                9,
                10,
                11
            ],
            [
                12,
                13,
                14
            ],
            [
                15,
                16,
                17
            ],
            [
                18,
                19
            ]
        ],
        "topics": [
            [
                "照片中，你留着黑色长发，穿白色背心裙搭配粉色长袖T恤，背着一个黑色背包。旁边的男性留着黑色短发，戴黑框眼镜和手表，穿白T恤、灰裤子、黑色运动鞋，背着背包，旁边还有一只黑色的导盲犬。这位男士是谁呢?",
                "照片中有苹果零售店的玻璃结构和白色苹果形状的标志，天气晴朗，地面铺着灰色石砖。你们有进入这家苹果店吗?"
            ],
            [
                "照片记录了大约两层楼高的住宅与户外庭院，背景中有灰白色的围墙，周围栽种着绿树与花草，姹紫嫣红。这个地方是哪里呢?",
                "照片中，一位中年女士抱着婴儿，留着短卷发，身穿黑白条纹上衣和黑色宽腿裤，她是谁呢?",
                "你在照片中抱着穿着彩色衣服的婴儿，你当时的心情如何?"
            ],
            [
                "照片中，一位中年女性留着黑色短卷发，穿着红色外套和黑色裤子，正和一个穿着紫白相间衣服的婴儿合照，一侧的指引牌上写有“天龙八部影视城景区全景图”。这个画面里有你想要了解的信息吗?",
                "照片中，你抱着一个婴儿，穿着白色背心和黄色毛衣，背后的传统中式建筑门前有“羽翎尉”、“射击基地”、“古代箭场”的标志。你们在这里玩了些什么呢?"
            ],
            [
                "照片中有你和一位黑色短发、戴着眼镜的男性，你们都骑在棕色的马上。你披着蓝白相间的披巾，或牵着男性的手，或自由地把手伸向天空。你还记得骑马的感受吗?",
                "照片展示了宽阔的道路旁金黄色的田野，一幅晴朗天气下的乡村或郊外景观，画面中还有棕色的马、蓝天白云、远处的山脉。这是什么地方呢?"
            ],
            [
                "一张照片中，你身穿蓝白色长外套、黄色上衣、卡其色裙子，扎着头发，背着黑色背包，怀抱一个穿着紫白色衣物、绿色袜子的婴儿。你一手比V，婴儿的手正放在自己嘴里。你们站在一条有传统中式建筑和绿树红花的街道上。这幅画面中有你想要了解的信息吗？",
                "照片展示了你和家人以及宠物站在石牌坊前合影，牌坊成灰白色，有石质雕花装饰，上书“洋人街”，左右写着“大理好风光”、“世界共分享”。同时牌坊两侧也有红色的鲜花在盛开。你记得这个地方吗？",
                "照片中有许多粉紫色的花朵在绿叶中绽放，品种可能是牵牛花。你对此有印象吗？"
            ],
            [
                "照片中，你站在一个酷似湖面的玻璃平台上，身前有一架悬挂的秋千，平台外有晴空与远山，玻璃倒映着你的影子，好似在空中漂浮。这是在哪里？你记得这一处旅游景点吗?",
                "在玻璃平台上，你与一名穿着蓝白卫衣、深色裤子、白鞋子，斜挎包、戴眼镜的男性合照。你还记得当时的情形吗?",
                "一张照片显示平台左侧立着木制的抽象凤凰模型，其特征是伸展的木条构成翅膀，凤凰模型下坐着短卷发的中年妇女，她身旁趴坐着穿粉白色衣物的小婴儿。这里面有你想了解的内容吗?"
            ],
            [
                "一张照片中，一位男性背对镜头，他穿着红色的民族服装，头戴牛仔帽，背着背包，肩膀斜挂着黄色带花纹的带状物。他似乎在望着前方，前方是碧蓝的湖泊、连绵的山脉、湛蓝的天空和干燥的草地，风景宜人。这是在哪里？这位男士是谁？",
                "另一张照片是你与一位抱着婴儿的中年女性在山脉下辽阔的平地上合影，你穿着粉色上衣、白色百褶裙、蓝白色外套，留着黑色长发。中年女性穿着紫色运动装，身前抱着穿着粉白衣物、带着兔耳朵帽子的婴儿。你当时的心情如何?"
            ]
        ]
    },
    "reply_history": [
        {
            "dialogue_turn": 0,
            "user_input": null,
            "command_eid": null,
            "original_reply": "这组照片一共有19张，记录了可能是在云南大理的活动。为了帮助您理解，我把照片分成了7个场景。分别是:场景1, 苹果店外合影, 场景2, 住宅区抱婴儿合影, 场景3, 天龙八部影视城游玩, 场景4, 公路骑马体验, 场景5, 大理古城游览, 场景6, 玻璃平台景点合影, 场景7, 山与湖的自然风光。我们从第一个场景聊起吧，第一个场景是苹果店外合影。",
            "corrected_reply": null
        },
        {
            "dialogue_turn": 1,
            "user_input": "在苹果店外合影照片背景如何",
            "command_eid": "",
            "original_reply": "在苹果店外合影的照片背景是一个透明的圆柱形建筑物，这个建筑物上有苹果公司的标志性Logo。建筑物是现代风格，周围有平铺的地面和一些模糊的行人。天气看起来晴朗，建筑的玻璃幕墙反射出蓝天和周边的城市景观。",
            "corrected_reply": "一共有2张照片，记录了你和一名男性在苹果零售店外的场景。环境在室外，天气看起来是晴朗的。照片中主要有你们两个、导盲犬和苹果零售店的建筑。背景是一个透明的圆柱形建筑物，这个建筑物上有苹果公司的标志性Logo。建筑物是现代风格，周围有平铺的地面和一些模糊的行人。天气看起来晴朗，建筑的玻璃幕墙反射出蓝天和周边的城市景观。"
        },
        {
            "dialogue_turn": 2,
            "user_input": "下",
            "command_eid": "E",
            "original_reply": "",
            "corrected_reply": "好的.您照片中的第2个场景是住宅区抱婴儿合影。一共有4张照片，记录了你和一名中年女性轮流抱着婴儿在住宅区庭院的场景。这个场景在室外，有庭院，看起来是一个住宅区，天气晴朗。照片中主要有女士和婴儿、绿色植物、花朵和小路。我注意到:照片记录了大约两层楼高的住宅与户外庭院，背景中有灰白色的围墙，周围栽种着绿树与花草，姹紫嫣红。这个地方是哪里呢?"
        },
        {
            "dialogue_turn": 3,
            "user_input": "这是丽江",
            "command_eid": "",
            "original_reply": "",
            "corrected_reply": "好的.此外，我注意到:照片中，一位中年女士抱着婴儿，留着短卷发，身穿黑白条纹上衣和黑色宽腿裤，她是谁呢?"
        },
        {
            "dialogue_turn": 4,
            "user_input": "照片的建筑物具体什么样子?从上到下描述",
            "command_eid": "",
            "original_reply": "你提到了照片的建筑物具体样子，我在照片里看到建筑物为现代风格的圆柱形设计，外部由透明玻璃幕墙构成，顶部不可见。建筑物上有苹果公司的白色标志性Logo。周围环境为室外，地面平整，有模糊的行人和城市景观映照在玻璃上。",
            "corrected_reply": "照片中的建筑物是白色的墙面，远处的房屋有灰色的屋顶。还有扶梯。住宅区抱婴儿合影场景中的主要信息都聊完了。要不要聊下一个呢?下一个场景是:场景3:天龙八部影视城游玩,有2张照片.。"
        },
        {
            "dialogue_turn": 5,
            "user_input": "这里的具体内容有什么",
            "command_eid": "",
            "original_reply": "",
            "corrected_reply": null
        },
        {
            "dialogue_turn": 6,
            "user_input": "好",
            "command_eid": "E",
            "original_reply": "",
            "corrected_reply": "好的.您照片中的第3个场景是天龙八部影视城游玩。一共有2张照片，记录了你和一位中年女性轮流抱着婴儿在天龙八部影视城合照的场景。这个场景的环境在室外，天气晴朗。照片中主要有中年女性与婴儿、红黄色兔子雕塑和传统风格的建筑。其中一侧的指引牌上写有“天龙八部影视城景区全景图”。这个画面里有你想要了解的信息吗?"
        },
        {
            "dialogue_turn": 7,
            "user_input": "天龙八部影视城具体长什么样子,描述建筑物",
            "command_eid": "",
            "original_reply": "在照片中，我看到了天龙八部影视城的一些建筑物，它们呈现出传统的中式建筑风格。建筑物的屋顶是斗拱结构，黑色琉璃瓦覆盖，有翘起的檐角。建筑的墙面为浅黄色，配有红色挂幡和黑色的门框。前方的广场上放置着与影视城主题相符的装饰物。",
            "corrected_reply": "天龙八部影视城的建筑物呈现出传统的中式建筑风格。建筑物的屋顶是斗拱结构，黑色琉璃瓦覆盖，有翘起的檐角。建筑的墙面为浅黄色，配有红色挂幡和黑色的门框。前方的广场上放置着与影视城主题相符的装饰物。其中一个照片中，你抱着一个婴儿，穿着白色背心和黄色毛衣，背后的传统中式建筑门前有“羽翎尉”、“射击基地”、“古代箭场”的标志。"
        },
        {
            "dialogue_turn": 8,
            "user_input": "照片的拍摄人物效果如何，是否清晰，睁眼",
            "command_eid": "",
            "original_reply": "照片中的人物拍摄效果总体清晰，主体位于画面中心，容貌特征可辨。人物的眼睛在大多数照片中是睁开的，光线合适，没有明显的过曝或者暗部。背景也相对清晰，可以辨识照片中的环境和装饰。",
            "corrected_reply": "照片中的人物拍摄效果总体清晰，主体位于画面中心，容貌特征可辨。人物的眼睛在大多数照片中是睁开的，光线合适，没有明显的过曝或者暗部。背景也相对清晰，可以辨识照片中的环境和装饰。照片中主要有3个人物，两个成年女士，和一个婴儿。其中一位中年女性留着黑色短卷发，穿着红色外套和黑色裤子。婴儿穿着紫白相间衣服。"
        },
        {
            "dialogue_turn": 9,
            "user_input": "好的",
            "command_eid": "E",
            "original_reply": "",
            "corrected_reply": "好的.您照片中的第4个场景是公路骑马体验。一共有3张照片，记录了你和一位男性在户外公路骑马的场景。这些场景的环境在晴朗的天气下，地点像是乡村或郊外的道路和田野。照片中主要有你和男性、两匹棕色的马、蓝天白云和远处的山脉。"
        },
        {
            "dialogue_turn": 10,
            "user_input": "这组照片里面两匹马的样子,具体描述外貌,高度,穿着",
            "command_eid": "",
            "original_reply": "你提到了两匹马的样子。我在照片里看到两匹棕色的马，它们的毛发呈深棕色，躯体饱满，四肢健壮。马背上各搭有一个黑色的鞍座，马头佩戴着简单的缰绳。高度上，它们大约到成年人胸部位置，具体高度无法精确判断。",
            "corrected_reply": "我在照片里看到两匹棕色的马，它们的毛发呈深棕色，躯体饱满，四肢健壮。马背上各搭有一个黑色的鞍座，马头佩戴着简单的缰绳。高度上，它们大约到成年人胸部位置，具体高度无法精确判断。此外，我注意到:照片中有你和一位黑色短发、戴着眼镜的男性，你们都骑在棕色的马上。你披着蓝白相间的披巾，或牵着男性的手，或自由地把手伸向天空。你还记得骑马的感受吗?"
        },
        {
            "dialogue_turn": 11,
            "user_input": "照片里面的背景是什么样子的",
            "command_eid": "",
            "original_reply": "",
            "corrected_reply": "照片展示了宽阔的道路旁金黄色的田野，背景是蓝天白云、远处的山脉。整体像是乡村或郊外景观，你记得这是什么地方呢?"
        },
        {
            "dialogue_turn": 12,
            "user_input": "这里是大理的一个网红景点",
            "command_eid": "",
            "original_reply": "",
            "corrected_reply": "好的.我记住了这里在大理.公路骑马体验场景中的主要信息都聊完了。要不要聊下一个呢?下一个场景是:场景5:大理古城游览,有3张照片.。"
        },
        {
            "dialogue_turn": 13,
            "user_input": "好",
            "command_eid": "E",
            "original_reply": "",
            "corrected_reply": "好的.您照片中的第5个场景是大理古城游览。一共有3张照片，记录了你与家人和宠物在大理古城的场景。这些场景的环境都在室外，天气晴朗。照片中主要有你、家人、一只狗以及鲜花。我注意到:一张照片中，你身穿蓝白色长外套、黄色上衣、卡其色裙子，扎着头发，背着黑色背包，怀抱一个穿着紫白色衣物、绿色袜子的婴儿。你一手比V，婴儿的手正放在自己嘴里。你们站在一条有传统中式建筑和绿树红花的街道上。这幅画面中有你想要了解的信息吗？"
        },
        {
            "dialogue_turn": 14,
            "user_input": "这组照片背景是什么样的",
            "command_eid": "",
            "original_reply": "照片中的背景展示了大理古城中的街道和建筑。街道两旁是传统的白墙灰瓦建筑，植被丰富，可以看到垂柳和红花。蓝天下，街道宽敞整洁，有行走的游客。还有一处石拱门，其上刻有“苍山洱海”和“大理古城”的字样，门两旁是雕塑和花草，远处有山脉的轮廓。",
            "corrected_reply": "照片中的背景展示了大理古城中的街道和建筑。街道两旁是传统的白墙灰瓦建筑，植被丰富，可以看到垂柳和红花。蓝天下，街道宽敞整洁，有行走的游客。还有一处石拱门，其上刻有“苍山洱海”和“大理古城”的字样，门两旁是雕塑和花草，远处有山脉的轮廓。"
        },
        {
            "dialogue_turn": 15,
            "user_input": "这组照片里面人的表情怎么样",
            "command_eid": "",
            "original_reply": "在照片中，人们的表情看起来愉快和放松。有大笑的表情，以及微笑和幸福的神情。",
            "corrected_reply": "在照片中，人们的表情看起来愉快和放松。有大笑的表情，以及微笑和幸福的神情。此外，还有一张照片展示了你和家人以及宠物站在石牌坊前合影，牌坊成灰白色，有石质雕花装饰，上书“洋人街”，左右写着“大理好风光”、“世界共分享”。同时牌坊两侧也有红色的鲜花在盛开。你记得这个地方吗？"
        },
        {
            "dialogue_turn": 16,
            "user_input": "下一组",
            "command_eid": "E",
            "original_reply": "",
            "corrected_reply": "好的.您照片中的第6个场景是玻璃平台景点合影。一共有3张照片，记录了你与他人在玻璃平台景点活动的场景。环境在户外，天气晴朗，场地与设施不同。照片中主要有你与他人的互动、风景、雕塑和倒影。"
        },
        {
            "dialogue_turn": 17,
            "user_input": "这组照片的场景具体有什么内容",
            "command_eid": "",
            "original_reply": "这组照片的场景是一个户外的玻璃平台，平台上反射出天空和云彩的倒影，以及站在平台上的人的倒影。照片背景有蓝天和遥远的山脉，还有一张照片中出现了一座设计独特的雕塑，呈现出放射状的线条设计。",
            "corrected_reply": " 这组照片的场景是一个户外的玻璃平台，平台上反射出天空和云彩的倒影，以及站在平台上的人的倒影。照片背景有蓝天和遥远的山脉，还有一张照片中出现了一座设计独特的雕塑，呈现出放射状的线条设计。其中还有你与一名穿着蓝白卫衣、深色裤子、白鞋子，斜挎包、戴眼镜的男性合照。"
        },
        {
            "dialogue_turn": 18,
            "user_input": "这个场景是天空之境.请描述人物动作,按顺序介绍,从左到右",
            "command_eid": "",
            "original_reply": "你提到了天空之境。我在照片里看到一位女性站在玻璃上，她利用玻璃的反光效果伸手仿佛触摸天空。这位女性与另一张照片中的人物身穿类似服饰，可能是同一个人。而在一张有多人的照片中，一位女性和孩子坐在玻璃上，孩子面向前方，女性面朝摄影机微笑；另一对人站在玻璃平台上交谈；最远处有个人坐在摆设的摇椅上。傍晚的阳光照耀在他们",
            "corrected_reply": "好的.我在照片里看到一位女性站在玻璃上，她利用玻璃的反光效果伸手仿佛触摸天空。这位女性与另一张照片中的人物身穿类似服饰，可能是同一个人。而在一张有多人的照片中，一位女性和孩子坐在玻璃上，孩子面向前方，女性面朝摄影机微笑；另一对人站在玻璃平台上交谈；最远处有个人坐在摆设的摇椅上。"
        },
        {
            "dialogue_turn": 19,
            "user_input": "下一组",
            "command_eid": "E",
            "original_reply": "",
            "corrected_reply": "好的.您照片中的第7个场景是山与湖的自然风光。一共有2张照片，记录了户外欣赏山峦湖泊的自然风光的场景。这个场景的环境在室外，天气晴朗。照片中主要有人物、湖面、山脉和天空。"
        },
        {
            "dialogue_turn": 20,
            "user_input": "照片里面的颜色,分物体描述",
            "command_eid": "",
            "original_reply": "你提到了照片里面的颜色。我在照片里看到有穿着粉红色上衣和白色下装，背着黑色背包的女性。还有身着红色外套，戴着棕色宽檐帽的人背对着一片湖泊。最后是三人在大自然中，背景是蓝天和青山，中间人物穿粉红色上衣和白色下装，右侧人物穿深色衣裤。",
            "corrected_reply": "一张照片中，一位男性背对镜头，他穿着红色的民族服装，头戴牛仔帽，背着背包，肩膀斜挂着黄色带花纹的带状物。他似乎在望着前方，前方是碧蓝的湖泊、连绵的山脉、湛蓝的天空和干燥的黄色草地。另一张照片是你与一位抱着婴儿的中年女性在山脉下辽阔的平地上合影，你穿着粉色上衣、白色百褶裙、蓝白色外套，留着黑色长发。中年女性穿着紫色运动装，身前抱着穿着粉白衣物、带着兔耳朵帽子的婴儿。"
        },
        {
            "dialogue_turn": 21,
            "user_input": "人物表情怎么样",
            "command_eid": "",
            "original_reply": "人物面带微笑，神态放松。",
            "corrected_reply": "第一张照片只有人物背影。第二张中，您的眼睛是闭着的，身旁女士睁眼微笑。孩子的表情不可辨别，因为拍摄有些模糊。"
        },
        {
            "dialogue_turn": 22,
            "user_input": "好的",
            "command_eid": "s",
            "original_reply": "这组照片一共19张，有7个场景。我为您生成了以下回忆录:在阳光明媚的大理，我透过玻璃平台伸手仿佛触碰到了蔚蓝的天空。我还骑在郊外的棕马上，感受着风的自由，有你们陪伴，每一刻都是美好记忆。而古城的小巷、山脉湖泊的壮阔，都让我心灵得到了洗礼。闭着眼，感受着紫白小衣物中婴儿的温暖，这就是大理，我的天空之境。",
            "corrected_reply": "组照片一共19张，有7个场景。我为您生成了以下回忆录:在阳光明媚的大理，五在古城的小巷、山脉湖泊的壮阔，都让我心灵得到了洗礼。此外,我透过玻璃平台伸手仿佛触碰到了蔚蓝的天空。我还骑在郊外的棕马上，感受着风的自由，有你们陪伴，每一刻都是美好记忆。"
        }
    ],
    "state_history": [
        {
            "dialogue_turn": 0,
            "curEid": 0,
            "commandEid": null,
            "wandering": false,
            "forwardProgress": 0,
            "isEventTalked": [
                true,
                true,
                true,
                true,
                true,
                true,
                true
            ],
            "isTopicTalked": [
                [
                    false,
                    false
                ],
                [
                    false,
                    false,
                    false
                ],
                [
                    false,
                    false
                ],
                [
                    false,
                    false
                ],
                [
                    false,
                    false,
                    false
                ],
                [
                    false,
                    false,
                    false
                ],
                [
                    false,
                    false
                ]
            ],
            "summarizing": false,
            "overviewing": false
        },
        {
            "dialogue_turn": 1,
            "curEid": 0,
            "commandEid": "",
            "wandering": false,
            "forwardProgress": 0,
            "isEventTalked": [
                true,
                true,
                true,
                true,
                true,
                true,
                true
            ],
            "isTopicTalked": [
                [
                    false,
                    false
                ],
                [
                    false,
                    false,
                    false
                ],
                [
                    false,
                    false
                ],
                [
                    false,
                    false
                ],
                [
                    false,
                    false,
                    false
                ],
                [
                    false,
                    false,
                    false
                ],
                [
                    false,
                    false
                ]
            ],
            "summarizing": false,
            "overviewing": false
        },
        {
            "dialogue_turn": 2,
            "curEid": 1,
            "commandEid": "E",
            "wandering": false,
            "forwardProgress": 1,
            "isEventTalked": [
                true,
                true,
                true,
                true,
                true,
                true,
                true
            ],
            "isTopicTalked": [
                [
                    false,
                    false
                ],
                [
                    false,
                    false,
                    false
                ],
                [
                    false,
                    false
                ],
                [
                    false,
                    false
                ],
                [
                    false,
                    false,
                    false
                ],
                [
                    false,
                    false,
                    false
                ],
                [
                    false,
                    false
                ]
            ],
            "summarizing": false,
            "overviewing": false
        },
        {
            "dialogue_turn": 3,
            "curEid": 1,
            "commandEid": "",
            "wandering": false,
            "forwardProgress": 1,
            "isEventTalked": [
                true,
                true,
                true,
                true,
                true,
                true,
                true
            ],
            "isTopicTalked": [
                [
                    false,
                    false
                ],
                [
                    false,
                    false,
                    false
                ],
                [
                    false,
                    false
                ],
                [
                    false,
                    false
                ],
                [
                    false,
                    false,
                    false
                ],
                [
                    false,
                    false,
                    false
                ],
                [
                    false,
                    false
                ]
            ],
            "summarizing": false,
            "overviewing": false
        },
        {
            "dialogue_turn": 4,
            "curEid": 1,
            "commandEid": "",
            "wandering": false,
            "forwardProgress": 1,
            "isEventTalked": [
                true,
                true,
                true,
                true,
                true,
                true,
                true
            ],
            "isTopicTalked": [
                [
                    false,
                    false
                ],
                [
                    false,
                    false,
                    false
                ],
                [
                    false,
                    false
                ],
                [
                    false,
                    false
                ],
                [
                    false,
                    false,
                    false
                ],
                [
                    false,
                    false,
                    false
                ],
                [
                    false,
                    false
                ]
            ],
            "summarizing": false,
            "overviewing": false
        },
        {
            "dialogue_turn": 5,
            "curEid": 1,
            "commandEid": "",
            "wandering": false,
            "forwardProgress": 1,
            "isEventTalked": [
                true,
                true,
                true,
                true,
                true,
                true,
                true
            ],
            "isTopicTalked": [
                [
                    false,
                    false
                ],
                [
                    false,
                    false,
                    false
                ],
                [
                    false,
                    false
                ],
                [
                    false,
                    false
                ],
                [
                    false,
                    false,
                    false
                ],
                [
                    false,
                    false,
                    false
                ],
                [
                    false,
                    false
                ]
            ],
            "summarizing": false,
            "overviewing": false
        },
        {
            "dialogue_turn": 6,
            "curEid": 2,
            "commandEid": "E",
            "wandering": false,
            "forwardProgress": 2,
            "isEventTalked": [
                true,
                true,
                true,
                true,
                true,
                true,
                true
            ],
            "isTopicTalked": [
                [
                    false,
                    false
                ],
                [
                    false,
                    false,
                    false
                ],
                [
                    false,
                    false
                ],
                [
                    false,
                    false
                ],
                [
                    false,
                    false,
                    false
                ],
                [
                    false,
                    false,
                    false
                ],
                [
                    false,
                    false
                ]
            ],
            "summarizing": false,
            "overviewing": false
        },
        {
            "dialogue_turn": 7,
            "curEid": 2,
            "commandEid": "",
            "wandering": false,
            "forwardProgress": 2,
            "isEventTalked": [
                true,
                true,
                true,
                true,
                true,
                true,
                true
            ],
            "isTopicTalked": [
                [
                    false,
                    false
                ],
                [
                    false,
                    false,
                    false
                ],
                [
                    false,
                    false
                ],
                [
                    false,
                    false
                ],
                [
                    false,
                    false,
                    false
                ],
                [
                    false,
                    false,
                    false
                ],
                [
                    false,
                    false
                ]
            ],
            "summarizing": false,
            "overviewing": false
        },
        {
            "dialogue_turn": 8,
            "curEid": 2,
            "commandEid": "",
            "wandering": false,
            "forwardProgress": 2,
            "isEventTalked": [
                true,
                true,
                true,
                true,
                true,
                true,
                true
            ],
            "isTopicTalked": [
                [
                    false,
                    false
                ],
                [
                    false,
                    false,
                    false
                ],
                [
                    false,
                    false
                ],
                [
                    false,
                    false
                ],
                [
                    false,
                    false,
                    false
                ],
                [
                    false,
                    false,
                    false
                ],
                [
                    false,
                    false
                ]
            ],
            "summarizing": false,
            "overviewing": false
        },
        {
            "dialogue_turn": 9,
            "curEid": 3,
            "commandEid": "E",
            "wandering": false,
            "forwardProgress": 3,
            "isEventTalked": [
                true,
                true,
                true,
                true,
                true,
                true,
                true
            ],
            "isTopicTalked": [
                [
                    false,
                    false
                ],
                [
                    false,
                    false,
                    false
                ],
                [
                    false,
                    false
                ],
                [
                    false,
                    false
                ],
                [
                    false,
                    false,
                    false
                ],
                [
                    false,
                    false,
                    false
                ],
                [
                    false,
                    false
                ]
            ],
            "summarizing": false,
            "overviewing": false
        },
        {
            "dialogue_turn": 10,
            "curEid": 3,
            "commandEid": "",
            "wandering": false,
            "forwardProgress": 3,
            "isEventTalked": [
                true,
                true,
                true,
                true,
                true,
                true,
                true
            ],
            "isTopicTalked": [
                [
                    false,
                    false
                ],
                [
                    false,
                    false,
                    false
                ],
                [
                    false,
                    false
                ],
                [
                    false,
                    false
                ],
                [
                    false,
                    false,
                    false
                ],
                [
                    false,
                    false,
                    false
                ],
                [
                    false,
                    false
                ]
            ],
            "summarizing": false,
            "overviewing": false
        },
        {
            "dialogue_turn": 11,
            "curEid": 3,
            "commandEid": "",
            "wandering": false,
            "forwardProgress": 3,
            "isEventTalked": [
                true,
                true,
                true,
                true,
                true,
                true,
                true
            ],
            "isTopicTalked": [
                [
                    false,
                    false
                ],
                [
                    false,
                    false,
                    false
                ],
                [
                    false,
                    false
                ],
                [
                    false,
                    false
                ],
                [
                    false,
                    false,
                    false
                ],
                [
                    false,
                    false,
                    false
                ],
                [
                    false,
                    false
                ]
            ],
            "summarizing": false,
            "overviewing": false
        },
        {
            "dialogue_turn": 12,
            "curEid": 3,
            "commandEid": "",
            "wandering": false,
            "forwardProgress": 3,
            "isEventTalked": [
                true,
                true,
                true,
                true,
                true,
                true,
                true
            ],
            "isTopicTalked": [
                [
                    false,
                    false
                ],
                [
                    false,
                    false,
                    false
                ],
                [
                    false,
                    false
                ],
                [
                    false,
                    false
                ],
                [
                    false,
                    false,
                    false
                ],
                [
                    false,
                    false,
                    false
                ],
                [
                    false,
                    false
                ]
            ],
            "summarizing": false,
            "overviewing": false
        },
        {
            "dialogue_turn": 13,
            "curEid": 4,
            "commandEid": "E",
            "wandering": false,
            "forwardProgress": 4,
            "isEventTalked": [
                true,
                true,
                true,
                true,
                true,
                true,
                true
            ],
            "isTopicTalked": [
                [
                    false,
                    false
                ],
                [
                    false,
                    false,
                    false
                ],
                [
                    false,
                    false
                ],
                [
                    false,
                    false
                ],
                [
                    false,
                    false,
                    false
                ],
                [
                    false,
                    false,
                    false
                ],
                [
                    false,
                    false
                ]
            ],
            "summarizing": false,
            "overviewing": false
        },
        {
            "dialogue_turn": 14,
            "curEid": 4,
            "commandEid": "",
            "wandering": false,
            "forwardProgress": 4,
            "isEventTalked": [
                true,
                true,
                true,
                true,
                true,
                true,
                true
            ],
            "isTopicTalked": [
                [
                    false,
                    false
                ],
                [
                    false,
                    false,
                    false
                ],
                [
                    false,
                    false
                ],
                [
                    false,
                    false
                ],
                [
                    false,
                    false,
                    false
                ],
                [
                    false,
                    false,
                    false
                ],
                [
                    false,
                    false
                ]
            ],
            "summarizing": false,
            "overviewing": false
        },
        {
            "dialogue_turn": 15,
            "curEid": 4,
            "commandEid": "",
            "wandering": false,
            "forwardProgress": 4,
            "isEventTalked": [
                true,
                true,
                true,
                true,
                true,
                true,
                true
            ],
            "isTopicTalked": [
                [
                    false,
                    false
                ],
                [
                    false,
                    false,
                    false
                ],
                [
                    false,
                    false
                ],
                [
                    false,
                    false
                ],
                [
                    false,
                    false,
                    false
                ],
                [
                    false,
                    false,
                    false
                ],
                [
                    false,
                    false
                ]
            ],
            "summarizing": false,
            "overviewing": false
        },
        {
            "dialogue_turn": 16,
            "curEid": 5,
            "commandEid": "E",
            "wandering": false,
            "forwardProgress": 5,
            "isEventTalked": [
                true,
                true,
                true,
                true,
                true,
                true,
                true
            ],
            "isTopicTalked": [
                [
                    false,
                    false
                ],
                [
                    false,
                    false,
                    false
                ],
                [
                    false,
                    false
                ],
                [
                    false,
                    false
                ],
                [
                    false,
                    false,
                    false
                ],
                [
                    false,
                    false,
                    false
                ],
                [
                    false,
                    false
                ]
            ],
            "summarizing": false,
            "overviewing": false
        },
        {
            "dialogue_turn": 17,
            "curEid": 5,
            "commandEid": "",
            "wandering": false,
            "forwardProgress": 5,
            "isEventTalked": [
                true,
                true,
                true,
                true,
                true,
                true,
                true
            ],
            "isTopicTalked": [
                [
                    false,
                    false
                ],
                [
                    false,
                    false,
                    false
                ],
                [
                    false,
                    false
                ],
                [
                    false,
                    false
                ],
                [
                    false,
                    false,
                    false
                ],
                [
                    false,
                    false,
                    false
                ],
                [
                    false,
                    false
                ]
            ],
            "summarizing": false,
            "overviewing": false
        },
        {
            "dialogue_turn": 18,
            "curEid": 5,
            "commandEid": "",
            "wandering": false,
            "forwardProgress": 5,
            "isEventTalked": [
                true,
                true,
                true,
                true,
                true,
                true,
                true
            ],
            "isTopicTalked": [
                [
                    false,
                    false
                ],
                [
                    false,
                    false,
                    false
                ],
                [
                    false,
                    false
                ],
                [
                    false,
                    false
                ],
                [
                    false,
                    false,
                    false
                ],
                [
                    false,
                    false,
                    false
                ],
                [
                    false,
                    false
                ]
            ],
            "summarizing": false,
            "overviewing": false
        },
        {
            "dialogue_turn": 19,
            "curEid": 6,
            "commandEid": "E",
            "wandering": false,
            "forwardProgress": 6,
            "isEventTalked": [
                true,
                true,
                true,
                true,
                true,
                true,
                true
            ],
            "isTopicTalked": [
                [
                    false,
                    false
                ],
                [
                    false,
                    false,
                    false
                ],
                [
                    false,
                    false
                ],
                [
                    false,
                    false
                ],
                [
                    false,
                    false,
                    false
                ],
                [
                    false,
                    false,
                    false
                ],
                [
                    false,
                    false
                ]
            ],
            "summarizing": false,
            "overviewing": false
        },
        {
            "dialogue_turn": 20,
            "curEid": 6,
            "commandEid": "",
            "wandering": false,
            "forwardProgress": 6,
            "isEventTalked": [
                true,
                true,
                true,
                true,
                true,
                true,
                true
            ],
            "isTopicTalked": [
                [
                    false,
                    false
                ],
                [
                    false,
                    false,
                    false
                ],
                [
                    false,
                    false
                ],
                [
                    false,
                    false
                ],
                [
                    false,
                    false,
                    false
                ],
                [
                    false,
                    false,
                    false
                ],
                [
                    false,
                    false
                ]
            ],
            "summarizing": false,
            "overviewing": false
        },
        {
            "dialogue_turn": 21,
            "curEid": 6,
            "commandEid": "",
            "wandering": false,
            "forwardProgress": 6,
            "isEventTalked": [
                true,
                true,
                true,
                true,
                true,
                true,
                true
            ],
            "isTopicTalked": [
                [
                    false,
                    false
                ],
                [
                    false,
                    false,
                    false
                ],
                [
                    false,
                    false
                ],
                [
                    false,
                    false
                ],
                [
                    false,
                    false,
                    false
                ],
                [
                    false,
                    false,
                    false
                ],
                [
                    false,
                    false
                ]
            ],
            "summarizing": false,
            "overviewing": false
        },
        {
            "dialogue_turn": 22,
            "curEid": 6,
            "commandEid": "s",
            "wandering": false,
            "forwardProgress": 6,
            "isEventTalked": [
                true,
                true,
                true,
                true,
                true,
                true,
                true
            ],
            "isTopicTalked": [
                [
                    false,
                    false
                ],
                [
                    false,
                    false,
                    false
                ],
                [
                    false,
                    false
                ],
                [
                    false,
                    false
                ],
                [
                    false,
                    false,
                    false
                ],
                [
                    false,
                    false,
                    false
                ],
                [
                    false,
                    false
                ]
            ],
            "summarizing": true,
            "overviewing": false
        }
    ]
}