{
    "user": "xj_1",
    "resume": null,
    "datetime": "2024-03-11-13:22",
    "photo_dir": "/Users/codaxu/Documents/ChatAlbum/Reviver_Proactive/photos/xj_1",
    "chat_history": [
        {
            "role": "assistant",
            "content": "这组照片一共有41张，记录了可能是您在黑龙江省哈尔滨市的活动。为了帮助您理解，我把照片分成了7个场景。分别是:1 江边扎帐篷露营, 2 室内扑克娱乐, 3 用餐聚会合影, 4 太阳岛公园户外游览, 5 哈尔滨街头与广场漫步, 6 户外烧烤活动, 7 博美比熊宠物店。我们从第一个场景聊起吧，第一个场景是江边扎帐篷露营。"
        },
        {
            "role": "user",
            "content": "第一组场景是什么"
        },
        {
            "role": "assistant",
            "content": "您照片中的第1个场景是江边扎帐篷露营。一共有5张照片，记录了你在户外和金毛犬一起露营的时光, 以及江边有人垂钓的场景。这些场景的环境多在室外，天气时而晴朗时而阴天。照片中主要有你和狗狗、垂钓者、水边与桥梁等。我注意到:在两张照片中，你的服饰是白色短袖衬衫和浅褐色短裤，脚穿白色运动鞋，和一只金毛犬坐在户外的橙色帐篷里，你们是在露营吗?你有印象吗"
        },
        {
            "role": "user",
            "content": "我穿的是裙子吗"
        },
        {
            "role": "assistant",
            "content": "在照片中，您并没有穿裙子。您穿着一件白色的短袖衬衫和一条浅褐色的短裤.此外，我注意到:照片里出现了灰蓝色的江水、岸边植被、晴朗的天空和木质栈桥，远处出现过桥梁和船只，还有垂钓者在宽阔的水边钓鱼。你还记得在江畔漫步吗?你有印象吗"
        },
        {
            "role": "user",
            "content": "我记得，我想问那个江边漫步有人吗"
        },
        {
            "role": "assistant",
            "content": "照片中有远处的垂钓者.在宽阔的水边钓鱼。江边扎帐篷露营场景中的主要信息都聊完了。要不要聊下一个呢?下一个场景是:场景2:室内扑克娱乐,有6张照片.。"
        },
        {
            "role": "user",
            "content": "几个人"
        },
        {
            "role": "assistant",
            "content": "照片中出现了6个不同的人.打扑克的人中有穿着白色T恤的男孩，穿着黑色T恤戴眼镜的女性，穿着蓝色上衣戴眼镜的男性。你记得都有谁吗?"
        },
        {
            "role": "user",
            "content": "头发"
        },
        {
            "role": "assistant",
            "content": "她是长头发，马尾辫。此外，我注意到:室内环境看起来像是家里的房间，光线明亮。墙面是浅色调，地板上铺着有大型花卉图案的地毯。你记得这是哪里吗?你有印象吗"
        },
        {
            "role": "user",
            "content": "有我吗"
        },
        {
            "role": "assistant",
            "content": "照片中并没有出现您.此外，我注意到:照片里有一只白色的小型长毛犬，毛发蓬松，耳朵竖立，看起来很可爱。你对这只狗有印象吗？它的主人是谁？"
        },
        {
            "role": "user",
            "content": "有印象，主人就是我的朋友。狗狗"
        },
        {
            "role": "assistant",
            "content": "狗狗是趴在床边的,非常可爱.室内扑克娱乐场景中的主要信息都聊完了。要不要聊下一个呢?下一个场景是:场景3:用餐聚会合影,有3张照片.。"
        },
        {
            "role": "user",
            "content": "请问什么样子"
        },
        {
            "role": "assistant",
            "content": "一共有3张照片，记录了你和朋友或家人们在餐厅用餐聚会的场景。环境在室内，可能是餐厅，墙面装饰有花鸟图案。照片中主要有你和其他人们、餐桌上的食物、墙上的装饰画。其中还有一张照片写着'工作人员引导我们坐电梯出站'"
        },
        {
            "role": "user",
            "content": "好的"
        },
        {
            "role": "assistant",
            "content": "是的。你和亲友们聚集在餐桌周围，你和其他四个人一起合影，其中包括两名男性、一个男孩和一名妇女，都穿着休闲服装，看起来气氛轻松愉快。桌子上摆放着沙拉、西瓜、意大利面等食物看起来十分雅致。你记得这个地方吗?"
        },
        {
            "role": "user",
            "content": "我穿的什么样的衣服"
        },
        {
            "role": "assistant",
            "content": "你穿着一件短袖白色衬衫，衣服上有褶皱设计，像是蝴蝶形状头发扎成了马尾巴。"
        },
        {
            "role": "user",
            "content": "花边"
        },
        {
            "role": "assistant",
            "content": "是的,衬衫上的花边像是蝴蝶形状,非常雅致.此外,餐厅的墙面装饰有白色的花朵和鸟儿，背景为淡粉色."
        },
        {
            "role": "user",
            "content": "站着"
        },
        {
            "role": "assistant",
            "content": "您是站着的.后排您和一位男士站立,前方3人坐着."
        },
        {
            "role": "user",
            "content": "我旁边的男生的衣服"
        },
        {
            "role": "assistant",
            "content": "我在照片里看到这位男生穿着一件蓝色短袖T恤，此外.前排三个人,从左到右是中年男子,年轻男孩,还有中年女性"
        },
        {
            "role": "user",
            "content": "年龄"
        },
        {
            "role": "assistant",
            "content": "您身旁男士年龄约30岁左右.但我无法完全确定.用餐聚会合影场景中的主要信息都聊完了。要不要聊下一个呢?下一个场景是:场景4:太阳岛公园户外游览,有12张照片.。"
        },
        {
            "role": "user",
            "content": "好的"
        },
        {
            "role": "assistant",
            "content": "12张照片，记录了太阳岛公园的湖边、草地上的场景。主要活动由欣赏湖里的鱼儿、草地上与鹿互动、还有对花田拍照。这些场景的环境多变，有晴朗天气也有阴天多云。照片中的主要内容包括人群、湖泊、锦鲤、斑点鹿、花田等。我注意到:在太阳岛公园里，你们首先经过了湖泊与人造瀑布。照片里出现了湖水、垂柳、锦鲤、草地和假山瀑布。这里面有你想了解的内容吗?"
        },
        {
            "role": "user",
            "content": "我想知道那个锦鲤的颜色"
        },
        {
            "role": "assistant",
            "content": "锦鲤多为橘红色，其中也有些许黄色，黑色和白色的鱼。这些锦鲤在水中自由游动，身体颜色鲜艳，在水面形成了一道美丽的风景。外，我注意到:照片中出现了斑点鹿。其中一张照片中，拍摄者的手正在抚摸一只鹿，棕色白点的鹿温驯地趴伏着。是你摸到了鹿吗？触感如何？你有印象吗"
        },
        {
            "role": "user",
            "content": "这个是梅花鹿。是我摸得。"
        },
        {
            "role": "assistant",
            "content": "照片中没有你和梅花鹿的合影，但是你有身穿蓝色连衣裙，编发，出现在了色彩缤纷的花田里，手举手机对着花儿正在拍照。花朵有红色，黄色，粉色，白色等各种不同品种。这些花香吗？你有印象吗"
        },
        {
            "role": "user",
            "content": "这些花比较香。是否有树"
        },
        {
            "role": "assistant",
            "content": "远处有一片绿色的树林，但没有明显的一棵树。我在照片里看到繁多的花朵排布在花坛中，颜色鲜艳多样，有红色、粉色、黄色以及白色银叶，绿色植被作为底色，与色彩缤纷的花朵形成鲜明对比。太阳岛公园户外游览场景中的主要信息都聊完了。要不要聊下一个呢?下一个场景是:场景5:哈尔滨街头与广场漫步,有5张照片.。"
        },
        {
            "role": "user",
            "content": "是否有紫色的花"
        },
        {
            "role": "assistant",
            "content": "照片中远处有类似紫色的薰衣草，还有粉色的花。紫色花朵的颜色较为淡雅，"
        },
        {
            "role": "user",
            "content": "粉色的花是什么品种"
        },
        {
            "role": "assistant",
            "content": "粉色花朵，这些花朵较小，五瓣，中心部分呈深色，周围有较浅的粉色瓣片。但我无法确认其品种.要不要聊下一个呢?下一个场景是:场景5:哈尔滨街头与广场漫步,有5张照片.。"
        },
        {
            "role": "user",
            "content": "下一个"
        },
        {
            "role": "assistant",
            "content": ""
        },
        {
            "role": "user",
            "content": "下一个"
        },
        {
            "role": "assistant",
            "content": "您照片中的第5个场景是哈尔滨街头与广场漫步。一共有5张照片，记录了哈尔滨街头与广场的漫步。这些场景的环境都在室外，光线明亮。照片中主要有教堂建筑、人群、商业区、气球、纪念雕塑、放风筝等。"
        },
        {
            "role": "user",
            "content": "请问有气球的照片是什么样子的,详细描述"
        },
        {
            "role": "assistant",
            "content": "有气球的照片一共有两张，像是在一个广场上拍摄。广场上有一处卖色彩缤纷气球的摊位，气球有多种颜色，包括红色、黄色、蓝色、绿色和紫色，有的气球形状像星星和心形，风吹动它们在空中飘扬。广场中央有一个高大的雕塑。"
        },
        {
            "role": "user",
            "content": "我记得有一个粉色"
        },
        {
            "role": "assistant",
            "content": "照片中确实没有这样的气球.我注意到:在广场上的照片中，有一座拥有典型哥特式建筑风格的棕色教堂，可见一些女性游客正在拍照。这座教堂是圣索菲亚大教堂吗？你有印象吗"
        },
        {
            "role": "user",
            "content": "是的,我想问一下这个教堂有我和金毛狗的合影吗"
        },
        {
            "role": "assistant",
            "content": "我在照片里没有看到有包含你和金毛狗的合影。您并没有出现在这5张照片中.:在商业街区的照片中，穿着不同的休闲装的游人有些在街道中间穿行，有些坐在木质长椅上休息。你记得经过了这个地方吗?你有印象吗"
        },
        {
            "role": "user",
            "content": "我记得应该是中央大街，是不是地面是是小方块地砖"
        },
        {
            "role": "assistant",
            "content": "照片中的地砖是长条形状的，整齐铺设。此外，我注意到:在有气球和雕塑的照片中，一位成年男性和一个小男孩似乎在散步，周围有盛开的红色和粉色花朵，雕塑处可见'哈尔滨市人民防洪'的字样。这里面有你想了解的内容吗?"
        },
        {
            "role": "user",
            "content": "我知道了，这个是防洪纪念塔"
        },
        {
            "role": "assistant",
            "content": "这和照片中的信息呼应的很好.哈尔滨街头与广场漫步场景中的主要信息都聊完了。要不要聊下一个呢?下一个场景是:场景6:户外烧烤活动,有5张照片.。"
        },
        {
            "role": "user",
            "content": "做什么"
        },
        {
            "role": "assistant",
            "content": ""
        },
        {
            "role": "user",
            "content": "做什么"
        },
        {
            "role": "assistant",
            "content": "您照片中的第6个场景是户外烧烤活动。一共有5张照片，记录了在户外晴朗天气下烧烤的休闲场景。这个场景的环境在户外草地上，地上出现金毛犬。照片中主要有人们烧烤、饮食、交谈等。照片中出现了3个人物.其中一个小男孩坐在户外的椅子上，手里拿着一片西瓜。男孩留着黑色短发，穿着白色T恤和蓝色裤子。你对他有印象吗"
        },
        {
            "role": "user",
            "content": "有印象,这是朋友的孩子.我想问照片里能看到啤酒吗"
        },
        {
            "role": "assistant",
            "content": "照片里可以看到一个绿色的啤酒瓶,还有矿泉水和可乐瓶子.此外，我注意到:照片记录的是晴朗天气下的室外草坪，有人坐在折叠椅上，身旁有一只戴着红色围巾的金毛犬。"
        },
        {
            "role": "user",
            "content": "金毛犬是我的导盲犬，叫做呆萌。请记住它"
        },
        {
            "role": "assistant",
            "content": "好的,我记住啦!非常感谢你的分享.在金属烧烤架上烤着肉串和玉米，旁边摆着瓶装的饮料和西瓜。你也在其中吗？你们吃了些什么呢？"
        },
        {
            "role": "user",
            "content": "下一组"
        },
        {
            "role": "assistant",
            "content": "好的。您照片中的第7个场景是博美比熊宠物店。一共有5张照片，记录了不同狗狗在室内活动。这些场景中还有两只狗狗身上围着红色织物，其中一只应该是呆萌。照片中主要有各种狗狗、门框、防盗门、货架、宠物食品用品、笼子、地板等。"
        },
        {
            "role": "user",
            "content": "是的,这个是我戴着呆萌去洗澡.里面有白色小狗吗"
        },
        {
            "role": "assistant",
            "content": "我在照片里看到有多只不同颜色的小狗，其中确实包括了白色的小狗。它们在宠物店的地板上活动，有的靠近人，有的在玩耍。此外还有黑色和棕色的小狗"
        },
        {
            "role": "user",
            "content": "请问出现的人是蹲着的吗,在做什什么,穿什么衣服"
        },
        {
            "role": "assistant",
            "content": "在照片中，出现了一个穿着淡蓝色上衣和深色裤子的人，他正在室内与几只不同颜色的小狗互动。这个人蹲在地板上，似乎正在逗弄这些小狗。从照片中可以看出，狗狗们正享受着与人互动或自由玩耍的时光，两只穿着红色衣服的大狗躺在地板上。我认为其中一只是呆萌"
        },
        {
            "role": "user",
            "content": "是的,呆萌红色衣服上应该写着白色的字,是什么"
        },
        {
            "role": "assistant",
            "content": "我在照片中看到红色衣服上有白色的印字文字，但是衣服褶皱无法辨认文字。但我看到其他文字，比如货架上放满了宠物食品和用品，还有写有“出售纯种博美比熊”“欢迎来喝奶茶撸狗”。"
        },
        {
            "role": "user",
            "content": "好的,下一组"
        },
        {
            "role": "assistant",
            "content": "所有照片都聊完了.这组照片一共41张，有7个场景。我为您生成了以下回忆录:在哈尔滨的日子里，我与朋友们享受了一系列难忘时刻。我们在江边搭帐篷露营，身旁是忠实的金毛犬呆萌；在家中进行了一轮轻松的扑克之夜；共享了一顿普通的用餐聚餐；漫步在太阳岛公园，感受到了花香和小鹿的温暖；在哈尔滨中央大街上赏心悦目的扑克牌，我见证了防洪纪念塔的壮观；体验了愉快的户外烧烤，欣赏了孩子们在广场上放风筝。最后，我陪着呆萌去了宠物店洗个澡，它穿着印有白字的红色衣服，在那里我也碰到了不少可爱的小狗们。每一幕都是如此珍贵，都成为了我回忆录中值得珍藏的记忆。"
        }
    ],
    "mtree": {
        "superE": "这组照片一共有41张，记录了可能是您在黑龙江省哈尔滨市的活动。为了帮助您理解，我把照片分成了7个场景。分别是:1 江边扎帐篷露营, 2 室内扑克娱乐, 3 用餐聚会合影, 4 太阳岛公园户外游览, 5 哈尔滨街头与广场漫步, 6 户外烧烤活动, 7 博美比熊宠物店。",
        "events": [
            "一共有5张照片，记录了你在户外和金毛犬一起露营的时光, 以及江边有人垂钓的场景。这些场景的环境多在室外，天气时而晴朗时而阴天。照片中主要有你和狗狗、垂钓者、水边与桥梁等。",
            "一共有6张照片，记录了室内扑克娱乐的场景。这个场景的环境可能是家里的房间，光线明亮。照片中主要有白色的狗狗、打扑克的众人。",
            "一共有3张照片，记录了你和朋友或家人们在餐厅用餐聚会的场景。环境在室内，可能是餐厅，墙面装饰有花鸟图案。照片中主要有你和其他人们、餐桌上的食物、墙上的装饰画。其中还有一张照片写着'工作人员引导我们坐电梯出站'",
            "一共有12张照片，记录了太阳岛公园的湖边、草地上的场景。主要活动由欣赏湖里的鱼儿、草地上与鹿互动、还有对花田拍照。这些场景的环境多变，有晴朗天气也有阴天多云。照片中的主要内容包括人群、湖泊、锦鲤、斑点鹿、花田等。",
            "一共有5张照片，记录了哈尔滨街头与广场的漫步。这些场景的环境都在室外，光线明亮。照片中主要有教堂建筑、人群、商业区、气球、纪念雕塑、放风筝等。",
            "一共有5张照片，记录了在户外晴朗天气下烧烤的休闲场景。这个场景的环境在户外草地上，地上出现金毛犬。照片中主要有人们烧烤、饮食、交谈等。",
            "一共有5张照片，记录了不同狗狗在室内活动。这些场景中还有两只狗狗身上围着红色织物。照片中主要有各种狗狗、门框、防盗门、货架、宠物食品用品、笼子、地板等。"
        ],
        "evtCnt": 7,
        "evtStr": "0 江畔户外露营\n1 室内扑克娱乐\n2 用餐聚会合影\n3 太阳岛公园户外游览\n4 哈尔滨街头与广场漫步\n5 户外烧烤活动\n6 博美比熊宠物店\n",
        "shorts": [
            "江边扎帐篷露营",
            "室内扑克娱乐",
            "用餐聚会合影",
            "太阳岛公园户外游览",
            "哈尔滨街头与广场漫步",
            "户外烧烤活动",
            "博美比熊宠物店"
        ],
        "metas": [
            "有5张照片",
            "有6张照片",
            "有3张照片",
            "有12张照片",
            "有5张照片",
            "有5张照片",
            "有5张照片"
        ],
        "photos": [
            [
                1,
                2,
                3,
                4,
                5
            ],
            [
                6,
                7,
                8,
                9,
                10,
                11
            ],
            [
                12,
                13,
                14
            ],
            [
                15,
                16,
                17,
                18,
                19,
                20,
                21,
                22,
                23,
                24,
                25,
                26
            ],
            [
                27,
                28,
                29,
                30,
                31
            ],
            [
                32,
                33,
                34,
                35,
                36
            ],
            [
                37,
                38,
                39,
                40,
                41
            ]
        ],
        "topics": [
            [
                "在两张照片中，你的服饰是白色短袖衬衫和浅褐色短裤，脚穿白色运动鞋，和一只金毛犬坐在户外的橙色帐篷里，你们是在露营吗?",
                "照片里出现了灰蓝色的江水、岸边植被、晴朗的天空和木质栈桥，远处出现过桥梁和船只，还有垂钓者在宽阔的水边钓鱼。你还记得在江畔漫步吗?"
            ],
            [
                "室内环境看起来像是家里的房间，光线明亮。墙面是浅色调，地板上铺着有大型花卉图案的地毯。你记得这是哪里吗?",
                "照片里有一只白色的小型长毛犬，毛发蓬松，耳朵竖立，看起来很可爱。你对这只狗有印象吗？它的主人是谁？",
                "打扑克的人中有穿着白色T恤的男孩，穿着黑色T恤戴眼镜的女性，穿着蓝色上衣戴眼镜的男性。你记得都有谁吗?"
            ],
            [
                "一张照片中，你牵着一只穿着红色衣服的狗走过环境像是商场的过道，照片上标注着'地铁里，工作人员引导我们坐电梯出站'。你能想起当时的经历吗?",
                "照片中，你和其他四个人一起合影，其中包括两名男性、一个男孩和一名妇女，都穿着休闲服装，看起来气氛轻松愉快。他们是谁？这趟旅行是你们几个结伴进行的吗?",
                "你和亲友们聚集在餐桌周围，桌子上摆放着沙拉、西瓜、意大利面等食物，餐厅的墙面装饰有白色的花朵和鸟儿，背景为淡粉色，看起来十分雅致。你记得这个地方吗?"
            ],
            [
                "在太阳岛公园里，你们首先经过了湖泊与人造瀑布。照片里出现了湖水、垂柳、锦鲤、草地和假山瀑布。这里面有你想了解的内容吗?",
                "照片中出现了斑点鹿。其中一张照片中，拍摄者的手正在抚摸一只鹿，棕色白点的鹿温驯地趴伏着。是你摸到了鹿吗？触感如何？",
                "你身穿蓝色连衣裙，编发，出现在了色彩缤纷的花田里，手举手机对着花儿正在拍照。花朵有红色，黄色，粉色，白色等各种不同品种。这些花香吗？"
            ],
            [
                "在广场上的照片中，有一座拥有典型哥特式建筑风格的棕色教堂，可见一些女性游客正在拍照。这座教堂是圣索菲亚大教堂吗？",
                "在商业街区的照片中，穿着不同的休闲装的游人有些在街道中间穿行，有些坐在木质长椅上休息。你记得经过了这个地方吗?",
                "在有气球和雕塑的照片中，一位成年男性和一个小男孩似乎在散步，周围有盛开的红色和粉色花朵，雕塑处可见'哈尔滨市人民防洪'的字样。这里面有你想了解的内容吗?"
            ],
            [
                "照片中有一组人正在户外烧烤。他们穿着各式各样的服装，在金属烧烤架上烤着肉串和玉米，旁边摆着瓶装的饮料和西瓜。你也在其中吗？你们吃了些什么呢？",
                "照片记录的是晴朗天气下的室外草坪，有人坐在折叠椅上，身旁有一只戴着红色围巾的金毛犬。你记得这是在哪里吗?",
                "一个小男孩坐在户外的椅子上，手里拿着一片西瓜。男孩留着黑色短发，穿着白色T恤和蓝色裤子。你对他有印象吗?"
            ],
            [
                "照片的环境为宠物店内部，宠物店门口有金色的门框和银色的防盗门，货架上放满了宠物食品和用品，还有写有“出售纯种博美比熊”“欢迎来喝奶茶撸狗”。你们来这里做了什么呢?",
                "照片中有一群小狗，有的是白色的贵宾犬或类似品种，有的是淡棕色的博美犬，它们看起来很活泼。你有与它们互动吗?",
                "有一位男士戴着眼镜，穿着深色裤子和浅蓝色的短袖，蹲在地上与小狗嬉戏。他是你的随行同伴吗?",
                "从照片中可以看出，狗狗们正享受着与人互动或自由玩耍的时光，两只穿着红色衣服的大狗躺在地板上。你记得这些狗狗吗?"
            ]
        ]
    },
    "reply_history": [
        {
            "dialogue_turn": 0,
            "user_input": null,
            "command_eid": null,
            "original_reply": "这组照片一共有41张，记录了可能是您在黑龙江省哈尔滨市的活动。为了帮助您理解，我把照片分成了7个场景。分别是:1 江边扎帐篷露营, 2 室内扑克娱乐, 3 用餐聚会合影, 4 太阳岛公园户外游览, 5 哈尔滨街头与广场漫步, 6 户外烧烤活动, 7 博美比熊宠物店。我们从第一个场景聊起吧，第一个场景是江边扎帐篷露营。",
            "corrected_reply": null
        },
        {
            "dialogue_turn": 1,
            "user_input": "第一组场景是什么",
            "command_eid": "",
            "original_reply": "",
            "corrected_reply": "您照片中的第1个场景是江边扎帐篷露营。一共有5张照片，记录了你在户外和金毛犬一起露营的时光, 以及江边有人垂钓的场景。这些场景的环境多在室外，天气时而晴朗时而阴天。照片中主要有你和狗狗、垂钓者、水边与桥梁等。我注意到:在两张照片中，你的服饰是白色短袖衬衫和浅褐色短裤，脚穿白色运动鞋，和一只金毛犬坐在户外的橙色帐篷里，你们是在露营吗?你有印象吗"
        },
        {
            "dialogue_turn": 2,
            "user_input": "我穿的是裙子吗",
            "command_eid": "",
            "original_reply": "在照片中，您并没有穿裙子。您穿着一件白色的短袖衬衫和一条浅褐色的短裤，脚上穿着白色的运动鞋，在帐篷内与一只金毛犬坐在一起。",
            "corrected_reply": "在照片中，您并没有穿裙子。您穿着一件白色的短袖衬衫和一条浅褐色的短裤.此外，我注意到:照片里出现了灰蓝色的江水、岸边植被、晴朗的天空和木质栈桥，远处出现过桥梁和船只，还有垂钓者在宽阔的水边钓鱼。你还记得在江畔漫步吗?你有印象吗"
        },
        {
            "dialogue_turn": 3,
            "user_input": "我记得，我想问那个江边漫步有人吗",
            "command_eid": "",
            "original_reply": "",
            "corrected_reply": "照片中有远处的垂钓者.在宽阔的水边钓鱼。江边扎帐篷露营场景中的主要信息都聊完了。要不要聊下一个呢?下一个场景是:场景2:室内扑克娱乐,有6张照片.。"
        },
        {
            "dialogue_turn": 4,
            "user_input": "几个人",
            "command_eid": "1",
            "original_reply": "",
            "corrected_reply": "照片中出现了6个不同的人.打扑克的人中有穿着白色T恤的男孩，穿着黑色T恤戴眼镜的女性，穿着蓝色上衣戴眼镜的男性。你记得都有谁吗?"
        },
        {
            "dialogue_turn": 5,
            "user_input": "头发",
            "command_eid": "",
            "original_reply": "",
            "corrected_reply": "她是长头发，马尾辫。此外，我注意到:室内环境看起来像是家里的房间，光线明亮。墙面是浅色调，地板上铺着有大型花卉图案的地毯。你记得这是哪里吗?你有印象吗"
        },
        {
            "dialogue_turn": 6,
            "user_input": "有我吗",
            "command_eid": "",
            "original_reply": "",
            "corrected_reply": "照片中并没有出现您.此外，我注意到:照片里有一只白色的小型长毛犬，毛发蓬松，耳朵竖立，看起来很可爱。你对这只狗有印象吗？它的主人是谁？"
        },
        {
            "dialogue_turn": 7,
            "user_input": "有印象，主人就是我的朋友。狗狗",
            "command_eid": "",
            "original_reply": "",
            "corrected_reply": "狗狗是趴在床边的,非常可爱.室内扑克娱乐场景中的主要信息都聊完了。要不要聊下一个呢?下一个场景是:场景3:用餐聚会合影,有3张照片.。"
        },
        {
            "dialogue_turn": 8,
            "user_input": "请问什么样子",
            "command_eid": "2",
            "original_reply": "",
            "corrected_reply": "一共有3张照片，记录了你和朋友或家人们在餐厅用餐聚会的场景。环境在室内，可能是餐厅，墙面装饰有花鸟图案。照片中主要有你和其他人们、餐桌上的食物、墙上的装饰画。其中还有一张照片写着'工作人员引导我们坐电梯出站'"
        },
        {
            "dialogue_turn": 9,
            "user_input": "好的",
            "command_eid": "",
            "original_reply": "",
            "corrected_reply": "是的。你和亲友们聚集在餐桌周围，你和其他四个人一起合影，其中包括两名男性、一个男孩和一名妇女，都穿着休闲服装，看起来气氛轻松愉快。桌子上摆放着沙拉、西瓜、意大利面等食物看起来十分雅致。你记得这个地方吗?"
        },
        {
            "dialogue_turn": 10,
            "user_input": "我穿的什么样的衣服",
            "command_eid": "",
            "original_reply": "你穿着一件短袖白色衬衫，衣服上有褶皱设计，搭配了一条卡其色的长裙。你的鞋子是白色运动鞋。头发扎成了马尾巴。",
            "corrected_reply": "你穿着一件短袖白色衬衫，衣服上有褶皱设计，像是蝴蝶形状头发扎成了马尾巴。"
        },
        {
            "dialogue_turn": 11,
            "user_input": "花边",
            "command_eid": "",
            "original_reply": "",
            "corrected_reply": "是的,衬衫上的花边像是蝴蝶形状,非常雅致.此外,餐厅的墙面装饰有白色的花朵和鸟儿，背景为淡粉色."
        },
        {
            "dialogue_turn": 12,
            "user_input": "站着",
            "command_eid": "",
            "original_reply": "",
            "corrected_reply": "您是站着的.后排您和一位男士站立,前方3人坐着."
        },
        {
            "dialogue_turn": 13,
            "user_input": "我旁边的男生的衣服",
            "command_eid": "",
            "original_reply": "你提到了旁边的男生的衣服。我在照片里看到这位男生穿着一件蓝色短袖T恤，衣服上没有明显的图案或标志。",
            "corrected_reply": "我在照片里看到这位男生穿着一件蓝色短袖T恤，此外.前排三个人,从左到右是中年男子,年轻男孩,还有中年女性"
        },
        {
            "dialogue_turn": 14,
            "user_input": "年龄",
            "command_eid": "",
            "original_reply": "",
            "corrected_reply": "您身旁男士年龄约30岁左右.但我无法完全确定.用餐聚会合影场景中的主要信息都聊完了。要不要聊下一个呢?下一个场景是:场景4:太阳岛公园户外游览,有12张照片.。"
        },
        {
            "dialogue_turn": 15,
            "user_input": "好的",
            "command_eid": "3",
            "original_reply": "",
            "corrected_reply": "12张照片，记录了太阳岛公园的湖边、草地上的场景。主要活动由欣赏湖里的鱼儿、草地上与鹿互动、还有对花田拍照。这些场景的环境多变，有晴朗天气也有阴天多云。照片中的主要内容包括人群、湖泊、锦鲤、斑点鹿、花田等。我注意到:在太阳岛公园里，你们首先经过了湖泊与人造瀑布。照片里出现了湖水、垂柳、锦鲤、草地和假山瀑布。这里面有你想了解的内容吗?"
        },
        {
            "dialogue_turn": 16,
            "user_input": "我想知道那个锦鲤的颜色",
            "command_eid": "",
            "original_reply": "锦鲤多为橘红色，其中也有些许黄色和白色的鱼。这些锦鲤在水中自由游动，身体颜色鲜艳，在水面形成了一道美丽的风景。",
            "corrected_reply": "锦鲤多为橘红色，其中也有些许黄色，黑色和白色的鱼。这些锦鲤在水中自由游动，身体颜色鲜艳，在水面形成了一道美丽的风景。外，我注意到:照片中出现了斑点鹿。其中一张照片中，拍摄者的手正在抚摸一只鹿，棕色白点的鹿温驯地趴伏着。是你摸到了鹿吗？触感如何？你有印象吗"
        },
        {
            "dialogue_turn": 17,
            "user_input": "这个是梅花鹿。是我摸得。",
            "command_eid": "",
            "original_reply": "",
            "corrected_reply": "照片中没有你和梅花鹿的合影，但是你有身穿蓝色连衣裙，编发，出现在了色彩缤纷的花田里，手举手机对着花儿正在拍照。花朵有红色，黄色，粉色，白色等各种不同品种。这些花香吗？你有印象吗"
        },
        {
            "dialogue_turn": 18,
            "user_input": "这些花比较香。是否有树",
            "command_eid": "",
            "original_reply": "你提到这些花比较香。我在照片里看到繁多的花朵排布在花坛中，颜色鲜艳多样，有红色、粉色、黄色以及白色银叶，绿色植被作为底色，与色彩缤纷的花朵形成鲜明对比。",
            "corrected_reply": "远处有一片绿色的树林，但没有明显的一棵树。我在照片里看到繁多的花朵排布在花坛中，颜色鲜艳多样，有红色、粉色、黄色以及白色银叶，绿色植被作为底色，与色彩缤纷的花朵形成鲜明对比。太阳岛公园户外游览场景中的主要信息都聊完了。要不要聊下一个呢?下一个场景是:场景5:哈尔滨街头与广场漫步,有5张照片.。"
        },
        {
            "dialogue_turn": 19,
            "user_input": "是否有紫色的花",
            "command_eid": "",
            "original_reply": "在提供的照片中，有显示出不同颜色的花朵。其中，有些花朵是紫色的，它们似乎紧邻着一些红色和黄色的花朵，共同组成一片多彩的花坛。紫色花朵的颜色较为淡雅，与其他颜色的鲜艳形成对比，为整个景观增添了一份宁静与和谐。",
            "corrected_reply": "照片中远处有类似紫色的薰衣草，还有粉色的花。紫色花朵的颜色较为淡雅，"
        },
        {
            "dialogue_turn": 20,
            "user_input": "粉色的花是什么品种",
            "command_eid": "",
            "original_reply": "你提到了粉色的花。我在照片里看到，有密集的粉色花朵，这些花朵较小，五瓣，中心部分呈深色，周围有较浅的粉色瓣片。",
            "corrected_reply": "粉色花朵，这些花朵较小，五瓣，中心部分呈深色，周围有较浅的粉色瓣片。但我无法确认其品种.要不要聊下一个呢?下一个场景是:场景5:哈尔滨街头与广场漫步,有5张照片.。"
        },
        {
            "dialogue_turn": 21,
            "user_input": "下一个",
            "command_eid": "",
            "original_reply": "",
            "corrected_reply": null
        },
        {
            "dialogue_turn": 22,
            "user_input": "下一个",
            "command_eid": "E",
            "original_reply": "",
            "corrected_reply": "您照片中的第5个场景是哈尔滨街头与广场漫步。一共有5张照片，记录了哈尔滨街头与广场的漫步。这些场景的环境都在室外，光线明亮。照片中主要有教堂建筑、人群、商业区、气球、纪念雕塑、放风筝等。"
        },
        {
            "dialogue_turn": 23,
            "user_input": "请问有气球的照片是什么样子的,详细描述",
            "command_eid": "",
            "original_reply": "您提到了想看含有气球的照片。我在照片里看到，广场上有一处卖色彩缤纷气球的摊位，气球有多种颜色，包括红色、黄色、蓝色、绿色和紫色，有的气球形状像星星和心形，风吹动它们在空中飘扬。",
            "corrected_reply": "有气球的照片一共有两张，像是在一个广场上拍摄。广场上有一处卖色彩缤纷气球的摊位，气球有多种颜色，包括红色、黄色、蓝色、绿色和紫色，有的气球形状像星星和心形，风吹动它们在空中飘扬。广场中央有一个高大的雕塑。"
        },
        {
            "dialogue_turn": 24,
            "user_input": "我记得有一个粉色",
            "command_eid": "",
            "original_reply": "",
            "corrected_reply": "照片中确实没有这样的气球.我注意到:在广场上的照片中，有一座拥有典型哥特式建筑风格的棕色教堂，可见一些女性游客正在拍照。这座教堂是圣索菲亚大教堂吗？你有印象吗"
        },
        {
            "dialogue_turn": 25,
            "user_input": "是的,我想问一下这个教堂有我和金毛狗的合影吗",
            "command_eid": "",
            "original_reply": "你提到了教堂和金毛狗的合影，但我在照片里没有看到有包含你和金毛狗的合影。",
            "corrected_reply": "我在照片里没有看到有包含你和金毛狗的合影。您并没有出现在这5张照片中.:在商业街区的照片中，穿着不同的休闲装的游人有些在街道中间穿行，有些坐在木质长椅上休息。你记得经过了这个地方吗?你有印象吗"
        },
        {
            "dialogue_turn": 26,
            "user_input": "我记得应该是中央大街，是不是地面是是小方块地砖",
            "command_eid": "",
            "original_reply": "你提到了地面是小方块地砖，在这些照片中，我看到有几处地方的地面铺设了规整的方形地砖，颜色主要为灰白色，排列成直线或对角线的图案。",
            "corrected_reply": "照片中的地砖是长条形状的，整齐铺设。此外，我注意到:在有气球和雕塑的照片中，一位成年男性和一个小男孩似乎在散步，周围有盛开的红色和粉色花朵，雕塑处可见'哈尔滨市人民防洪'的字样。这里面有你想了解的内容吗?"
        },
        {
            "dialogue_turn": 27,
            "user_input": "我知道了，这个是防洪纪念塔",
            "command_eid": "",
            "original_reply": "",
            "corrected_reply": "这和照片中的信息呼应的很好.哈尔滨街头与广场漫步场景中的主要信息都聊完了。要不要聊下一个呢?下一个场景是:场景6:户外烧烤活动,有5张照片.。"
        },
        {
            "dialogue_turn": 28,
            "user_input": "做什么",
            "command_eid": "",
            "original_reply": "",
            "corrected_reply": null
        },
        {
            "dialogue_turn": 29,
            "user_input": "做什么",
            "command_eid": "E",
            "original_reply": "",
            "corrected_reply": "您照片中的第6个场景是户外烧烤活动。一共有5张照片，记录了在户外晴朗天气下烧烤的休闲场景。这个场景的环境在户外草地上，地上出现金毛犬。照片中主要有人们烧烤、饮食、交谈等。照片中出现了3个人物.其中一个小男孩坐在户外的椅子上，手里拿着一片西瓜。男孩留着黑色短发，穿着白色T恤和蓝色裤子。你对他有印象吗"
        },
        {
            "dialogue_turn": 30,
            "user_input": "有印象,这是朋友的孩子.我想问照片里能看到啤酒吗",
            "command_eid": "",
            "original_reply": "",
            "corrected_reply": "照片里可以看到一个绿色的啤酒瓶,还有矿泉水和可乐瓶子.此外，我注意到:照片记录的是晴朗天气下的室外草坪，有人坐在折叠椅上，身旁有一只戴着红色围巾的金毛犬。"
        },
        {
            "dialogue_turn": 31,
            "user_input": "金毛犬是我的导盲犬，叫做呆萌。请记住它",
            "command_eid": "",
            "original_reply": "",
            "corrected_reply": "好的,我记住啦!非常感谢你的分享.在金属烧烤架上烤着肉串和玉米，旁边摆着瓶装的饮料和西瓜。你也在其中吗？你们吃了些什么呢？"
        },
        {
            "dialogue_turn": 32,
            "user_input": "下一组",
            "command_eid": "E",
            "original_reply": "",
            "corrected_reply": "好的。您照片中的第7个场景是博美比熊宠物店。一共有5张照片，记录了不同狗狗在室内活动。这些场景中还有两只狗狗身上围着红色织物，其中一只应该是呆萌。照片中主要有各种狗狗、门框、防盗门、货架、宠物食品用品、笼子、地板等。"
        },
        {
            "dialogue_turn": 33,
            "user_input": "是的,这个是我戴着呆萌去洗澡.里面有白色小狗吗",
            "command_eid": "",
            "original_reply": "您提到您戴着呆萌去洗澡并询问是否有白色的小狗。我在照片里看到有多只不同颜色的小狗，其中确实包括了白色的小狗。它们在宠物店的地板上活动，有的靠近人，有的在玩耍。",
            "corrected_reply": "我在照片里看到有多只不同颜色的小狗，其中确实包括了白色的小狗。它们在宠物店的地板上活动，有的靠近人，有的在玩耍。此外还有黑色和棕色的小狗"
        },
        {
            "dialogue_turn": 34,
            "user_input": "请问出现的人是蹲着的吗,在做什什么,穿什么衣服",
            "command_eid": "",
            "original_reply": "在照片中，出现了一个穿着淡蓝色上衣和深色裤子的人，他正在室内与几只不同颜色的小狗互动。这个人蹲在地板上，似乎正在逗弄这些小狗。",
            "corrected_reply": "在照片中，出现了一个穿着淡蓝色上衣和深色裤子的人，他正在室内与几只不同颜色的小狗互动。这个人蹲在地板上，似乎正在逗弄这些小狗。从照片中可以看出，狗狗们正享受着与人互动或自由玩耍的时光，两只穿着红色衣服的大狗躺在地板上。我认为其中一只是呆萌"
        },
        {
            "dialogue_turn": 35,
            "user_input": "是的,呆萌红色衣服上应该写着白色的字,是什么",
            "command_eid": "",
            "original_reply": "你提到了呆萌身上的红色衣服上应该有白色的字。我在照片中看到两只大型犬身穿红色衣服，衣服上有白色的印字文字，但无法辨认具体内容。",
            "corrected_reply": "我在照片中看到红色衣服上有白色的印字文字，但是衣服褶皱无法辨认文字。但我看到其他文字，比如货架上放满了宠物食品和用品，还有写有“出售纯种博美比熊”“欢迎来喝奶茶撸狗”。"
        },
        {
            "dialogue_turn": 36,
            "user_input": "好的,下一组",
            "command_eid": "E",
            "original_reply": "这组照片一共41张，有7个场景。我为您生成了以下回忆录:在哈尔滨的日子里，我与朋友们享受了一系列难忘时刻。我们在江边搭帐篷露营，身旁是忠实的金毛犬呆萌；在家中进行了一轮轻松的扑克之夜；共享了一顿普通的用餐聚餐；漫步在太阳岛公园，感受到了花香和小鹿的温暖；在哈尔滨中央大街上赏心悦目的扑克牌，我见证了防洪纪念塔的壮观；体验了愉快的户外烧烤，欣赏了孩子们在广场上放风筝。最后，我陪着呆萌去了宠物店洗个澡，它穿着印有白字的红色衣服，在那里我也碰到了不少可爱的小狗们。每一幕都是如此珍贵，都成为了我回忆录中值得珍藏的记忆。",
            "corrected_reply": "所有照片都聊完了.这组照片一共41张，有7个场景。我为您生成了以下回忆录:在哈尔滨的日子里，我与朋友们享受了一系列难忘时刻。我们在江边搭帐篷露营，身旁是忠实的金毛犬呆萌；在家中进行了一轮轻松的扑克之夜；共享了一顿普通的用餐聚餐；漫步在太阳岛公园，感受到了花香和小鹿的温暖；在哈尔滨中央大街上赏心悦目的扑克牌，我见证了防洪纪念塔的壮观；体验了愉快的户外烧烤，欣赏了孩子们在广场上放风筝。最后，我陪着呆萌去了宠物店洗个澡，它穿着印有白字的红色衣服，在那里我也碰到了不少可爱的小狗们。每一幕都是如此珍贵，都成为了我回忆录中值得珍藏的记忆。"
        }
    ],
    "state_history": [
        {
            "dialogue_turn": 0,
            "curEid": 0,
            "commandEid": null,
            "wandering": false,
            "forwardProgress": 0,
            "isEventTalked": [
                true,
                true,
                true,
                true,
                true,
                true,
                true
            ],
            "isTopicTalked": [
                [
                    false,
                    false
                ],
                [
                    false,
                    false,
                    false
                ],
                [
                    false,
                    false,
                    false
                ],
                [
                    false,
                    false,
                    false
                ],
                [
                    false,
                    false,
                    false
                ],
                [
                    false,
                    false,
                    false
                ],
                [
                    false,
                    false,
                    false,
                    false
                ]
            ],
            "summarizing": false,
            "overviewing": false
        },
        {
            "dialogue_turn": 1,
            "curEid": 0,
            "commandEid": "",
            "wandering": false,
            "forwardProgress": 0,
            "isEventTalked": [
                true,
                true,
                true,
                true,
                true,
                true,
                true
            ],
            "isTopicTalked": [
                [
                    false,
                    false
                ],
                [
                    false,
                    false,
                    false
                ],
                [
                    false,
                    false,
                    false
                ],
                [
                    false,
                    false,
                    false
                ],
                [
                    false,
                    false,
                    false
                ],
                [
                    false,
                    false,
                    false
                ],
                [
                    false,
                    false,
                    false,
                    false
                ]
            ],
            "summarizing": false,
            "overviewing": false
        },
        {
            "dialogue_turn": 2,
            "curEid": 0,
            "commandEid": "",
            "wandering": false,
            "forwardProgress": 0,
            "isEventTalked": [
                true,
                true,
                true,
                true,
                true,
                true,
                true
            ],
            "isTopicTalked": [
                [
                    false,
                    false
                ],
                [
                    false,
                    false,
                    false
                ],
                [
                    false,
                    false,
                    false
                ],
                [
                    false,
                    false,
                    false
                ],
                [
                    false,
                    false,
                    false
                ],
                [
                    false,
                    false,
                    false
                ],
                [
                    false,
                    false,
                    false,
                    false
                ]
            ],
            "summarizing": false,
            "overviewing": false
        },
        {
            "dialogue_turn": 3,
            "curEid": 0,
            "commandEid": "",
            "wandering": false,
            "forwardProgress": 0,
            "isEventTalked": [
                true,
                true,
                true,
                true,
                true,
                true,
                true
            ],
            "isTopicTalked": [
                [
                    false,
                    false
                ],
                [
                    false,
                    false,
                    false
                ],
                [
                    false,
                    false,
                    false
                ],
                [
                    false,
                    false,
                    false
                ],
                [
                    false,
                    false,
                    false
                ],
                [
                    false,
                    false,
                    false
                ],
                [
                    false,
                    false,
                    false,
                    false
                ]
            ],
            "summarizing": false,
            "overviewing": false
        },
        {
            "dialogue_turn": 4,
            "curEid": 1,
            "commandEid": "1",
            "wandering": false,
            "forwardProgress": 1,
            "isEventTalked": [
                true,
                true,
                true,
                true,
                true,
                true,
                true
            ],
            "isTopicTalked": [
                [
                    false,
                    false
                ],
                [
                    false,
                    false,
                    false
                ],
                [
                    false,
                    false,
                    false
                ],
                [
                    false,
                    false,
                    false
                ],
                [
                    false,
                    false,
                    false
                ],
                [
                    false,
                    false,
                    false
                ],
                [
                    false,
                    false,
                    false,
                    false
                ]
            ],
            "summarizing": false,
            "overviewing": false
        },
        {
            "dialogue_turn": 5,
            "curEid": 1,
            "commandEid": "",
            "wandering": false,
            "forwardProgress": 1,
            "isEventTalked": [
                true,
                true,
                true,
                true,
                true,
                true,
                true
            ],
            "isTopicTalked": [
                [
                    false,
                    false
                ],
                [
                    false,
                    false,
                    false
                ],
                [
                    false,
                    false,
                    false
                ],
                [
                    false,
                    false,
                    false
                ],
                [
                    false,
                    false,
                    false
                ],
                [
                    false,
                    false,
                    false
                ],
                [
                    false,
                    false,
                    false,
                    false
                ]
            ],
            "summarizing": false,
            "overviewing": false
        },
        {
            "dialogue_turn": 6,
            "curEid": 1,
            "commandEid": "",
            "wandering": false,
            "forwardProgress": 1,
            "isEventTalked": [
                true,
                true,
                true,
                true,
                true,
                true,
                true
            ],
            "isTopicTalked": [
                [
                    false,
                    false
                ],
                [
                    false,
                    false,
                    false
                ],
                [
                    false,
                    false,
                    false
                ],
                [
                    false,
                    false,
                    false
                ],
                [
                    false,
                    false,
                    false
                ],
                [
                    false,
                    false,
                    false
                ],
                [
                    false,
                    false,
                    false,
                    false
                ]
            ],
            "summarizing": false,
            "overviewing": false
        },
        {
            "dialogue_turn": 7,
            "curEid": 1,
            "commandEid": "",
            "wandering": false,
            "forwardProgress": 1,
            "isEventTalked": [
                true,
                true,
                true,
                true,
                true,
                true,
                true
            ],
            "isTopicTalked": [
                [
                    false,
                    false
                ],
                [
                    false,
                    false,
                    false
                ],
                [
                    false,
                    false,
                    false
                ],
                [
                    false,
                    false,
                    false
                ],
                [
                    false,
                    false,
                    false
                ],
                [
                    false,
                    false,
                    false
                ],
                [
                    false,
                    false,
                    false,
                    false
                ]
            ],
            "summarizing": false,
            "overviewing": false
        },
        {
            "dialogue_turn": 8,
            "curEid": 2,
            "commandEid": "2",
            "wandering": false,
            "forwardProgress": 2,
            "isEventTalked": [
                true,
                true,
                true,
                true,
                true,
                true,
                true
            ],
            "isTopicTalked": [
                [
                    false,
                    false
                ],
                [
                    false,
                    false,
                    false
                ],
                [
                    false,
                    false,
                    false
                ],
                [
                    false,
                    false,
                    false
                ],
                [
                    false,
                    false,
                    false
                ],
                [
                    false,
                    false,
                    false
                ],
                [
                    false,
                    false,
                    false,
                    false
                ]
            ],
            "summarizing": false,
            "overviewing": false
        },
        {
            "dialogue_turn": 9,
            "curEid": 2,
            "commandEid": "",
            "wandering": false,
            "forwardProgress": 2,
            "isEventTalked": [
                true,
                true,
                true,
                true,
                true,
                true,
                true
            ],
            "isTopicTalked": [
                [
                    false,
                    false
                ],
                [
                    false,
                    false,
                    false
                ],
                [
                    false,
                    false,
                    false
                ],
                [
                    false,
                    false,
                    false
                ],
                [
                    false,
                    false,
                    false
                ],
                [
                    false,
                    false,
                    false
                ],
                [
                    false,
                    false,
                    false,
                    false
                ]
            ],
            "summarizing": false,
            "overviewing": false
        },
        {
            "dialogue_turn": 10,
            "curEid": 2,
            "commandEid": "",
            "wandering": false,
            "forwardProgress": 2,
            "isEventTalked": [
                true,
                true,
                true,
                true,
                true,
                true,
                true
            ],
            "isTopicTalked": [
                [
                    false,
                    false
                ],
                [
                    false,
                    false,
                    false
                ],
                [
                    false,
                    false,
                    false
                ],
                [
                    false,
                    false,
                    false
                ],
                [
                    false,
                    false,
                    false
                ],
                [
                    false,
                    false,
                    false
                ],
                [
                    false,
                    false,
                    false,
                    false
                ]
            ],
            "summarizing": false,
            "overviewing": false
        },
        {
            "dialogue_turn": 11,
            "curEid": 2,
            "commandEid": "",
            "wandering": false,
            "forwardProgress": 2,
            "isEventTalked": [
                true,
                true,
                true,
                true,
                true,
                true,
                true
            ],
            "isTopicTalked": [
                [
                    false,
                    false
                ],
                [
                    false,
                    false,
                    false
                ],
                [
                    false,
                    false,
                    false
                ],
                [
                    false,
                    false,
                    false
                ],
                [
                    false,
                    false,
                    false
                ],
                [
                    false,
                    false,
                    false
                ],
                [
                    false,
                    false,
                    false,
                    false
                ]
            ],
            "summarizing": false,
            "overviewing": false
        },
        {
            "dialogue_turn": 12,
            "curEid": 2,
            "commandEid": "",
            "wandering": false,
            "forwardProgress": 2,
            "isEventTalked": [
                true,
                true,
                true,
                true,
                true,
                true,
                true
            ],
            "isTopicTalked": [
                [
                    false,
                    false
                ],
                [
                    false,
                    false,
                    false
                ],
                [
                    false,
                    false,
                    false
                ],
                [
                    false,
                    false,
                    false
                ],
                [
                    false,
                    false,
                    false
                ],
                [
                    false,
                    false,
                    false
                ],
                [
                    false,
                    false,
                    false,
                    false
                ]
            ],
            "summarizing": false,
            "overviewing": false
        },
        {
            "dialogue_turn": 13,
            "curEid": 2,
            "commandEid": "",
            "wandering": false,
            "forwardProgress": 2,
            "isEventTalked": [
                true,
                true,
                true,
                true,
                true,
                true,
                true
            ],
            "isTopicTalked": [
                [
                    false,
                    false
                ],
                [
                    false,
                    false,
                    false
                ],
                [
                    false,
                    false,
                    false
                ],
                [
                    false,
                    false,
                    false
                ],
                [
                    false,
                    false,
                    false
                ],
                [
                    false,
                    false,
                    false
                ],
                [
                    false,
                    false,
                    false,
                    false
                ]
            ],
            "summarizing": false,
            "overviewing": false
        },
        {
            "dialogue_turn": 14,
            "curEid": 2,
            "commandEid": "",
            "wandering": false,
            "forwardProgress": 2,
            "isEventTalked": [
                true,
                true,
                true,
                true,
                true,
                true,
                true
            ],
            "isTopicTalked": [
                [
                    false,
                    false
                ],
                [
                    false,
                    false,
                    false
                ],
                [
                    false,
                    false,
                    false
                ],
                [
                    false,
                    false,
                    false
                ],
                [
                    false,
                    false,
                    false
                ],
                [
                    false,
                    false,
                    false
                ],
                [
                    false,
                    false,
                    false,
                    false
                ]
            ],
            "summarizing": false,
            "overviewing": false
        },
        {
            "dialogue_turn": 15,
            "curEid": 3,
            "commandEid": "3",
            "wandering": false,
            "forwardProgress": 3,
            "isEventTalked": [
                true,
                true,
                true,
                true,
                true,
                true,
                true
            ],
            "isTopicTalked": [
                [
                    false,
                    false
                ],
                [
                    false,
                    false,
                    false
                ],
                [
                    false,
                    false,
                    false
                ],
                [
                    false,
                    false,
                    false
                ],
                [
                    false,
                    false,
                    false
                ],
                [
                    false,
                    false,
                    false
                ],
                [
                    false,
                    false,
                    false,
                    false
                ]
            ],
            "summarizing": false,
            "overviewing": false
        },
        {
            "dialogue_turn": 16,
            "curEid": 3,
            "commandEid": "",
            "wandering": false,
            "forwardProgress": 3,
            "isEventTalked": [
                true,
                true,
                true,
                true,
                true,
                true,
                true
            ],
            "isTopicTalked": [
                [
                    false,
                    false
                ],
                [
                    false,
                    false,
                    false
                ],
                [
                    false,
                    false,
                    false
                ],
                [
                    false,
                    false,
                    false
                ],
                [
                    false,
                    false,
                    false
                ],
                [
                    false,
                    false,
                    false
                ],
                [
                    false,
                    false,
                    false,
                    false
                ]
            ],
            "summarizing": false,
            "overviewing": false
        },
        {
            "dialogue_turn": 17,
            "curEid": 3,
            "commandEid": "",
            "wandering": false,
            "forwardProgress": 3,
            "isEventTalked": [
                true,
                true,
                true,
                true,
                true,
                true,
                true
            ],
            "isTopicTalked": [
                [
                    false,
                    false
                ],
                [
                    false,
                    false,
                    false
                ],
                [
                    false,
                    false,
                    false
                ],
                [
                    false,
                    false,
                    false
                ],
                [
                    false,
                    false,
                    false
                ],
                [
                    false,
                    false,
                    false
                ],
                [
                    false,
                    false,
                    false,
                    false
                ]
            ],
            "summarizing": false,
            "overviewing": false
        },
        {
            "dialogue_turn": 18,
            "curEid": 3,
            "commandEid": "",
            "wandering": false,
            "forwardProgress": 3,
            "isEventTalked": [
                true,
                true,
                true,
                true,
                true,
                true,
                true
            ],
            "isTopicTalked": [
                [
                    false,
                    false
                ],
                [
                    false,
                    false,
                    false
                ],
                [
                    false,
                    false,
                    false
                ],
                [
                    false,
                    false,
                    false
                ],
                [
                    false,
                    false,
                    false
                ],
                [
                    false,
                    false,
                    false
                ],
                [
                    false,
                    false,
                    false,
                    false
                ]
            ],
            "summarizing": false,
            "overviewing": false
        },
        {
            "dialogue_turn": 19,
            "curEid": 3,
            "commandEid": "",
            "wandering": false,
            "forwardProgress": 3,
            "isEventTalked": [
                true,
                true,
                true,
                true,
                true,
                true,
                true
            ],
            "isTopicTalked": [
                [
                    false,
                    false
                ],
                [
                    false,
                    false,
                    false
                ],
                [
                    false,
                    false,
                    false
                ],
                [
                    false,
                    false,
                    false
                ],
                [
                    false,
                    false,
                    false
                ],
                [
                    false,
                    false,
                    false
                ],
                [
                    false,
                    false,
                    false,
                    false
                ]
            ],
            "summarizing": false,
            "overviewing": false
        },
        {
            "dialogue_turn": 20,
            "curEid": 3,
            "commandEid": "",
            "wandering": false,
            "forwardProgress": 3,
            "isEventTalked": [
                true,
                true,
                true,
                true,
                true,
                true,
                true
            ],
            "isTopicTalked": [
                [
                    false,
                    false
                ],
                [
                    false,
                    false,
                    false
                ],
                [
                    false,
                    false,
                    false
                ],
                [
                    false,
                    false,
                    false
                ],
                [
                    false,
                    false,
                    false
                ],
                [
                    false,
                    false,
                    false
                ],
                [
                    false,
                    false,
                    false,
                    false
                ]
            ],
            "summarizing": false,
            "overviewing": false
        },
        {
            "dialogue_turn": 21,
            "curEid": 3,
            "commandEid": "",
            "wandering": false,
            "forwardProgress": 3,
            "isEventTalked": [
                true,
                true,
                true,
                true,
                true,
                true,
                true
            ],
            "isTopicTalked": [
                [
                    false,
                    false
                ],
                [
                    false,
                    false,
                    false
                ],
                [
                    false,
                    false,
                    false
                ],
                [
                    false,
                    false,
                    false
                ],
                [
                    false,
                    false,
                    false
                ],
                [
                    false,
                    false,
                    false
                ],
                [
                    false,
                    false,
                    false,
                    false
                ]
            ],
            "summarizing": false,
            "overviewing": false
        },
        {
            "dialogue_turn": 22,
            "curEid": 4,
            "commandEid": "E",
            "wandering": false,
            "forwardProgress": 4,
            "isEventTalked": [
                true,
                true,
                true,
                true,
                true,
                true,
                true
            ],
            "isTopicTalked": [
                [
                    false,
                    false
                ],
                [
                    false,
                    false,
                    false
                ],
                [
                    false,
                    false,
                    false
                ],
                [
                    false,
                    false,
                    false
                ],
                [
                    false,
                    false,
                    false
                ],
                [
                    false,
                    false,
                    false
                ],
                [
                    false,
                    false,
                    false,
                    false
                ]
            ],
            "summarizing": false,
            "overviewing": false
        },
        {
            "dialogue_turn": 23,
            "curEid": 4,
            "commandEid": "",
            "wandering": false,
            "forwardProgress": 4,
            "isEventTalked": [
                true,
                true,
                true,
                true,
                true,
                true,
                true
            ],
            "isTopicTalked": [
                [
                    false,
                    false
                ],
                [
                    false,
                    false,
                    false
                ],
                [
                    false,
                    false,
                    false
                ],
                [
                    false,
                    false,
                    false
                ],
                [
                    false,
                    false,
                    false
                ],
                [
                    false,
                    false,
                    false
                ],
                [
                    false,
                    false,
                    false,
                    false
                ]
            ],
            "summarizing": false,
            "overviewing": false
        },
        {
            "dialogue_turn": 24,
            "curEid": 4,
            "commandEid": "",
            "wandering": false,
            "forwardProgress": 4,
            "isEventTalked": [
                true,
                true,
                true,
                true,
                true,
                true,
                true
            ],
            "isTopicTalked": [
                [
                    false,
                    false
                ],
                [
                    false,
                    false,
                    false
                ],
                [
                    false,
                    false,
                    false
                ],
                [
                    false,
                    false,
                    false
                ],
                [
                    false,
                    false,
                    false
                ],
                [
                    false,
                    false,
                    false
                ],
                [
                    false,
                    false,
                    false,
                    false
                ]
            ],
            "summarizing": false,
            "overviewing": false
        },
        {
            "dialogue_turn": 25,
            "curEid": 4,
            "commandEid": "",
            "wandering": false,
            "forwardProgress": 4,
            "isEventTalked": [
                true,
                true,
                true,
                true,
                true,
                true,
                true
            ],
            "isTopicTalked": [
                [
                    false,
                    false
                ],
                [
                    false,
                    false,
                    false
                ],
                [
                    false,
                    false,
                    false
                ],
                [
                    false,
                    false,
                    false
                ],
                [
                    false,
                    false,
                    false
                ],
                [
                    false,
                    false,
                    false
                ],
                [
                    false,
                    false,
                    false,
                    false
                ]
            ],
            "summarizing": false,
            "overviewing": false
        },
        {
            "dialogue_turn": 26,
            "curEid": 4,
            "commandEid": "",
            "wandering": false,
            "forwardProgress": 4,
            "isEventTalked": [
                true,
                true,
                true,
                true,
                true,
                true,
                true
            ],
            "isTopicTalked": [
                [
                    false,
                    false
                ],
                [
                    false,
                    false,
                    false
                ],
                [
                    false,
                    false,
                    false
                ],
                [
                    false,
                    false,
                    false
                ],
                [
                    false,
                    false,
                    false
                ],
                [
                    false,
                    false,
                    false
                ],
                [
                    false,
                    false,
                    false,
                    false
                ]
            ],
            "summarizing": false,
            "overviewing": false
        },
        {
            "dialogue_turn": 27,
            "curEid": 4,
            "commandEid": "",
            "wandering": false,
            "forwardProgress": 4,
            "isEventTalked": [
                true,
                true,
                true,
                true,
                true,
                true,
                true
            ],
            "isTopicTalked": [
                [
                    false,
                    false
                ],
                [
                    false,
                    false,
                    false
                ],
                [
                    false,
                    false,
                    false
                ],
                [
                    false,
                    false,
                    false
                ],
                [
                    false,
                    false,
                    false
                ],
                [
                    false,
                    false,
                    false
                ],
                [
                    false,
                    false,
                    false,
                    false
                ]
            ],
            "summarizing": false,
            "overviewing": false
        },
        {
            "dialogue_turn": 28,
            "curEid": 4,
            "commandEid": "",
            "wandering": false,
            "forwardProgress": 4,
            "isEventTalked": [
                true,
                true,
                true,
                true,
                true,
                true,
                true
            ],
            "isTopicTalked": [
                [
                    false,
                    false
                ],
                [
                    false,
                    false,
                    false
                ],
                [
                    false,
                    false,
                    false
                ],
                [
                    false,
                    false,
                    false
                ],
                [
                    false,
                    false,
                    false
                ],
                [
                    false,
                    false,
                    false
                ],
                [
                    false,
                    false,
                    false,
                    false
                ]
            ],
            "summarizing": false,
            "overviewing": false
        },
        {
            "dialogue_turn": 29,
            "curEid": 5,
            "commandEid": "E",
            "wandering": false,
            "forwardProgress": 5,
            "isEventTalked": [
                true,
                true,
                true,
                true,
                true,
                true,
                true
            ],
            "isTopicTalked": [
                [
                    false,
                    false
                ],
                [
                    false,
                    false,
                    false
                ],
                [
                    false,
                    false,
                    false
                ],
                [
                    false,
                    false,
                    false
                ],
                [
                    false,
                    false,
                    false
                ],
                [
                    false,
                    false,
                    false
                ],
                [
                    false,
                    false,
                    false,
                    false
                ]
            ],
            "summarizing": false,
            "overviewing": false
        },
        {
            "dialogue_turn": 30,
            "curEid": 5,
            "commandEid": "",
            "wandering": false,
            "forwardProgress": 5,
            "isEventTalked": [
                true,
                true,
                true,
                true,
                true,
                true,
                true
            ],
            "isTopicTalked": [
                [
                    false,
                    false
                ],
                [
                    false,
                    false,
                    false
                ],
                [
                    false,
                    false,
                    false
                ],
                [
                    false,
                    false,
                    false
                ],
                [
                    false,
                    false,
                    false
                ],
                [
                    false,
                    false,
                    false
                ],
                [
                    false,
                    false,
                    false,
                    false
                ]
            ],
            "summarizing": false,
            "overviewing": false
        },
        {
            "dialogue_turn": 31,
            "curEid": 5,
            "commandEid": "",
            "wandering": false,
            "forwardProgress": 5,
            "isEventTalked": [
                true,
                true,
                true,
                true,
                true,
                true,
                true
            ],
            "isTopicTalked": [
                [
                    false,
                    false
                ],
                [
                    false,
                    false,
                    false
                ],
                [
                    false,
                    false,
                    false
                ],
                [
                    false,
                    false,
                    false
                ],
                [
                    false,
                    false,
                    false
                ],
                [
                    false,
                    false,
                    false
                ],
                [
                    false,
                    false,
                    false,
                    false
                ]
            ],
            "summarizing": false,
            "overviewing": false
        },
        {
            "dialogue_turn": 32,
            "curEid": 6,
            "commandEid": "E",
            "wandering": false,
            "forwardProgress": 6,
            "isEventTalked": [
                true,
                true,
                true,
                true,
                true,
                true,
                true
            ],
            "isTopicTalked": [
                [
                    false,
                    false
                ],
                [
                    false,
                    false,
                    false
                ],
                [
                    false,
                    false,
                    false
                ],
                [
                    false,
                    false,
                    false
                ],
                [
                    false,
                    false,
                    false
                ],
                [
                    false,
                    false,
                    false
                ],
                [
                    false,
                    false,
                    false,
                    false
                ]
            ],
            "summarizing": false,
            "overviewing": false
        },
        {
            "dialogue_turn": 33,
            "curEid": 6,
            "commandEid": "",
            "wandering": false,
            "forwardProgress": 6,
            "isEventTalked": [
                true,
                true,
                true,
                true,
                true,
                true,
                true
            ],
            "isTopicTalked": [
                [
                    false,
                    false
                ],
                [
                    false,
                    false,
                    false
                ],
                [
                    false,
                    false,
                    false
                ],
                [
                    false,
                    false,
                    false
                ],
                [
                    false,
                    false,
                    false
                ],
                [
                    false,
                    false,
                    false
                ],
                [
                    false,
                    false,
                    false,
                    false
                ]
            ],
            "summarizing": false,
            "overviewing": false
        },
        {
            "dialogue_turn": 34,
            "curEid": 6,
            "commandEid": "",
            "wandering": false,
            "forwardProgress": 6,
            "isEventTalked": [
                true,
                true,
                true,
                true,
                true,
                true,
                true
            ],
            "isTopicTalked": [
                [
                    false,
                    false
                ],
                [
                    false,
                    false,
                    false
                ],
                [
                    false,
                    false,
                    false
                ],
                [
                    false,
                    false,
                    false
                ],
                [
                    false,
                    false,
                    false
                ],
                [
                    false,
                    false,
                    false
                ],
                [
                    false,
                    false,
                    false,
                    false
                ]
            ],
            "summarizing": false,
            "overviewing": false
        },
        {
            "dialogue_turn": 35,
            "curEid": 6,
            "commandEid": "",
            "wandering": false,
            "forwardProgress": 6,
            "isEventTalked": [
                true,
                true,
                true,
                true,
                true,
                true,
                true
            ],
            "isTopicTalked": [
                [
                    false,
                    false
                ],
                [
                    false,
                    false,
                    false
                ],
                [
                    false,
                    false,
                    false
                ],
                [
                    false,
                    false,
                    false
                ],
                [
                    false,
                    false,
                    false
                ],
                [
                    false,
                    false,
                    false
                ],
                [
                    false,
                    false,
                    false,
                    false
                ]
            ],
            "summarizing": false,
            "overviewing": false
        },
        {
            "dialogue_turn": 36,
            "curEid": 6,
            "commandEid": "E",
            "wandering": false,
            "forwardProgress": 6,
            "isEventTalked": [
                true,
                true,
                true,
                true,
                true,
                true,
                true
            ],
            "isTopicTalked": [
                [
                    false,
                    false
                ],
                [
                    false,
                    false,
                    false
                ],
                [
                    false,
                    false,
                    false
                ],
                [
                    false,
                    false,
                    false
                ],
                [
                    false,
                    false,
                    false
                ],
                [
                    false,
                    false,
                    false
                ],
                [
                    false,
                    false,
                    false,
                    false
                ]
            ],
            "summarizing": true,
            "overviewing": false
        }
    ]
}