{
    "user": "zhy_1",
    "resume": null,
    "datetime": "2024-02-26-18:17",
    "photo_dir": "/Users/codaxu/Documents/ChatAlbum/Reviver_Proactive/photos/zhy_1",
    "chat_history": [
        {
            "role": "assistant",
            "content": "这是'家族东北之游'文件夹中的35张照片，都拍摄于2011年7月19日。我把照片分成了10个场景，前三个场景是：海边'洋河融海'石碑旁的合影，海边风力发电机前的合影，以及你坐在车内向窗外拍照。接下来三个场景是：孩子们在户外抬轿子，你在海边摆出胜利手势，你在码头和船只合影。最后四个场景是：你在参观古代建筑群,户外荡秋千,室外参观古树,以及你和两人在树林中自拍。我们从第一个场景聊起吧，第一个场景是两位女士与'洋河融海'石碑合影。"
        },
        {
            "role": "user",
            "content": "什么石碑?"
        },
        {
            "role": "assistant",
            "content": "石碑是一块竖立的灰色岩石，上面用红色的油性笔书写着“洋河融海”四个大字。石碑周围是草地，背景是天空和一排栏杆。两位女士站在石碑两侧，左侧女士穿着图案短袖上衣和短裤，右侧女士着深色上衣和裙子，两人微笑，右手分别放在石碑上。从照片中，我还注意到:两位女士站在石碑旁，一位穿着带有多彩花朵图案的白色短袖上衣和同款图案的短裤，另一位穿着深色上衣和黑色下装。你记得都有谁吗?"
        },
        {
            "role": "user",
            "content": "这两个女士看起来有多大?"
        },
        {
            "role": "assistant",
            "content": "你提到了这两个女士的年龄。在照片里，我无法准确判断他们的年龄。照片中两位女士一位头发较短，另一位有肩上长发。他们都微笑着站在一块石碑旁。"
        },
        {
            "role": "user",
            "content": "xiayige"
        },
        {
            "role": "assistant",
            "content": "照片中的第2个场景是风力发电机在海边运转。有4张照片，拍摄于上午11点左右，记录了海边的风力发电机和草坪。这个场景在户外，天气多云，地点看起来像是海岸线附近的风力发电场。照片中主要有风力发电机、海水、天空、植被和远处的船只。"
        },
        {
            "role": "user",
            "content": "海上有浪吗"
        },
        {
            "role": "assistant",
            "content": "你提到了海上的浪。在提供的照片中，我看到海面比较平静，没有明显的浪花。风力发电机耸立在岸边，植被覆盖的土地和一片宁静的海域构成了画面的主要部分。从照片中，我还注意到:你穿着白色短袖上衣和灰色长裤，和一群人一起在草地上坐着。你记得都有谁吗?"
        },
        {
            "role": "user",
            "content": "应该有小男孩小女孩把"
        },
        {
            "role": "assistant",
            "content": "你提到了小男孩和小女孩。我在照片里看到有一群人坐在草地上，其中包括几位看上去较年轻的个体，可能是你所说的小男孩和小女孩。他们似乎正在享受户外活动。"
        },
        {
            "role": "user",
            "content": "这些人都在做什么,在吃东西吗"
        },
        {
            "role": "assistant",
            "content": "在照片中，一群人聚集在草地上，他们似乎正在进行户外休闲活动。没有人手持食物，也没有人的姿势表明他们正在进餐。他们的注意力分散，有的人看向相机，有的与他人交谈，而一位小男孩坐在地上似乎正玩耍。"
        },
        {
            "role": "user",
            "content": "这个小男孩有可能是我的弟弟,他穿着什么颜色的衣服呢?"
        },
        {
            "role": "assistant",
            "content": "你提到了可能是你弟弟的小男孩。我在照片里看到一位小男孩坐在草地上，他穿着蓝色短裤和白色短袖T恤，T恤上似乎有一些图案或文字。风力发电机在海边运转场景的关键信息都聊过了。要不要聊下一个场景呢?下一个场景是:你坐在车内向窗外拍照。"
        },
        {
            "role": "user",
            "content": "照片里有几个风力发电机,他们在运转吗"
        },
        {
            "role": "assistant",
            "content": "在照片中，可以看到至少三个风力发电机。由于照片是静态的，无法直接判断它们是否在运转。发电机的叶片看起来静止，但这可能是快门速度较快导致的效果。"
        },
        {
            "role": "user",
            "content": "风力发电机的叶片是什么颜色的"
        },
        {
            "role": "assistant",
            "content": "你提到了风力发电机的叶片颜色。我在照片里看到的风力发电机的叶片是白色的。"
        },
        {
            "role": "user",
            "content": "刚才你提到了穿着白色短裤和蓝色上衣的小男孩.你看看其他照片里出现过这个小男孩吗?"
        },
        {
            "role": "assistant",
            "content": "另一张照片中的小男孩穿着蓝色短裤和蓝色上衣，上衣上有一个卡通脸谱图案。您照片中的第4个场景是孩子们在户外抬轿子。有3张照片，拍摄于上午11点左右，记录了小男孩和小女孩在户外抬轿子的场景。这个场景的环境在室外，天气看起来是晴朗的。照片中主要有轿子、伞、树木和花丛。"
        },
        {
            "role": "user",
            "content": "那第三个场景是什么,我从车内拍照都拍了什么内容?"
        },
        {
            "role": "assistant",
            "content": "您从车内拍摄了坐在驾驶位的一位佩戴红色帽子的男士，他有戴眼镜，穿着黑色背心。旁边坐着一位穿着浅色上衣的女士。前排座椅上放有一个带圆形通风孔的靠垫。车窗外可以看到绿色的植被。您照片中的第3个场景是你坐在车内向窗外拍照。有2张照片，拍摄于上午11点左右，记录了你在车内拍照的场景。这个场景的环境在室外，光线明亮。照片中主要有你、同车内的男女、车子以及你手中的数码相机。"
        },
        {
            "role": "user",
            "content": "这个红帽子的男子,戴的是墨镜吗?"
        },
        {
            "role": "assistant",
            "content": "红帽子的男子戴的不是墨镜，而是普通的眼镜。他的眼镜框架为金属材质，镜片为普通透明色。从照片中，我还注意到:照片里有你手中的银白色数码相机，以及车内的其他人，他们的穿着和坐姿。这里面有你想了解的内容吗?"
        },
        {
            "role": "user",
            "content": "爸或者我三叔.这辆车是轿车吗?"
        },
        {
            "role": "assistant",
            "content": "这辆车是一辆轿车。根据您的描述和照片内容，这辆车的车身颜色是深灰色，车窗部分可见，车窗内可看到三位乘客。后座的一位男士戴着红色的鸭舌帽，挥手示意，前排副驾驶位上的女士穿着浅色衣服，而您手持着相机。"
        },
        {
            "role": "user",
            "content": "那有可能是我三叔.那我拍外面的场景是什么?"
        },
        {
            "role": "assistant",
            "content": "您手持相机,但是我看不到您拍摄的内容.您像是在拍摄对面的人.你坐在车内向窗外拍照场景的关键信息都聊过了。要不要回到刚才在聊的场景呢?刚才的场景是:风力发电机在海边运转。"
        },
        {
            "role": "user",
            "content": "不用啦,我们聊下一个"
        },
        {
            "role": "assistant",
            "content": "您照片中的第5个场景是你在海边摆出胜利手势。有4张照片，拍摄于上午12点左右，记录了几个人在海边岩石上摆出胜利手势的场景。环境是室外的海边，天气看起来多云。照片中主要有岩石、海水、人物。"
        },
        {
            "role": "user",
            "content": "这张照片我比较有印象.我应该坐在礁石上面.当时很多小伙伴都拍照了,有我弟弟妹妹"
        },
        {
            "role": "assistant",
            "content": "是的.你坐在海边岩石上，身穿白色带条纹的短袖衬衫和灰色短裤，对着相机做一个胜利的手势。你还记得当时的活动吗?"
        },
        {
            "role": "user",
            "content": "当时就是每个人上去拍照.这四张照片都是我吗?还是有其他人"
        },
        {
            "role": "assistant",
            "content": ""
        },
        {
            "role": "user",
            "content": "好的,那继续,当时海边的浪花大不大"
        },
        {
            "role": "assistant",
            "content": "你提到了想了解海边浪花的大小，我在照片里看到人物站立在岩石上，周围的海水撞击岩石形成了不小的浪花，海水波涛拍岸，形成一定的飞溅。从照片中，我还注意到:海边的岩石是棕褐色的，海水呈现深蓝色带白色泡沫，天空是多云的。你记得海边的感觉吗?"
        },
        {
            "role": "user",
            "content": "海边的感觉非常好.接下来我们好像去了一个古庙,里面有一颗传说是600年左右的银杏树"
        },
        {
            "role": "assistant",
            "content": "是的.您照片中的第9个场景是室外参观古树和石碑。有7张照片，拍摄于下午15点左右，记录了你参观古典风格建筑和古树的场景。照片中主要有你站在树旁，树上缠绕红色布条。还有照片显示了刻有'圣水宫'和'祖孙银杏'的石碑。"
        },
        {
            "role": "user",
            "content": "说这棵树是银杏树。是吗"
        },
        {
            "role": "assistant",
            "content": "你提到了银杏树。我在照片里看到一颗巨大的树，树干上缠绕着红色和黄色的布条，周围有护栏和石碑，后方是一座古典风格的建筑。树看起来很粗壮，树叶繁茂，呈现出绿色。从照片中，我还注意到:你似乎在参观或欣赏树旁的自然风景和建筑物，树干被红色的布条包裹。你记得在做什么吗?"
        },
        {
            "role": "user",
            "content": "我记得他们传说是明朝时期的大树.你提到了红条子和黄条子,我好像有印象,你提到有喝圣水,那是什么场景?"
        },
        {
            "role": "assistant",
            "content": "你提到了圣水。我在照片里看到有一处建筑看似是庙宇，靠近一座山岩。庙宇的门口放置着两个大型的香炉，庙宇的建筑色彩为红色和灰色。不过照片中并没有直接显示有与圣水相关的详细场景。"
        },
        {
            "role": "user",
            "content": "刚才你好像说有什么圣水来着?"
        },
        {
            "role": "assistant",
            "content": "片中石碑刻有中文文字'圣水宫'和'祖孙银所以我提到了圣水.你有音 音箱吗?"
        },
        {
            "role": "user",
            "content": "圣水宫里面就是喝圣水的地方,有一个地方在滴水.你可以用饮料瓶接圣水喝.还有一个子孙银杏,应该就是多子多福的意思"
        },
        {
            "role": "assistant",
            "content": "你提到了圣水宫和子孙银杏。我在照片里看到一个中国传统建筑风格的庙宇，坐落在山岩下，建筑门前有香炉和石碑。还有一棵被红色和黄色布条装饰的大树，周围有护栏，石碑上有关于这棵树的介绍。"
        },
        {
            "role": "user",
            "content": "石碑上都介绍了什么内容呀?"
        },
        {
            "role": "assistant",
            "content": "石碑上介绍的是一棵银杏树的历史和文化意义，石碑正面提到这棵银杏树是唐代孝感人杨志赠送给开元寺的，并附有两首诗歌，诗歌的内容颂扬了这棵银杏树和它带来的福气。石碑的文字为黑色，背景是白色花岗岩。外参观古树和石碑场景的关键信息都聊过了。要不要回到刚才在聊的场景呢?刚才的场景是:参观古代建筑群"
        },
        {
            "role": "user",
            "content": "石碑上都写着哪些内容?两首诗都念出来"
        },
        {
            "role": "assistant",
            "content": "石碑上的文字介绍了银杏树的历史，指出树龄超过了一千三百多年，是唐代孝感人杨志赠送给开元寺的。碑文还记载了两首诗歌，分别是“不为五斗米折腰，专心向圣地”和“万古人杰地，千秋大典坛”。"
        },
        {
            "role": "user",
            "content": "好的.还有其他什么场景?"
        },
        {
            "role": "assistant",
            "content": "还有以下场景:你在码头和船只合影 2张照片，拍摄于上午12点左右.你在户外荡秋千 5张照片，拍摄于下午14点左右.和两人在树林中自拍 1张照片，拍摄于下午16点左右"
        },
        {
            "role": "user",
            "content": "在码头的照片应该是上午看海的照片.荡秋千应该是在寺庙旁边吧?"
        },
        {
            "role": "assistant",
            "content": "你提到了码头和海以及寺庙旁边的秋千。我在照片里看到一位穿着轻便服装的人在户外荡秋千。秋千位于一片树木环绕的区域，周围有树木和一些落在地面上的枯叶。天气看起来晴朗，阳光从树叶间透下来，但码头和海在这些照片中没有出现。"
        },
        {
            "role": "user",
            "content": "那应该就是寺庙旁的树林里面，因为是景区，所以提供了很多娱乐方式。"
        },
        {
            "role": "assistant",
            "content": "你在户外荡秋千场景的关键信息都聊过了。要不要聊聊你在树林里面的自拍 呢?"
        },
        {
            "role": "user",
            "content": "树林里的自拍我没有印象,你仔细介绍一下吧.这张照片的详细内容"
        },
        {
            "role": "assistant",
            "content": "你提到了树林里的自拍。我在照片里看到三人紧密地聚在一起，自拍留念。他们中有一位年轻女性和两位年轻男性。女性和一位男性展露开朗的笑容，男性使用的是和平手势。他们身后是模糊的绿色树木，光线充足。从照片中，我还注意到:照片中你留着黑色的短发，穿着白色短袖衬衫。左侧的女性留着黑色长发，穿着带有印花的短袖上衣。右侧的男孩留着黑色短发，穿着白色短袖衬衫。你记得他们吗?"
        },
        {
            "role": "user",
            "content": "应该是我姐和我弟弟.我没猜错的话.那个小男孩有没有穿着蓝色的短裤?"
        },
        {
            "role": "assistant",
            "content": "小男孩没有排到短裤的照片.和两人在树林中自拍场景的关键信息都聊过了。要不要给你生成一段回忆录呢?"
        },
        {
            "role": "user",
            "content": "好的"
        },
        {
            "role": "assistant",
            "content": " "
        },
        {
            "role": "user",
            "content": "帮我生成一段回忆录吧"
        },
        {
            "role": "assistant",
            "content": "这组照片一共33张，有10个场景。我为您生成了以下回忆录:在那个温暖的夏日，我们一家人踏上了东北之旅。那天，我们在海边合影，风力发电机在我们身后悠然转动，海风带起了大片的浪花，淋漓地撞击在岩石上。我坐在那历史悠久的银杏树旁，心想着那些古人的故事。在码头边，船只和水波一同诉说着海的诗篇。秋千上，我在树荫下轻轻荡漾，享受着片刻的宁静。最温馨的时刻，是我们三兄妹在树林中的自拍：姐姐的笑容、弟弟的和平手势，还有满眼的绿意围绕着我们。这些瞬间，虽然平凡，却在心中留下了难以磨灭的印记。"
        }
    ],
    "mtree": {
        "superE": "这是'家族东北之游'文件夹中的35张照片，都拍摄于2011年7月19日。我把照片分成了10个场景，前三个场景是：海边'洋河融海'石碑旁的合影，海边风力发电机前的合影，以及你坐在车内向窗外拍照。接下来三个场景是：孩子们在户外抬轿子，你在海边摆出胜利手势，你在码头和船只合影。最后四个场景是：你在参观古代建筑群,户外荡秋千,室外参观古树,以及你和两人在树林中自拍。",
        "events": [
            "有1张照片，拍摄于上午10点左右，记录了两位女士站在一块石碑旁的场景, 石碑上写着'洋河融海'。这个场景在室外，天气多云。照片中除了两位女士和石碑，还有蓝色栏杆和绿色植被。",
            "有4张照片，拍摄于上午11点左右，记录了海边的风力发电机和草坪。这个场景在户外，天气多云，地点看起来像是海岸线附近的风力发电场。照片中主要有风力发电机、海水、天空、植被和远处的船只。",
            "有2张照片，拍摄于上午11点左右，记录了你在车内拍照的场景。这个场景的环境在室外，光线明亮。照片中主要有你、同车内的男女、车子以及你手中的数码相机。",
            "有3张照片，拍摄于上午11点左右，记录了小男孩和小女孩在户外抬轿子的场景。这个场景的环境在室外，天气看起来是晴朗的。照片中主要有轿子、伞、树木和花丛。",
            "有4张照片，拍摄于上午12点左右，记录了几个人在海边岩石上摆出胜利手势的场景。环境是室外的海边，天气看起来多云。照片中主要有岩石、海水、人物。",
            "有2张照片，拍摄于上午12点左右，记录了你在户外码头的场景，你身后水面上有船只。这个场景的环境在户外，天气在多云到晴朗之间变化。照片中主要有你、船只、小岛。",
            "有4张照片，拍摄于下午14点左右，记录了你和其他人参观古代建筑群的场景。照片中主要有男子和小孩、古典风格的建筑、绿树和蓝天。",
            "有5张照片，拍摄于下午14点左右，记录了你在户外荡秋千的场景。照片中你主要穿着白色上衣和灰色裤子，戴着白色帽子，秋千由木头和金属制成，周围有树木和灌木。",
            "有7张照片，拍摄于下午15点左右，记录了你参观古典风格建筑和古树的场景。照片中主要有你站在树旁，树上缠绕红色布条。还有照片显示了刻有'圣水宫'和'祖孙银杏'的石碑。",
            "有1张照片，拍摄于下午16点左右，记录了你一位女士和一位男孩一起在户外自拍。你留着黑色的短发，穿着白色短袖衬衫。照片拍摄于户外，白天有云但整体光线充足。背景有绿色的树木"
        ],
        "evtCnt": 10,
        "evtStr": "0 两位女士与'洋河融海'石碑合影\n1 风力发电机在海边运转\n2 你坐在车内向窗外拍照\n3 孩子们在户外抬轿子\n4 你在海边摆出胜利手势\n5 你在码头和船只合影\n6 参观古代建筑群\n7 你在户外荡秋千\n8 室外参观古树和石碑\n9 你和两人在树林中自拍\n",
        "shorts": [
            "两位女士与'洋河融海'石碑合影",
            "风力发电机在海边运转",
            "你坐在车内向窗外拍照",
            "孩子们在户外抬轿子",
            "你在海边摆出胜利手势",
            "你在码头和船只合影",
            "参观古代建筑群",
            "你在户外荡秋千",
            "室外参观古树和石碑",
            "你和两人在树林中自拍"
        ],
        "metas": [
            "1张照片，拍摄于上午10点左右",
            "4张照片，拍摄于上午11点左右",
            "2张照片，拍摄于上午11点左右",
            "3张照片，拍摄于上午11点左右",
            "4张照片，拍摄于上午12点左右",
            "2张照片，拍摄于上午12点左右",
            "4张照片，拍摄于下午14点左右",
            "5张照片，拍摄于下午14点左右",
            "7张照片，拍摄于下午15点左右",
            "1张照片，拍摄于下午16点左右"
        ],
        "photos": [
            [
                1
            ],
            [
                2,
                3,
                4,
                5
            ],
            [
                6,
                7
            ],
            [
                8,
                9,
                10
            ],
            [
                11,
                12,
                13,
                14
            ],
            [
                15,
                16
            ],
            [
                17,
                18,
                19,
                20
            ],
            [
                21,
                22,
                23,
                24,
                25
            ],
            [
                26,
                27,
                28,
                29,
                30,
                31,
                32
            ],
            [
                33
            ]
        ],
        "topics": [
            [
                "照片中有一块写着“洋河融海”的浅灰色石碑。你记得这个地方吗?",
                "两位女士站在石碑旁，一位穿着带有多彩花朵图案的白色短袖上衣和同款图案的短裤，另一位穿着深色上衣和黑色下装。你记得都有谁吗?"
            ],
            [
                "你穿着白色短袖上衣和灰色长裤，和一群人一起在草地上坐着。你记得都有谁吗?",
                "照片中，有风力发电机的塔身、深灰蓝色的海水、绿色的植被、远处的岛屿和船只。这里面有你想了解的内容吗?"
            ],
            [
                "照片中有你在车里拍照。你留着短发，穿着白色上衣，拿着银白色的数码相机。你还记得当时在做什么吗?",
                "照片里有你手中的银白色数码相机，以及车内的其他人，他们的穿着和坐姿。这里面有你想了解的内容吗?"
            ],
            [
                "小男孩和小女孩穿着轻便的衣服，小男孩戴着帽子，小女孩撑伞，他们在户外，你记得在场的人物吗?",
                "照片中，孩子们抬着轿子，你记得这是在哪里吗?"
            ],
            [
                "照片中几个人在海边的岩石上摆出胜利的手势，他们穿着轻便的夏日服装，看起来心情愉快。你记得都有谁吗?",
                "你坐在海边岩石上，身穿白色带条纹的短袖衬衫和灰色短裤，对着相机做一个胜利的手势。你还记得当时的活动吗?",
                "海边的岩石是棕褐色的，海水呈现深蓝色带白色泡沫，天空是多云的。你记得海边的感觉吗?",
                "照片中的主要物品包括岩石、海水、人物的穿着和手势。这里面有你想了解的内容吗?"
            ],
            [
                "照片中，你留着黑色头发，上身穿着白色带有黑色边的短袖上衣，下身穿着灰色长裤，脚穿浅色运动鞋，手持一个蓝白相间的塑料袋。你面带微笑，站在港口边，背后是停泊的船只和一个小岛。你记得在做什么吗?",
                "背景中有多云的天空和木质的渔船，港口的景象让人印象深刻。你记得海边的感觉吗?",
                "天空、港口、船只、小岛和手中的塑料袋是照片中的主要元素。这里面有你想了解的内容吗?"
            ],
            [
                "照片中的地点看起来像是某个古代建筑群或寺庙，有红色和灰色的建筑，红色屋顶，和黄色旗帜。周围有绿色的树木和蓝天。你记得这个地方吗?",
                "你在照片中留着短发，穿着白色短袖衬衫和灰色长裤，脚穿运动鞋，站在另一个男性旁边。你的心情如何?",
                "照片中一个男子留着短发，穿着深色短袖衬衫和浅色长裤，抱着一个穿着黑色条纹衣服的小孩子。你记得都有谁吗?",
                "照片中有绿色的树木，红色古典建筑，黄色和红色的旗帜，以及一座山。这里面有你想了解的内容吗?"
            ],
            [
                "照片中，你身穿白色上衣和灰色裤子，戴着帽子，在户外荡秋千，你还记得那天都做了些什么吗?",
                "你所在的地方，秋千由不同颜色的木头和金属制成，周围是石板地面、树木和灌木，你还记得这个地方吗?",
                "照片中有树木、灌木和长椅，其中长椅是由暗色木头制成，你想了解这些环境中的哪些内容吗?"
            ],
            [
                "照片中石碑刻有中文文字'圣水宫'和'祖孙银杏'。你记得这些石碑吗?",
                "你似乎在参观或欣赏树旁的自然风景和建筑物，树干被红色的布条包裹。你记得在做什么吗?"
            ],
            [
                "照片中你留着黑色的短发，穿着白色短袖衬衫。左侧的女性留着黑色长发，穿着带有印花的短袖上衣。右侧的男孩留着黑色短发，穿着白色短袖衬衫。你记得他们吗?",
                "照片背景中有绿色的树木，像是在户外的森林中。你记得是在哪里吗?"
            ]
        ]
    },
    "reply_history": [
        {
            "dialogue_turn": 0,
            "user_input": null,
            "command_eid": null,
            "original_reply": "这是'家族东北之游'文件夹中的35张照片，都拍摄于2011年7月19日。我把照片分成了10个场景，前三个场景是：海边'洋河融海'石碑旁的合影，海边风力发电机前的合影，以及你坐在车内向窗外拍照。接下来三个场景是：孩子们在户外抬轿子，你在海边摆出胜利手势，你在码头和船只合影。最后四个场景是：你在参观古代建筑群,户外荡秋千,室外参观古树,以及你和两人在树林中自拍。我们从第一个场景聊起吧，第一个场景是两位女士与'洋河融海'石碑合影。",
            "corrected_reply": null
        },
        {
            "dialogue_turn": 1,
            "user_input": "什么石碑?",
            "command_eid": "",
            "original_reply": "石碑是一块竖立的灰色岩石，上面用红色的油性笔书写着“洋河融海”四个大字。石碑周围是草地，背景是天空和一排栏杆。两位女士站在石碑两侧，左侧女士穿着图案短袖上衣和短裤，右侧女士着深色上衣和裙子，两人微笑，右手分别放在石碑上。从照片中，我还注意到:两位女士站在石碑旁，一位穿着带有多彩花朵图案的白色短袖上衣和同款图案的短裤，另一位穿着深色上衣和黑色下装。你记得都有谁吗?",
            "corrected_reply": null
        },
        {
            "dialogue_turn": 2,
            "user_input": "这两个女士看起来有多大?",
            "command_eid": "",
            "original_reply": "你提到了这两个女士的年龄。在照片里，我无法准确判断他们的年龄。照片中两位女士一位头发较短，另一位有肩上长发。他们都微笑着站在一块石碑旁。",
            "corrected_reply": null
        },
        {
            "dialogue_turn": 3,
            "user_input": "xiayige",
            "command_eid": "E",
            "original_reply": "你提到了“下一个”。在你提供的照片里，我看到了海边的风景，其中包括岩石海岸线、风力发电机和一片开阔的草地。在最后一张照片中，一组人员在草地上，与海岸线和风力发电机为背景合影。您照片中的第2个场景是风力发电机在海边运转。有4张照片，拍摄于上午11点左右，记录了海边的风力发电机和草坪。这个场景在户外，天气多云，地点看起来像是海岸线附近的风力发电场。照片中主要有风力发电机、海水、天空、植被和远处的船只。",
            "corrected_reply": "照片中的第2个场景是风力发电机在海边运转。有4张照片，拍摄于上午11点左右，记录了海边的风力发电机和草坪。这个场景在户外，天气多云，地点看起来像是海岸线附近的风力发电场。照片中主要有风力发电机、海水、天空、植被和远处的船只。"
        },
        {
            "dialogue_turn": 4,
            "user_input": "海上有浪吗",
            "command_eid": "",
            "original_reply": "你提到了海上的浪。在提供的照片中，我看到海面比较平静，没有明显的浪花。风力发电机耸立在岸边，植被覆盖的土地和一片宁静的海域构成了画面的主要部分。从照片中，我还注意到:你穿着白色短袖上衣和灰色长裤，和一群人一起在草地上坐着。你记得都有谁吗?",
            "corrected_reply": null
        },
        {
            "dialogue_turn": 5,
            "user_input": "应该有小男孩小女孩把",
            "command_eid": "",
            "original_reply": "你提到了小男孩和小女孩。我在照片里看到有一群人坐在草地上，其中包括几位看上去较年轻的个体，可能是你所说的小男孩和小女孩。他们似乎正在享受户外活动。",
            "corrected_reply": null
        },
        {
            "dialogue_turn": 6,
            "user_input": "这些人都在做什么,在吃东西吗",
            "command_eid": "",
            "original_reply": "在照片中，一群人聚集在草地上，他们似乎正在进行户外休闲活动。没有人手持食物，也没有人的姿势表明他们正在进餐。他们的注意力分散，有的人看向相机，有的与他人交谈，而一位小男孩坐在地上似乎正玩耍。",
            "corrected_reply": null
        },
        {
            "dialogue_turn": 7,
            "user_input": "这个小男孩有可能是我的弟弟,他穿着什么颜色的衣服呢?",
            "command_eid": "",
            "original_reply": "你提到了可能是你弟弟的小男孩。我在照片里看到一位小男孩坐在草地上，他穿着蓝色短裤和白色短袖T恤，T恤上似乎有一些图案或文字。",
            "corrected_reply": "你提到了可能是你弟弟的小男孩。我在照片里看到一位小男孩坐在草地上，他穿着蓝色短裤和白色短袖T恤，T恤上似乎有一些图案或文字。风力发电机在海边运转场景的关键信息都聊过了。要不要聊下一个场景呢?下一个场景是:你坐在车内向窗外拍照。"
        },
        {
            "dialogue_turn": 8,
            "user_input": "照片里有几个风力发电机,他们在运转吗",
            "command_eid": "",
            "original_reply": "在照片中，可以看到至少三个风力发电机。由于照片是静态的，无法直接判断它们是否在运转。发电机的叶片看起来静止，但这可能是快门速度较快导致的效果。",
            "corrected_reply": null
        },
        {
            "dialogue_turn": 9,
            "user_input": "风力发电机的叶片是什么颜色的",
            "command_eid": "",
            "original_reply": "你提到了风力发电机的叶片颜色。我在照片里看到的风力发电机的叶片是白色的。",
            "corrected_reply": null
        },
        {
            "dialogue_turn": 10,
            "user_input": "刚才你提到了穿着白色短裤和蓝色上衣的小男孩.你看看其他照片里出现过这个小男孩吗?",
            "command_eid": "3",
            "original_reply": "你提到了穿着白色短裤和蓝色上衣的小男孩。在其他照片里，我没有看到与该描述相匹配的小男孩。照片中的小男孩穿着蓝色短裤和蓝色上衣，上衣上有一个卡通脸谱图案。您照片中的第4个场景是孩子们在户外抬轿子。有3张照片，拍摄于上午11点左右，记录了小男孩和小女孩在户外抬轿子的场景。这个场景的环境在室外，天气看起来是晴朗的。照片中主要有轿子、伞、树木和花丛。",
            "corrected_reply": "另一张照片中的小男孩穿着蓝色短裤和蓝色上衣，上衣上有一个卡通脸谱图案。您照片中的第4个场景是孩子们在户外抬轿子。有3张照片，拍摄于上午11点左右，记录了小男孩和小女孩在户外抬轿子的场景。这个场景的环境在室外，天气看起来是晴朗的。照片中主要有轿子、伞、树木和花丛。"
        },
        {
            "dialogue_turn": 11,
            "user_input": "那第三个场景是什么,我从车内拍照都拍了什么内容?",
            "command_eid": "2",
            "original_reply": "您从车内拍摄了坐在驾驶位的一位佩戴红色帽子的男士，他有戴眼镜，穿着黑色背心。旁边坐着一位穿着浅色上衣的女士。前排座椅上放有一个带圆形通风孔的靠垫。车窗外可以看到绿色的植被。您照片中的第3个场景是你坐在车内向窗外拍照。有2张照片，拍摄于上午11点左右，记录了你在车内拍照的场景。这个场景的环境在室外，光线明亮。照片中主要有你、同车内的男女、车子以及你手中的数码相机。",
            "corrected_reply": "您从车内拍摄了坐在驾驶位的一位佩戴红色帽子的男士，他有戴眼镜，穿着黑色背心。旁边坐着一位穿着浅色上衣的女士。前排座椅上放有一个带圆形通风孔的靠垫。车窗外可以看到绿色的植被。您照片中的第3个场景是你坐在车内向窗外拍照。有2张照片，拍摄于上午11点左右，记录了你在车内拍照的场景。这个场景的环境在室外，光线明亮。照片中主要有你、同车内的男女、车子以及你手中的数码相机。"
        },
        {
            "dialogue_turn": 12,
            "user_input": "这个红帽子的男子,戴的是墨镜吗?",
            "command_eid": "",
            "original_reply": "红帽子的男子戴的不是墨镜，而是普通的眼镜。他的眼镜框架为金属材质，镜片为普通透明色。从照片中，我还注意到:照片里有你手中的银白色数码相机，以及车内的其他人，他们的穿着和坐姿。这里面有你想了解的内容吗?",
            "corrected_reply": null
        },
        {
            "dialogue_turn": 13,
            "user_input": "爸或者我三叔.这辆车是轿车吗?",
            "command_eid": "",
            "original_reply": "这辆车是一辆轿车。根据您的描述和照片内容，这辆车的车身颜色是深灰色，车窗部分可见，车窗内可看到三位乘客。后座的一位男士戴着红色的鸭舌帽，挥手示意，前排副驾驶位上的女士穿着浅色衣服，而您手持着相机。",
            "corrected_reply": null
        },
        {
            "dialogue_turn": 14,
            "user_input": "那有可能是我三叔.那我拍外面的场景是什么?",
            "command_eid": "",
            "original_reply": "",
            "corrected_reply": "您手持相机,但是我看不到您拍摄的内容.您像是在拍摄对面的人.你坐在车内向窗外拍照场景的关键信息都聊过了。要不要回到刚才在聊的场景呢?刚才的场景是:风力发电机在海边运转。"
        },
        {
            "dialogue_turn": 15,
            "user_input": "不用啦,我们聊下一个",
            "command_eid": "4",
            "original_reply": "",
            "corrected_reply": "您照片中的第5个场景是你在海边摆出胜利手势。有4张照片，拍摄于上午12点左右，记录了几个人在海边岩石上摆出胜利手势的场景。环境是室外的海边，天气看起来多云。照片中主要有岩石、海水、人物。"
        },
        {
            "dialogue_turn": 16,
            "user_input": "这张照片我比较有印象.我应该坐在礁石上面.当时很多小伙伴都拍照了,有我弟弟妹妹",
            "command_eid": "",
            "original_reply": "从照片中，我还注意到:你坐在海边岩石上，身穿白色带条纹的短袖衬衫和灰色短裤，对着相机做一个胜利的手势。你还记得当时的活动吗?",
            "corrected_reply": "是的.你坐在海边岩石上，身穿白色带条纹的短袖衬衫和灰色短裤，对着相机做一个胜利的手势。你还记得当时的活动吗?"
        },
        {
            "dialogue_turn": 17,
            "user_input": "当时就是每个人上去拍照.这四张照片都是我吗?还是有其他人",
            "command_eid": "",
            "original_reply": "",
            "corrected_reply": null
        },
        {
            "dialogue_turn": 18,
            "user_input": "好的,那继续,当时海边的浪花大不大",
            "command_eid": "",
            "original_reply": "你提到了想了解海边浪花的大小，我在照片里看到人物站立在岩石上，周围的海水撞击岩石形成了不小的浪花，海水波涛拍岸，形成一定的飞溅。从照片中，我还注意到:海边的岩石是棕褐色的，海水呈现深蓝色带白色泡沫，天空是多云的。你记得海边的感觉吗?",
            "corrected_reply": null
        },
        {
            "dialogue_turn": 19,
            "user_input": "海边的感觉非常好.接下来我们好像去了一个古庙,里面有一颗传说是600年左右的银杏树",
            "command_eid": "8",
            "original_reply": "您照片中的第9个场景是室外参观古树和石碑。有7张照片，拍摄于下午15点左右，记录了你参观古典风格建筑和古树的场景。照片中主要有你站在树旁，树上缠绕红色布条。还有照片显示了刻有'圣水宫'和'祖孙银杏'的石碑。",
            "corrected_reply": "是的.您照片中的第9个场景是室外参观古树和石碑。有7张照片，拍摄于下午15点左右，记录了你参观古典风格建筑和古树的场景。照片中主要有你站在树旁，树上缠绕红色布条。还有照片显示了刻有'圣水宫'和'祖孙银杏'的石碑。"
        },
        {
            "dialogue_turn": 20,
            "user_input": "说这棵树是银杏树。是吗",
            "command_eid": "",
            "original_reply": "你提到了银杏树。我在照片里看到一颗巨大的树，树干上缠绕着红色和黄色的布条，周围有护栏和石碑，后方是一座古典风格的建筑。树看起来很粗壮，树叶繁茂，呈现出绿色。从照片中，我还注意到:你似乎在参观或欣赏树旁的自然风景和建筑物，树干被红色的布条包裹。你记得在做什么吗?",
            "corrected_reply": null
        },
        {
            "dialogue_turn": 21,
            "user_input": "我记得他们传说是明朝时期的大树.你提到了红条子和黄条子,我好像有印象,你提到有喝圣水,那是什么场景?",
            "command_eid": "",
            "original_reply": "你提到了圣水。我在照片里看到有一处建筑看似是庙宇，靠近一座山岩。庙宇的门口放置着两个大型的香炉，庙宇的建筑色彩为红色和灰色。不过照片中并没有直接显示有与圣水相关的详细场景。",
            "corrected_reply": null
        },
        {
            "dialogue_turn": 22,
            "user_input": "刚才你好像说有什么圣水来着?",
            "command_eid": "",
            "original_reply": "",
            "corrected_reply": "片中石碑刻有中文文字'圣水宫'和'祖孙银所以我提到了圣水.你有音 音箱吗?"
        },
        {
            "dialogue_turn": 23,
            "user_input": "圣水宫里面就是喝圣水的地方,有一个地方在滴水.你可以用饮料瓶接圣水喝.还有一个子孙银杏,应该就是多子多福的意思",
            "command_eid": "",
            "original_reply": "你提到了圣水宫和子孙银杏。我在照片里看到一个中国传统建筑风格的庙宇，坐落在山岩下，建筑门前有香炉和石碑。还有一棵被红色和黄色布条装饰的大树，周围有护栏，石碑上有关于这棵树的介绍。",
            "corrected_reply": null
        },
        {
            "dialogue_turn": 24,
            "user_input": "石碑上都介绍了什么内容呀?",
            "command_eid": "",
            "original_reply": "石碑上介绍的是一棵银杏树的历史和文化意义，石碑正面提到这棵银杏树是唐代孝感人杨志赠送给开元寺的，并附有两首诗歌，诗歌的内容颂扬了这棵银杏树和它带来的福气。石碑的文字为黑色，背景是白色花岗岩。",
            "corrected_reply": "石碑上介绍的是一棵银杏树的历史和文化意义，石碑正面提到这棵银杏树是唐代孝感人杨志赠送给开元寺的，并附有两首诗歌，诗歌的内容颂扬了这棵银杏树和它带来的福气。石碑的文字为黑色，背景是白色花岗岩。外参观古树和石碑场景的关键信息都聊过了。要不要回到刚才在聊的场景呢?刚才的场景是:参观古代建筑群"
        },
        {
            "dialogue_turn": 25,
            "user_input": "石碑上都写着哪些内容?两首诗都念出来",
            "command_eid": "",
            "original_reply": "石碑上的文字介绍了银杏树的历史，指出树龄超过了一千三百多年，是唐代孝感人杨志赠送给开元寺的。碑文还记载了两首诗歌，分别是“不为五斗米折腰，专心向圣地”和“万古人杰地，千秋大典坛”。",
            "corrected_reply": "石碑上的文字介绍了银杏树的历史，指出树龄超过了一千三百多年，是唐代孝感人杨志赠送给开元寺的。碑文还记载了两首诗歌，分别是“不为五斗米折腰，专心向圣地”和“万古人杰地，千秋大典坛”。"
        },
        {
            "dialogue_turn": 26,
            "user_input": "好的.还有其他什么场景?",
            "command_eid": "o",
            "original_reply": "这是'家族东北之游'文件夹中的35张照片，都拍摄于2011年7月19日。我把照片分成了10个场景，前三个场景是：海边'洋河融海'石碑旁的合影，海边风力发电机前的合影，以及你坐在车内向窗外拍照。接下来三个场景是：孩子们在户外抬轿子，你在海边摆出胜利手势，你在码头和船只合影。最后四个场景是：你在参观古代建筑群,户外荡秋千,室外参观古树,以及你和两人在树林中自拍。\n0 两位女士与'洋河融海'石碑合影 1张照片，拍摄于上午10点左右\n1 风力发电机在海边运转 4张照片，拍摄于上午11点左右\n2 你坐在车内向窗外拍照 2张照片，拍摄于上午11点左右\n3 孩子们在户外抬轿子 3张照片，拍摄于上午11点左右\n4 你在海边摆出胜利手势 4张照片，拍摄于上午12点左右\n5 你在码头和船只合影 2张照片，拍摄于上午12点左右\n6 参观古代建筑群 4张照片，拍摄于下午14点左右\n7 你在户外荡秋千 5张照片，拍摄于下午14点左右\n8 室外参观古树和石碑 7张照片，拍摄于下午15点左右\n9 你和两人在树林中自拍 1张照片，拍摄于下午16点左右\n",
            "corrected_reply": "还有以下场景:你在码头和船只合影 2张照片，拍摄于上午12点左右.你在户外荡秋千 5张照片，拍摄于下午14点左右.和两人在树林中自拍 1张照片，拍摄于下午16点左右"
        },
        {
            "dialogue_turn": 27,
            "user_input": "在码头的照片应该是上午看海的照片.荡秋千应该是在寺庙旁边吧?",
            "command_eid": "7",
            "original_reply": "你提到了码头和海以及寺庙旁边的秋千。我在照片里看到一位穿着轻便服装的人在户外荡秋千。秋千位于一片树木环绕的区域，周围有树木和一些落在地面上的枯叶。天气看起来晴朗，阳光从树叶间透下来，但码头和海在这些照片中没有出现。",
            "corrected_reply": null
        },
        {
            "dialogue_turn": 28,
            "user_input": "那应该就是寺庙旁的树林里面，因为是景区，所以提供了很多娱乐方式。",
            "command_eid": "7",
            "original_reply": "",
            "corrected_reply": "你在户外荡秋千场景的关键信息都聊过了。要不要聊聊你在树林里面的自拍 呢?"
        },
        {
            "dialogue_turn": 29,
            "user_input": "树林里的自拍我没有印象,你仔细介绍一下吧.这张照片的详细内容",
            "command_eid": "9",
            "original_reply": "你提到了树林里的自拍。我在照片里看到三人紧密地聚在一起，自拍留念。他们中有一位年轻女性和两位年轻男性。女性和一位男性展露开朗的笑容，男性使用的是和平手势。他们身后是模糊的绿色树木，光线充足。从照片中，我还注意到:照片中你留着黑色的短发，穿着白色短袖衬衫。左侧的女性留着黑色长发，穿着带有印花的短袖上衣。右侧的男孩留着黑色短发，穿着白色短袖衬衫。你记得他们吗?",
            "corrected_reply": null
        },
        {
            "dialogue_turn": 30,
            "user_input": "应该是我姐和我弟弟.我没猜错的话.那个小男孩有没有穿着蓝色的短裤?",
            "command_eid": "",
            "original_reply": "",
            "corrected_reply": "小男孩没有排到短裤的照片.和两人在树林中自拍场景的关键信息都聊过了。要不要给你生成一段回忆录呢?"
        },
        {
            "dialogue_turn": 31,
            "user_input": "好的",
            "command_eid": "o",
            "original_reply": "这是'家族东北之游'文件夹中的35张照片，都拍摄于2011年7月19日。我把照片分成了10个场景，前三个场景是：海边'洋河融海'石碑旁的合影，海边风力发电机前的合影，以及你坐在车内向窗外拍照。接下来三个场景是：孩子们在户外抬轿子，你在海边摆出胜利手势，你在码头和船只合影。最后四个场景是：你在参观古代建筑群,户外荡秋千,室外参观古树,以及你和两人在树林中自拍。\n0 两位女士与'洋河融海'石碑合影 1张照片，拍摄于上午10点左右\n1 风力发电机在海边运转 4张照片，拍摄于上午11点左右\n2 你坐在车内向窗外拍照 2张照片，拍摄于上午11点左右\n3 孩子们在户外抬轿子 3张照片，拍摄于上午11点左右\n4 你在海边摆出胜利手势 4张照片，拍摄于上午12点左右\n5 你在码头和船只合影 2张照片，拍摄于上午12点左右\n6 参观古代建筑群 4张照片，拍摄于下午14点左右\n7 你在户外荡秋千 5张照片，拍摄于下午14点左右\n8 室外参观古树和石碑 7张照片，拍摄于下午15点左右\n9 你和两人在树林中自拍 1张照片，拍摄于下午16点左右\n",
            "corrected_reply": " "
        },
        {
            "dialogue_turn": 32,
            "user_input": "帮我生成一段回忆录吧",
            "command_eid": "s",
            "original_reply": "这组照片一共33张，有10个场景。我为您生成了以下回忆录:在那个温暖的夏日，我们一家人踏上了东北之旅。那天，我们在海边合影，风力发电机在我们身后悠然转动，海风带起了大片的浪花，淋漓地撞击在岩石上。我坐在那历史悠久的银杏树旁，心想着那些古人的故事。在码头边，船只和水波一同诉说着海的诗篇。秋千上，我在树荫下轻轻荡漾，享受着片刻的宁静。最温馨的时刻，是我们三兄妹在树林中的自拍：姐姐的笑容、弟弟的和平手势，还有满眼的绿意围绕着我们。这些瞬间，虽然平凡，却在心中留下了难以磨灭的印记。",
            "corrected_reply": null
        }
    ],
    "state_history": [
        {
            "dialogue_turn": 0,
            "curEid": 0,
            "commandEid": null,
            "wandering": false,
            "forwardProgress": 0,
            "isEventTalked": [
                true,
                true,
                true,
                true,
                true,
                false,
                false,
                true,
                true,
                true
            ],
            "isTopicTalked": [
                [
                    false,
                    true
                ],
                [
                    true,
                    false
                ],
                [
                    false,
                    true
                ],
                [
                    false,
                    false
                ],
                [
                    false,
                    true,
                    true,
                    false
                ],
                [
                    false,
                    false,
                    false
                ],
                [
                    false,
                    false,
                    false,
                    false
                ],
                [
                    false,
                    false,
                    false
                ],
                [
                    false,
                    true
                ],
                [
                    true,
                    false
                ]
            ],
            "summarizing": false,
            "overviewing": false
        },
        {
            "dialogue_turn": 1,
            "curEid": 0,
            "commandEid": "",
            "wandering": false,
            "forwardProgress": 0,
            "isEventTalked": [
                true,
                true,
                true,
                true,
                true,
                false,
                false,
                true,
                true,
                true
            ],
            "isTopicTalked": [
                [
                    false,
                    true
                ],
                [
                    true,
                    false
                ],
                [
                    false,
                    true
                ],
                [
                    false,
                    false
                ],
                [
                    false,
                    true,
                    true,
                    false
                ],
                [
                    false,
                    false,
                    false
                ],
                [
                    false,
                    false,
                    false,
                    false
                ],
                [
                    false,
                    false,
                    false
                ],
                [
                    false,
                    true
                ],
                [
                    true,
                    false
                ]
            ],
            "summarizing": false,
            "overviewing": false
        },
        {
            "dialogue_turn": 2,
            "curEid": 0,
            "commandEid": "",
            "wandering": false,
            "forwardProgress": 0,
            "isEventTalked": [
                true,
                true,
                true,
                true,
                true,
                false,
                false,
                true,
                true,
                true
            ],
            "isTopicTalked": [
                [
                    false,
                    true
                ],
                [
                    true,
                    false
                ],
                [
                    false,
                    true
                ],
                [
                    false,
                    false
                ],
                [
                    false,
                    true,
                    true,
                    false
                ],
                [
                    false,
                    false,
                    false
                ],
                [
                    false,
                    false,
                    false,
                    false
                ],
                [
                    false,
                    false,
                    false
                ],
                [
                    false,
                    true
                ],
                [
                    true,
                    false
                ]
            ],
            "summarizing": false,
            "overviewing": false
        },
        {
            "dialogue_turn": 3,
            "curEid": 1,
            "commandEid": "E",
            "wandering": false,
            "forwardProgress": 1,
            "isEventTalked": [
                true,
                true,
                true,
                true,
                true,
                false,
                false,
                true,
                true,
                true
            ],
            "isTopicTalked": [
                [
                    false,
                    true
                ],
                [
                    true,
                    false
                ],
                [
                    false,
                    true
                ],
                [
                    false,
                    false
                ],
                [
                    false,
                    true,
                    true,
                    false
                ],
                [
                    false,
                    false,
                    false
                ],
                [
                    false,
                    false,
                    false,
                    false
                ],
                [
                    false,
                    false,
                    false
                ],
                [
                    false,
                    true
                ],
                [
                    true,
                    false
                ]
            ],
            "summarizing": false,
            "overviewing": false
        },
        {
            "dialogue_turn": 4,
            "curEid": 1,
            "commandEid": "",
            "wandering": false,
            "forwardProgress": 1,
            "isEventTalked": [
                true,
                true,
                true,
                true,
                true,
                false,
                false,
                true,
                true,
                true
            ],
            "isTopicTalked": [
                [
                    false,
                    true
                ],
                [
                    true,
                    false
                ],
                [
                    false,
                    true
                ],
                [
                    false,
                    false
                ],
                [
                    false,
                    true,
                    true,
                    false
                ],
                [
                    false,
                    false,
                    false
                ],
                [
                    false,
                    false,
                    false,
                    false
                ],
                [
                    false,
                    false,
                    false
                ],
                [
                    false,
                    true
                ],
                [
                    true,
                    false
                ]
            ],
            "summarizing": false,
            "overviewing": false
        },
        {
            "dialogue_turn": 5,
            "curEid": 1,
            "commandEid": "",
            "wandering": false,
            "forwardProgress": 1,
            "isEventTalked": [
                true,
                true,
                true,
                true,
                true,
                false,
                false,
                true,
                true,
                true
            ],
            "isTopicTalked": [
                [
                    false,
                    true
                ],
                [
                    true,
                    false
                ],
                [
                    false,
                    true
                ],
                [
                    false,
                    false
                ],
                [
                    false,
                    true,
                    true,
                    false
                ],
                [
                    false,
                    false,
                    false
                ],
                [
                    false,
                    false,
                    false,
                    false
                ],
                [
                    false,
                    false,
                    false
                ],
                [
                    false,
                    true
                ],
                [
                    true,
                    false
                ]
            ],
            "summarizing": false,
            "overviewing": false
        },
        {
            "dialogue_turn": 6,
            "curEid": 1,
            "commandEid": "",
            "wandering": false,
            "forwardProgress": 1,
            "isEventTalked": [
                true,
                true,
                true,
                true,
                true,
                false,
                false,
                true,
                true,
                true
            ],
            "isTopicTalked": [
                [
                    false,
                    true
                ],
                [
                    true,
                    false
                ],
                [
                    false,
                    true
                ],
                [
                    false,
                    false
                ],
                [
                    false,
                    true,
                    true,
                    false
                ],
                [
                    false,
                    false,
                    false
                ],
                [
                    false,
                    false,
                    false,
                    false
                ],
                [
                    false,
                    false,
                    false
                ],
                [
                    false,
                    true
                ],
                [
                    true,
                    false
                ]
            ],
            "summarizing": false,
            "overviewing": false
        },
        {
            "dialogue_turn": 7,
            "curEid": 1,
            "commandEid": "",
            "wandering": false,
            "forwardProgress": 1,
            "isEventTalked": [
                true,
                true,
                true,
                true,
                true,
                false,
                false,
                true,
                true,
                true
            ],
            "isTopicTalked": [
                [
                    false,
                    true
                ],
                [
                    true,
                    false
                ],
                [
                    false,
                    true
                ],
                [
                    false,
                    false
                ],
                [
                    false,
                    true,
                    true,
                    false
                ],
                [
                    false,
                    false,
                    false
                ],
                [
                    false,
                    false,
                    false,
                    false
                ],
                [
                    false,
                    false,
                    false
                ],
                [
                    false,
                    true
                ],
                [
                    true,
                    false
                ]
            ],
            "summarizing": false,
            "overviewing": false
        },
        {
            "dialogue_turn": 8,
            "curEid": 1,
            "commandEid": "",
            "wandering": false,
            "forwardProgress": 1,
            "isEventTalked": [
                true,
                true,
                true,
                true,
                true,
                false,
                false,
                true,
                true,
                true
            ],
            "isTopicTalked": [
                [
                    false,
                    true
                ],
                [
                    true,
                    false
                ],
                [
                    false,
                    true
                ],
                [
                    false,
                    false
                ],
                [
                    false,
                    true,
                    true,
                    false
                ],
                [
                    false,
                    false,
                    false
                ],
                [
                    false,
                    false,
                    false,
                    false
                ],
                [
                    false,
                    false,
                    false
                ],
                [
                    false,
                    true
                ],
                [
                    true,
                    false
                ]
            ],
            "summarizing": false,
            "overviewing": false
        },
        {
            "dialogue_turn": 9,
            "curEid": 1,
            "commandEid": "",
            "wandering": false,
            "forwardProgress": 1,
            "isEventTalked": [
                true,
                true,
                true,
                true,
                true,
                false,
                false,
                true,
                true,
                true
            ],
            "isTopicTalked": [
                [
                    false,
                    true
                ],
                [
                    true,
                    false
                ],
                [
                    false,
                    true
                ],
                [
                    false,
                    false
                ],
                [
                    false,
                    true,
                    true,
                    false
                ],
                [
                    false,
                    false,
                    false
                ],
                [
                    false,
                    false,
                    false,
                    false
                ],
                [
                    false,
                    false,
                    false
                ],
                [
                    false,
                    true
                ],
                [
                    true,
                    false
                ]
            ],
            "summarizing": false,
            "overviewing": false
        },
        {
            "dialogue_turn": 10,
            "curEid": 3,
            "commandEid": "3",
            "wandering": true,
            "forwardProgress": 1,
            "isEventTalked": [
                true,
                true,
                true,
                true,
                true,
                false,
                false,
                true,
                true,
                true
            ],
            "isTopicTalked": [
                [
                    false,
                    true
                ],
                [
                    true,
                    false
                ],
                [
                    false,
                    true
                ],
                [
                    false,
                    false
                ],
                [
                    false,
                    true,
                    true,
                    false
                ],
                [
                    false,
                    false,
                    false
                ],
                [
                    false,
                    false,
                    false,
                    false
                ],
                [
                    false,
                    false,
                    false
                ],
                [
                    false,
                    true
                ],
                [
                    true,
                    false
                ]
            ],
            "summarizing": false,
            "overviewing": false
        },
        {
            "dialogue_turn": 11,
            "curEid": 2,
            "commandEid": "2",
            "wandering": true,
            "forwardProgress": 1,
            "isEventTalked": [
                true,
                true,
                true,
                true,
                true,
                false,
                false,
                true,
                true,
                true
            ],
            "isTopicTalked": [
                [
                    false,
                    true
                ],
                [
                    true,
                    false
                ],
                [
                    false,
                    true
                ],
                [
                    false,
                    false
                ],
                [
                    false,
                    true,
                    true,
                    false
                ],
                [
                    false,
                    false,
                    false
                ],
                [
                    false,
                    false,
                    false,
                    false
                ],
                [
                    false,
                    false,
                    false
                ],
                [
                    false,
                    true
                ],
                [
                    true,
                    false
                ]
            ],
            "summarizing": false,
            "overviewing": false
        },
        {
            "dialogue_turn": 12,
            "curEid": 2,
            "commandEid": "",
            "wandering": true,
            "forwardProgress": 1,
            "isEventTalked": [
                true,
                true,
                true,
                true,
                true,
                false,
                false,
                true,
                true,
                true
            ],
            "isTopicTalked": [
                [
                    false,
                    true
                ],
                [
                    true,
                    false
                ],
                [
                    false,
                    true
                ],
                [
                    false,
                    false
                ],
                [
                    false,
                    true,
                    true,
                    false
                ],
                [
                    false,
                    false,
                    false
                ],
                [
                    false,
                    false,
                    false,
                    false
                ],
                [
                    false,
                    false,
                    false
                ],
                [
                    false,
                    true
                ],
                [
                    true,
                    false
                ]
            ],
            "summarizing": false,
            "overviewing": false
        },
        {
            "dialogue_turn": 13,
            "curEid": 2,
            "commandEid": "",
            "wandering": true,
            "forwardProgress": 1,
            "isEventTalked": [
                true,
                true,
                true,
                true,
                true,
                false,
                false,
                true,
                true,
                true
            ],
            "isTopicTalked": [
                [
                    false,
                    true
                ],
                [
                    true,
                    false
                ],
                [
                    false,
                    true
                ],
                [
                    false,
                    false
                ],
                [
                    false,
                    true,
                    true,
                    false
                ],
                [
                    false,
                    false,
                    false
                ],
                [
                    false,
                    false,
                    false,
                    false
                ],
                [
                    false,
                    false,
                    false
                ],
                [
                    false,
                    true
                ],
                [
                    true,
                    false
                ]
            ],
            "summarizing": false,
            "overviewing": false
        },
        {
            "dialogue_turn": 14,
            "curEid": 2,
            "commandEid": "",
            "wandering": true,
            "forwardProgress": 1,
            "isEventTalked": [
                true,
                true,
                true,
                true,
                true,
                false,
                false,
                true,
                true,
                true
            ],
            "isTopicTalked": [
                [
                    false,
                    true
                ],
                [
                    true,
                    false
                ],
                [
                    false,
                    true
                ],
                [
                    false,
                    false
                ],
                [
                    false,
                    true,
                    true,
                    false
                ],
                [
                    false,
                    false,
                    false
                ],
                [
                    false,
                    false,
                    false,
                    false
                ],
                [
                    false,
                    false,
                    false
                ],
                [
                    false,
                    true
                ],
                [
                    true,
                    false
                ]
            ],
            "summarizing": false,
            "overviewing": false
        },
        {
            "dialogue_turn": 15,
            "curEid": 4,
            "commandEid": "4",
            "wandering": true,
            "forwardProgress": 1,
            "isEventTalked": [
                true,
                true,
                true,
                true,
                true,
                false,
                false,
                true,
                true,
                true
            ],
            "isTopicTalked": [
                [
                    false,
                    true
                ],
                [
                    true,
                    false
                ],
                [
                    false,
                    true
                ],
                [
                    false,
                    false
                ],
                [
                    false,
                    true,
                    true,
                    false
                ],
                [
                    false,
                    false,
                    false
                ],
                [
                    false,
                    false,
                    false,
                    false
                ],
                [
                    false,
                    false,
                    false
                ],
                [
                    false,
                    true
                ],
                [
                    true,
                    false
                ]
            ],
            "summarizing": false,
            "overviewing": false
        },
        {
            "dialogue_turn": 16,
            "curEid": 4,
            "commandEid": "",
            "wandering": true,
            "forwardProgress": 1,
            "isEventTalked": [
                true,
                true,
                true,
                true,
                true,
                false,
                false,
                true,
                true,
                true
            ],
            "isTopicTalked": [
                [
                    false,
                    true
                ],
                [
                    true,
                    false
                ],
                [
                    false,
                    true
                ],
                [
                    false,
                    false
                ],
                [
                    false,
                    true,
                    true,
                    false
                ],
                [
                    false,
                    false,
                    false
                ],
                [
                    false,
                    false,
                    false,
                    false
                ],
                [
                    false,
                    false,
                    false
                ],
                [
                    false,
                    true
                ],
                [
                    true,
                    false
                ]
            ],
            "summarizing": false,
            "overviewing": false
        },
        {
            "dialogue_turn": 17,
            "curEid": 4,
            "commandEid": "",
            "wandering": true,
            "forwardProgress": 1,
            "isEventTalked": [
                true,
                true,
                true,
                true,
                true,
                false,
                false,
                true,
                true,
                true
            ],
            "isTopicTalked": [
                [
                    false,
                    true
                ],
                [
                    true,
                    false
                ],
                [
                    false,
                    true
                ],
                [
                    false,
                    false
                ],
                [
                    false,
                    true,
                    true,
                    false
                ],
                [
                    false,
                    false,
                    false
                ],
                [
                    false,
                    false,
                    false,
                    false
                ],
                [
                    false,
                    false,
                    false
                ],
                [
                    false,
                    true
                ],
                [
                    true,
                    false
                ]
            ],
            "summarizing": false,
            "overviewing": false
        },
        {
            "dialogue_turn": 18,
            "curEid": 4,
            "commandEid": "",
            "wandering": true,
            "forwardProgress": 1,
            "isEventTalked": [
                true,
                true,
                true,
                true,
                true,
                false,
                false,
                true,
                true,
                true
            ],
            "isTopicTalked": [
                [
                    false,
                    true
                ],
                [
                    true,
                    false
                ],
                [
                    false,
                    true
                ],
                [
                    false,
                    false
                ],
                [
                    false,
                    true,
                    true,
                    false
                ],
                [
                    false,
                    false,
                    false
                ],
                [
                    false,
                    false,
                    false,
                    false
                ],
                [
                    false,
                    false,
                    false
                ],
                [
                    false,
                    true
                ],
                [
                    true,
                    false
                ]
            ],
            "summarizing": false,
            "overviewing": false
        },
        {
            "dialogue_turn": 19,
            "curEid": 8,
            "commandEid": "8",
            "wandering": true,
            "forwardProgress": 1,
            "isEventTalked": [
                true,
                true,
                true,
                true,
                true,
                false,
                false,
                true,
                true,
                true
            ],
            "isTopicTalked": [
                [
                    false,
                    true
                ],
                [
                    true,
                    false
                ],
                [
                    false,
                    true
                ],
                [
                    false,
                    false
                ],
                [
                    false,
                    true,
                    true,
                    false
                ],
                [
                    false,
                    false,
                    false
                ],
                [
                    false,
                    false,
                    false,
                    false
                ],
                [
                    false,
                    false,
                    false
                ],
                [
                    false,
                    true
                ],
                [
                    true,
                    false
                ]
            ],
            "summarizing": false,
            "overviewing": false
        },
        {
            "dialogue_turn": 20,
            "curEid": 8,
            "commandEid": "",
            "wandering": true,
            "forwardProgress": 1,
            "isEventTalked": [
                true,
                true,
                true,
                true,
                true,
                false,
                false,
                true,
                true,
                true
            ],
            "isTopicTalked": [
                [
                    false,
                    true
                ],
                [
                    true,
                    false
                ],
                [
                    false,
                    true
                ],
                [
                    false,
                    false
                ],
                [
                    false,
                    true,
                    true,
                    false
                ],
                [
                    false,
                    false,
                    false
                ],
                [
                    false,
                    false,
                    false,
                    false
                ],
                [
                    false,
                    false,
                    false
                ],
                [
                    false,
                    true
                ],
                [
                    true,
                    false
                ]
            ],
            "summarizing": false,
            "overviewing": false
        },
        {
            "dialogue_turn": 21,
            "curEid": 8,
            "commandEid": "",
            "wandering": true,
            "forwardProgress": 1,
            "isEventTalked": [
                true,
                true,
                true,
                true,
                true,
                false,
                false,
                true,
                true,
                true
            ],
            "isTopicTalked": [
                [
                    false,
                    true
                ],
                [
                    true,
                    false
                ],
                [
                    false,
                    true
                ],
                [
                    false,
                    false
                ],
                [
                    false,
                    true,
                    true,
                    false
                ],
                [
                    false,
                    false,
                    false
                ],
                [
                    false,
                    false,
                    false,
                    false
                ],
                [
                    false,
                    false,
                    false
                ],
                [
                    false,
                    true
                ],
                [
                    true,
                    false
                ]
            ],
            "summarizing": false,
            "overviewing": false
        },
        {
            "dialogue_turn": 22,
            "curEid": 8,
            "commandEid": "",
            "wandering": true,
            "forwardProgress": 1,
            "isEventTalked": [
                true,
                true,
                true,
                true,
                true,
                false,
                false,
                true,
                true,
                true
            ],
            "isTopicTalked": [
                [
                    false,
                    true
                ],
                [
                    true,
                    false
                ],
                [
                    false,
                    true
                ],
                [
                    false,
                    false
                ],
                [
                    false,
                    true,
                    true,
                    false
                ],
                [
                    false,
                    false,
                    false
                ],
                [
                    false,
                    false,
                    false,
                    false
                ],
                [
                    false,
                    false,
                    false
                ],
                [
                    false,
                    true
                ],
                [
                    true,
                    false
                ]
            ],
            "summarizing": false,
            "overviewing": false
        },
        {
            "dialogue_turn": 23,
            "curEid": 8,
            "commandEid": "",
            "wandering": true,
            "forwardProgress": 1,
            "isEventTalked": [
                true,
                true,
                true,
                true,
                true,
                false,
                false,
                true,
                true,
                true
            ],
            "isTopicTalked": [
                [
                    false,
                    true
                ],
                [
                    true,
                    false
                ],
                [
                    false,
                    true
                ],
                [
                    false,
                    false
                ],
                [
                    false,
                    true,
                    true,
                    false
                ],
                [
                    false,
                    false,
                    false
                ],
                [
                    false,
                    false,
                    false,
                    false
                ],
                [
                    false,
                    false,
                    false
                ],
                [
                    false,
                    true
                ],
                [
                    true,
                    false
                ]
            ],
            "summarizing": false,
            "overviewing": false
        },
        {
            "dialogue_turn": 24,
            "curEid": 8,
            "commandEid": "",
            "wandering": true,
            "forwardProgress": 1,
            "isEventTalked": [
                true,
                true,
                true,
                true,
                true,
                false,
                false,
                true,
                true,
                true
            ],
            "isTopicTalked": [
                [
                    false,
                    true
                ],
                [
                    true,
                    false
                ],
                [
                    false,
                    true
                ],
                [
                    false,
                    false
                ],
                [
                    false,
                    true,
                    true,
                    false
                ],
                [
                    false,
                    false,
                    false
                ],
                [
                    false,
                    false,
                    false,
                    false
                ],
                [
                    false,
                    false,
                    false
                ],
                [
                    false,
                    true
                ],
                [
                    true,
                    false
                ]
            ],
            "summarizing": false,
            "overviewing": false
        },
        {
            "dialogue_turn": 25,
            "curEid": 8,
            "commandEid": "",
            "wandering": true,
            "forwardProgress": 1,
            "isEventTalked": [
                true,
                true,
                true,
                true,
                true,
                false,
                false,
                true,
                true,
                true
            ],
            "isTopicTalked": [
                [
                    false,
                    true
                ],
                [
                    true,
                    false
                ],
                [
                    false,
                    true
                ],
                [
                    false,
                    false
                ],
                [
                    false,
                    true,
                    true,
                    false
                ],
                [
                    false,
                    false,
                    false
                ],
                [
                    false,
                    false,
                    false,
                    false
                ],
                [
                    false,
                    false,
                    false
                ],
                [
                    false,
                    true
                ],
                [
                    true,
                    false
                ]
            ],
            "summarizing": false,
            "overviewing": false
        },
        {
            "dialogue_turn": 26,
            "curEid": 8,
            "commandEid": "o",
            "wandering": true,
            "forwardProgress": 1,
            "isEventTalked": [
                true,
                true,
                true,
                true,
                true,
                false,
                false,
                true,
                true,
                true
            ],
            "isTopicTalked": [
                [
                    false,
                    true
                ],
                [
                    true,
                    false
                ],
                [
                    false,
                    true
                ],
                [
                    false,
                    false
                ],
                [
                    false,
                    true,
                    true,
                    false
                ],
                [
                    false,
                    false,
                    false
                ],
                [
                    false,
                    false,
                    false,
                    false
                ],
                [
                    false,
                    false,
                    false
                ],
                [
                    false,
                    true
                ],
                [
                    true,
                    false
                ]
            ],
            "summarizing": false,
            "overviewing": true
        },
        {
            "dialogue_turn": 27,
            "curEid": 7,
            "commandEid": "7",
            "wandering": true,
            "forwardProgress": 1,
            "isEventTalked": [
                true,
                true,
                true,
                true,
                true,
                false,
                false,
                true,
                true,
                true
            ],
            "isTopicTalked": [
                [
                    false,
                    true
                ],
                [
                    true,
                    false
                ],
                [
                    false,
                    true
                ],
                [
                    false,
                    false
                ],
                [
                    false,
                    true,
                    true,
                    false
                ],
                [
                    false,
                    false,
                    false
                ],
                [
                    false,
                    false,
                    false,
                    false
                ],
                [
                    false,
                    false,
                    false
                ],
                [
                    false,
                    true
                ],
                [
                    true,
                    false
                ]
            ],
            "summarizing": false,
            "overviewing": false
        },
        {
            "dialogue_turn": 28,
            "curEid": 7,
            "commandEid": "7",
            "wandering": true,
            "forwardProgress": 1,
            "isEventTalked": [
                true,
                true,
                true,
                true,
                true,
                false,
                false,
                true,
                true,
                true
            ],
            "isTopicTalked": [
                [
                    false,
                    true
                ],
                [
                    true,
                    false
                ],
                [
                    false,
                    true
                ],
                [
                    false,
                    false
                ],
                [
                    false,
                    true,
                    true,
                    false
                ],
                [
                    false,
                    false,
                    false
                ],
                [
                    false,
                    false,
                    false,
                    false
                ],
                [
                    false,
                    false,
                    false
                ],
                [
                    false,
                    true
                ],
                [
                    true,
                    false
                ]
            ],
            "summarizing": false,
            "overviewing": false
        },
        {
            "dialogue_turn": 29,
            "curEid": 9,
            "commandEid": "9",
            "wandering": true,
            "forwardProgress": 1,
            "isEventTalked": [
                true,
                true,
                true,
                true,
                true,
                false,
                false,
                true,
                true,
                true
            ],
            "isTopicTalked": [
                [
                    false,
                    true
                ],
                [
                    true,
                    false
                ],
                [
                    false,
                    true
                ],
                [
                    false,
                    false
                ],
                [
                    false,
                    true,
                    true,
                    false
                ],
                [
                    false,
                    false,
                    false
                ],
                [
                    false,
                    false,
                    false,
                    false
                ],
                [
                    false,
                    false,
                    false
                ],
                [
                    false,
                    true
                ],
                [
                    true,
                    false
                ]
            ],
            "summarizing": false,
            "overviewing": false
        },
        {
            "dialogue_turn": 30,
            "curEid": 9,
            "commandEid": "",
            "wandering": true,
            "forwardProgress": 1,
            "isEventTalked": [
                true,
                true,
                true,
                true,
                true,
                false,
                false,
                true,
                true,
                true
            ],
            "isTopicTalked": [
                [
                    false,
                    true
                ],
                [
                    true,
                    false
                ],
                [
                    false,
                    true
                ],
                [
                    false,
                    false
                ],
                [
                    false,
                    true,
                    true,
                    false
                ],
                [
                    false,
                    false,
                    false
                ],
                [
                    false,
                    false,
                    false,
                    false
                ],
                [
                    false,
                    false,
                    false
                ],
                [
                    false,
                    true
                ],
                [
                    true,
                    false
                ]
            ],
            "summarizing": false,
            "overviewing": false
        },
        {
            "dialogue_turn": 31,
            "curEid": 9,
            "commandEid": "o",
            "wandering": true,
            "forwardProgress": 1,
            "isEventTalked": [
                true,
                true,
                true,
                true,
                true,
                false,
                false,
                true,
                true,
                true
            ],
            "isTopicTalked": [
                [
                    false,
                    true
                ],
                [
                    true,
                    false
                ],
                [
                    false,
                    true
                ],
                [
                    false,
                    false
                ],
                [
                    false,
                    true,
                    true,
                    false
                ],
                [
                    false,
                    false,
                    false
                ],
                [
                    false,
                    false,
                    false,
                    false
                ],
                [
                    false,
                    false,
                    false
                ],
                [
                    false,
                    true
                ],
                [
                    true,
                    false
                ]
            ],
            "summarizing": false,
            "overviewing": true
        },
        {
            "dialogue_turn": 32,
            "curEid": 9,
            "commandEid": "s",
            "wandering": true,
            "forwardProgress": 1,
            "isEventTalked": [
                true,
                true,
                true,
                true,
                true,
                false,
                false,
                true,
                true,
                true
            ],
            "isTopicTalked": [
                [
                    false,
                    true
                ],
                [
                    true,
                    false
                ],
                [
                    false,
                    true
                ],
                [
                    false,
                    false
                ],
                [
                    false,
                    true,
                    true,
                    false
                ],
                [
                    false,
                    false,
                    false
                ],
                [
                    false,
                    false,
                    false,
                    false
                ],
                [
                    false,
                    false,
                    false
                ],
                [
                    false,
                    true
                ],
                [
                    true,
                    false
                ]
            ],
            "summarizing": true,
            "overviewing": false
        }
    ]
}