{
    "user": "zhy_1",
    "resume": null,
    "datetime": "2024-02-26-10:48",
    "photo_dir": "/Users/codaxu/Documents/ChatAlbum/Reviver_Proactive/photos/zhy_1",
    "chat_history": [
        {
            "role": "assistant",
            "content": "这是'家族东北之游'文件夹中的35张照片，都拍摄于2011年7月19日。我把照片分成了10个场景，前三个场景是：海边'洋河融海'石碑旁的合影，海边风力发电机前的合影，以及你坐在车内向窗外拍照。接下来三个场景是：孩子们在户外抬轿子，你在海边摆出胜利手势，你在码头和船只合影。最后四个场景是：你在参观古代建筑群,户外荡秋千,室外参观古树,以及你和两人在树林中自拍。我们从第一个场景聊起吧，第一个场景是两位女士与'洋河融海'石碑合影。"
        }
    ],
    "mtree": {
        "superE": "这是'家族东北之游'文件夹中的35张照片，都拍摄于2011年7月19日。我把照片分成了10个场景，前三个场景是：海边'洋河融海'石碑旁的合影，海边风力发电机前的合影，以及你坐在车内向窗外拍照。接下来三个场景是：孩子们在户外抬轿子，你在海边摆出胜利手势，你在码头和船只合影。最后四个场景是：你在参观古代建筑群,户外荡秋千,室外参观古树,以及你和两人在树林中自拍。",
        "events": [
            "有1张照片，拍摄于上午10点左右，记录了两位女士站在一块石碑旁的场景, 石碑上写着'洋河融海'。这个场景在室外，天气多云。照片中除了两位女士和石碑，还有蓝色栏杆和绿色植被。",
            "有4张照片，拍摄于上午11点左右，记录了海边的风力发电机和草坪。这个场景在户外，天气多云，地点看起来像是海岸线附近的风力发电场。照片中主要有风力发电机、海水、天空、植被和远处的船只。",
            "有2张照片，拍摄于上午11点左右，记录了你在车内拍照的场景。这个场景的环境在室外，但光线明亮。照片中主要有你、同车内的男女、车子以及你手中的数码相机。",
            "有3张照片，拍摄于上午11点左右，记录了小男孩和小女孩在户外抬轿子的场景。这个场景的环境在室外，天气看起来是晴朗的。照片中主要有轿子、伞、树木和花丛。",
            "有4张照片，拍摄于上午12点左右，记录了几个人在海边岩石上摆出胜利手势的场景。环境是室外的海边，天气看起来多云。照片中主要有岩石、海水、人物。",
            "有2张照片，拍摄于上午12点左右，记录了你在户外码头的场景，你身后水面上有船只。这个场景的环境在户外，天气在多云到晴朗之间变化。照片中主要有你、船只、小岛。",
            "有4张照片，拍摄于下午14点左右，记录了你和其他人参观古代建筑群的场景。照片中主要有男子和小孩、古典风格的建筑、绿树和蓝天。",
            "有5张照片，拍摄于下午14点左右，记录了你在户外荡秋千的场景。照片中你主要穿着白色上衣和灰色裤子，戴着白色帽子，秋千由木头和金属制成，周围有树木和灌木。",
            "有7张照片，拍摄于下午15点左右，记录了你参观古典风格建筑和古树的场景。照片中主要有你站在树旁，树上缠绕红色布条。还有照片显示了刻有'圣水宫'和'祖孙银杏'的石碑。",
            "有1张照片，拍摄于下午16点左右，记录了你一位女士和一位男孩一起在户外自拍。你留着黑色的短发，穿着白色短袖衬衫。照片拍摄于户外，白天有云但整体光线充足。背景有绿色的树木"
        ],
        "evtCnt": 10,
        "evtStr": "0 两位女士与'洋河融海'石碑合影\n1 风力发电机在海边运转\n2 你坐在车内向窗外拍照\n3 孩子们在户外抬轿子\n4 你在海边摆出胜利手势\n5 你在码头和船只合影\n6 参观古代建筑群\n7 你在户外荡秋千\n8 室外参观古树和石碑\n9 你和两人在树林中自拍\n",
        "shorts": [
            "两位女士与'洋河融海'石碑合影",
            "风力发电机在海边运转",
            "你坐在车内向窗外拍照",
            "孩子们在户外抬轿子",
            "你在海边摆出胜利手势",
            "你在码头和船只合影",
            "参观古代建筑群",
            "你在户外荡秋千",
            "室外参观古树和石碑",
            "你和两人在树林中自拍"
        ],
        "photos": [
            [
                1
            ],
            [
                2,
                3,
                4,
                5
            ],
            [
                6,
                7
            ],
            [
                8,
                9,
                10
            ],
            [
                11,
                12,
                13,
                14
            ],
            [
                15,
                16
            ],
            [
                17,
                18,
                19,
                20
            ],
            [
                21,
                22,
                23,
                24,
                25
            ],
            [
                26,
                27,
                28,
                29,
                30,
                31,
                32
            ],
            [
                33
            ]
        ],
        "topics": [
            [
                "照片中有一块写着“洋河融海”的浅灰色石碑。你记得这个地方吗?",
                "两位女士站在石碑旁，一位穿着带有多彩花朵图案的白色短袖上衣和同款图案的短裤，另一位穿着深色上衣和黑色下装。你记得都有谁吗?"
            ],
            [
                "你穿着白色短袖上衣和灰色长裤，和一群人一起在草地上坐着。你记得都有谁吗?",
                "照片中，有风力发电机的塔身、深灰蓝色的海水、绿色的植被、远处的岛屿和船只。这里面有你想了解的内容吗?"
            ],
            [
                "照片中有你在车里拍照。你留着短发，穿着白色上衣，拿着银白色的数码相机。你还记得当时在做什么吗?",
                "照片里有你手中的银白色数码相机，以及车内的其他人，他们的穿着和坐姿。这里面有你想了解的内容吗?"
            ],
            [
                "小男孩和小女孩穿着轻便的衣服，小男孩戴着帽子，小女孩撑伞，他们在户外，你记得在场的人物吗?",
                "照片中，孩子们抬着轿子，你记得这是在哪里吗?"
            ],
            [
                "照片中几个人在海边的岩石上摆出胜利的手势，他们穿着轻便的夏日服装，看起来心情愉快。你记得都有谁吗?",
                "你坐在海边岩石上，身穿白色带条纹的短袖衬衫和灰色短裤，对着相机做一个胜利的手势。你还记得当时的活动吗?",
                "海边的岩石是棕褐色的，海水呈现深蓝色带白色泡沫，天空是多云的。你记得海边的感觉吗?",
                "照片中的主要物品包括岩石、海水、人物的穿着和手势。这里面有你想了解的内容吗?"
            ],
            [
                "照片中，你留着黑色头发，上身穿着白色带有黑色边的短袖上衣，下身穿着灰色长裤，脚穿浅色运动鞋，手持一个蓝白相间的塑料袋。你面带微笑，站在港口边，背后是停泊的船只和一个小岛。你记得在做什么吗?",
                "背景中有多云的天空和木质的渔船，港口的景象让人印象深刻。你记得海边的感觉吗?",
                "天空、港口、船只、小岛和手中的塑料袋是照片中的主要元素。这里面有你想了解的内容吗?"
            ],
            [
                "照片中的地点看起来像是某个古代建筑群或寺庙，有红色和灰色的建筑，红色屋顶，和黄色旗帜。周围有绿色的树木和蓝天。你记得这个地方吗?",
                "你在照片中留着短发，穿着白色短袖衬衫和灰色长裤，脚穿运动鞋，站在另一个男性旁边。你的心情如何?",
                "照片中一个男子留着短发，穿着深色短袖衬衫和浅色长裤，抱着一个穿着黑色条纹衣服的小孩子。你记得都有谁吗?",
                "照片中有绿色的树木，红色古典建筑，黄色和红色的旗帜，以及一座山。这里面有你想了解的内容吗?"
            ],
            [
                "照片中，你身穿白色上衣和灰色裤子，戴着帽子，在户外荡秋千，你还记得那天都做了些什么吗?",
                "你所在的地方，秋千由不同颜色的木头和金属制成，周围是石板地面、树木和灌木，你还记得这个地方吗?",
                "照片中有树木、灌木和长椅，其中长椅是由暗色木头制成，你想了解这些环境中的哪些内容吗?"
            ],
            [
                "照片中石碑刻有中文文字'圣水宫'和'祖孙银杏'。你记得这些石碑吗?",
                "你似乎在参观或欣赏树旁的自然风景和建筑物，树干被红色的布条包裹。你记得在做什么吗?"
            ],
            [
                "照片中你留着黑色的短发，穿着白色短袖衬衫。左侧的女性留着黑色长发，穿着带有印花的短袖上衣。右侧的男孩留着黑色短发，穿着白色短袖衬衫。你记得他们吗?",
                "照片背景中有绿色的树木，像是在户外的森林中。你记得是在哪里吗?"
            ]
        ]
    },
    "reply_history": [
        {
            "dialogue_turn": 0,
            "user_input": null,
            "command_eid": null,
            "original_reply": "这是'家族东北之游'文件夹中的35张照片，都拍摄于2011年7月19日。我把照片分成了10个场景，前三个场景是：海边'洋河融海'石碑旁的合影，海边风力发电机前的合影，以及你坐在车内向窗外拍照。接下来三个场景是：孩子们在户外抬轿子，你在海边摆出胜利手势，你在码头和船只合影。最后四个场景是：你在参观古代建筑群,户外荡秋千,室外参观古树,以及你和两人在树林中自拍。我们从第一个场景聊起吧，第一个场景是两位女士与'洋河融海'石碑合影。",
            "corrected_reply": null
        }
    ],
    "state_history": [
        {
            "dialogue_turn": 0,
            "curEid": 0,
            "commandEid": null,
            "wandering": false,
            "forwardProgress": 0,
            "isEventTalked": [
                false,
                false,
                false,
                false,
                false,
                false,
                false,
                false,
                false,
                false
            ],
            "isTopicTalked": [
                [
                    false,
                    false
                ],
                [
                    false,
                    false
                ],
                [
                    false,
                    false
                ],
                [
                    false,
                    false
                ],
                [
                    false,
                    false,
                    false,
                    false
                ],
                [
                    false,
                    false,
                    false
                ],
                [
                    false,
                    false,
                    false,
                    false
                ],
                [
                    false,
                    false,
                    false
                ],
                [
                    false,
                    false
                ],
                [
                    false,
                    false
                ]
            ],
            "summarizing": false
        }
    ]
}