{
    "user": "zlj_2",
    "resume": "zlj_2_20240301_2.log",
    "datetime": [
        "2024-03-01-12:52"
    ],
    "photo_dir": "/Users/codaxu/Documents/ChatAlbum/Reviver_Proactive/photos/zlj_2",
    "chat_history": [
        {
            "role": "assistant",
            "content": "这组照片拍摄于2017年8月，一共有61张，文件夹名称写着'巴拿马、哥斯达黎加、伯利兹、哥伦比亚'。为了帮助您理解，我把照片分成了8个场景。其中有:中巴公园参观巴拿马总统雕像,吃龙虾,喝椰子汁,和蝴蝶标本合影,轮船博物馆参观,哥斯达黎加巡演,乘船与辽阔海面合影,波特洛博物馆和波哥大教堂参观,玻利瓦尔广场上与鸽子合影。我们从第一个场景聊起吧，第一个场景是中巴公园牌坊和巴拿马总统雕像。"
        },
        {
            "role": "user",
            "content": "能继续说吗"
        },
        {
            "role": "assistant",
            "content": "您照片中的第1个场景是中巴公园牌坊和巴拿马总统雕像。有4张照片,拍摄于8月15日,是你在中巴公园中的单人照。其中有2张照片是你站在写有'中巴公园'文字的牌坊前，另外2张照片是你站在一塑可能是'巴拿马总统'的人像雕塑前。照片中多云，光线充足。"
        },
        {
            "role": "user",
            "content": "h"
        },
        {
            "role": "assistant",
            "content": "后面场景有7个，你可以随时打断我。第二个场景有9张照片,拍摄于8月16日,记录了你在室内吃龙虾，在草地上坐着和跳跃，以及在长有白色花朵的树木旁边拍照。第三个场景有10张照片,拍摄于8月21日,记录了你在室内喝椰子汁，在室内和蝴蝶标本合影，以及浪花很大的海边无人场景。第四个场景有4张照片,拍摄于8月24日,根据照片判断这是在类似轮船博物馆的场所。判断依据是:一张照片中你站在类似轮船主控舱内的地方拍照，另一张照片中你拿着模型电话，还有两张照片中你站在白色模型窗旁。第五个场景有10张照片,拍摄于8月26日,记录了你白天在有露天游泳池和热带树木景观的场地活动,以及晚上你在写有'庆祝中哥建交十周年中国残疾人艺术团访哥斯达黎加巡演'的舞台前大合影。第六个场景有6张照片,拍摄于8月28日,记录了你在船上，靠着栏杆，与宽阔的海面合影。"
        },
        {
            "role": "user",
            "content": "鸽子"
        },
        {
            "role": "assistant",
            "content": "您照片中的第8个场景是玻利瓦尔广场上与鸽子合影。有9张照片,拍摄于8月31日,记录了你在玻利瓦尔广场上，与周边的建筑物，还有广场上的鸽子合影。照片中天气多云。你和很多鸽子一起拍照。你手上拿着一袋玉米粒，后来又把玉米粒放在手上。鸽子落在你的手上，你笑得很开心。你有印象吗?你有印象吗"
        },
        {
            "role": "user",
            "content": "我不太有印象鸽子落在我手上了。能给我具体描述一下这个场景吗？鸽子是什么样子，什么颜色的呀"
        },
        {
            "role": "assistant",
            "content": " 在照片中，你在一个广场上与多只鸽子互动。鸽子们主要是灰色和黑色相间，有的鸽子胸前带有绿色或紫色的光泽。你手中拿着一些小食物，一些鸽子甚至停在你的手上吃食。外，我注意到:玻利瓦尔广场位于哥伦比亚的首都波哥大市。我是根据照片中的建筑物，以及照片中飘扬的哥伦比亚国旗，推测的地点。我的推测准确吗?"
        },
        {
            "role": "user",
            "content": "船上"
        },
        {
            "role": "assistant",
            "content": "您照片中的第6个场景是乘船与辽阔海面合影。有6张照片,拍摄于8月28日,记录了你在船上，靠着栏杆，与宽阔的海面合影。照片中你都站着，其中一张你展开双臂。海面上激起白色的浪花，据此推测船在高速行驶。照片中天气多云。其中一张照片，你伸着双臂拍照。轮船拖尾的浪花恰好在你的双臂两侧，成为你的翅膀。你就像一个天使。你记得这个拍照的姿势吗?你有印象吗"
        },
        {
            "role": "user",
            "content": "我有印象.我当时什么样的表情?"
        },
        {
            "role": "assistant",
            "content": "在照片中，你站在船上，背景是海面和水波。你的表情看起来愉悦和轻松，嘴角微微上扬呈现出微笑，眼睛略微闭合，显示出你很享受那一刻。你身穿紫色上衣和黑色裤子，站立姿势自然"
        },
        {
            "role": "user",
            "content": "椰子"
        },
        {
            "role": "assistant",
            "content": "您照片中的第3个场景是喝椰子汁,和蝴蝶标本合影,在海边看海。有10张照片.其中有2张照片，是你在餐桌上捧着叶子喝椰汁。照片像是在一个用餐大厅中拍摄。你记得那时喝椰子的味道吗?你有印象吗"
        },
        {
            "role": "user",
            "content": "你能告诉我我捧着椰子的形象吗，具体描述我的姿势和表情"
        },
        {
            "role": "assistant",
            "content": "你提到了捧着椰子的形象。我在照片里看到你双手搭在一个大椰子上，椰子的顶部插着吸管。你面带微笑，眼睛半闭，表情显得享受和放松。你穿着黑灰色拼接的羽绒服，周围环境像是餐厅内部。此外，我注意到:有3张照片，是你在一个贴满蝴蝶图案的墙壁前面合影。蝴蝶有10多只，有棕色的，有橙色的，有蓝色的。你记得这面蝴蝶墙吗?你有印象吗"
        },
        {
            "role": "user",
            "content": "帮我具体描述一下蝴蝶场景吗蝴蝶什么颜色的,多少只"
        },
        {
            "role": "assistant",
            "content": "你提到了蝴蝶场景。我在照片里看到墙上有多种颜色的蝴蝶装饰，包括蓝色、橙色、棕色和黄色等，形状和大小多样，有的蝴蝶翅膀展开，有的则是合拢。整个背景模仿自然环境，给人一种置身户外的感觉。此外，我注意到:有4张照片，拍摄了无人的海边。海水呈现灰色，浪花很大。天空是灰色的，推测是阴天。你记得这个阴天看海吗?"
        },
        {
            "role": "user",
            "content": "这个场景我印象不太深了。你能帮我描述我在船上的照片吗，身边有没有其他的人和东西，比如管子？"
        },
        {
            "role": "assistant",
            "content": "你提到了在船上的场景。我在照片里看到你单独站在船的后端，双手抓着船舷的白色栏杆，周围没有其他人。背后是海洋和由船只航行形成的白色水花。没有看到明显的管子或其他物品。你穿着紫色的上衣和黑色的长裤，表情自然。"
        },
        {
            "role": "user",
            "content": "龙虾"
        },
        {
            "role": "assistant",
            "content": "您照片中的第2个场景是吃龙虾,在草地上以及在树旁拍照。有9张照片.其中有两张照片你在吃大龙虾。你手持筷子，筷子上插着龙虾头，龙虾头的尺寸接近你的头部大小。这么大的龙虾拿在手里是什么感觉?你有印象吗"
        },
        {
            "role": "user",
            "content": "你能看得出来这是什么龙虾吗？"
        },
        {
            "role": "assistant",
            "content": "你提到了龙虾。我在照片里看到你手持一只红色的大龙虾，龙虾的尺寸很大，与你的头部大小相近。龙虾的外壳呈现出明亮的红色，你用筷子夹住了它的一部分。此外，我注意到:有三张照片,你在辽阔的草坪上活动。有的照片中你坐着，伸展着双臂望向天空; 还有的照片中你在空中跳跃。你记得在空中跳跃吗?你有印象吗"
        },
        {
            "role": "user",
            "content": "好的，谢谢你！我好像有一点点印象。你能帮我仔细描述一下我在草坪上的场景吗"
        },
        {
            "role": "assistant",
            "content": " 你提到了在草坪上的场景。我在照片里看到你身穿黑色服装，在一片宽阔的草地上。背景是天空和远处起伏的山丘。在不同照片中你展现了不同的姿势，有伸展双臂坐在草地上仰望天空，也有跳跃时双臂高举的瞬间。草地呈现出鲜绿色，而天空则略显阴沉。此外，我注意到:有四张照片,你在和长有白花的树合影。花朵是白色的。这个场景是一片树林。你记得是在哪里吗?你有印象吗"
        },
        {
            "role": "user",
            "content": "好的，谢谢你！我不记得在哪里了。你能告诉我大概在哪个国家吗？"
        },
        {
            "role": "assistant",
            "content": "照片中的信息无法判断是哪个国家.但是同一天的照片中你在吃龙虾.你记得在哪个国家吃龙虾吗"
        },
        {
            "role": "user",
            "content": "还有什么场景,有没有我拿萨克斯的照片"
        },
        {
            "role": "assistant",
            "content": "照片中没有你拿萨克斯的照片,但是有你们巡演的照片.此外,还有以下场景没有聊过:场景4:参观轮船博物馆.场景5:露天泳池度假区，以及哥斯达黎加巡演.场景7:波特洛博物馆和波哥大教堂参观.你想聊哪一个呢?"
        },
        {
            "role": "user",
            "content": "我想挨个聊.你能从场景4开始聊起吗"
        },
        {
            "role": "assistant",
            "content": "您照片中的第4个场景是参观轮船博物馆。有4张照片,拍摄于8月24日,根据照片判断这是在类似轮船博物馆的场所。判断依据是:一张照片中你站在类似轮船主控舱内的地方拍照，另一张照片中你拿着模型电话，还有两张照片中你站在白色模型窗旁。有1张照片，你在拿起模型话筒。身旁有一个模型人同样拿着话筒。你们仿佛在通话。当时是不是在特地摆造型拍照?你有印象吗"
        },
        {
            "role": "user",
            "content": "我印象不深了。但可能是假装打电话。你能描述下我的表情，心情，和形象吗"
        },
        {
            "role": "assistant",
            "content": " 在照片中，你身穿一件黑色短袖上衣，黑色长裤，头发扎成简单的马尾。你手持电话仿佛在和旁边的模型人物打电话，面带微笑，看起来心情不错，表情放松。整体上给人一种轻松愉快的印象。在控制室内的照片中，环境昏暗，你站在模拟的船舶控制台前，周围是屏幕显示的海景，在这张照片中也是面带微笑。"
        },
        {
            "role": "user",
            "content": "好的。继续下一个"
        },
        {
            "role": "assistant",
            "content": "您照片中的第5个场景是露天泳池度假区，以及哥斯达黎加巡演。有10张照片,拍摄于8月26日,记录了你白天在有露天游泳池和热带树木景观的场地活动,以及晚上你在写有'庆祝中哥建交十周年中国残疾人艺术团访哥斯达黎加巡演'的舞台前大合影。"
        },
        {
            "role": "user",
            "content": "好的.那你能具体给我描述一下舞台大合影时,我是什么服装打扮和姿势,以及脸上表情吗?我是第一排最左侧的女生"
        },
        {
            "role": "assistant",
            "content": " 在舞台大合影的照片中，你穿着黑色上衣，长袖，照片中你的表情微笑，神态自然。姿势方面，你坐在第一排，身体略微向前倾，双手放在膝盖上。此外舞台上幕布是红色的，屋顶上挂有中国和哥斯达黎加的国旗。你记得演出后的感受吗?你有印象吗"
        },
        {
            "role": "user",
            "content": "观众很热情.下一个场景"
        },
        {
            "role": "assistant",
            "content": "您照片中的第7个场景是波特洛博物馆和波哥大教堂参观。有7张照片,拍摄于8月31日,记录了你在波特洛博物馆参观画作和雕像，以及在波哥大教堂的参观。这两个地点都位于哥伦比亚的波哥大市。照片中的画作有两幅，一副是来自毕加索的抽象画作，一副来自费尔南多·博特罗的蒙娜丽莎。你记得参观的感受吗?你有印象吗"
        },
        {
            "role": "user",
            "content": "你让我突然想起来了这个。你能给我具体介绍一下这个地方吗"
        },
        {
            "role": "assistant",
            "content": "我在照片里看到有两幅画作和一座教堂的内部。画作之一是对蒙娜丽莎的加工版，另一幅是具有抽象风格的作品。教堂内部装饰复杂，有精细的雕塑和装饰画。此外，我注意到:照片中你还在参观一些雕塑。你触摸了这些雕塑，你记得摸上去的感觉吗？你有印象吗"
        },
        {
            "role": "user",
            "content": "照片中还有没有没有聊到的场景"
        },
        {
            "role": "assistant",
            "content": "照片中还有波格罗大教堂,照片中的教堂里，有许多供奉的铜像。你记得在教堂参观吗?你有印象吗"
        },
        {
            "role": "user",
            "content": "我不太有印象了,你能帮我描述一下有没有我在照片里"
        },
        {
            "role": "assistant",
            "content": "照片中您并没有出现。教堂里面有金色装饰的祭坛和一些宗教雕像。"
        },
        {
            "role": "user",
            "content": "还有吗"
        },
        {
            "role": "assistant",
            "content": "我们聊过了以下场景:场景1:中巴公园牌坊和巴拿马总统雕像.场景2:吃龙虾,在草地上以及在树旁拍照.场景3:喝椰子汁,和蝴蝶标本合影,在海边看海.场景4:参观轮船博物馆.场景5:露天泳池度假区，以及哥斯达黎加巡演.场景6:乘船与辽阔海面合影.场景7:波特洛博物馆和波哥大教堂参观.场景8:玻利瓦尔广场上与鸽子合影.所有场景都简单聊过了。要给您生成回忆录吗"
        },
        {
            "role": "user",
            "content": "要"
        },
        {
            "role": "assistant",
            "content": "这组照片一共61张，有8个场景。我为您生成了以下回忆录:在2017年8月的拉丁美洲之旅中，我穿过了中巴公园的牌坊，仰望巴拿马总统的雕像。我还吃了龙虾，喝椰子汁，和蝴蝶标本合影。我在轮船博物馆假装通电话，还在哥斯达黎加的露天泳池留下欢快的瞬间，以及在满载欢笑的舞台前合影留念。此外，我在海上船舷前展翅欲飞，博物馆里触摸艺术的灵魂，微笑着与哥伦比亚波哥大的鸽子交流。这场旅行是美食的诱惑，也是自然与文化交织的体验。"
        }
    ],
    "mtree": {
        "superE": "这组照片拍摄于2017年8月，一共有61张，文件夹名称写着'巴拿马、哥斯达黎加、伯利兹、哥伦比亚'。为了帮助您理解，我把照片分成了8个场景。其中有:中巴公园参观巴拿马总统雕像,吃龙虾,喝椰子汁,和蝴蝶标本合影,轮船博物馆参观,哥斯达黎加巡演,乘船与辽阔海面合影,波特洛博物馆和波哥大教堂参观,玻利瓦尔广场上与鸽子合影。",
        "events": [
            "有4张照片,拍摄于8月15日,是你在中巴公园中的单人照。其中有2张照片是你站在写有'中巴公园'文字的牌坊前，另外2张照片是你站在一塑可能是'巴拿马总统'的人像雕塑前。照片中多云，光线充足。",
            "有9张照片,拍摄于8月16日,记录了你在室内吃龙虾，在草地上坐着和跳跃，以及在长有白色花朵的树木旁边拍照。",
            "有10张照片,拍摄于8月21日,记录了你在室内喝椰子汁，在室内和蝴蝶标本合影，以及浪花很大的海边无人场景。",
            "有4张照片,拍摄于8月24日,根据照片判断这是在类似轮船博物馆的场所。判断依据是:一张照片中你站在类似轮船主控舱内的地方拍照，另一张照片中你拿着模型电话，还有两张照片中你站在白色模型窗旁。",
            "有10张照片,拍摄于8月26日,记录了你白天在有露天游泳池和热带树木景观的场地活动,以及晚上你在写有'庆祝中哥建交十周年中国残疾人艺术团访哥斯达黎加巡演'的舞台前大合影。",
            "有6张照片,拍摄于8月28日,记录了你在船上，靠着栏杆，与宽阔的海面合影。照片中你都站着，其中一张你展开双臂。海面上激起白色的浪花，据此推测船在高速行驶。照片中天气多云。",
            "有7张照片,拍摄于8月31日,记录了你在波特洛博物馆参观画作和雕像，以及在波哥大教堂的参观。这两个地点都位于哥伦比亚的波哥大市。",
            "有9张照片,拍摄于8月31日,记录了你在玻利瓦尔广场上，与周边的建筑物，还有广场上的鸽子合影。照片中天气多云。"
        ],
        "evtCnt": 8,
        "evtStr": "0 中巴公园牌坊和巴拿马总统雕像\n1 吃龙虾,在草地上以及在树旁拍照\n2 喝椰子汁,和蝴蝶标本合影,在海边\n3 轮船博物馆参观\n4 室内泳池和热带树木，以及哥斯达黎加巡演\n5 乘船与辽阔海面合影\n6 波特洛博物馆和波哥大教堂参观\n7 玻利瓦尔广场上与鸽子合影",
        "shorts": [
            "中巴公园牌坊和巴拿马总统雕像",
            "吃龙虾,在草地上以及在树旁拍照",
            "喝椰子汁,和蝴蝶标本合影,在海边看海",
            "参观轮船博物馆",
            "露天泳池度假区，以及哥斯达黎加巡演",
            "乘船与辽阔海面合影",
            "波特洛博物馆和波哥大教堂参观",
            "玻利瓦尔广场上与鸽子合影"
        ],
        "metas": [
            "4张照片,拍摄于8月15日",
            "9张照片,拍摄于8月16日",
            "10张照片,拍摄于8月21日",
            "4张照片,拍摄于8月24日",
            "10张照片,拍摄于8月26日",
            "6张照片,拍摄于8月28日",
            "7张照片,拍摄于8月31日",
            "11张照片,拍摄于8月31日"
        ],
        "photos": [
            [
                1,
                2,
                3,
                4
            ],
            [
                5,
                6,
                7,
                8,
                9,
                10,
                11,
                12,
                13
            ],
            [
                14,
                15,
                16,
                17,
                18,
                19,
                20,
                21,
                22,
                23
            ],
            [
                24,
                25,
                26,
                27
            ],
            [
                28,
                29,
                30,
                31,
                32,
                33,
                34,
                35,
                36,
                37
            ],
            [
                38,
                39,
                40,
                41,
                42,
                43
            ],
            [
                44,
                45,
                46,
                47,
                48,
                49,
                50
            ],
            [
                51,
                52,
                53,
                54,
                55,
                56,
                57,
                58,
                59,
                60,
                61
            ]
        ],
        "topics": [
            [
                "有2张照片是你站在牌坊前。牌坊是红色的，上面写着黄色的'中巴公园'文字。牌坊由两根红色柱子支撑，顶部是黄色瓦块，雕有两条龙。你位于画面中下方，笔直站立，穿着紫色短袖有领T恤。在公园里你们都玩了什么?",
                "牌坊的照片中，你和牌坊在前景，背景有黄色的地砖、绿色的树木，和远处多云的天空。参观当天你的心情如何?",
                "在雕像的照片中,雕像下方的白色石碑上写有'巴勃罗 阿罗塞梅纳'，这个名字与巴拿马前总统名字相符，据此判断可能是巴拿马总统的雕像。雕像是黑色的，展示着昂首阔步向前的姿态。一只手臂在胸前平举，另一只手臂在身后。你记得在雕像前拍照的感觉吗?",
                "巴拿马总统雕像下方是石碑，石碑前方有一个展翅雄鹰的黑色雕像。你蹲坐在石碑前，双手向外展开，像是在托举着脸庞。石碑后方是绿色的树林。"
            ],
            [
                "有两张照片你在吃大龙虾。你手持筷子，筷子上插着龙虾头，龙虾头的尺寸接近你的头部大小。这么大的龙虾拿在手里是什么感觉?",
                "有三张照片,你在辽阔的草坪上活动。有的照片中你坐着，伸展着双臂望向天空; 还有的照片中你在空中跳跃。你记得在空中跳跃吗?",
                "有四张照片,你在和长有白花的树合影。花朵是白色的。这个场景是一片树林。你记得是在哪里吗?"
            ],
            [
                "有2张照片，是你在餐桌上捧着叶子喝椰汁。照片像是在一个用餐大厅中拍摄。你记得那时喝椰子的味道吗?",
                "有3张照片，是你在一个贴满蝴蝶图案的墙壁前面合影。蝴蝶有10多只，有棕色的，有橙色的，有蓝色的。你记得这面蝴蝶墙吗?",
                "有4张照片，拍摄了无人的海边。海水呈现灰色，浪花很大。天空是灰色的，推测是阴天。你记得这个阴天看海吗?"
            ],
            [
                "有1张照片，你站在一个有着三面大屏幕的室内拍照。除了大屏幕外，室内光线昏暗，推测是博物馆内的轮船驾驶舱展厅。我猜测的准确吗?",
                "有1张照片，你在拿起模型话筒。身旁有一个模型人同样拿着话筒。你们仿佛在通话。当时是不是在特地摆造型拍照?",
                "有两张照片，是你在一个白色的窗户模型旁拍照。背景墙上贴有一些合影，合影上的人物穿着水手服。你的手摸着墙，墙面摸起来感觉如何,你还记得吗?"
            ],
            [
                "有8张照片，显示你在一个类似度假休闲场所的地方拍照。场所内有室内泳池，热带植物，以及圆形尖顶的寨子。照片中你穿着黑色短袖T恤。这是个度假区吗?",
                "有2张照片是舞台上的多人大合影，有大约40余人，舞台上方的横幅写着'庆祝中哥建交十周年中国残疾人艺术团访哥斯达黎加巡演'。你记得演出的内容吗?",
                "你穿着黑色衣服，尊坐在第一排最左边。舞台上幕布是红色的，屋顶上挂有中国和哥斯达黎加的国旗。你记得演出后的感受吗?"
            ],
            [
                "照片中，海面是蓝色的，船只栏杆是白色的，你靠着栏杆，穿着紫色T恤。海面上激起白色浪花，暗示着船速很快。你记得在海上的感觉吗?",
                "其中一张照片，你伸着双臂拍照。轮船拖尾的浪花恰好在你的双臂两侧，成为你的翅膀。你就像一个天使。你记得这个拍照的姿势吗?"
            ],
            [
                "照片中的画作有两幅，一副是来自毕加索的抽象画作，一副来自费尔南多·博特罗的蒙娜丽莎。你记得参观的感受吗?",
                "照片中你还在参观一些雕塑。你触摸了这些雕塑，你记得摸上去的感觉吗？",
                "照片中的教堂里，有许多供奉的铜像。你记得在教堂参观吗?"
            ],
            [
                "玻利瓦尔广场位于哥伦比亚的首都波哥大市。我是根据照片中的建筑物，以及照片中飘扬的哥伦比亚国旗，推测的地点。我的推测准确吗?",
                "照片中，你和很多鸽子一起拍照。你手上拿着一袋玉米粒，后来又把玉米粒放在手上。鸽子落在你的手上，你笑得很开心。你有印象吗?"
            ]
        ]
    },
    "reply_history": [
        {
            "dialogue_turn": 0,
            "user_input": null,
            "command_eid": null,
            "original_reply": "这组照片拍摄于2017年8月，一共有61张，文件夹名称写着'巴拿马、哥斯达黎加、伯利兹、哥伦比亚'。为了帮助您理解，我把照片分成了8个场景。其中有:中巴公园参观巴拿马总统雕像,吃龙虾,喝椰子汁,和蝴蝶标本合影,轮船博物馆参观,哥斯达黎加巡演,乘船与辽阔海面合影,波特洛博物馆和波哥大教堂参观,玻利瓦尔广场上与鸽子合影。我们从第一个场景聊起吧，第一个场景是中巴公园牌坊和巴拿马总统雕像。",
            "corrected_reply": null
        },
        {
            "dialogue_turn": 1,
            "user_input": "能继续说吗",
            "command_eid": "",
            "original_reply": "",
            "corrected_reply": "您照片中的第1个场景是中巴公园牌坊和巴拿马总统雕像。有4张照片,拍摄于8月15日,是你在中巴公园中的单人照。其中有2张照片是你站在写有'中巴公园'文字的牌坊前，另外2张照片是你站在一塑可能是'巴拿马总统'的人像雕塑前。照片中多云，光线充足。"
        },
        {
            "dialogue_turn": 2,
            "user_input": "h",
            "command_eid": "o",
            "original_reply": "我们聊过了以下场景:场景1:中巴公园牌坊和巴拿马总统雕像.还有以下场景没有聊过:场景2:吃龙虾,在草地上以及在树旁拍照.场景3:喝椰子汁,和蝴蝶标本合影,在海边看海.场景4:参观轮船博物馆.场景5:露天泳池度假区，以及哥斯达黎加巡演.场景6:乘船与辽阔海面合影.场景7:波特洛博物馆和波哥大教堂参观.场景8:玻利瓦尔广场上与鸽子合影.你想聊哪一个呢?",
            "corrected_reply": "后面场景有7个，你可以随时打断我。第二个场景有9张照片,拍摄于8月16日,记录了你在室内吃龙虾，在草地上坐着和跳跃，以及在长有白色花朵的树木旁边拍照。第三个场景有10张照片,拍摄于8月21日,记录了你在室内喝椰子汁，在室内和蝴蝶标本合影，以及浪花很大的海边无人场景。第四个场景有4张照片,拍摄于8月24日,根据照片判断这是在类似轮船博物馆的场所。判断依据是:一张照片中你站在类似轮船主控舱内的地方拍照，另一张照片中你拿着模型电话，还有两张照片中你站在白色模型窗旁。第五个场景有10张照片,拍摄于8月26日,记录了你白天在有露天游泳池和热带树木景观的场地活动,以及晚上你在写有'庆祝中哥建交十周年中国残疾人艺术团访哥斯达黎加巡演'的舞台前大合影。第六个场景有6张照片,拍摄于8月28日,记录了你在船上，靠着栏杆，与宽阔的海面合影。"
        },
        {
            "dialogue_turn": 3,
            "user_input": "鸽子",
            "command_eid": "7",
            "original_reply": "",
            "corrected_reply": "您照片中的第8个场景是玻利瓦尔广场上与鸽子合影。有9张照片,拍摄于8月31日,记录了你在玻利瓦尔广场上，与周边的建筑物，还有广场上的鸽子合影。照片中天气多云。你和很多鸽子一起拍照。你手上拿着一袋玉米粒，后来又把玉米粒放在手上。鸽子落在你的手上，你笑得很开心。你有印象吗?你有印象吗"
        },
        {
            "dialogue_turn": 4,
            "user_input": "我不太有印象鸽子落在我手上了。能给我具体描述一下这个场景吗？鸽子是什么样子，什么颜色的呀",
            "command_eid": "7",
            "original_reply": "在照片中，你在一个广场上与多只鸽子互动。鸽子们主要是灰色和黑色相间，有的鸽子胸前带有绿色或紫色的光泽。你手中拿着一些小食物，一些鸽子甚至停在你的手上吃食。",
            "corrected_reply": " 在照片中，你在一个广场上与多只鸽子互动。鸽子们主要是灰色和黑色相间，有的鸽子胸前带有绿色或紫色的光泽。你手中拿着一些小食物，一些鸽子甚至停在你的手上吃食。外，我注意到:玻利瓦尔广场位于哥伦比亚的首都波哥大市。我是根据照片中的建筑物，以及照片中飘扬的哥伦比亚国旗，推测的地点。我的推测准确吗?"
        },
        {
            "dialogue_turn": 5,
            "user_input": "船上",
            "command_eid": "5",
            "original_reply": "",
            "corrected_reply": "您照片中的第6个场景是乘船与辽阔海面合影。有6张照片,拍摄于8月28日,记录了你在船上，靠着栏杆，与宽阔的海面合影。照片中你都站着，其中一张你展开双臂。海面上激起白色的浪花，据此推测船在高速行驶。照片中天气多云。其中一张照片，你伸着双臂拍照。轮船拖尾的浪花恰好在你的双臂两侧，成为你的翅膀。你就像一个天使。你记得这个拍照的姿势吗?你有印象吗"
        },
        {
            "dialogue_turn": 6,
            "user_input": "我有印象.我当时什么样的表情?",
            "command_eid": "",
            "original_reply": "在照片中，你站在船上，背景是海面和水波。你的表情看起来愉悦和轻松，嘴角微微上扬呈现出微笑，眼睛略微闭合，显示出你很享受那一刻。你身穿紫色上衣和黑色裤子，站立姿势自然，有张照片中你的双臂伸展开来。",
            "corrected_reply": "在照片中，你站在船上，背景是海面和水波。你的表情看起来愉悦和轻松，嘴角微微上扬呈现出微笑，眼睛略微闭合，显示出你很享受那一刻。你身穿紫色上衣和黑色裤子，站立姿势自然"
        },
        {
            "dialogue_turn": 7,
            "user_input": "椰子",
            "command_eid": "2",
            "original_reply": "",
            "corrected_reply": "您照片中的第3个场景是喝椰子汁,和蝴蝶标本合影,在海边看海。有10张照片.其中有2张照片，是你在餐桌上捧着叶子喝椰汁。照片像是在一个用餐大厅中拍摄。你记得那时喝椰子的味道吗?你有印象吗"
        },
        {
            "dialogue_turn": 8,
            "user_input": "你能告诉我我捧着椰子的形象吗，具体描述我的姿势和表情",
            "command_eid": "",
            "original_reply": "你提到了捧着椰子的形象。我在照片里看到你双手搭在一个大椰子上，椰子的顶部插着吸管。你面带微笑，眼睛半闭，表情显得享受和放松。你穿着黑灰色拼接的羽绒服，周围环境像是餐厅内部。",
            "corrected_reply": "你提到了捧着椰子的形象。我在照片里看到你双手搭在一个大椰子上，椰子的顶部插着吸管。你面带微笑，眼睛半闭，表情显得享受和放松。你穿着黑灰色拼接的羽绒服，周围环境像是餐厅内部。此外，我注意到:有3张照片，是你在一个贴满蝴蝶图案的墙壁前面合影。蝴蝶有10多只，有棕色的，有橙色的，有蓝色的。你记得这面蝴蝶墙吗?你有印象吗"
        },
        {
            "dialogue_turn": 9,
            "user_input": "帮我具体描述一下蝴蝶场景吗蝴蝶什么颜色的,多少只",
            "command_eid": "",
            "original_reply": "你提到了蝴蝶场景。我在照片里看到墙上有多种颜色的蝴蝶装饰，包括蓝色、橙色、棕色和黄色等，形状和大小多样，有的蝴蝶翅膀展开，有的则是合拢。整个背景模仿自然环境，给人一种置身户外的感觉。",
            "corrected_reply": "你提到了蝴蝶场景。我在照片里看到墙上有多种颜色的蝴蝶装饰，包括蓝色、橙色、棕色和黄色等，形状和大小多样，有的蝴蝶翅膀展开，有的则是合拢。整个背景模仿自然环境，给人一种置身户外的感觉。此外，我注意到:有4张照片，拍摄了无人的海边。海水呈现灰色，浪花很大。天空是灰色的，推测是阴天。你记得这个阴天看海吗?"
        },
        {
            "dialogue_turn": 10,
            "user_input": "这个场景我印象不太深了。你能帮我描述我在船上的照片吗，身边有没有其他的人和东西，比如管子？",
            "command_eid": "5",
            "original_reply": "你提到了在船上的场景。我在照片里看到你单独站在船的后端，双手抓着船舷的白色栏杆，周围没有其他人。背后是海洋和由船只航行形成的白色水花。没有看到明显的管子或其他物品。你穿着紫色的上衣和黑色的长裤，表情自然。",
            "corrected_reply": null
        },
        {
            "dialogue_turn": 11,
            "user_input": "龙虾",
            "command_eid": "1",
            "original_reply": "",
            "corrected_reply": "您照片中的第2个场景是吃龙虾,在草地上以及在树旁拍照。有9张照片.其中有两张照片你在吃大龙虾。你手持筷子，筷子上插着龙虾头，龙虾头的尺寸接近你的头部大小。这么大的龙虾拿在手里是什么感觉?你有印象吗"
        },
        {
            "dialogue_turn": 12,
            "user_input": "你能看得出来这是什么龙虾吗？",
            "command_eid": "1",
            "original_reply": "你提到了龙虾。我在照片里看到你手持一只红色的大龙虾，龙虾的尺寸很大，与你的头部大小相近。龙虾的外壳呈现出明亮的红色，你用筷子夹住了它的一部分。",
            "corrected_reply": "你提到了龙虾。我在照片里看到你手持一只红色的大龙虾，龙虾的尺寸很大，与你的头部大小相近。龙虾的外壳呈现出明亮的红色，你用筷子夹住了它的一部分。此外，我注意到:有三张照片,你在辽阔的草坪上活动。有的照片中你坐着，伸展着双臂望向天空; 还有的照片中你在空中跳跃。你记得在空中跳跃吗?你有印象吗"
        },
        {
            "dialogue_turn": 13,
            "user_input": "好的，谢谢你！我好像有一点点印象。你能帮我仔细描述一下我在草坪上的场景吗",
            "command_eid": "1",
            "original_reply": "你提到了在草坪上的场景。我在照片里看到你身穿黑色服装，在一片宽阔的草地上。背景是天空和远处起伏的山丘。在不同照片中你展现了不同的姿势，有伸展双臂坐在草地上仰望天空，也有跳跃时双臂高举的瞬间。草地呈现出鲜绿色，而天空则略显阴沉。",
            "corrected_reply": " 你提到了在草坪上的场景。我在照片里看到你身穿黑色服装，在一片宽阔的草地上。背景是天空和远处起伏的山丘。在不同照片中你展现了不同的姿势，有伸展双臂坐在草地上仰望天空，也有跳跃时双臂高举的瞬间。草地呈现出鲜绿色，而天空则略显阴沉。此外，我注意到:有四张照片,你在和长有白花的树合影。花朵是白色的。这个场景是一片树林。你记得是在哪里吗?你有印象吗"
        },
        {
            "dialogue_turn": 14,
            "user_input": "好的，谢谢你！我不记得在哪里了。你能告诉我大概在哪个国家吗？",
            "command_eid": "2",
            "original_reply": "",
            "corrected_reply": "照片中的信息无法判断是哪个国家.但是同一天的照片中你在吃龙虾.你记得在哪个国家吃龙虾吗"
        },
        {
            "dialogue_turn": 15,
            "user_input": "还有什么场景,有没有我拿萨克斯的照片",
            "command_eid": "o",
            "original_reply": "我们聊过了以下场景:场景1:中巴公园牌坊和巴拿马总统雕像.场景2:吃龙虾,在草地上以及在树旁拍照.场景3:喝椰子汁,和蝴蝶标本合影,在海边看海.场景6:乘船与辽阔海面合影.场景8:玻利瓦尔广场上与鸽子合影.还有以下场景没有聊过:场景4:参观轮船博物馆.场景5:露天泳池度假区，以及哥斯达黎加巡演.场景7:波特洛博物馆和波哥大教堂参观.你想聊哪一个呢?",
            "corrected_reply": "照片中没有你拿萨克斯的照片,但是有你们巡演的照片.此外,还有以下场景没有聊过:场景4:参观轮船博物馆.场景5:露天泳池度假区，以及哥斯达黎加巡演.场景7:波特洛博物馆和波哥大教堂参观.你想聊哪一个呢?"
        },
        {
            "dialogue_turn": 16,
            "user_input": "我想挨个聊.你能从场景4开始聊起吗",
            "command_eid": "3",
            "original_reply": "",
            "corrected_reply": "您照片中的第4个场景是参观轮船博物馆。有4张照片,拍摄于8月24日,根据照片判断这是在类似轮船博物馆的场所。判断依据是:一张照片中你站在类似轮船主控舱内的地方拍照，另一张照片中你拿着模型电话，还有两张照片中你站在白色模型窗旁。有1张照片，你在拿起模型话筒。身旁有一个模型人同样拿着话筒。你们仿佛在通话。当时是不是在特地摆造型拍照?你有印象吗"
        },
        {
            "dialogue_turn": 17,
            "user_input": "我印象不深了。但可能是假装打电话。你能描述下我的表情，心情，和形象吗",
            "command_eid": "",
            "original_reply": "在照片中，你身穿一件黑色短袖上衣，黑色长裤，头发扎成简单的马尾。你手持电话仿佛在和旁边的模型人物打电话，面带微笑，看起来心情不错，表情放松。整体上给人一种轻松愉快的印象。在控制室内的照片中，环境昏暗，你站在模拟的船舶控制台前，周围是屏幕显示的海景，在这张照片中也是面带微笑。在白色模型窗旁的照片中，你的表情平静，轻轻触",
            "corrected_reply": " 在照片中，你身穿一件黑色短袖上衣，黑色长裤，头发扎成简单的马尾。你手持电话仿佛在和旁边的模型人物打电话，面带微笑，看起来心情不错，表情放松。整体上给人一种轻松愉快的印象。在控制室内的照片中，环境昏暗，你站在模拟的船舶控制台前，周围是屏幕显示的海景，在这张照片中也是面带微笑。"
        },
        {
            "dialogue_turn": 18,
            "user_input": "好的。继续下一个",
            "command_eid": "4",
            "original_reply": "",
            "corrected_reply": "您照片中的第5个场景是露天泳池度假区，以及哥斯达黎加巡演。有10张照片,拍摄于8月26日,记录了你白天在有露天游泳池和热带树木景观的场地活动,以及晚上你在写有'庆祝中哥建交十周年中国残疾人艺术团访哥斯达黎加巡演'的舞台前大合影。"
        },
        {
            "dialogue_turn": 19,
            "user_input": "好的.那你能具体给我描述一下舞台大合影时,我是什么服装打扮和姿势,以及脸上表情吗?我是第一排最左侧的女生",
            "command_eid": "4",
            "original_reply": "在舞台大合影的照片中，你穿着黑色上衣，长袖，照片中你的表情微笑，神态自然。姿势方面，你坐在第一排，身体略微向前倾，双手放在膝盖上。",
            "corrected_reply": " 在舞台大合影的照片中，你穿着黑色上衣，长袖，照片中你的表情微笑，神态自然。姿势方面，你坐在第一排，身体略微向前倾，双手放在膝盖上。此外舞台上幕布是红色的，屋顶上挂有中国和哥斯达黎加的国旗。你记得演出后的感受吗?你有印象吗"
        },
        {
            "dialogue_turn": 20,
            "user_input": "观众很热情.下一个场景",
            "command_eid": "6",
            "original_reply": "",
            "corrected_reply": "您照片中的第7个场景是波特洛博物馆和波哥大教堂参观。有7张照片,拍摄于8月31日,记录了你在波特洛博物馆参观画作和雕像，以及在波哥大教堂的参观。这两个地点都位于哥伦比亚的波哥大市。照片中的画作有两幅，一副是来自毕加索的抽象画作，一副来自费尔南多·博特罗的蒙娜丽莎。你记得参观的感受吗?你有印象吗"
        },
        {
            "dialogue_turn": 21,
            "user_input": "你让我突然想起来了这个。你能给我具体介绍一下这个地方吗",
            "command_eid": "6",
            "original_reply": "您提到了想了解这个地方。我在照片里看到有两幅画作和一座教堂的内部。画作之一是对蒙娜丽莎的加工版，另一幅是具有抽象风格的作品。教堂内部装饰复杂，有精细的雕塑和装饰画。",
            "corrected_reply": "我在照片里看到有两幅画作和一座教堂的内部。画作之一是对蒙娜丽莎的加工版，另一幅是具有抽象风格的作品。教堂内部装饰复杂，有精细的雕塑和装饰画。此外，我注意到:照片中你还在参观一些雕塑。你触摸了这些雕塑，你记得摸上去的感觉吗？你有印象吗"
        },
        {
            "dialogue_turn": 22,
            "user_input": "照片中还有没有没有聊到的场景",
            "command_eid": "6",
            "original_reply": "",
            "corrected_reply": "照片中还有波格罗大教堂,照片中的教堂里，有许多供奉的铜像。你记得在教堂参观吗?你有印象吗"
        },
        {
            "dialogue_turn": 23,
            "user_input": "我不太有印象了,你能帮我描述一下有没有我在照片里",
            "command_eid": "6",
            "original_reply": "我在照片里看到你站在一幅有着加大体积的蒙娜丽莎版本的画前，画中的人物背景是意大利乡村风景。另一张照片中，你同样位于一个抽象风格的画作前，画中的形象色彩鲜艳，背景为单一色块。还有照片展示了你在一个展厅内，周围有多个雕塑作品，包括一个光滑的人形雕塑。另外还有教堂内部的照片，里面有金色装饰的祭坛和一些宗教雕像。",
            "corrected_reply": "照片中您并没有出现。教堂里面有金色装饰的祭坛和一些宗教雕像。"
        },
        {
            "dialogue_turn": 24,
            "user_input": "还有吗",
            "command_eid": "o",
            "original_reply": "我们聊过了以下场景:场景1:中巴公园牌坊和巴拿马总统雕像.场景2:吃龙虾,在草地上以及在树旁拍照.场景3:喝椰子汁,和蝴蝶标本合影,在海边看海.场景4:参观轮船博物馆.场景5:露天泳池度假区，以及哥斯达黎加巡演.场景6:乘船与辽阔海面合影.场景7:波特洛博物馆和波哥大教堂参观.场景8:玻利瓦尔广场上与鸽子合影.所有场景都简单聊过了。",
            "corrected_reply": "我们聊过了以下场景:场景1:中巴公园牌坊和巴拿马总统雕像.场景2:吃龙虾,在草地上以及在树旁拍照.场景3:喝椰子汁,和蝴蝶标本合影,在海边看海.场景4:参观轮船博物馆.场景5:露天泳池度假区，以及哥斯达黎加巡演.场景6:乘船与辽阔海面合影.场景7:波特洛博物馆和波哥大教堂参观.场景8:玻利瓦尔广场上与鸽子合影.所有场景都简单聊过了。要给您生成回忆录吗"
        },
        {
            "dialogue_turn": 25,
            "user_input": "要",
            "command_eid": "s",
            "original_reply": "这组照片一共61张，有8个场景。我为您生成了以下回忆录:在2017年8月的拉丁美洲之旅中，我穿过了中巴公园的牌坊，仰望巴拿马总统的雕像。我在哥斯达黎加的露天泳池留下欢快的跳跃，微笑着与哥伦比亚波哥大的鸽子交流。我还在轮船博物馆假装通电话，满载欢笑的舞台前合影留念。那些日子，我在海上船舷前展翅欲飞，博物馆里触摸艺术的灵魂。是美食的诱惑，也是自然与文化交织的体验。",
            "corrected_reply": "这组照片一共61张，有8个场景。我为您生成了以下回忆录:在2017年8月的拉丁美洲之旅中，我穿过了中巴公园的牌坊，仰望巴拿马总统的雕像。我还吃了龙虾，喝椰子汁，和蝴蝶标本合影。我在轮船博物馆假装通电话，还在哥斯达黎加的露天泳池留下欢快的瞬间，以及在满载欢笑的舞台前合影留念。此外，我在海上船舷前展翅欲飞，博物馆里触摸艺术的灵魂，微笑着与哥伦比亚波哥大的鸽子交流。这场旅行是美食的诱惑，也是自然与文化交织的体验。"
        }
    ],
    "state_history": [
        {
            "dialogue_turn": 0,
            "curEid": 0,
            "commandEid": null,
            "wandering": false,
            "forwardProgress": 0,
            "isEventTalked": [
                true,
                false,
                false,
                false,
                false,
                false,
                false,
                false
            ],
            "isTopicTalked": [
                [
                    false,
                    false,
                    false,
                    false
                ],
                [
                    false,
                    false,
                    false
                ],
                [
                    false,
                    false,
                    false
                ],
                [
                    false,
                    false,
                    false
                ],
                [
                    false,
                    false,
                    false
                ],
                [
                    false,
                    false
                ],
                [
                    false,
                    false,
                    false
                ],
                [
                    false,
                    false
                ]
            ],
            "summarizing": false,
            "overviewing": false
        },
        {
            "dialogue_turn": 1,
            "curEid": 0,
            "commandEid": "",
            "wandering": false,
            "forwardProgress": 0,
            "isEventTalked": [
                true,
                true,
                true,
                true,
                true,
                true,
                true,
                true
            ],
            "isTopicTalked": [
                [
                    false,
                    false,
                    false,
                    false
                ],
                [
                    false,
                    false,
                    false
                ],
                [
                    false,
                    false,
                    false
                ],
                [
                    false,
                    false,
                    false
                ],
                [
                    false,
                    false,
                    false
                ],
                [
                    false,
                    false
                ],
                [
                    false,
                    false,
                    false
                ],
                [
                    false,
                    false
                ]
            ],
            "summarizing": false,
            "overviewing": false
        },
        {
            "dialogue_turn": 2,
            "curEid": 0,
            "commandEid": "o",
            "wandering": true,
            "forwardProgress": 0,
            "isEventTalked": [
                true,
                true,
                true,
                true,
                true,
                true,
                true,
                true
            ],
            "isTopicTalked": [
                [
                    false,
                    false,
                    false,
                    false
                ],
                [
                    false,
                    false,
                    false
                ],
                [
                    false,
                    false,
                    false
                ],
                [
                    false,
                    false,
                    false
                ],
                [
                    false,
                    false,
                    false
                ],
                [
                    false,
                    false
                ],
                [
                    false,
                    false,
                    false
                ],
                [
                    false,
                    false
                ]
            ],
            "summarizing": false,
            "overviewing": true
        },
        {
            "dialogue_turn": 3,
            "curEid": 7,
            "commandEid": "7",
            "wandering": true,
            "forwardProgress": 0,
            "isEventTalked": [
                true,
                true,
                true,
                true,
                true,
                true,
                true,
                true
            ],
            "isTopicTalked": [
                [
                    false,
                    false,
                    false,
                    false
                ],
                [
                    false,
                    false,
                    false
                ],
                [
                    false,
                    false,
                    false
                ],
                [
                    false,
                    false,
                    false
                ],
                [
                    false,
                    false,
                    false
                ],
                [
                    false,
                    false
                ],
                [
                    false,
                    false,
                    false
                ],
                [
                    false,
                    false
                ]
            ],
            "summarizing": false,
            "overviewing": false
        },
        {
            "dialogue_turn": 4,
            "curEid": 7,
            "commandEid": "7",
            "wandering": true,
            "forwardProgress": 0,
            "isEventTalked": [
                true,
                true,
                true,
                true,
                true,
                true,
                true,
                true
            ],
            "isTopicTalked": [
                [
                    false,
                    false,
                    false,
                    false
                ],
                [
                    false,
                    false,
                    false
                ],
                [
                    false,
                    false,
                    false
                ],
                [
                    false,
                    false,
                    false
                ],
                [
                    false,
                    false,
                    false
                ],
                [
                    false,
                    false
                ],
                [
                    false,
                    false,
                    false
                ],
                [
                    false,
                    false
                ]
            ],
            "summarizing": false,
            "overviewing": false
        },
        {
            "dialogue_turn": 5,
            "curEid": 5,
            "commandEid": "5",
            "wandering": true,
            "forwardProgress": 0,
            "isEventTalked": [
                true,
                true,
                true,
                true,
                true,
                true,
                true,
                true
            ],
            "isTopicTalked": [
                [
                    false,
                    false,
                    false,
                    false
                ],
                [
                    false,
                    false,
                    false
                ],
                [
                    false,
                    false,
                    false
                ],
                [
                    false,
                    false,
                    false
                ],
                [
                    false,
                    false,
                    false
                ],
                [
                    false,
                    false
                ],
                [
                    false,
                    false,
                    false
                ],
                [
                    false,
                    false
                ]
            ],
            "summarizing": false,
            "overviewing": false
        },
        {
            "dialogue_turn": 6,
            "curEid": 5,
            "commandEid": "",
            "wandering": true,
            "forwardProgress": 0,
            "isEventTalked": [
                true,
                true,
                true,
                true,
                true,
                true,
                true,
                true
            ],
            "isTopicTalked": [
                [
                    false,
                    false,
                    false,
                    false
                ],
                [
                    false,
                    false,
                    false
                ],
                [
                    false,
                    false,
                    false
                ],
                [
                    false,
                    false,
                    false
                ],
                [
                    false,
                    false,
                    false
                ],
                [
                    false,
                    false
                ],
                [
                    false,
                    false,
                    false
                ],
                [
                    false,
                    false
                ]
            ],
            "summarizing": false,
            "overviewing": false
        },
        {
            "dialogue_turn": 7,
            "curEid": 2,
            "commandEid": "2",
            "wandering": true,
            "forwardProgress": 0,
            "isEventTalked": [
                true,
                true,
                true,
                true,
                true,
                true,
                true,
                true
            ],
            "isTopicTalked": [
                [
                    false,
                    false,
                    false,
                    false
                ],
                [
                    false,
                    false,
                    false
                ],
                [
                    false,
                    false,
                    false
                ],
                [
                    false,
                    false,
                    false
                ],
                [
                    false,
                    false,
                    false
                ],
                [
                    false,
                    false
                ],
                [
                    false,
                    false,
                    false
                ],
                [
                    false,
                    false
                ]
            ],
            "summarizing": false,
            "overviewing": false
        },
        {
            "dialogue_turn": 8,
            "curEid": 2,
            "commandEid": "",
            "wandering": true,
            "forwardProgress": 0,
            "isEventTalked": [
                true,
                true,
                true,
                true,
                true,
                true,
                true,
                true
            ],
            "isTopicTalked": [
                [
                    false,
                    false,
                    false,
                    false
                ],
                [
                    false,
                    false,
                    false
                ],
                [
                    false,
                    false,
                    false
                ],
                [
                    false,
                    false,
                    false
                ],
                [
                    false,
                    false,
                    false
                ],
                [
                    false,
                    false
                ],
                [
                    false,
                    false,
                    false
                ],
                [
                    false,
                    false
                ]
            ],
            "summarizing": false,
            "overviewing": false
        },
        {
            "dialogue_turn": 9,
            "curEid": 2,
            "commandEid": "",
            "wandering": true,
            "forwardProgress": 0,
            "isEventTalked": [
                true,
                true,
                true,
                true,
                true,
                true,
                true,
                true
            ],
            "isTopicTalked": [
                [
                    false,
                    false,
                    false,
                    false
                ],
                [
                    false,
                    false,
                    false
                ],
                [
                    false,
                    false,
                    false
                ],
                [
                    false,
                    false,
                    false
                ],
                [
                    false,
                    false,
                    false
                ],
                [
                    false,
                    false
                ],
                [
                    false,
                    false,
                    false
                ],
                [
                    false,
                    false
                ]
            ],
            "summarizing": false,
            "overviewing": false
        },
        {
            "dialogue_turn": 10,
            "curEid": 5,
            "commandEid": "5",
            "wandering": true,
            "forwardProgress": 0,
            "isEventTalked": [
                true,
                true,
                true,
                true,
                true,
                true,
                true,
                true
            ],
            "isTopicTalked": [
                [
                    false,
                    false,
                    false,
                    false
                ],
                [
                    false,
                    false,
                    false
                ],
                [
                    false,
                    false,
                    false
                ],
                [
                    false,
                    false,
                    false
                ],
                [
                    false,
                    false,
                    false
                ],
                [
                    false,
                    false
                ],
                [
                    false,
                    false,
                    false
                ],
                [
                    false,
                    false
                ]
            ],
            "summarizing": false,
            "overviewing": false
        },
        {
            "dialogue_turn": 11,
            "curEid": 1,
            "commandEid": "1",
            "wandering": false,
            "forwardProgress": 0,
            "isEventTalked": [
                true,
                true,
                true,
                true,
                true,
                true,
                true,
                true
            ],
            "isTopicTalked": [
                [
                    false,
                    false,
                    false,
                    false
                ],
                [
                    false,
                    false,
                    false
                ],
                [
                    false,
                    false,
                    false
                ],
                [
                    false,
                    false,
                    false
                ],
                [
                    false,
                    false,
                    false
                ],
                [
                    false,
                    false
                ],
                [
                    false,
                    false,
                    false
                ],
                [
                    false,
                    false
                ]
            ],
            "summarizing": false,
            "overviewing": false
        },
        {
            "dialogue_turn": 12,
            "curEid": 1,
            "commandEid": "1",
            "wandering": false,
            "forwardProgress": 2,
            "isEventTalked": [
                true,
                true,
                true,
                true,
                true,
                true,
                true,
                true
            ],
            "isTopicTalked": [
                [
                    false,
                    false,
                    false,
                    false
                ],
                [
                    false,
                    false,
                    false
                ],
                [
                    false,
                    false,
                    false
                ],
                [
                    false,
                    false,
                    false
                ],
                [
                    false,
                    false,
                    false
                ],
                [
                    false,
                    false
                ],
                [
                    false,
                    false,
                    false
                ],
                [
                    false,
                    false
                ]
            ],
            "summarizing": false,
            "overviewing": false
        },
        {
            "dialogue_turn": 13,
            "curEid": 1,
            "commandEid": "1",
            "wandering": false,
            "forwardProgress": 2,
            "isEventTalked": [
                true,
                true,
                true,
                true,
                true,
                true,
                true,
                true
            ],
            "isTopicTalked": [
                [
                    false,
                    false,
                    false,
                    false
                ],
                [
                    false,
                    false,
                    false
                ],
                [
                    false,
                    false,
                    false
                ],
                [
                    false,
                    false,
                    false
                ],
                [
                    false,
                    false,
                    false
                ],
                [
                    false,
                    false
                ],
                [
                    false,
                    false,
                    false
                ],
                [
                    false,
                    false
                ]
            ],
            "summarizing": false,
            "overviewing": false
        },
        {
            "dialogue_turn": 14,
            "curEid": 2,
            "commandEid": "2",
            "wandering": false,
            "forwardProgress": 2,
            "isEventTalked": [
                true,
                true,
                true,
                true,
                true,
                true,
                true,
                true
            ],
            "isTopicTalked": [
                [
                    false,
                    false,
                    false,
                    false
                ],
                [
                    false,
                    false,
                    false
                ],
                [
                    false,
                    false,
                    false
                ],
                [
                    false,
                    false,
                    false
                ],
                [
                    false,
                    false,
                    false
                ],
                [
                    false,
                    false
                ],
                [
                    false,
                    false,
                    false
                ],
                [
                    false,
                    false
                ]
            ],
            "summarizing": false,
            "overviewing": false
        },
        {
            "dialogue_turn": 15,
            "curEid": 2,
            "commandEid": "o",
            "wandering": true,
            "forwardProgress": 2,
            "isEventTalked": [
                true,
                true,
                true,
                true,
                true,
                true,
                true,
                true
            ],
            "isTopicTalked": [
                [
                    false,
                    false,
                    false,
                    false
                ],
                [
                    false,
                    false,
                    false
                ],
                [
                    false,
                    false,
                    false
                ],
                [
                    false,
                    false,
                    false
                ],
                [
                    false,
                    false,
                    false
                ],
                [
                    false,
                    false
                ],
                [
                    false,
                    false,
                    false
                ],
                [
                    false,
                    false
                ]
            ],
            "summarizing": false,
            "overviewing": true
        },
        {
            "dialogue_turn": 16,
            "curEid": 3,
            "commandEid": "3",
            "wandering": false,
            "forwardProgress": 2,
            "isEventTalked": [
                true,
                true,
                true,
                true,
                true,
                true,
                true,
                true
            ],
            "isTopicTalked": [
                [
                    false,
                    false,
                    false,
                    false
                ],
                [
                    false,
                    false,
                    false
                ],
                [
                    false,
                    false,
                    false
                ],
                [
                    false,
                    false,
                    false
                ],
                [
                    false,
                    false,
                    false
                ],
                [
                    false,
                    false
                ],
                [
                    false,
                    false,
                    false
                ],
                [
                    false,
                    false
                ]
            ],
            "summarizing": false,
            "overviewing": false
        },
        {
            "dialogue_turn": 17,
            "curEid": 3,
            "commandEid": "",
            "wandering": false,
            "forwardProgress": 3,
            "isEventTalked": [
                true,
                true,
                true,
                true,
                true,
                true,
                true,
                true
            ],
            "isTopicTalked": [
                [
                    false,
                    false,
                    false,
                    false
                ],
                [
                    false,
                    false,
                    false
                ],
                [
                    false,
                    false,
                    false
                ],
                [
                    false,
                    false,
                    false
                ],
                [
                    false,
                    false,
                    false
                ],
                [
                    false,
                    false
                ],
                [
                    false,
                    false,
                    false
                ],
                [
                    false,
                    false
                ]
            ],
            "summarizing": false,
            "overviewing": false
        },
        {
            "dialogue_turn": 18,
            "curEid": 4,
            "commandEid": "4",
            "wandering": false,
            "forwardProgress": 4,
            "isEventTalked": [
                true,
                true,
                true,
                true,
                true,
                true,
                true,
                true
            ],
            "isTopicTalked": [
                [
                    false,
                    false,
                    false,
                    false
                ],
                [
                    false,
                    false,
                    false
                ],
                [
                    false,
                    false,
                    false
                ],
                [
                    false,
                    false,
                    false
                ],
                [
                    false,
                    false,
                    false
                ],
                [
                    false,
                    false
                ],
                [
                    false,
                    false,
                    false
                ],
                [
                    false,
                    false
                ]
            ],
            "summarizing": false,
            "overviewing": false
        },
        {
            "dialogue_turn": 19,
            "curEid": 4,
            "commandEid": "4",
            "wandering": false,
            "forwardProgress": 5,
            "isEventTalked": [
                true,
                true,
                true,
                true,
                true,
                true,
                true,
                true
            ],
            "isTopicTalked": [
                [
                    false,
                    false,
                    false,
                    false
                ],
                [
                    false,
                    false,
                    false
                ],
                [
                    false,
                    false,
                    false
                ],
                [
                    false,
                    false,
                    false
                ],
                [
                    false,
                    false,
                    false
                ],
                [
                    false,
                    false
                ],
                [
                    false,
                    false,
                    false
                ],
                [
                    false,
                    false
                ]
            ],
            "summarizing": false,
            "overviewing": false
        },
        {
            "dialogue_turn": 20,
            "curEid": 6,
            "commandEid": "6",
            "wandering": true,
            "forwardProgress": 5,
            "isEventTalked": [
                true,
                true,
                true,
                true,
                true,
                true,
                true,
                true
            ],
            "isTopicTalked": [
                [
                    false,
                    false,
                    false,
                    false
                ],
                [
                    false,
                    false,
                    false
                ],
                [
                    false,
                    false,
                    false
                ],
                [
                    false,
                    false,
                    false
                ],
                [
                    false,
                    false,
                    false
                ],
                [
                    false,
                    false
                ],
                [
                    false,
                    false,
                    false
                ],
                [
                    false,
                    false
                ]
            ],
            "summarizing": false,
            "overviewing": false
        },
        {
            "dialogue_turn": 21,
            "curEid": 6,
            "commandEid": "6",
            "wandering": true,
            "forwardProgress": 7,
            "isEventTalked": [
                true,
                true,
                true,
                true,
                true,
                true,
                true,
                true
            ],
            "isTopicTalked": [
                [
                    false,
                    false,
                    false,
                    false
                ],
                [
                    false,
                    false,
                    false
                ],
                [
                    false,
                    false,
                    false
                ],
                [
                    false,
                    false,
                    false
                ],
                [
                    false,
                    false,
                    false
                ],
                [
                    false,
                    false
                ],
                [
                    false,
                    false,
                    false
                ],
                [
                    false,
                    false
                ]
            ],
            "summarizing": false,
            "overviewing": false
        },
        {
            "dialogue_turn": 22,
            "curEid": 6,
            "commandEid": "6",
            "wandering": true,
            "forwardProgress": 7,
            "isEventTalked": [
                true,
                true,
                true,
                true,
                true,
                true,
                true,
                true
            ],
            "isTopicTalked": [
                [
                    false,
                    false,
                    false,
                    false
                ],
                [
                    false,
                    false,
                    false
                ],
                [
                    false,
                    false,
                    false
                ],
                [
                    false,
                    false,
                    false
                ],
                [
                    false,
                    false,
                    false
                ],
                [
                    false,
                    false
                ],
                [
                    false,
                    false,
                    false
                ],
                [
                    false,
                    false
                ]
            ],
            "summarizing": false,
            "overviewing": false
        },
        {
            "dialogue_turn": 23,
            "curEid": 6,
            "commandEid": "6",
            "wandering": true,
            "forwardProgress": 7,
            "isEventTalked": [
                true,
                true,
                true,
                true,
                true,
                true,
                true,
                true
            ],
            "isTopicTalked": [
                [
                    false,
                    false,
                    false,
                    false
                ],
                [
                    false,
                    false,
                    false
                ],
                [
                    false,
                    false,
                    false
                ],
                [
                    false,
                    false,
                    false
                ],
                [
                    false,
                    false,
                    false
                ],
                [
                    false,
                    false
                ],
                [
                    false,
                    false,
                    false
                ],
                [
                    false,
                    false
                ]
            ],
            "summarizing": false,
            "overviewing": false
        },
        {
            "dialogue_turn": 24,
            "curEid": 6,
            "commandEid": "o",
            "wandering": true,
            "forwardProgress": 7,
            "isEventTalked": [
                true,
                true,
                true,
                true,
                true,
                true,
                true,
                true
            ],
            "isTopicTalked": [
                [
                    false,
                    false,
                    false,
                    false
                ],
                [
                    false,
                    false,
                    false
                ],
                [
                    false,
                    false,
                    false
                ],
                [
                    false,
                    false,
                    false
                ],
                [
                    false,
                    false,
                    false
                ],
                [
                    false,
                    false
                ],
                [
                    false,
                    false,
                    false
                ],
                [
                    false,
                    false
                ]
            ],
            "summarizing": false,
            "overviewing": true
        },
        {
            "dialogue_turn": 25,
            "curEid": 6,
            "commandEid": "s",
            "wandering": true,
            "forwardProgress": 7,
            "isEventTalked": [
                true,
                true,
                true,
                true,
                true,
                true,
                true,
                true
            ],
            "isTopicTalked": [
                [
                    false,
                    false,
                    false,
                    false
                ],
                [
                    false,
                    false,
                    false
                ],
                [
                    false,
                    false,
                    false
                ],
                [
                    false,
                    false,
                    false
                ],
                [
                    false,
                    false,
                    false
                ],
                [
                    false,
                    false
                ],
                [
                    false,
                    false,
                    false
                ],
                [
                    false,
                    false
                ]
            ],
            "summarizing": true,
            "overviewing": false
        }
    ]
}