{
    "user": "zlj_2",
    "resume": "zlj_2_20240301_2.log",
    "datetime": [
        "2024-03-01-12:51"
    ],
    "photo_dir": "/Users/codaxu/Documents/ChatAlbum/Reviver_Proactive/photos/zlj_2",
    "chat_history": [
        {
            "role": "assistant",
            "content": "这组照片拍摄于2017年8月，一共有61张，文件夹名称写着'巴拿马、哥斯达黎加、伯利兹、哥伦比亚'。为了帮助您理解，我把照片分成了8个场景。其中有:中巴公园参观巴拿马总统雕像,吃龙虾,喝椰子汁,和蝴蝶标本合影,轮船博物馆参观,哥斯达黎加巡演,乘船与辽阔海面合影,波特洛博物馆和波哥大教堂参观,玻利瓦尔广场上与鸽子合影。我们从第一个场景聊起吧，第一个场景是中巴公园牌坊和巴拿马总统雕像。"
        },
        {
            "role": "user",
            "content": "能继续说吗"
        },
        {
            "role": "assistant",
            "content": "您照片中的第1个场景是中巴公园牌坊和巴拿马总统雕像。有4张照片,拍摄于8月15日,是你在中巴公园中的单人照。其中有2张照片是你站在写有'中巴公园'文字的牌坊前，另外2张照片是你站在一塑可能是'巴拿马总统'的人像雕塑前。照片中多云，光线充足。"
        }
    ],
    "mtree": {
        "superE": "这组照片拍摄于2017年8月，一共有61张，文件夹名称写着'巴拿马、哥斯达黎加、伯利兹、哥伦比亚'。为了帮助您理解，我把照片分成了8个场景。其中有:中巴公园参观巴拿马总统雕像,吃龙虾,喝椰子汁,和蝴蝶标本合影,轮船博物馆参观,哥斯达黎加巡演,乘船与辽阔海面合影,波特洛博物馆和波哥大教堂参观,玻利瓦尔广场上与鸽子合影。",
        "events": [
            "有4张照片,拍摄于8月15日,是你在中巴公园中的单人照。其中有2张照片是你站在写有'中巴公园'文字的牌坊前，另外2张照片是你站在一塑可能是'巴拿马总统'的人像雕塑前。照片中多云，光线充足。",
            "有9张照片,拍摄于8月16日,记录了你在室内吃龙虾，在草地上坐着和跳跃，以及在长有白色花朵的树木旁边拍照。",
            "有10张照片,拍摄于8月21日,记录了你在室内喝椰子汁，在室内和蝴蝶标本合影，以及浪花很大的海边无人场景。",
            "有4张照片,拍摄于8月24日,根据照片判断这是在类似轮船博物馆的场所。判断依据是:一张照片中你站在类似轮船主控舱内的地方拍照，另一张照片中你拿着模型电话，还有两张照片中你站在白色模型窗旁。",
            "有10张照片,拍摄于8月26日,记录了你白天在有露天游泳池和热带树木景观的场地活动,以及晚上你在写有'庆祝中哥建交十周年中国残疾人艺术团访哥斯达黎加巡演'的舞台前大合影。",
            "有6张照片,拍摄于8月28日,记录了你在船上，靠着栏杆，与宽阔的海面合影。照片中你都站着，其中一张你展开双臂。海面上激起白色的浪花，据此推测船在高速行驶。照片中天气多云。",
            "有7张照片,拍摄于8月31日,记录了你在波特洛博物馆参观画作和雕像，以及在波哥大教堂的参观。这两个地点都位于哥伦比亚的波哥大市。",
            "有9张照片,拍摄于8月31日,记录了你在玻利瓦尔广场上，与周边的建筑物，还有广场上的鸽子合影。照片中天气多云。"
        ],
        "evtCnt": 8,
        "evtStr": "0 中巴公园牌坊和巴拿马总统雕像\n1 吃龙虾,在草地上以及在树旁拍照\n2 喝椰子汁,和蝴蝶标本合影,在海边\n3 轮船博物馆参观\n4 室内泳池和热带树木，以及哥斯达黎加巡演\n5 乘船与辽阔海面合影\n6 波特洛博物馆和波哥大教堂参观\n7 玻利瓦尔广场上与鸽子合影",
        "shorts": [
            "中巴公园牌坊和巴拿马总统雕像",
            "吃龙虾,在草地上以及在树旁拍照",
            "喝椰子汁,和蝴蝶标本合影,在海边看海",
            "参观轮船博物馆",
            "露天泳池度假区，以及哥斯达黎加巡演",
            "乘船与辽阔海面合影",
            "波特洛博物馆和波哥大教堂参观",
            "玻利瓦尔广场上与鸽子合影"
        ],
        "metas": [
            "4张照片,拍摄于8月15日",
            "9张照片,拍摄于8月16日",
            "10张照片,拍摄于8月21日",
            "4张照片,拍摄于8月24日",
            "10张照片,拍摄于8月26日",
            "6张照片,拍摄于8月28日",
            "7张照片,拍摄于8月31日",
            "11张照片,拍摄于8月31日"
        ],
        "photos": [
            [
                1,
                2,
                3,
                4
            ],
            [
                5,
                6,
                7,
                8,
                9,
                10,
                11,
                12,
                13
            ],
            [
                14,
                15,
                16,
                17,
                18,
                19,
                20,
                21,
                22,
                23
            ],
            [
                24,
                25,
                26,
                27
            ],
            [
                28,
                29,
                30,
                31,
                32,
                33,
                34,
                35,
                36,
                37
            ],
            [
                38,
                39,
                40,
                41,
                42,
                43
            ],
            [
                44,
                45,
                46,
                47,
                48,
                49,
                50
            ],
            [
                51,
                52,
                53,
                54,
                55,
                56,
                57,
                58,
                59,
                60,
                61
            ]
        ],
        "topics": [
            [
                "有2张照片是你站在牌坊前。牌坊是红色的，上面写着黄色的'中巴公园'文字。牌坊由两根红色柱子支撑，顶部是黄色瓦块，雕有两条龙。你位于画面中下方，笔直站立，穿着紫色短袖有领T恤。在公园里你们都玩了什么?",
                "牌坊的照片中，你和牌坊在前景，背景有黄色的地砖、绿色的树木，和远处多云的天空。参观当天你的心情如何?",
                "在雕像的照片中,雕像下方的白色石碑上写有'巴勃罗 阿罗塞梅纳'，这个名字与巴拿马前总统名字相符，据此判断可能是巴拿马总统的雕像。雕像是黑色的，展示着昂首阔步向前的姿态。一只手臂在胸前平举，另一只手臂在身后。你记得在雕像前拍照的感觉吗?",
                "巴拿马总统雕像下方是石碑，石碑前方有一个展翅雄鹰的黑色雕像。你蹲坐在石碑前，双手向外展开，像是在托举着脸庞。石碑后方是绿色的树林。"
            ],
            [
                "有两张照片你在吃大龙虾。你手持筷子，筷子上插着龙虾头，龙虾头的尺寸接近你的头部大小。这么大的龙虾拿在手里是什么感觉?",
                "有三张照片,你在辽阔的草坪上活动。有的照片中你坐着，伸展着双臂望向天空; 还有的照片中你在空中跳跃。你记得在空中跳跃吗?",
                "有四张照片,你在和长有白花的树合影。花朵是白色的。这个场景是一片树林。你记得是在哪里吗?"
            ],
            [
                "有2张照片，是你在餐桌上捧着叶子喝椰汁。照片像是在一个用餐大厅中拍摄。你记得那时喝椰子的味道吗?",
                "有3张照片，是你在一个贴满蝴蝶图案的墙壁前面合影。蝴蝶有10多只，有棕色的，有橙色的，有蓝色的。你记得这面蝴蝶墙吗?",
                "有4张照片，拍摄了无人的海边。海水呈现灰色，浪花很大。天空是灰色的，推测是阴天。你记得这个阴天看海吗?"
            ],
            [
                "有1张照片，你站在一个有着三面大屏幕的室内拍照。除了大屏幕外，室内光线昏暗，推测是博物馆内的轮船驾驶舱展厅。我猜测的准确吗?",
                "有1张照片，你在拿起模型话筒。身旁有一个模型人同样拿着话筒。你们仿佛在通话。当时是不是在特地摆造型拍照?",
                "有两张照片，是你在一个白色的窗户模型旁拍照。背景墙上贴有一些合影，合影上的人物穿着水手服。你的手摸着墙，墙面摸起来感觉如何,你还记得吗?"
            ],
            [
                "有8张照片，显示你在一个类似度假休闲场所的地方拍照。场所内有室内泳池，热带植物，以及圆形尖顶的寨子。照片中你穿着黑色短袖T恤。这是个度假区吗?",
                "有2张照片是舞台上的多人大合影，有大约40余人，舞台上方的横幅写着'庆祝中哥建交十周年中国残疾人艺术团访哥斯达黎加巡演'。你记得演出的内容吗?",
                "你穿着黑色衣服，尊坐在第一排最左边。舞台上幕布是红色的，屋顶上挂有中国和哥斯达黎加的国旗。你记得演出后的感受吗?"
            ],
            [
                "照片中，海面是蓝色的，船只栏杆是白色的，你靠着栏杆，穿着紫色T恤。海面上激起白色浪花，暗示着船速很快。你记得在海上的感觉吗?",
                "其中一张照片，你伸着双臂拍照。轮船拖尾的浪花恰好在你的双臂两侧，成为你的翅膀。你就像一个天使。你记得这个拍照的姿势吗?"
            ],
            [
                "照片中的画作有两幅，一副是来自毕加索的抽象画作，一副来自费尔南多·博特罗的蒙娜丽莎。你记得参观的感受吗?",
                "照片中你还在参观一些雕塑。你触摸了这些雕塑，你记得摸上去的感觉吗？",
                "照片中的教堂里，有许多供奉的铜像。你记得在教堂参观吗?"
            ],
            [
                "玻利瓦尔广场位于哥伦比亚的首都波哥大市。我是根据照片中的建筑物，以及照片中飘扬的哥伦比亚国旗，推测的地点。我的推测准确吗?",
                "照片中，你和很多鸽子一起拍照。你手上拿着一袋玉米粒，后来又把玉米粒放在手上。鸽子落在你的手上，你笑得很开心。你有印象吗?"
            ]
        ]
    },
    "reply_history": [
        {
            "dialogue_turn": 0,
            "user_input": null,
            "command_eid": null,
            "original_reply": "这组照片拍摄于2017年8月，一共有61张，文件夹名称写着'巴拿马、哥斯达黎加、伯利兹、哥伦比亚'。为了帮助您理解，我把照片分成了8个场景。其中有:中巴公园参观巴拿马总统雕像,吃龙虾,喝椰子汁,和蝴蝶标本合影,轮船博物馆参观,哥斯达黎加巡演,乘船与辽阔海面合影,波特洛博物馆和波哥大教堂参观,玻利瓦尔广场上与鸽子合影。我们从第一个场景聊起吧，第一个场景是中巴公园牌坊和巴拿马总统雕像。",
            "corrected_reply": null
        },
        {
            "dialogue_turn": 1,
            "user_input": "能继续说吗",
            "command_eid": "",
            "original_reply": "",
            "corrected_reply": "您照片中的第1个场景是中巴公园牌坊和巴拿马总统雕像。有4张照片,拍摄于8月15日,是你在中巴公园中的单人照。其中有2张照片是你站在写有'中巴公园'文字的牌坊前，另外2张照片是你站在一塑可能是'巴拿马总统'的人像雕塑前。照片中多云，光线充足。"
        }
    ],
    "state_history": [
        {
            "dialogue_turn": 0,
            "curEid": 0,
            "commandEid": null,
            "wandering": false,
            "forwardProgress": 0,
            "isEventTalked": [
                true,
                false,
                false,
                false,
                false,
                false,
                false,
                false
            ],
            "isTopicTalked": [
                [
                    false,
                    false,
                    false,
                    false
                ],
                [
                    false,
                    false,
                    false
                ],
                [
                    false,
                    false,
                    false
                ],
                [
                    false,
                    false,
                    false
                ],
                [
                    false,
                    false,
                    false
                ],
                [
                    false,
                    false
                ],
                [
                    false,
                    false,
                    false
                ],
                [
                    false,
                    false
                ]
            ],
            "summarizing": false,
            "overviewing": false
        },
        {
            "dialogue_turn": 1,
            "curEid": 0,
            "commandEid": "",
            "wandering": false,
            "forwardProgress": 0,
            "isEventTalked": [
                true,
                false,
                false,
                false,
                false,
                false,
                false,
                false
            ],
            "isTopicTalked": [
                [
                    false,
                    false,
                    false,
                    false
                ],
                [
                    false,
                    false,
                    false
                ],
                [
                    false,
                    false,
                    false
                ],
                [
                    false,
                    false,
                    false
                ],
                [
                    false,
                    false,
                    false
                ],
                [
                    false,
                    false
                ],
                [
                    false,
                    false,
                    false
                ],
                [
                    false,
                    false
                ]
            ],
            "summarizing": false,
            "overviewing": false
        }
    ]
}