{
    "user": "zouchao_2",
    "resume": null,
    "datetime": "2024-03-14-20:11",
    "photo_dir": "/Users/codaxu/Documents/ChatAlbum/Reviver_Proactive/photos/zouchao_2",
    "chat_history": [
        {
            "role": "assistant",
            "content": "这组照片一共有20张，记录了,草原夜色美,王和声作品专场音乐会,暨2024,嘉平爱乐艺术团,新春音乐会的活动。为了帮助您理解，我把照片分成了6个场景。第一个场景是,1月28日音乐会大合照, 第二个场景是,你吹奏萨克斯风特写, 第三个场景是,1月27日音乐厅领奖与合影活动, 第四个场景是,房间内四五人交谈, 第五个场景是,房间内合影, 第六个场景是,餐厅用餐合影。我们从第一个场景聊起吧，第一个场景是1月28日音乐会大合照。"
        },
        {
            "role": "user",
            "content": "舞台上有多少人?"
        },
        {
            "role": "assistant",
            "content": "在照片中，我看到一个舞台上站着许多身穿正式服装的人，包括穿着黑色服装的乐团成员和穿着蓝色服饰的表演者。他们排列成数排，准备合影。不过，由于人数较多且照片角度和分辨率的限制，不容易进行精确的人数统计。根据粗略统计大概有80人左右."
        },
        {
            "role": "user",
            "content": "舞台的背景上面包含哪些文字信息?"
        },
        {
            "role": "assistant",
            "content": "照片记录了‘草原夜色美’王和声作品专场音乐会暨2024嘉平爱乐艺术团新春音乐会的全体大合影现场。此外，我注意到:合照里的灯牌出现了“草原夜色美, 中国的小夜曲”、'陈首 陈首',“王和声”,'星辰合唱','阳光乐团'等名称，你知道他们的含义吗？"
        },
        {
            "role": "user",
            "content": "知道。"
        },
        {
            "role": "assistant",
            "content": "好的.此外，我注意到:合照现场前排蹲坐着穿着蓝色表演服饰的演出者，手举灯牌。其后站立着一排衣物各异、但都较为正式的成年人，其中有些人手捧鲜花。再其后是负责各色乐器的乐手们，均身穿黑色正装。大家面带笑容。"
        },
        {
            "role": "user",
            "content": "还有别的吗?"
        },
        {
            "role": "assistant",
            "content": "我在合影照片中看到了一些乐器，包括钢琴、小提琴、各类铜管乐器（比如号角、小号）、打击乐器（如定音鼓和吊钹），还有音乐谱架和话筒架。此外，还有一些鲜花和花篮。此外,整个大厅的地板是木质的."
        },
        {
            "role": "user",
            "content": "还有其他的吗?"
        },
        {
            "role": "assistant",
            "content": "我在照片里看到前排有几位人物手中或者旁边有鲜花，鲜花的颜色包括红色和黄色等，排列成花束的形式，或者摆放在花篮里。舞台上还有黑色椅子。"
        },
        {
            "role": "user",
            "content": "下一个场景。"
        },
        {
            "role": "assistant",
            "content": "好的.您照片中的第2个场景是吹奏萨克斯风特写。一共有4张照片，记录了你在音乐厅舞台上吹奏萨克斯风的场景。这个场景的环境在室内，看起来像是音乐厅，光线昏暗或明亮，附有舞台效果的照明。照片中主要有你和萨克斯风、钢琴演奏者、音乐设备、木质舞台和舞台照明。我注意到:照片中你身着黑色西装，白色衬衫，戴着眼镜，有时戴着蓝色的领结，在舞台中央吹奏金黄色的萨克斯风。舞台灯光明亮专业."
        },
        {
            "role": "user",
            "content": "背景包含哪些文字信息？"
        },
        {
            "role": "assistant",
            "content": "背景上方有黄色底红色字的旗帜，显示日期为\"2024.01.28\"。舞台大多为深色调，袇台中间有一架黑色的大钢琴，上面写着yangtze river,含义是扬子江."
        },
        {
            "role": "user",
            "content": "舞台灯光是什么样子的颜色？"
        },
        {
            "role": "assistant",
            "content": "我在照片里看到舞台上的灯光以暖色调为主，特别是黄色和红色，给人一种温暖和专业的氛围。此外，我注意到:除了你和萨克斯风，照片中还显示有另一位男性在演奏黑色钢琴、有麦克风架和其他音乐设备。这是你们的合作曲目吗?"
        },
        {
            "role": "user",
            "content": "是的"
        },
        {
            "role": "assistant",
            "content": "好的.照片中你看起来神情专注，身着精致的服装，身姿挺拔，在舞台上表现自己的音乐才能。你当时的心情如何呢?你演奏的什么音乐呢"
        },
        {
            "role": "user",
            "content": "我当时的心情比较兴奋"
        },
        {
            "role": "assistant",
            "content": "这一定是很有纪念意义的时刻.照片中有的你脖子前有蓝色领结,有的没有.这个原因你还记得吗"
        },
        {
            "role": "user",
            "content": "弹钢琴的人穿着什么颜色的衣服？"
        },
        {
            "role": "assistant",
            "content": "钢琴手穿着一件黑色的长袖衬衫.你吹奏萨克斯风特写场景中的主要信息都聊完了。要不要聊下一个呢?下一个场景是:场景3:1月27日音乐厅领奖与合影活动,有4张照片.。"
        },
        {
            "role": "user",
            "content": "好的，下一个场景"
        },
        {
            "role": "assistant",
            "content": "您照片中的第3个场景是音乐厅领奖与合影活动。一共有4张照片，记录了你在音乐厅舞台上接受花束及合影的活动。这个场景的环境在室内，看起来是音乐厅，光线良好。照片中主要有你和其他表演者、观众席中的人群，以及舞台背景。照片中，你与一名同样穿西装、手捧花束的男性，以及两名身穿蓝色演出裙的女孩一起站在音乐厅舞台上，看上去精神饱满，像是刚接受了花束。你还记得当时的情形吗？"
        },
        {
            "role": "user",
            "content": "照片里包含哪些文字信息？"
        },
        {
            "role": "assistant",
            "content": "照片里的文字信息包括：\"‘草原夜色美’王和声作品专场音乐会暨2024嘉平爱乐艺术团新春音乐会.和一个日期\"2024.01.27\"。这些文字被印在蓝色的横幅上，横幅悬挂在舞台的上方。舞台上方还有一些管风琴管，看起来是一个正式的音乐会场馆。"
        },
        {
            "role": "user",
            "content": "还有有哪些内容？"
        },
        {
            "role": "assistant",
            "content": "另一张照片中，你站在舞台中央，两名中年男性在你身旁，一名身穿灰色外套的男性怀抱鲜艳花束，手拿麦克风似乎在对你说话。另一名穿黄色毛衣的男性在一旁看向你。舞台后方是身穿蓝色演出裙或深色衣物的表演者。这是在进行什么活动?"
        },
        {
            "role": "user",
            "content": "下一个场景。"
        },
        {
            "role": "assistant",
            "content": "好的.您照片中的第4个场景是房间内四五人交谈。一共有3张照片，记录了你和其他三人在一个看似会议室或办公室的室内环境里坐在沙发上交谈，旁边有人手持萨克斯风的场景。室内光线适中，墙面是白色的，房间有一张茶几和红色长沙发。照片中主要有你和其他三位男性、沙发、茶几和萨克斯风。"
        },
        {
            "role": "user",
            "content": "照片里包含哪些文字信息？"
        },
        {
            "role": "assistant",
            "content": "照片中没有明显的文字，只有印着五线谱的白纸。桌子上放有一些杯子、手机和其他小物品。墙壁呈白色，房间内部装饰简单。"
        },
        {
            "role": "user",
            "content": "照片里的人都穿着什么样的衣服？"
        },
        {
            "role": "assistant",
            "content": "照片里有四个人。一个年轻人穿着黑色西装外套，白色衬衫以及黑色领带，领带上有红色和白色图案；一个中年人穿着蓝色羽绒服，佩戴黑色帽子；另一个中年人穿着绿色夹克和深色裤子；最后一个中年人穿着藏蓝色外套和浅黄色毛衣。"
        },
        {
            "role": "user",
            "content": "刚刚说好像有吃饭的照片?"
        },
        {
            "role": "assistant",
            "content": "您照片中的第6个场景是餐厅用餐合影。一共有3张照片，记录了你和两位中年男士在餐厅用餐的场景。这个场景的环境在室内，餐厅中光线很好。照片中主要有你们三人、餐桌、玻璃酒杯和碗筷。我注意到:照片中，你与两位中年男士坐在餐桌前，你戴着眼镜，穿着红色的套头衫。你左侧的男士穿着蓝灰色外套，脸上略有皱纹，你右侧的男士穿着土黄色针织衫。你记得他们是谁吗?"
        },
        {
            "role": "user",
            "content": "照片里有文字信息吗？"
        },
        {
            "role": "assistant",
            "content": "照片里没有文字,餐厅看起来很温馨，灯光适中，桌面铺着白桌布，摆放着碗筷与酒杯，营造了一个舒适的用餐环境。你在这里用餐愉快吗?"
        },
        {
            "role": "user",
            "content": "照片上的人能看出年龄吗？"
        },
        {
            "role": "assistant",
            "content": "左侧的男士和右侧的男士看起来有中年或更成熟的外貌，而你给人的印象较为年轻。具体年龄很难通过照片判断."
        },
        {
            "role": "user",
            "content": "还有其他内容吗？"
        },
        {
            "role": "assistant",
            "content": "我们还有第五个场景没有聊过。第五个场景是房间内合影，一共有四张照片，记录了你与他人在室内办公室或会议室里三两人轮流合影的场景。环境在室内光线室中背景多为白色的墙壁。照片中主要有你，成年男性，年轻男孩，沙发、桌子和书本有几个人。"
        },
        {
            "role": "user",
            "content": "有几个人"
        },
        {
            "role": "assistant",
            "content": "在一张照片里，我看到了三个人，其中有两位成年男性和一名青年男子，他们站在一间室内环境里，背对着白色的墙壁，身穿冬季外套，站得比较紧凑。另一张照片中是你和一个年轻男孩的合影.男孩穿着蓝色外套"
        },
        {
            "role": "user",
            "content": "还有其他内容吗？"
        },
        {
            "role": "assistant",
            "content": "所有照片的主要信息都聊完了。我来总结一下：您的照片一共有6个场景。第一个场景是,1月28日音乐会大合照, 第二个场景是,你吹奏萨克斯风特写, 第三个场景是,1月27日音乐厅领奖与合影活动, 第四个场景是,房间内四五人交谈, 第五个场景是,房间内合影, 第六个场景是,餐厅用餐合影。"
        }
    ],
    "mtree": {
        "superE": "这组照片一共有20张，记录了,草原夜色美,王和声作品专场音乐会,暨2024,嘉平爱乐艺术团,新春音乐会的活动。为了帮助您理解，我把照片分成了6个场景。第一个场景是,1月28日音乐会大合照, 第二个场景是,你吹奏萨克斯风特写, 第三个场景是,1月27日音乐厅领奖与合影活动, 第四个场景是,房间内四五人交谈, 第五个场景是,房间内合影, 第六个场景是,餐厅用餐合影。",
        "events": [
            "一共有2张照片，记录了有你参与的音乐会大合照的场景。环境在室内，可能是一个音乐厅。照片中主要有你和其他人、音乐会横幅以及各种乐器。",
            "一共有4张照片，记录了你在音乐厅舞台上吹奏萨克斯风的场景。这个场景的环境在室内，看起来像是音乐厅，光线昏暗或明亮，附有舞台效果的照明。照片中主要有你和萨克斯风、钢琴演奏者、音乐设备、木质舞台和舞台照明。",
            "一共有4张照片，记录了你在音乐厅舞台上接受花束及合影的活动。这个场景的环境在室内，看起来是音乐厅，光线良好。照片中主要有你和其他表演者、观众席中的人群，以及舞台背景。",
            "一共有3张照片，记录了你和其他三人在一个看似会议室或办公室的室内环境里坐在沙发上交谈，旁边有人手持萨克斯风的场景。室内光线适中，墙面是白色的，房间有一张茶几和红色长沙发。照片中主要有你和其他三位男性、沙发、茶几和萨克斯风。",
            "一共有4张照片，记录了你与他人在室内办公室或会议室里，三两人轮流合影的场景。环境在室内，光线适中，背景多为白色的墙壁。照片中主要有你、成年男性、年轻男孩、沙发、桌子和书本。",
            "一共有3张照片，记录了你和两位中年男士在餐厅用餐的场景。这个场景的环境在室内，餐厅中光线很好。照片中主要有你们三人、餐桌、玻璃酒杯和碗筷。"
        ],
        "evtCnt": 6,
        "evtStr": "0 1月28日音乐会大合照\n1 吹奏萨克斯风特写\n2 1月27日音乐厅领奖与合影活动\n3 房间内四五人交谈\n4 房间内合影\n5 餐厅用餐合影\n",
        "shorts": [
            "1月28日音乐会大合照",
            "吹奏萨克斯风特写",
            "1月27日音乐厅领奖与合影活动",
            "房间内四五人交谈",
            "房间内合影",
            "餐厅用餐合影"
        ],
        "metas": [
            "有2张照片",
            "有4张照片",
            "有4张照片",
            "有3张照片",
            "有4张照片",
            "有3张照片"
        ],
        "photos": [
            [
                1,
                2
            ],
            [
                3,
                4,
                5,
                6
            ],
            [
                7,
                8,
                9,
                10
            ],
            [
                11,
                12,
                13
            ],
            [
                14,
                15,
                16,
                17
            ],
            [
                18,
                19,
                20
            ]
        ],
        "topics": [
            [
                "照片记录了‘草原夜色美’王和声作品专场音乐会暨2024嘉平爱乐艺术团新春音乐会的全体大合影现场。你也在其中吗?",
                "合照现场前排蹲坐着穿着蓝色表演服饰的演出者，手举灯牌。其后站立着一排衣物各异、但都较为正式的成年人，其中有些人手捧鲜花。再其后是负责各色乐器的乐手们，均身穿黑色正装。大家面带笑容。",
                "合照里的灯牌出现了“草原夜色美, 中国的小夜曲”、'陈首 陈首',“王和声”,'星辰合唱','阳光乐团'等名称，你知道他们的含义吗？"
            ],
            [
                "照片中你身着黑色西装，白色衬衫，戴着眼镜，有时戴着蓝色的领结，在舞台中央吹奏金黄色的萨克斯风。舞台灯光明亮专业，地板是木质的。",
                "除了你和萨克斯风，照片中还显示有另一位男性在演奏黑色钢琴、有麦克风架和其他音乐设备。这是你们的合作曲目吗?",
                "照片中你看起来神情专注，身着精致的服装，身姿挺拔，在舞台上表现自己的音乐才能。你当时的心情如何呢?"
            ],
            [
                "照片中，你与一名同样穿西装、手捧花束的男性，以及两名身穿蓝色演出裙的女孩一起站在音乐厅舞台上，看上去精神饱满，像是刚接受了花束。你还记得当时的情形吗？你的心情如何？",
                "另一张照片中，你站在舞台中央，两名中年男性在你身旁，一名身穿灰色外套的男性怀抱鲜艳花束，手拿麦克风似乎在对你说话。另一名穿黄色毛衣的男性在一旁看向你。舞台后方是身穿蓝色演出裙或深色衣物的表演者。这是在进行什么活动?"
            ],
            [
                "照片主要拍摄的场景是一个看起来像会议室或办公室的室内环境，出现了红色皮质沙发、红木色茶几与白色塑料杯。你记得这个地方吗?",
                "照片中，你和其他三位中年男士坐在沙发上，其中一位戴眼镜、穿蓝色羽绒服的人拿着金黄色的萨克斯风，穿绿色外套、带鸭舌帽的一名男性与穿黄色毛衣、平头的另外一名男性在一旁观看。你记得你们在做什么吗?"
            ],
            [
                "一名年轻男孩先后与一名成年男性和你在沙发上合影，看起来像是在进行一次访谈或交流。年轻男孩戴着口罩，拿着书本与背包，成年男性留着平头，身穿黄色毛衣、深蓝色外套。你记得这名男孩吗?",
                "照片中，你穿着黑色羽绒服、白衬衫黑裤子，与两名中年男性背对白墙站立合影。一名中年男性穿着黄色毛衣、深蓝色外套，另一名中老年男性穿着黑色外套。画面中有你想要了解的信息吗？"
            ],
            [
                "照片中，你与两位中年男士坐在餐桌前，你戴着眼镜，穿着红色的套头衫。你左侧的男士穿着蓝灰色外套，脸上略有皱纹，你右侧的男士穿着土黄色针织衫。你记得他们是谁吗?",
                "餐厅看起来很温馨，灯光适中，桌面铺着白桌布，摆放着碗筷与酒杯，营造了一个舒适的用餐环境。你在这里用餐愉快吗?"
            ]
        ]
    },
    "reply_history": [
        {
            "dialogue_turn": 0,
            "user_input": null,
            "command_eid": null,
            "original_reply": "这组照片一共有20张，记录了,草原夜色美,王和声作品专场音乐会,暨2024,嘉平爱乐艺术团,新春音乐会的活动。为了帮助您理解，我把照片分成了6个场景。第一个场景是,1月28日音乐会大合照, 第二个场景是,你吹奏萨克斯风特写, 第三个场景是,1月27日音乐厅领奖与合影活动, 第四个场景是,房间内四五人交谈, 第五个场景是,房间内合影, 第六个场景是,餐厅用餐合影。我们从第一个场景聊起吧，第一个场景是1月28日音乐会大合照。",
            "corrected_reply": null
        },
        {
            "dialogue_turn": 1,
            "user_input": "舞台上有多少人",
            "command_eid": "",
            "original_reply": "用户询问了舞台上的人数，这符合情况（A），即用户提出的问题。\n\n在照片中，我看到一个舞台上站着许多身穿正式服装的人，包括穿着黑色服装的乐团成员和穿着蓝色服饰的表演者。他们排列成数排，准备合影。不过，由于人数较多且照片角度和分辨率的限制，不容易进行精确的人数统计。",
            "corrected_reply": "在照片中，我看到一个舞台上站着许多身穿正式服装的人，包括穿着黑色服装的乐团成员和穿着蓝色服饰的表演者。他们排列成数排，准备合影。不过，由于人数较多且照片角度和分辨率的限制，不容易进行精确的人数统计。根据粗略统计大概有80人左右."
        },
        {
            "dialogue_turn": 2,
            "user_input": "舞台的背景有什么文字",
            "command_eid": "",
            "original_reply": "",
            "corrected_reply": "照片记录了‘草原夜色美’王和声作品专场音乐会暨2024嘉平爱乐艺术团新春音乐会的全体大合影现场。此外，我注意到:合照里的灯牌出现了“草原夜色美, 中国的小夜曲”、'陈首 陈首',“王和声”,'星辰合唱','阳光乐团'等名称，你知道他们的含义吗？"
        },
        {
            "dialogue_turn": 3,
            "user_input": "知道",
            "command_eid": "",
            "original_reply": "",
            "corrected_reply": "好的.此外，我注意到:合照现场前排蹲坐着穿着蓝色表演服饰的演出者，手举灯牌。其后站立着一排衣物各异、但都较为正式的成年人，其中有些人手捧鲜花。再其后是负责各色乐器的乐手们，均身穿黑色正装。大家面带笑容。"
        },
        {
            "dialogue_turn": 4,
            "user_input": "舞台上还有哪些物品?",
            "command_eid": "",
            "original_reply": "你提到了舞台上的物品。我在合影照片中看到了一些乐器，包括钢琴、小提琴、各类铜管乐器（比如号角、小号）、打击乐器（如定音鼓和吊钹），还有音乐谱架和话筒架。此外，还有一些鲜花和花篮。",
            "corrected_reply": "我在合影照片中看到了一些乐器，包括钢琴、小提琴、各类铜管乐器（比如号角、小号）、打击乐器（如定音鼓和吊钹），还有音乐谱架和话筒架。此外，还有一些鲜花和花篮。此外,整个大厅的地板是木质的."
        },
        {
            "dialogue_turn": 5,
            "user_input": "其他的,比如鲜花",
            "command_eid": "",
            "original_reply": "你提到了鲜花。我在照片里看到前排有几位人物手中或者旁边有鲜花，鲜花的颜色包括红色和黄色等，排列成花束的形式，或者摆放在花篮里。",
            "corrected_reply": "我在照片里看到前排有几位人物手中或者旁边有鲜花，鲜花的颜色包括红色和黄色等，排列成花束的形式，或者摆放在花篮里。舞台上还有黑色椅子。"
        },
        {
            "dialogue_turn": 6,
            "user_input": "下一个",
            "command_eid": "E",
            "original_reply": "",
            "corrected_reply": "好的.您照片中的第2个场景是吹奏萨克斯风特写。一共有4张照片，记录了你在音乐厅舞台上吹奏萨克斯风的场景。这个场景的环境在室内，看起来像是音乐厅，光线昏暗或明亮，附有舞台效果的照明。照片中主要有你和萨克斯风、钢琴演奏者、音乐设备、木质舞台和舞台照明。我注意到:照片中你身着黑色西装，白色衬衫，戴着眼镜，有时戴着蓝色的领结，在舞台中央吹奏金黄色的萨克斯风。舞台灯光明亮专业."
        },
        {
            "dialogue_turn": 7,
            "user_input": "背景文字信息",
            "command_eid": "",
            "original_reply": "背景上方有黄色底红色字的旗帜，显示日期为\"2024.01.28\"。舞台大多为深色调，袇台中间有一架黑色的大钢琴，旁边站着一位身着黑色西装、白色衬衫和蓝色领结的年轻人正在吹奏金色萨克斯风。",
            "corrected_reply": "背景上方有黄色底红色字的旗帜，显示日期为\"2024.01.28\"。舞台大多为深色调，袇台中间有一架黑色的大钢琴，上面写着yangtze river,含义是扬子江."
        },
        {
            "dialogue_turn": 8,
            "user_input": "舞台灯光颜色",
            "command_eid": "",
            "original_reply": "你提到了舞台灯光颜色。我在照片里看到舞台上的灯光以暖色调为主，特别是黄色和红色，给人一种温暖和专业的氛围。",
            "corrected_reply": "我在照片里看到舞台上的灯光以暖色调为主，特别是黄色和红色，给人一种温暖和专业的氛围。此外，我注意到:除了你和萨克斯风，照片中还显示有另一位男性在演奏黑色钢琴、有麦克风架和其他音乐设备。这是你们的合作曲目吗?"
        },
        {
            "dialogue_turn": 9,
            "user_input": "是的,",
            "command_eid": "",
            "original_reply": "",
            "corrected_reply": "好的.照片中你看起来神情专注，身着精致的服装，身姿挺拔，在舞台上表现自己的音乐才能。你当时的心情如何呢?你演奏的什么音乐呢"
        },
        {
            "dialogue_turn": 10,
            "user_input": "我当时的心情比较兴奋,",
            "command_eid": "",
            "original_reply": "",
            "corrected_reply": "这一定是很有纪念意义的时刻.照片中有的你脖子前有蓝色领结,有的没有.这个原因你还记得吗"
        },
        {
            "dialogue_turn": 11,
            "user_input": "钢琴的人衣服",
            "command_eid": "",
            "original_reply": "你提到了钢琴手的服装。我在照片里看到，钢琴手穿着一件黑色的长袖衬衫，没有西装外套，坐在钢琴前演奏。",
            "corrected_reply": "钢琴手穿着一件黑色的长袖衬衫.你吹奏萨克斯风特写场景中的主要信息都聊完了。要不要聊下一个呢?下一个场景是:场景3:1月27日音乐厅领奖与合影活动,有4张照片.。"
        },
        {
            "dialogue_turn": 12,
            "user_input": "好",
            "command_eid": "E",
            "original_reply": "",
            "corrected_reply": "您照片中的第3个场景是音乐厅领奖与合影活动。一共有4张照片，记录了你在音乐厅舞台上接受花束及合影的活动。这个场景的环境在室内，看起来是音乐厅，光线良好。照片中主要有你和其他表演者、观众席中的人群，以及舞台背景。照片中，你与一名同样穿西装、手捧花束的男性，以及两名身穿蓝色演出裙的女孩一起站在音乐厅舞台上，看上去精神饱满，像是刚接受了花束。你还记得当时的情形吗？"
        },
        {
            "dialogue_turn": 13,
            "user_input": "照片里有什么文字",
            "command_eid": "",
            "original_reply": "照片里的文字信息包括：\"第二届‘星光杯’全国声乐器乐舞蹈大赛决赛暨颁奖音乐会\"和一个日期\"2024.01.27\"。这些文字被印在蓝色的横幅上，横幅悬挂在舞台的上方。舞台上方还有一些管风琴管，看起来是一个正式的音乐会场馆。舞台背景为木质，椅子排列整齐，准备着可能的表演或活动。",
            "corrected_reply": "照片里的文字信息包括：\"‘草原夜色美’王和声作品专场音乐会暨2024嘉平爱乐艺术团新春音乐会.和一个日期\"2024.01.27\"。这些文字被印在蓝色的横幅上，横幅悬挂在舞台的上方。舞台上方还有一些管风琴管，看起来是一个正式的音乐会场馆。"
        },
        {
            "dialogue_turn": 14,
            "user_input": "更多",
            "command_eid": "",
            "original_reply": "",
            "corrected_reply": "另一张照片中，你站在舞台中央，两名中年男性在你身旁，一名身穿灰色外套的男性怀抱鲜艳花束，手拿麦克风似乎在对你说话。另一名穿黄色毛衣的男性在一旁看向你。舞台后方是身穿蓝色演出裙或深色衣物的表演者。这是在进行什么活动?"
        },
        {
            "dialogue_turn": 15,
            "user_input": "下一个",
            "command_eid": "E",
            "original_reply": "",
            "corrected_reply": "好的.您照片中的第4个场景是房间内四五人交谈。一共有3张照片，记录了你和其他三人在一个看似会议室或办公室的室内环境里坐在沙发上交谈，旁边有人手持萨克斯风的场景。室内光线适中，墙面是白色的，房间有一张茶几和红色长沙发。照片中主要有你和其他三位男性、沙发、茶几和萨克斯风。"
        },
        {
            "dialogue_turn": 16,
            "user_input": "照片的文字",
            "command_eid": "",
            "original_reply": "我在提供的照片中看到一位年轻男性和几位中年男性在一个内部环境中坐在长沙发上。年轻男性身着黑色西装、白色衬衫及黑色领带，佩戴眼镜。一位中年男性手持萨克斯风，其他人在交谈。桌子上放有一些杯子、手机和其他小物品。墙壁呈白色，房间内部装饰简单。",
            "corrected_reply": "照片中没有明显的文字，只有印着五线谱的白纸。桌子上放有一些杯子、手机和其他小物品。墙壁呈白色，房间内部装饰简单。"
        },
        {
            "dialogue_turn": 17,
            "user_input": "照片里人的衣服,逐一介绍",
            "command_eid": "",
            "original_reply": "你提到了照片里人的衣服。我在照片里看到一个年轻人穿着黑色西装外套，白色衬衫以及黑色领带，领带上有红色和白色图案；一个中年人穿着蓝色羽绒服，佩戴黑色帽子；另一个中年人穿着绿色夹克和深色裤子；最后一个中年人穿着藏蓝色外套和浅黄色毛衣。",
            "corrected_reply": "照片里有四个人。一个年轻人穿着黑色西装外套，白色衬衫以及黑色领带，领带上有红色和白色图案；一个中年人穿着蓝色羽绒服，佩戴黑色帽子；另一个中年人穿着绿色夹克和深色裤子；最后一个中年人穿着藏蓝色外套和浅黄色毛衣。"
        },
        {
            "dialogue_turn": 18,
            "user_input": "其他内容,有没有蓝衣服小男孩",
            "command_eid": "",
            "original_reply": "你提到了蓝衣服小男孩，我在照片里没有看到穿蓝衣服的小男孩。照片中显示的是三位成年男性和一位年轻男子，他们坐在室内，背景有红色的沙发。",
            "corrected_reply": "照片中还有一位穿着蓝色羽绒服的小男孩,和你单独合影.你有印象吗"
        }
    ],
    "state_history": [
        {
            "dialogue_turn": 0,
            "curEid": 0,
            "commandEid": null,
            "wandering": false,
            "forwardProgress": 0,
            "isEventTalked": [
                true,
                true,
                true,
                true,
                false,
                false
            ],
            "isTopicTalked": [
                [
                    false,
                    false,
                    false
                ],
                [
                    false,
                    false,
                    false
                ],
                [
                    false,
                    false
                ],
                [
                    false,
                    false
                ],
                [
                    false,
                    false
                ],
                [
                    false,
                    false
                ]
            ],
            "summarizing": false,
            "overviewing": false
        },
        {
            "dialogue_turn": 1,
            "curEid": 0,
            "commandEid": "",
            "wandering": false,
            "forwardProgress": 0,
            "isEventTalked": [
                true,
                true,
                true,
                true,
                false,
                false
            ],
            "isTopicTalked": [
                [
                    false,
                    false,
                    false
                ],
                [
                    false,
                    false,
                    false
                ],
                [
                    false,
                    false
                ],
                [
                    false,
                    false
                ],
                [
                    false,
                    false
                ],
                [
                    false,
                    false
                ]
            ],
            "summarizing": false,
            "overviewing": false
        },
        {
            "dialogue_turn": 2,
            "curEid": 0,
            "commandEid": "",
            "wandering": false,
            "forwardProgress": 0,
            "isEventTalked": [
                true,
                true,
                true,
                true,
                false,
                false
            ],
            "isTopicTalked": [
                [
                    false,
                    false,
                    false
                ],
                [
                    false,
                    false,
                    false
                ],
                [
                    false,
                    false
                ],
                [
                    false,
                    false
                ],
                [
                    false,
                    false
                ],
                [
                    false,
                    false
                ]
            ],
            "summarizing": false,
            "overviewing": false
        },
        {
            "dialogue_turn": 3,
            "curEid": 0,
            "commandEid": "",
            "wandering": false,
            "forwardProgress": 0,
            "isEventTalked": [
                true,
                true,
                true,
                true,
                false,
                false
            ],
            "isTopicTalked": [
                [
                    false,
                    false,
                    false
                ],
                [
                    false,
                    false,
                    false
                ],
                [
                    false,
                    false
                ],
                [
                    false,
                    false
                ],
                [
                    false,
                    false
                ],
                [
                    false,
                    false
                ]
            ],
            "summarizing": false,
            "overviewing": false
        },
        {
            "dialogue_turn": 4,
            "curEid": 0,
            "commandEid": "",
            "wandering": false,
            "forwardProgress": 0,
            "isEventTalked": [
                true,
                true,
                true,
                true,
                false,
                false
            ],
            "isTopicTalked": [
                [
                    false,
                    false,
                    false
                ],
                [
                    false,
                    false,
                    false
                ],
                [
                    false,
                    false
                ],
                [
                    false,
                    false
                ],
                [
                    false,
                    false
                ],
                [
                    false,
                    false
                ]
            ],
            "summarizing": false,
            "overviewing": false
        },
        {
            "dialogue_turn": 5,
            "curEid": 0,
            "commandEid": "",
            "wandering": false,
            "forwardProgress": 0,
            "isEventTalked": [
                true,
                true,
                true,
                true,
                false,
                false
            ],
            "isTopicTalked": [
                [
                    false,
                    false,
                    false
                ],
                [
                    false,
                    false,
                    false
                ],
                [
                    false,
                    false
                ],
                [
                    false,
                    false
                ],
                [
                    false,
                    false
                ],
                [
                    false,
                    false
                ]
            ],
            "summarizing": false,
            "overviewing": false
        },
        {
            "dialogue_turn": 6,
            "curEid": 1,
            "commandEid": "E",
            "wandering": false,
            "forwardProgress": 1,
            "isEventTalked": [
                true,
                true,
                true,
                true,
                false,
                false
            ],
            "isTopicTalked": [
                [
                    false,
                    false,
                    false
                ],
                [
                    false,
                    false,
                    false
                ],
                [
                    false,
                    false
                ],
                [
                    false,
                    false
                ],
                [
                    false,
                    false
                ],
                [
                    false,
                    false
                ]
            ],
            "summarizing": false,
            "overviewing": false
        },
        {
            "dialogue_turn": 7,
            "curEid": 1,
            "commandEid": "",
            "wandering": false,
            "forwardProgress": 1,
            "isEventTalked": [
                true,
                true,
                true,
                true,
                false,
                false
            ],
            "isTopicTalked": [
                [
                    false,
                    false,
                    false
                ],
                [
                    false,
                    false,
                    false
                ],
                [
                    false,
                    false
                ],
                [
                    false,
                    false
                ],
                [
                    false,
                    false
                ],
                [
                    false,
                    false
                ]
            ],
            "summarizing": false,
            "overviewing": false
        },
        {
            "dialogue_turn": 8,
            "curEid": 1,
            "commandEid": "",
            "wandering": false,
            "forwardProgress": 1,
            "isEventTalked": [
                true,
                true,
                true,
                true,
                false,
                false
            ],
            "isTopicTalked": [
                [
                    false,
                    false,
                    false
                ],
                [
                    false,
                    false,
                    false
                ],
                [
                    false,
                    false
                ],
                [
                    false,
                    false
                ],
                [
                    false,
                    false
                ],
                [
                    false,
                    false
                ]
            ],
            "summarizing": false,
            "overviewing": false
        },
        {
            "dialogue_turn": 9,
            "curEid": 1,
            "commandEid": "",
            "wandering": false,
            "forwardProgress": 1,
            "isEventTalked": [
                true,
                true,
                true,
                true,
                false,
                false
            ],
            "isTopicTalked": [
                [
                    false,
                    false,
                    false
                ],
                [
                    false,
                    false,
                    false
                ],
                [
                    false,
                    false
                ],
                [
                    false,
                    false
                ],
                [
                    false,
                    false
                ],
                [
                    false,
                    false
                ]
            ],
            "summarizing": false,
            "overviewing": false
        },
        {
            "dialogue_turn": 10,
            "curEid": 1,
            "commandEid": "",
            "wandering": false,
            "forwardProgress": 1,
            "isEventTalked": [
                true,
                true,
                true,
                true,
                false,
                false
            ],
            "isTopicTalked": [
                [
                    false,
                    false,
                    false
                ],
                [
                    false,
                    false,
                    false
                ],
                [
                    false,
                    false
                ],
                [
                    false,
                    false
                ],
                [
                    false,
                    false
                ],
                [
                    false,
                    false
                ]
            ],
            "summarizing": false,
            "overviewing": false
        },
        {
            "dialogue_turn": 11,
            "curEid": 1,
            "commandEid": "",
            "wandering": false,
            "forwardProgress": 1,
            "isEventTalked": [
                true,
                true,
                true,
                true,
                false,
                false
            ],
            "isTopicTalked": [
                [
                    false,
                    false,
                    false
                ],
                [
                    false,
                    false,
                    false
                ],
                [
                    false,
                    false
                ],
                [
                    false,
                    false
                ],
                [
                    false,
                    false
                ],
                [
                    false,
                    false
                ]
            ],
            "summarizing": false,
            "overviewing": false
        },
        {
            "dialogue_turn": 12,
            "curEid": 2,
            "commandEid": "E",
            "wandering": false,
            "forwardProgress": 2,
            "isEventTalked": [
                true,
                true,
                true,
                true,
                false,
                false
            ],
            "isTopicTalked": [
                [
                    false,
                    false,
                    false
                ],
                [
                    false,
                    false,
                    false
                ],
                [
                    false,
                    false
                ],
                [
                    false,
                    false
                ],
                [
                    false,
                    false
                ],
                [
                    false,
                    false
                ]
            ],
            "summarizing": false,
            "overviewing": false
        },
        {
            "dialogue_turn": 13,
            "curEid": 2,
            "commandEid": "",
            "wandering": false,
            "forwardProgress": 2,
            "isEventTalked": [
                true,
                true,
                true,
                true,
                false,
                false
            ],
            "isTopicTalked": [
                [
                    false,
                    false,
                    false
                ],
                [
                    false,
                    false,
                    false
                ],
                [
                    false,
                    false
                ],
                [
                    false,
                    false
                ],
                [
                    false,
                    false
                ],
                [
                    false,
                    false
                ]
            ],
            "summarizing": false,
            "overviewing": false
        },
        {
            "dialogue_turn": 14,
            "curEid": 2,
            "commandEid": "",
            "wandering": false,
            "forwardProgress": 2,
            "isEventTalked": [
                true,
                true,
                true,
                true,
                false,
                false
            ],
            "isTopicTalked": [
                [
                    false,
                    false,
                    false
                ],
                [
                    false,
                    false,
                    false
                ],
                [
                    false,
                    false
                ],
                [
                    false,
                    false
                ],
                [
                    false,
                    false
                ],
                [
                    false,
                    false
                ]
            ],
            "summarizing": false,
            "overviewing": false
        },
        {
            "dialogue_turn": 15,
            "curEid": 3,
            "commandEid": "E",
            "wandering": false,
            "forwardProgress": 3,
            "isEventTalked": [
                true,
                true,
                true,
                true,
                false,
                false
            ],
            "isTopicTalked": [
                [
                    false,
                    false,
                    false
                ],
                [
                    false,
                    false,
                    false
                ],
                [
                    false,
                    false
                ],
                [
                    false,
                    false
                ],
                [
                    false,
                    false
                ],
                [
                    false,
                    false
                ]
            ],
            "summarizing": false,
            "overviewing": false
        },
        {
            "dialogue_turn": 16,
            "curEid": 3,
            "commandEid": "",
            "wandering": false,
            "forwardProgress": 3,
            "isEventTalked": [
                true,
                true,
                true,
                true,
                false,
                false
            ],
            "isTopicTalked": [
                [
                    false,
                    false,
                    false
                ],
                [
                    false,
                    false,
                    false
                ],
                [
                    false,
                    false
                ],
                [
                    false,
                    false
                ],
                [
                    false,
                    false
                ],
                [
                    false,
                    false
                ]
            ],
            "summarizing": false,
            "overviewing": false
        },
        {
            "dialogue_turn": 17,
            "curEid": 3,
            "commandEid": "",
            "wandering": false,
            "forwardProgress": 3,
            "isEventTalked": [
                true,
                true,
                true,
                true,
                false,
                false
            ],
            "isTopicTalked": [
                [
                    false,
                    false,
                    false
                ],
                [
                    false,
                    false,
                    false
                ],
                [
                    false,
                    false
                ],
                [
                    false,
                    false
                ],
                [
                    false,
                    false
                ],
                [
                    false,
                    false
                ]
            ],
            "summarizing": false,
            "overviewing": false
        },
        {
            "dialogue_turn": 18,
            "curEid": 3,
            "commandEid": "",
            "wandering": false,
            "forwardProgress": 3,
            "isEventTalked": [
                true,
                true,
                true,
                true,
                false,
                false
            ],
            "isTopicTalked": [
                [
                    false,
                    false,
                    false
                ],
                [
                    false,
                    false,
                    false
                ],
                [
                    false,
                    false
                ],
                [
                    false,
                    false
                ],
                [
                    false,
                    false
                ],
                [
                    false,
                    false
                ]
            ],
            "summarizing": false,
            "overviewing": false
        }
    ]
}