{
    "user": "hjs_1",
    "resume": null,
    "datetime": "2024-03-01-15:08",
    "chat_history": [
        {
            "role": "assistant",
            "content": "让我先概述一下相册的内容吧！这组照片包含了会议室、观众席、联合国标志、室内剧场、古典与现代风格建筑物、国旗长廊、联合国日内瓦办事处正门、喷泉、码头、湖泊和一只白天鹅的画面。还有摩天轮与山脉轮廓的景象，以及城市街景。照片拍摄地点多样，包括室内外的不同场合，天气主要是晴朗。其中，多次出现了联合国相关的图标和建筑物。"
        },
        {
            "role": "user",
            "content": "建筑物特点"
        },
        {
            "role": "assistant",
            "content": "这些建筑物以其古典而庄重的风格著称。它们具有高大的立柱和宽阔的窗户，线条简洁直接。第一个建筑物看起来很现代，大面积的窗户和弯曲的外形，而且建筑面前有雨后的湿润道路和绿色植被。第二个建筑有类似的设计元素，但显得更为古典，立面装饰有浮雕，正面有宽大的阶梯。最后一个建筑物正面有“UNITED NATIONS”和“NATIONS UNIES”的铭文，建筑上方有"
        },
        {
            "role": "user",
            "content": "国旗长廊的两边是不是绿色的草坪？中间是不是有一个小路？这个路是什么样的？"
        },
        {
            "role": "assistant",
            "content": "是的，国旗长廊两边是绿色的草坪，中间是一条直直的灰色小路，路两边是排列整齐的国旗。这个小路看起来很宽敞平整，非常适合行走。在路的远端，可以看到有建筑物。"
        },
        {
            "role": "user",
            "content": "具体描述一下天鹅的照片"
        },
        {
            "role": "assistant",
            "content": "三张照片都拍摄了白天鹅。第一张中，天鹅在清澈的湖水中游动，接近一个木质的码头，右下角有人的手指伸入画面。第二张，天鹅在湖中央，背景有一艘小船靠在码头。在右侧，有人的身体部分进入画面。第三张是一只天鹅站在湖边的石砖路上，旁边是另一只在水中的天鹅，远处湖面波光粼粼。天气看起来晴朗。"
        },
        {
            "role": "user",
            "content": "联合国建筑物照片的天气是晴朗的吗"
        },
        {
            "role": "assistant",
            "content": "这些建筑物照片中的天气并不算晴朗，天空中有大量的云层，气氛似乎有些阴沉。尽管天空不是很晴朗，但建筑物和联合国旗帜仍然很醒目。"
        },
        {
            "role": "user",
            "content": "你可以帮我描述一下晴朗天气有什么嘛"
        },
        {
            "role": "assistant",
            "content": "在这些照片中，虽然天空有云，但云层较薄，云朵之间可以看到蓝天，整体感觉比较明亮，尤其在有摩天轮和瑞士国旗的那张照片中，阳光看起来挺温暖的，给人一种晴朗天气的印象。"
        },
        {
            "role": "user",
            "content": "具体描述摩天轮照片.细节越多越好"
        },
        {
            "role": "assistant",
            "content": "您分享的两张照片都捕捉到了摩天轮的景象。在第一张照片中，摩天轮位于远处，与一面瑞士国旗呼应，国旗在画面左侧，清晰展现红底白十字的图案。湖面波光粼粼，有行人在步行道上行走，阳光从画面上方照射下来，气氛宜人。在第二张照片中，摩天轮位于湖的对岸，更远一些。前景是一些停靠在码头边的游艇，背后是山脉的轮廓，云朵在"
        },
        {
            "role": "user",
            "content": " 照片里有个很高的喷泉或者水柱，是吗"
        },
        {
            "role": "assistant",
            "content": "确实，这张照片中有一个非常高的喷泉，水柱直接从湖面上的一个浮台上升起，并在空中形成彩虹。喷泉背景是城市的轮廓，阳光从水柱旁照射而过，折射出光线，非常壮观。您的身影并未在这张照片中出现。"
        },
        {
            "role": "user",
            "content": "哪些照片有我"
        },
        {
            "role": "assistant",
            "content": "在这两张照片中，第一张显示您在一座建筑前，背后是蓝色联合国旗帜随风飘扬，您双臂张开，神情愉悦；第二张是您的身体局部，阳光从侧面照射，把您的轮廓映衬得很有艺术感，背景中能隐约看到水面和一些船只。这些照片记录了您在不同场合、不同角度的身影。"
        },
        {
            "role": "user",
            "content": "我们回到喷泉的照片。估算水柱高度"
        },
        {
            "role": "assistant",
            "content": "很抱歉，我无法估计照片中喷泉的具体高度，因为我无法获取现场的尺寸信息来做出准确的计算。不过喷泉水柱显著高于周围的环境，从视觉上看，给人以壮观的印象。"
        },
        {
            "role": "user",
            "content": "描述一下彩虹"
        },
        {
            "role": "assistant",
            "content": "这张照片中，彩虹出现在喷泉的水柱旁，阳光经过水滴折射形成的。彩虹呈现出淡淡的色彩条纹，从蓝色过渡到红色，非常美丽。彩虹的一端接近水面，与湖面和城市的背景共同构成了一幅迷人的画面。"
        },
        {
            "role": "user",
            "content": "还有什么我漏掉的"
        },
        {
            "role": "assistant",
            "content": "在照片中，除了彩虹和喷泉外，可以看到喷泉的水柱从一个位于湖面上的浮台中心喷射而出，水柱旁边还有一个红色的圆形平台，可能是某种装置或艺术品。湖的对面是城市的轮廓，建筑物错落有致，天空蓝得很纯净，只有几朵细小的云。照片的右下角有一行文字：“SHOT ON MI 6 MI DUAL CAMERA”，表明相机型号。整体画面温馨而宁静。"
        },
        {
            "role": "user",
            "content": "好的，还有哪些遗漏的其他照片？"
        },
        {
            "role": "assistant",
            "content": "这组照片有同一喷泉的不同视角和周边环境。第一张从侧面拍摄，显示了喷泉浮台上的红色平台和彩虹。第二张从远处拍摄，可见喷泉与湖边漫步的人们和停泊的帆船。第三张则捕捉到一个穿粉色上衣的人站在木板路上，喷泉和彩虹位于背景。每张照片都记录了这个景点的不同美景。"
        },
        {
            "role": "user",
            "content": "有不是喷泉的其他照片吗"
        },
        {
            "role": "assistant",
            "content": "在其他的照片中，有室内外的不同场景，例如会议室、演讲厅、古典与现代建筑外观、国旗长廊、剧场内部以及自然景观等。这些照片记录了多样化的环境和建筑，展现了宁静的湖泊、蓝天白云、山脉轮廓以及城市街景。一些照片中出现了在湖边游走的白天鹅和游人的身影，为画面添加了生活气息。"
        },
        {
            "role": "user",
            "content": "木质建筑和剧场,是同一个环境吗"
        },
        {
            "role": "assistant",
            "content": "这两张照片显示的是同一个剧场内部的不同角度。可以看到剧场的阶梯座位、观众席以及顶部的玻璃天窗，自然光从中照入，营造出宁静且庄重的氛围。这个剧场似乎是现代设计，以简约的装饰和浅色调为主。剧场内有少数人坐着或在走动。这里没有木质建筑的元素。"
        },
        {
            "role": "user",
            "content": "我印象中，剧场有个大大的金色logo。描述一下logo"
        },
        {
            "role": "assistant",
            "content": "这个金色的标志是联合国的徽章，由一个地球仪组成，地球仪被两个橄榄枝环绕。橄榄枝是和平与合作的象征。这个标志位于一堵浅色的墙壁上方，下方排列有整齐的黑色座椅。整个环境显得庄重且肃静。"
        },
        {
            "role": "user",
            "content": "观众席有话筒吗"
        },
        {
            "role": "assistant",
            "content": "照片中的观众席上，每个座位前都配有话筒，方便会议或讨论时使用。座位颜色深沉，与浅色的墙壁和墙顶透明的天窗形成对比，整个场面显得专业而正式。"
        }
    ],
    "reply_history": [
        {
            "dialogue_turn": 0,
            "user_input": null,
            "raw_reply": "让我先概述一下相册的内容吧！这组照片包含了会议室、观众席、联合国标志、室内剧场、古典与现代风格建筑物、国旗长廊、联合国日内瓦办事处正门、喷泉、码头、湖泊和一只白天鹅的画面。还有摩天轮与山脉轮廓的景象，以及城市街景。照片拍摄地点多样，包括室内外的不同场合，天气主要是晴朗。其中，多次出现了联合国相关的图标和建筑物。",
            "reply": "让我先概述一下相册的内容吧！这组照片包含了会议室、观众席、联合国标志、室内剧场、古典与现代风格建筑物、国旗长廊、联合国日内瓦办事处正门、喷泉、码头、湖泊和一只白天鹅的画面。还有摩天轮与山脉轮廓的景象，以及城市街景。照片拍摄地点多样，包括室内外的不同场合，天气主要是晴朗。其中，多次出现了联合国相关的图标和建筑物。",
            "pics_id": []
        },
        {
            "dialogue_turn": 1,
            "user_input": "建筑物特点",
            "raw_reply": "这些建筑物以其古典而庄重的风格著称。它们具有高大的立柱和宽阔的窗户，线条简洁直接。第一个建筑物看起来很现代，大面积的窗户和弯曲的外形，而且建筑面前有雨后的湿润道路和绿色植被。第二个建筑有类似的设计元素，但显得更为古典，立面装饰有浮雕，正面有宽大的阶梯。最后一个建筑物正面有“UNITED NATIONS”和“NATIONS UNIES”的铭文，建筑上方有",
            "reply": "这些建筑物以其古典而庄重的风格著称。它们具有高大的立柱和宽阔的窗户，线条简洁直接。第一个建筑物看起来很现代，大面积的窗户和弯曲的外形，而且建筑面前有雨后的湿润道路和绿色植被。第二个建筑有类似的设计元素，但显得更为古典，立面装饰有浮雕，正面有宽大的阶梯。最后一个建筑物正面有“UNITED NATIONS”和“NATIONS UNIES”的铭文，建筑上方有",
            "pics_id": [
                4,
                5,
                7
            ]
        },
        {
            "dialogue_turn": 2,
            "user_input": "国旗长廊的两边是不是绿色的草坪？中间是不是有一个小路？这个路是什么样的？",
            "raw_reply": "是的，国旗长廊两边是绿色的草坪，中间是一条直直的灰色小路，路两边是排列整齐的国旗。这个小路看起来很宽敞平整，非常适合行走。在路的远端，可以看到有建筑物。",
            "reply": "是的，国旗长廊两边是绿色的草坪，中间是一条直直的灰色小路，路两边是排列整齐的国旗。这个小路看起来很宽敞平整，非常适合行走。在路的远端，可以看到有建筑物。",
            "pics_id": [
                8
            ]
        },
        {
            "dialogue_turn": 3,
            "user_input": "具体描述一下天鹅的照片",
            "raw_reply": "这三张照片都拍摄了白天鹅。第一张中，天鹅在清澈的湖水中游动，接近一个木质的码头，右下角有人的手指伸入画面。第二张，天鹅在湖中央，背景有一艘小船靠在码头。在右侧，有人的身体部分进入画面。第三张是一只天鹅站在湖边的石砖路上，旁边是另一只在水中的天鹅，远处湖面波光粼粼。天气看起来晴朗。",
            "reply": "三张照片都拍摄了白天鹅。第一张中，天鹅在清澈的湖水中游动，接近一个木质的码头，右下角有人的手指伸入画面。第二张，天鹅在湖中央，背景有一艘小船靠在码头。在右侧，有人的身体部分进入画面。第三张是一只天鹅站在湖边的石砖路上，旁边是另一只在水中的天鹅，远处湖面波光粼粼。天气看起来晴朗。",
            "pics_id": [
                15,
                16,
                35
            ]
        },
        {
            "dialogue_turn": 4,
            "user_input": "联合国建筑物照片的天气是晴朗的吗",
            "raw_reply": "这些建筑物照片中的天气并不算晴朗，天空中有大量的云层，气氛似乎有些阴沉。尽管天空不是很晴朗，但建筑物和联合国旗帜仍然很醒目。",
            "reply": "这些建筑物照片中的天气并不算晴朗，天空中有大量的云层，气氛似乎有些阴沉。尽管天空不是很晴朗，但建筑物和联合国旗帜仍然很醒目。",
            "pics_id": [
                7,
                9
            ]
        },
        {
            "dialogue_turn": 5,
            "user_input": "你可以帮我描述一下晴朗天气有什么嘛",
            "raw_reply": "在这些照片中，虽然天空有云，但云层较薄，云朵之间可以看到蓝天，整体感觉比较明亮，尤其在有摩天轮和瑞士国旗的那张照片中，阳光看起来挺温暖的，给人一种晴朗天气的印象。",
            "reply": "在这些照片中，虽然天空有云，但云层较薄，云朵之间可以看到蓝天，整体感觉比较明亮，尤其在有摩天轮和瑞士国旗的那张照片中，阳光看起来挺温暖的，给人一种晴朗天气的印象。",
            "pics_id": [
                5,
                13,
                26
            ]
        },
        {
            "dialogue_turn": 6,
            "user_input": "具体描述摩天轮照片.细节越多越好",
            "raw_reply": "您分享的两张照片都捕捉到了摩天轮的景象。在第一张照片中，摩天轮位于远处，与一面瑞士国旗呼应，国旗在画面左侧，清晰展现红底白十字的图案。湖面波光粼粼，有行人在步行道上行走，阳光从画面上方照射下来，气氛宜人。在第二张照片中，摩天轮位于湖的对岸，更远一些。前景是一些停靠在码头边的游艇，背后是山脉的轮廓，云朵在",
            "reply": "您分享的两张照片都捕捉到了摩天轮的景象。在第一张照片中，摩天轮位于远处，与一面瑞士国旗呼应，国旗在画面左侧，清晰展现红底白十字的图案。湖面波光粼粼，有行人在步行道上行走，阳光从画面上方照射下来，气氛宜人。在第二张照片中，摩天轮位于湖的对岸，更远一些。前景是一些停靠在码头边的游艇，背后是山脉的轮廓，云朵在",
            "pics_id": [
                26,
                32
            ]
        },
        {
            "dialogue_turn": 7,
            "user_input": " 照片里有个很高的喷泉或者水柱，是吗",
            "raw_reply": "确实，这张照片中有一个非常高的喷泉，水柱直接从湖面上的一个浮台上升起，并在空中形成彩虹。喷泉背景是城市的轮廓，阳光从水柱旁照射而过，折射出光线，非常壮观。您的身影并未在这张照片中出现。",
            "reply": "确实，这张照片中有一个非常高的喷泉，水柱直接从湖面上的一个浮台上升起，并在空中形成彩虹。喷泉背景是城市的轮廓，阳光从水柱旁照射而过，折射出光线，非常壮观。您的身影并未在这张照片中出现。",
            "pics_id": [
                17,
                18,
                19
            ]
        },
        {
            "dialogue_turn": 8,
            "user_input": "哪些照片有我",
            "raw_reply": "在这两张照片中，第一张显示您在一座建筑前，背后是蓝色联合国旗帜随风飘扬，您双臂张开，神情愉悦；第二张是您的身体局部，阳光从侧面照射，把您的轮廓映衬得很有艺术感，背景中能隐约看到水面和一些船只。这些照片记录了您在不同场合、不同角度的身影。",
            "reply": "在这两张照片中，第一张显示您在一座建筑前，背后是蓝色联合国旗帜随风飘扬，您双臂张开，神情愉悦；第二张是您的身体局部，阳光从侧面照射，把您的轮廓映衬得很有艺术感，背景中能隐约看到水面和一些船只。这些照片记录了您在不同场合、不同角度的身影。",
            "pics_id": [
                7,
                31
            ]
        },
        {
            "dialogue_turn": 9,
            "user_input": "我们回到喷泉的照片。估算水柱高度",
            "raw_reply": "很抱歉，我无法估计照片中喷泉的具体高度，因为我无法获取现场的尺寸信息来做出准确的计算。不过喷泉水柱显著高于周围的环境，从视觉上看，给人以壮观的印象。",
            "reply": "很抱歉，我无法估计照片中喷泉的具体高度，因为我无法获取现场的尺寸信息来做出准确的计算。不过喷泉水柱显著高于周围的环境，从视觉上看，给人以壮观的印象。",
            "pics_id": [
                19,
                20,
                22
            ]
        },
        {
            "dialogue_turn": 10,
            "user_input": "描述一下彩虹",
            "raw_reply": "这张照片中，彩虹出现在喷泉的水柱旁，阳光经过水滴折射形成的。彩虹呈现出淡淡的色彩条纹，从蓝色过渡到红色，非常美丽。彩虹的一端接近水面，与湖面和城市的背景共同构成了一幅迷人的画面。",
            "reply": "这张照片中，彩虹出现在喷泉的水柱旁，阳光经过水滴折射形成的。彩虹呈现出淡淡的色彩条纹，从蓝色过渡到红色，非常美丽。彩虹的一端接近水面，与湖面和城市的背景共同构成了一幅迷人的画面。",
            "pics_id": [
                19
            ]
        },
        {
            "dialogue_turn": 11,
            "user_input": "还有什么我漏掉的",
            "raw_reply": "在照片中，除了彩虹和喷泉外，可以看到喷泉的水柱从一个位于湖面上的浮台中心喷射而出，水柱旁边还有一个红色的圆形平台，可能是某种装置或艺术品。湖的对面是城市的轮廓，建筑物错落有致，天空蓝得很纯净，只有几朵细小的云。照片的右下角有一行文字：“SHOT ON MI 6 MI DUAL CAMERA”，表明相机型号。整体画面温馨而宁静。",
            "reply": "在照片中，除了彩虹和喷泉外，可以看到喷泉的水柱从一个位于湖面上的浮台中心喷射而出，水柱旁边还有一个红色的圆形平台，可能是某种装置或艺术品。湖的对面是城市的轮廓，建筑物错落有致，天空蓝得很纯净，只有几朵细小的云。照片的右下角有一行文字：“SHOT ON MI 6 MI DUAL CAMERA”，表明相机型号。整体画面温馨而宁静。",
            "pics_id": [
                19
            ]
        },
        {
            "dialogue_turn": 12,
            "user_input": "好的，还有哪些遗漏的其他照片？",
            "raw_reply": "这些照片都展现了同一喷泉的不同视角和周边环境。第一张从侧面拍摄，显示了喷泉浮台上的红色平台和彩虹。第二张从远处拍摄，可见喷泉与湖边漫步的人们和停泊的帆船。第三张则捕捉到一个穿粉色上衣的人站在木板路上，喷泉和彩虹位于背景。每张照片都记录了这个景点的不同美景。",
            "reply": "这组照片有同一喷泉的不同视角和周边环境。第一张从侧面拍摄，显示了喷泉浮台上的红色平台和彩虹。第二张从远处拍摄，可见喷泉与湖边漫步的人们和停泊的帆船。第三张则捕捉到一个穿粉色上衣的人站在木板路上，喷泉和彩虹位于背景。每张照片都记录了这个景点的不同美景。",
            "pics_id": [
                19,
                22,
                20
            ]
        },
        {
            "dialogue_turn": 13,
            "user_input": "有不是喷泉的其他照片吗",
            "raw_reply": "在其他的照片中，有室内外的不同场景，例如会议室、演讲厅、古典与现代建筑外观、国旗长廊、剧场内部以及自然景观等。这些照片记录了多样化的环境和建筑，展现了宁静的湖泊、蓝天白云、山脉轮廓以及城市街景。一些照片中出现了在湖边游走的白天鹅和游人的身影，为画面添加了生活气息。",
            "reply": "在其他的照片中，有室内外的不同场景，例如会议室、演讲厅、古典与现代建筑外观、国旗长廊、剧场内部以及自然景观等。这些照片记录了多样化的环境和建筑，展现了宁静的湖泊、蓝天白云、山脉轮廓以及城市街景。一些照片中出现了在湖边游走的白天鹅和游人的身影，为画面添加了生活气息。",
            "pics_id": [
                19,
                20,
                22
            ]
        },
        {
            "dialogue_turn": 14,
            "user_input": "木质建筑和剧场,是同一个环境吗",
            "raw_reply": "这两张照片显示的是同一个剧场内部的不同角度。可以看到剧场的阶梯座位、观众席以及顶部的玻璃天窗，自然光从中照入，营造出宁静且庄重的氛围。这个剧场似乎是现代设计，以简约的装饰和浅色调为主。剧场内有少数人坐着或在走动。这里没有木质建筑的元素。",
            "reply": "这两张照片显示的是同一个剧场内部的不同角度。可以看到剧场的阶梯座位、观众席以及顶部的玻璃天窗，自然光从中照入，营造出宁静且庄重的氛围。这个剧场似乎是现代设计，以简约的装饰和浅色调为主。剧场内有少数人坐着或在走动。这里没有木质建筑的元素。",
            "pics_id": [
                10,
                11
            ]
        },
        {
            "dialogue_turn": 15,
            "user_input": "我印象中，剧场有个大大的金色logo。描述一下logo",
            "raw_reply": "这个金色的标志是联合国的徽章，由一个地球仪组成，地球仪被两个橄榄枝环绕。橄榄枝是和平与合作的象征。这个标志位于一堵浅色的墙壁上方，下方排列有整齐的黑色座椅。整个环境显得庄重且肃静。",
            "reply": "这个金色的标志是联合国的徽章，由一个地球仪组成，地球仪被两个橄榄枝环绕。橄榄枝是和平与合作的象征。这个标志位于一堵浅色的墙壁上方，下方排列有整齐的黑色座椅。整个环境显得庄重且肃静。",
            "pics_id": [
                3,
                12
            ]
        },
        {
            "dialogue_turn": 16,
            "user_input": "观众席有话筒吗",
            "raw_reply": "照片中的观众席上，每个座位前都配有话筒，方便会议或讨论时使用。座位颜色深沉，与浅色的墙壁和墙顶透明的天窗形成对比，整个场面显得专业而正式。",
            "reply": "照片中的观众席上，每个座位前都配有话筒，方便会议或讨论时使用。座位颜色深沉，与浅色的墙壁和墙顶透明的天窗形成对比，整个场面显得专业而正式。",
            "pics_id": [
                11
            ]
        }
    ],
    "description": "1\t这是一张宽敞的会议室内部照片，有排列整齐的黑色座椅和几排高台。墙壁和天花板以浅色调为主，室内灯光柔和。有几个人在室内散步或坐着。\n2\t这是一张室内大厅的照片，焦点是三层的观众席，都没有人。层与层之间有金色的栏杆，墙上装饰着一些灯饰。墙面颜色为浅色调，右上角有一个挂钟。\n3\t这张照片显示了联合国的标志——地球被两个橄榄枝环绕，在一间演讲厅的墙壁上。墙下方是一排空无一人的黑色椅子。\n4\t这是一栋具有古典特征的建筑，正面有多根立柱支撑。建筑前雨后地面湿润，有一人行走。天空多云。\n5\t这是一座宽阔的现代风格建筑，其特点是简洁的直线条和大面积的窗户。建筑前有树木和湿漉漉的道路，似乎刚下过雨。一面旗帜在建筑物的一侧飘扬。\n6\t这张图片展示了一条两旁排列着众多国旗的走廊，望向远方可见末端的建筑物。左侧边缘有一位金发女士的部分侧脸。\n7\t一个人站在联合国建筑前，双臂张开，建筑上方有蓝色联合国旗帜飘扬。\n8\t这是一排排国旗围成的长廊，背景是一个宽阔的草坪和远处的建筑。\n9\t照片显示的是联合国日内瓦办事处的正门，门上有“UNITED NATIONS”和“NATIONS UNIES”的字样，前面飘扬着联合国的蓝旗。\n10\t这是室内的一个高大开放空间，天花板中央有块玻璃天窗，透进自然光。墙面装饰简约，走道空旷。\n11\t这张照片显示的是一个室内剧场的观众席。剧场设计呈现阶梯状，座位整齐排列，中间有通道。墙壁以浅色调为主，上方有自然光透过顶部的长方形开窗照进。舞台位于照片的远端。\n12\t这张图片展示了联合国的标志——地球仪和两枝橄榄枝，安装在一堵浅色的墙面上，下方是一排整齐的黑色座椅。\n13\t这是一座宏伟的建筑前的草坪，建筑线条简洁，周围环境宁静。天空中云层较厚，气氛略显阴沉。\n14\t这是一张花坛和纪念性建筑的照片。前景是色彩鲜艳的长方形花坛，以红、黄色花卉为主。背景是一座复杂的哥特式建筑，似乎是个纪念碑，天空晴朗。有个人背对镜头在观看。\n15\t一只白天鹅在湛蓝的水面上，与木质的码头平行游动。右下角有人的手指伸入画面。天鹅脖子上有黑色斑纹，嘴巴为橘色带有黑色尖端。\n16\t一只白天鹅在清澈的湖水中游动，背景有一艘小船靠在码头，右侧可见部分人体。\n17\t这张图片显示的是一个宁静的码头景色。你可以看到蓝天白云下，水面平静，几艘小船停泊在木制的浮桥旁。远处有一座摩天轮，背后是山脉的轮廓。图片右下角有“SHOT ON MI 9 MI DUAL CAMERA”字样。\n18\t这是一张码头的照片，背景是一排整齐的建筑，前方停满了各种大小的帆船和游艇。天气晴朗。\n19\t这是一张大喷泉的照片，水柱从一个浮台上升起，形成彩虹。远处是城市的轮廓。\n20\t照片中是一个湖面上的喷泉，水柱高耸，背景是晴朗的天空和远处的建筑。一个穿着粉色上衣的人站在木板路上，旁边有一个大型三角形结构。\n21\t照片显示海边景色，前方有石头铺成的岸边，几只海鸥停留在岸上。远处是停泊的帆船和游艇，天空碧蓝带有轻薄的云朵。\n22\t图中是一座码头旁的喷泉，水柱直冲天空，背景是蓝天和映着阳光的湖面。左侧停靠着多艘帆船，前方有两位穿着深色上衣的人在散步。\n23\t这是一张湖边的景色照片，湖水平静，远处有建筑群以及山丘。前景有栏杆，上面挂着花盆，还有一盏街灯。天空蓝色，云彩稀疏。\n24\t这张照片里是一个喷泉，背景为树木和建筑物。喷泉中水花飞溅，呈放射状。阳光下显得很是清新。\n25\t这是一个公园的景象，中央有一个喷泉，周围是茂密的树木和漫步的人们。天空清朗。\n26\t这是一张湖边的照片，背景中有一个摩天轮，前景是飘扬的瑞士国旗。右侧有行人在步行道上行走。天空晴朗。\n27\t这张照片是在一个湖上拍摄的，画面左侧是湖面上波光粼粼，右侧是一名背对镜头的人正在拍照，手持的相机对着湖面。湖面远处有一艘船，船上飘扬着两面旗帜。天空晴朗，阳光从照片上方照射下来。\n28\t这是一张码头的照片，一艘白色的旧式蒸汽船停靠在平静的湖水旁，船上有瑞士国旗。湖对面山脉轮廓隐约可见。右侧有一股水柱高高喷射。\n29\t照片展示了一座城市街道，有公共汽车和汽车在行驶。建筑物显得历史悠久，天空晴朗。图片右下角有水印“SHOT ON MI 6 MI DUAL CAMERA”。\n30\t照片展现了一个城市街景，有行人正在街上走动，一辆白色的货车在路上行驶。建筑物立面简洁，天空晴朗。\n31\t照片显示一位在阳台上的人伸出左臂靠在栏杆上，背景是湛蓝的天空和远处的水面。阳光从侧面照射，造成了一些阴影。\n32\t照片展示了一座湖泊和停靠的游艇，远处有山，天空中有轻微的云彩。一个摩天轮位于远景的左侧。\n33\t这张照片是一个户外景观。画面中央有一个喷泉，喷出的水柱很高。喷泉周围有灯柱和树木。背景是多云的天空。照片底部显示“SHOT ON MI 6 MI DUAL CAMERA”。\n34\t这张图片显示了一个大型的喷泉正在维修，周围被围挡围住。背景是多云的天空和远处的山脉。喷泉中央是一个尖顶的雕塑，周围有多个灯柱。\n35\t一只白天鹅站在湖边的石砖路上，旁边是另一只在水中的天鹅。天气晴朗。\n36\t一只白天鹅在湖边站立，湖面波光粼粼，右侧部分可见一位穿深色裤子的人的侧身。\n",
    "system_guide": "你的任务是帮助一位视觉障碍用户回忆他/她的相册。\n请你根据当前提供的照片回答用户问题，引导用户探索新照片，可以通过询问用户当时的感受或提及照片中有趣的内容来推动话题进行。\n请务必保证你的回答严格基于照片，不得添加超出照片内容的信息。\n请不要在回答中出现“第x张照片”、“这x张照片”等字眼。\n请确保你的回答不超过100个汉字。\n\n以下为该用户相册照片逐张的文字描述，可作为参考：",
    "retrieve_guide": "你的任务是根据用户最新谈及的内容，在如下一系列照片的文字描述中，找出与用户提问最相关的1~3条描述，使得查看对应照片最有可能解答用户的问题。\n注意，照片描述中未明确标注为\"你\"/\"您\"的人，都不是我。\n你只需返回对应的照片描述编号。请确保你的回复只含有数字编号，格式为：[照片编号1, 照片编号2, ...]\n\n以下为照片的编号以及对应文字描述：",
    "introduction_guide": "你的任务是帮助一位视觉障碍用户回忆他/她的相册。照片的信息将以\"编号+照片描述\"的格式提供给你。\n注意，照片描述中未明确标注为\"我\"的人，都不是我。\n请你向这位用户概述这组照片的内容。你的描述需提供足够的视觉信息，向用户展示照片中的各个场景，并勾勒出各场景的画面，帮助用户充分回忆这段经历。\n请务必保证你的回答严格基于照片的文字描述，不得添加超出照片描述的内容。请确保你的回答不超过100个汉字。"
}