{
    "user": "kelei_1",
    "resume": "kelei_1_20240314_1.log",
    "datetime": [
        "2024-03-14-15:22"
    ],
    "chat_history": [
        {
            "role": "assistant",
            "content": "我很高兴能协助您回忆照片。您有什么想了解的呢?"
        },
        {
            "role": "user",
            "content": "我想了解当时我拍照的时候比较多的背景的内容"
        },
        {
            "role": "assistant",
            "content": "您当时所在的地方盛开着许多白色的玉兰花，花朵如同白云一般点缀在枝头，周围是蓝天和人们欣赏这美景的身影。春意浓浓的阳光下，玉兰花显得格外鲜亮，给人一种生机盎然的感觉。"
        },
        {
            "role": "user",
            "content": "好的,除了玉兰花以外还有什么别的特殊的风景吗"
        },
        {
            "role": "assistant",
            "content": "在您的照片中还有宁静的海滩风景，海水轻拂着沙岸，连绵的丘陵和房屋点缀在远处，天空湛蓝，少许云彩。您还拍到了一艘红色快艇在海面上行驶，周围带着一串浮标，构成了一个富有活力的海景。"
        },
        {
            "role": "user",
            "content": "好的.那我在照片里是怎么样的姿势呢"
        },
        {
            "role": "assistant",
            "content": "在这些照片中，您和朋友们站在一起，或是靠在一起拍照。有几张照片里，你们是笑着摆出剪刀手或者V字手势，看起来心情很好。无论是在春意盎然的池塘旁还是在沙滩上，您和朋友们的互动都流露出温馨和快乐的氛围。"
        },
        {
            "role": "user",
            "content": "好的,那当时我有和几个朋友一起合照吗"
        },
        {
            "role": "assistant",
            "content": "您有和几位朋友在沙滩上合影，大家聚在一起，有坐有站，十分自然和愉快。在一些照片中，大家摆出了V字胜利手势或亲密地依偎，表情轻松，享受着沙滩和阳光。背后是海滩，远处还能看到建筑和游客。"
        },
        {
            "role": "user",
            "content": "好的.照片里人数最多的一张一共有多少个人一起合照"
        },
        {
            "role": "assistant",
            "content": "你们一共四个年轻人在沙滩上自拍。阳光下每个人的表情都显得很开心，两位比出了胜利的手势。这张照片的背景是平静的大海和远处的山丘。"
        },
        {
            "role": "user",
            "content": "  好的,那这张合照里几个男孩几个女孩"
        },
        {
            "role": "assistant",
            "content": "这张合照里有两位男孩和两位女孩。你们站在沙滩上，背景是大海和远方的建筑。阳光下，每个人都面带笑容，氛围轻松愉快。"
        },
        {
            "role": "user",
            "content": "     我当时穿的什么衣服"
        },
        {
            "role": "assistant",
            "content": "您穿着一件白色的上衣，上面有着蓝色的文字图案。阳光下你的笑容特别灿烂，和朋友们一起留下了这美好的回忆。"
        },
        {
            "role": "user",
            "content": "好的.我当时有戴眼镜吗"
        },
        {
            "role": "assistant",
            "content": "是的，在这些照片中，您都戴着一副太阳镜。您休闲潇洒的装扮和明媚的海滩风光相得益彰，给人一种轻松自在的感觉。"
        },
        {
            "role": "user",
            "content": "好的,我戴的太阳镜是什么颜色的"
        },
        {
            "role": "assistant",
            "content": "您戴的太阳镜是黑色的，搭配您的白色上衣和牛仔裤，非常时尚。您站在沙滩上，身边是朋友，后方有海水和天空，共同构成了美好的记忆。"
        },
        {
            "role": "user",
            "content": "好的.我当时有穿外套吗,还是只是白色上衣"
        },
        {
            "role": "assistant",
            "content": "在沙滩上，您有时穿着一件深色的夹克外套，下面是白色的上衣，整体搭配得非常休闲舒适。在您与朋友的合照中，可以看到您的笑容和阳光下的美好时光。"
        },
        {
            "role": "user",
            "content": "好的,我当时戴帽子了吗"
        },
        {
            "role": "assistant",
            "content": "在这些照片中，您没有戴帽子。您的长发随风飘扬，搭配太阳镜，展示出休闲的海边度假风情。您的笑容和周围的环境构成了温馨而愉快的景象。"
        },
        {
            "role": "user",
            "content": "好的,那我当时的发型是什么样子的呢"
        },
        {
            "role": "assistant",
            "content": "您的头发披肩而下，自然随风飘动，给人一种闲适的感觉。阳光下的您，静静地站在海滩上，显得格外的轻松惬意。"
        },
        {
            "role": "user",
            "content": "好的,我当时穿的什么样的鞋子"
        },
        {
            "role": "assistant",
            "content": "您穿的是一双白色的运动鞋，搭配上黑色的裤子和蓝色的夹克，整体造型既休闲又舒适，非常适合海边的环境。"
        },
        {
            "role": "user",
            "content": "好的,我当时有背包吗"
        },
        {
            "role": "assistant",
            "content": "是的，您背着一个浅色的背包，它紧贴您的身后。您站在沙滩上，背对着阳光，海浪轻拍海岸，整体显现出轻松愉快的氛围。"
        },
        {
            "role": "user",
            "content": "好的.照片是什么季节"
        },
        {
            "role": "assistant",
            "content": "这张照片看起来是在晴朗的天气下拍摄的，阳光明媚，您穿着夹克和裤子，所以可能是春季或秋季的时候。海风温暖，沙滩宁静，是个外出享受美好时光的绝佳季节。"
        },
        {
            "role": "user",
            "content": "好的,我除了摆出V字手势外,还有别的姿势吗"
        },
        {
            "role": "assistant",
            "content": "您站在沙滩上，身体微微侧转，一手放在腰间，一只脚轻轻向前踏出，显得自信而从容。您戴着深色的太阳镜，头发披散在肩上，面朝大海，尽显轻松惬意的度假风情。"
        }
    ],
    "reply_history": [
        {
            "dialogue_turn": 0,
            "user_input": null,
            "raw_reply": "我很高兴能协助您回忆照片。是否有某张照片想要了解更多细节？请告诉我编号。",
            "reply": "我很高兴能协助您回忆照片。您有什么想了解的呢?",
            "pics_id": []
        },
        {
            "dialogue_turn": 1,
            "user_input": "我想了解当时我拍照的时候比较多的背景的内容",
            "raw_reply": "您当时所在的地方盛开着许多白色的玉兰花，花朵如同白云一般点缀在枝头，周围是蓝天和人们欣赏这美景的身影。春意浓浓的阳光下，玉兰花显得格外鲜亮，给人一种生机盎然的感觉。",
            "reply": "您当时所在的地方盛开着许多白色的玉兰花，花朵如同白云一般点缀在枝头，周围是蓝天和人们欣赏这美景的身影。春意浓浓的阳光下，玉兰花显得格外鲜亮，给人一种生机盎然的感觉。",
            "pics_id": [
                2,
                3,
                4
            ]
        },
        {
            "dialogue_turn": 2,
            "user_input": "好的,除了玉兰花以外还有什么别的特殊的风景吗",
            "raw_reply": "在您的照片中还有宁静的海滩风景，海水轻拂着沙岸，连绵的丘陵和房屋点缀在远处，天空湛蓝，少许云彩。您还拍到了一艘红色快艇在海面上行驶，周围带着一串浮标，构成了一个富有活力的海景。",
            "reply": "在您的照片中还有宁静的海滩风景，海水轻拂着沙岸，连绵的丘陵和房屋点缀在远处，天空湛蓝，少许云彩。您还拍到了一艘红色快艇在海面上行驶，周围带着一串浮标，构成了一个富有活力的海景。",
            "pics_id": [
                1,
                5,
                9
            ]
        },
        {
            "dialogue_turn": 3,
            "user_input": "好的.那我在照片里是怎么样的姿势呢",
            "raw_reply": "在这些照片中，您和朋友们站在一起，或是靠在一起拍照。有几张照片里，你们是笑着摆出剪刀手或者V字手势，看起来心情很好。无论是在春意盎然的池塘旁还是在沙滩上，您和朋友们的互动都流露出温馨和快乐的氛围。",
            "reply": "在这些照片中，您和朋友们站在一起，或是靠在一起拍照。有几张照片里，你们是笑着摆出剪刀手或者V字手势，看起来心情很好。无论是在春意盎然的池塘旁还是在沙滩上，您和朋友们的互动都流露出温馨和快乐的氛围。",
            "pics_id": [
                1,
                6,
                7
            ]
        },
        {
            "dialogue_turn": 4,
            "user_input": "好的,那当时我有和几个朋友一起合照吗",
            "raw_reply": "您有和几位朋友在沙滩上合影，大家聚在一起，有坐有站，十分自然和愉快。在一些照片中，大家摆出了V字胜利手势或亲密地依偎，表情轻松，享受着沙滩和阳光。背后是海滩，远处还能看到建筑和游客。",
            "reply": "您有和几位朋友在沙滩上合影，大家聚在一起，有坐有站，十分自然和愉快。在一些照片中，大家摆出了V字胜利手势或亲密地依偎，表情轻松，享受着沙滩和阳光。背后是海滩，远处还能看到建筑和游客。",
            "pics_id": [
                7,
                8,
                11
            ]
        },
        {
            "dialogue_turn": 5,
            "user_input": "好的.照片里人数最多的一张一共有多少个人一起合照",
            "raw_reply": "在这张照片中，你们一共四个年轻人在沙滩上自拍。阳光下每个人的表情都显得很开心，两位比出了胜利的手势。这张照片的背景是平静的大海和远处的山丘。",
            "reply": "你们一共四个年轻人在沙滩上自拍。阳光下每个人的表情都显得很开心，两位比出了胜利的手势。这张照片的背景是平静的大海和远处的山丘。",
            "pics_id": [
                7
            ]
        },
        {
            "dialogue_turn": 6,
            "user_input": "  好的,那这张合照里几个男孩几个女孩",
            "raw_reply": "这张合照里有两位男孩和两位女孩。你们站在沙滩上，背景是大海和远方的建筑。阳光下，每个人都面带笑容，氛围轻松愉快。",
            "reply": "这张合照里有两位男孩和两位女孩。你们站在沙滩上，背景是大海和远方的建筑。阳光下，每个人都面带笑容，氛围轻松愉快。",
            "pics_id": [
                7
            ]
        },
        {
            "dialogue_turn": 7,
            "user_input": "     我当时穿的什么衣服",
            "raw_reply": "您穿着一件白色的上衣，上面有着蓝色的文字图案。阳光下你的笑容特别灿烂，和朋友们一起留下了这美好的回忆。",
            "reply": "您穿着一件白色的上衣，上面有着蓝色的文字图案。阳光下你的笑容特别灿烂，和朋友们一起留下了这美好的回忆。",
            "pics_id": [
                7
            ]
        },
        {
            "dialogue_turn": 8,
            "user_input": "好的.我当时有戴眼镜吗",
            "raw_reply": "是的，在这些照片中，您都戴着一副太阳镜。您休闲潇洒的装扮和明媚的海滩风光相得益彰，给人一种轻松自在的感觉。",
            "reply": "是的，在这些照片中，您都戴着一副太阳镜。您休闲潇洒的装扮和明媚的海滩风光相得益彰，给人一种轻松自在的感觉。",
            "pics_id": [
                10,
                13,
                17
            ]
        },
        {
            "dialogue_turn": 9,
            "user_input": "好的,我戴的太阳镜是什么颜色的",
            "raw_reply": "您戴的太阳镜是黑色的，搭配您的白色上衣和牛仔裤，非常时尚。您站在沙滩上，身边是朋友，后方有海水和天空，共同构成了美好的记忆。",
            "reply": "您戴的太阳镜是黑色的，搭配您的白色上衣和牛仔裤，非常时尚。您站在沙滩上，身边是朋友，后方有海水和天空，共同构成了美好的记忆。",
            "pics_id": [
                6,
                10,
                12
            ]
        },
        {
            "dialogue_turn": 10,
            "user_input": "好的.我当时有穿外套吗,还是只是白色上衣",
            "raw_reply": "在沙滩上，您有时穿着一件深色的夹克外套，下面是白色的上衣，整体搭配得非常休闲舒适。在您与朋友的合照中，可以看到您的笑容和阳光下的美好时光。",
            "reply": "在沙滩上，您有时穿着一件深色的夹克外套，下面是白色的上衣，整体搭配得非常休闲舒适。在您与朋友的合照中，可以看到您的笑容和阳光下的美好时光。",
            "pics_id": [
                10,
                13,
                17
            ]
        },
        {
            "dialogue_turn": 11,
            "user_input": "好的,我当时戴帽子了吗",
            "raw_reply": "在这些照片中，您没有戴帽子。您的长发随风飘扬，搭配太阳镜，展示出休闲的海边度假风情。您的笑容和周围的环境构成了温馨而愉快的景象。",
            "reply": "在这些照片中，您没有戴帽子。您的长发随风飘扬，搭配太阳镜，展示出休闲的海边度假风情。您的笑容和周围的环境构成了温馨而愉快的景象。",
            "pics_id": [
                10,
                12,
                13
            ]
        },
        {
            "dialogue_turn": 12,
            "user_input": "好的,那我当时的发型是什么样子的呢",
            "raw_reply": "您的头发披肩而下，自然随风飘动，给人一种闲适的感觉。阳光下的您，静静地站在海滩上，显得格外的轻松惬意。",
            "reply": "您的头发披肩而下，自然随风飘动，给人一种闲适的感觉。阳光下的您，静静地站在海滩上，显得格外的轻松惬意。",
            "pics_id": [
                10,
                13
            ]
        },
        {
            "dialogue_turn": 13,
            "user_input": "好的,我当时穿的什么样的鞋子",
            "raw_reply": "您穿的是一双白色的运动鞋，搭配上黑色的裤子和蓝色的夹克，整体造型既休闲又舒适，非常适合海边的环境。",
            "reply": "您穿的是一双白色的运动鞋，搭配上黑色的裤子和蓝色的夹克，整体造型既休闲又舒适，非常适合海边的环境。",
            "pics_id": [
                17
            ]
        },
        {
            "dialogue_turn": 14,
            "user_input": "好的,我当时有背包吗",
            "raw_reply": "是的，您背着一个浅色的背包，它紧贴您的身后。您站在沙滩上，背对着阳光，海浪轻拍海岸，整体显现出轻松愉快的氛围。",
            "reply": "是的，您背着一个浅色的背包，它紧贴您的身后。您站在沙滩上，背对着阳光，海浪轻拍海岸，整体显现出轻松愉快的氛围。",
            "pics_id": [
                17
            ]
        },
        {
            "dialogue_turn": 15,
            "user_input": "好的.照片是什么季节",
            "raw_reply": "这张照片看起来是在晴朗的天气下拍摄的，阳光明媚，您穿着夹克和裤子，所以可能是春季或秋季的时候。海风温暖，沙滩宁静，是个外出享受美好时光的绝佳季节。",
            "reply": "这张照片看起来是在晴朗的天气下拍摄的，阳光明媚，您穿着夹克和裤子，所以可能是春季或秋季的时候。海风温暖，沙滩宁静，是个外出享受美好时光的绝佳季节。",
            "pics_id": [
                17
            ]
        },
        {
            "dialogue_turn": 16,
            "user_input": "好的,我除了摆出V字手势外,还有别的姿势吗",
            "raw_reply": "您站在沙滩上，身体微微侧转，一手放在腰间，一只脚轻轻向前踏出，显得自信而从容。您戴着深色的太阳镜，头发披散在肩上，面朝大海，尽显轻松惬意的度假风情。",
            "reply": "您站在沙滩上，身体微微侧转，一手放在腰间，一只脚轻轻向前踏出，显得自信而从容。您戴着深色的太阳镜，头发披散在肩上，面朝大海，尽显轻松惬意的度假风情。",
            "pics_id": [
                17
            ]
        }
    ],
    "description": "1\t您站在一个朋友旁边，两人并肩靠在一起，朋友身穿白色长袖上衣，印有“GOLDEN GOOSE”字样。背后是一片春天的池塘和垂柳，远处有建筑物。天气晴朗。\n2\t白色玉兰花满枝头，蓝天映衬下，春意盎然。\n3\t这是一张明媚的春季照片，展示了满树的白色玉兰花朵，在湛蓝的天空背景下显得格外鲜亮。树枝交错，花朵繁密，宣告春天的到来。\n4\t照片展示了众多的人群在欣赏盛开的白色花朵，这些花朵茂盛地分布在枝头，形成了一朵朵白色云彩的景象，天空是晴朗的蓝色。\n5\t这是一片宁静的海滩，海水轻轻拍打沙岸，远处是连绵的丘陵和房屋，天空湛蓝。\n6\t你和一位戴墨镜的年轻女性站在沙滩上，两人都比剪刀手。背后是平静的海面和远处的船只及建筑。天气晴朗。\n7\t这是一张四个年轻人在沙滩上自拍的照片。他们站在镜头前，背后是平静的大海和远处的山丘。阳光照耀下，他们中的两人比出了胜利手势。其中一位女生是你。\n8\t三人坐在沙滩上，背景有建筑和树木。中央男子双手比V，两名女生都戴墨镜，其中一位女生是你。天气晴朗。\n9\t这张照片展示了海边的风光。照片的前景是沙滩和海浪轻拍岸边的景象，中景有一艘红色的快艇正在海面上行驶，拖着一系列浮标，背景是宁静的海平面和朦胧的海天交界线。天空晴朗，云彩稀少。\n10\t照片中是你和一位女性在沙滩上。你戴着太阳镜，头发披肩，穿着深色夹克和牛仔裤；另一位坐在沙滩上，身着白色长袖衫和浅蓝色牛仔裤。背景是人群和建筑物。\n11\t你坐在沙滩上，三位朋友挨着你。前方的男生戴着墨镜，阳光下他们的影子清晰。周围还有其他人在享受沙滩。\n12\t你和一位男生站在沙滩上，背景是湛蓝的海水和岸边房屋。两人穿着牛仔风格服装，都戴墨镜，男子交叉双臂。旁边有人弯腰在沙地上玩耍。\n13\t你站在沙滩上，穿着深蓝色夹克，白色上衣和黑色裤子，及踝运动鞋。背后是海洋，还有游艇和玩沙的孩子们。天气晴朗。\n14\t三人坐在沙滩上，背景是建筑和行人。中间一名男士，两位女士都戴墨镜，左手比V，其中一位是你。天气晴朗。\n15\t你和另一位女士坐在沙地上，戴着太阳镜，摆出V字手势。一位男士站在你们后面，也是V字手势。背景是欧式建筑。天气晴朗。\n16\t你和另一位戴着墨镜的女士相拥站在沙滩上，背后是碧蓝的海水和一艘小船，远处还可以看见岛屿和天际线。天气晴朗。\n17\t您站在沙滩上，背对着阳光。佩戴深色太阳镜，身穿蓝色夹克，黑色裤子和白色运动鞋。海浪轻拍海岸，天空晴朗。\n",
    "system_guide": "你的任务是帮助一位视觉障碍用户回忆他/她的相册。\n请你根据当前提供的照片，和用户对话。\n回答不得超出照片内容。\n请不要在回答中出现“第x张照片”、“这x张照片”等字眼。\n请确保你的回答不超过100个汉字。\n\n以下为该用户相册照片逐张的文字描述，可作为参考：",
    "retrieve_guide": "你的任务是根据用户最新谈及的内容，在如下一系列照片的文字描述中，选取最相关的1~3条描述，使得查看对应照片最有可能解答用户问题。\n注意，照片描述中未明确标注为\"你\"/\"您\"的人，都不是我。\n你只需返回对应的照片描述编号。请确保你的回复只含有数字编号，格式为：[照片编号1, 照片编号2, ...]\n\n以下为照片的编号以及对应文字描述：",
    "introduction_guide": "你的任务是帮助一位视觉障碍用户回忆他/她的相册。照片的信息将以\"编号+照片描述\"的格式提供给你。\n注意，照片描述中未明确标注为\"我\"的人，都不是我。\n请你给出开场引导语，可以参考\"我很高兴能帮你回忆照片。请问你有什么想了解的吗?\"。\n请确保你的回答不超过100个汉字。"
}