{
    "user": "liang_1",
    "resume": null,
    "datetime": "2024-03-13-17:04",
    "chat_history": [
        {
            "role": "assistant",
            "content": "我很高兴能帮你回忆照片。想先听哪张照片的描述？"
        },
        {
            "role": "user",
            "content": "有什么场景"
        },
        {
            "role": "assistant",
            "content": "这是一些古水乡的照片。照片中有河流穿行，河面上有木船和游客，周围是老式的房屋。还有石桥，上面有人们在欣赏景色。天空中云层较厚，给人一种宁静古朴的感受。"
        },
        {
            "role": "user",
            "content": "请问照片是白天还是晚上拍的"
        },
        {
            "role": "assistant",
            "content": "照片是在白天拍摄的。您可以看到河面上有船只，船上有乘客。河岸两旁是老式建筑，人们在桥上或石墩上休息及观赏。虽然天空云层较厚，但光线表明是白日时分。"
        },
        {
            "role": "user",
            "content": "照片中我穿着什么衣服"
        },
        {
            "role": "assistant",
            "content": "您穿着一件印有卡通人物图案的白色T恤，搭配一条卡其色的短裤，脚穿运动鞋."
        },
        {
            "role": "user",
            "content": "照片中除了我还有别人吗"
        },
        {
            "role": "assistant",
            "content": "照片中除了您之外，还有一排老式的房屋和一棵大树，背景是平静的河水。"
        },
        {
            "role": "user",
            "content": "我穿的衣服上有图案吗"
        },
        {
            "role": "assistant",
            "content": "您穿的白色T恤上印有一只可爱的卡通人物图案。"
        },
        {
            "role": "user",
            "content": "你能识别图案是什么吗"
        },
        {
            "role": "assistant",
            "content": "对不起，我无法识别图片中的图案。"
        },
        {
            "role": "user",
            "content": "那我身后大树是什么树"
        },
        {
            "role": "assistant",
            "content": "背后的大树高大挺拔，树干通直，树冠呈圆锥形，树叶茂密呈深绿色"
        },
        {
            "role": "user",
            "content": "照片中的房屋是几层,描述一下特点"
        },
        {
            "role": "assistant",
            "content": "背后的房屋是两层，简约而具有中国传统建筑风格。窗户小巧，房屋排列紧凑沿河而建，展现出江南水乡的古朴韵味。"
        },
        {
            "role": "user",
            "content": "窗户有什么特色吗,有没有字"
        },
        {
            "role": "assistant",
            "content": "照片显示房屋的窗户小巧,具有江南水乡的典型风格。窗户上并未见到任何文字或明显字迹。"
        },
        {
            "role": "user",
            "content": "换一张照片"
        },
        {
            "role": "assistant",
            "content": "另一张照片中,您在一条宁静的水道上，船夫正在划着木船。河道两旁是老式的建筑，木船为这古镇的风情画增添了活力。天空阴沉，但不失为一个典型的江南水乡景象。"
        },
        {
            "role": "user",
            "content": "你说到的船,是乌篷船吗"
        },
        {
            "role": "assistant",
            "content": "船上有遮阳篷，类似于乌篷船，设计用于江南水乡的河道，为游客提供遮蔽，增添旅行的舒适性。船夫正在划桨，游客们似乎在体验这种传统的水上交通方式。"
        },
        {
            "role": "user",
            "content": "照片除了我,还有多少人"
        },
        {
            "role": "assistant",
            "content": "您分享的照片上，河道中有一艘带篷的小船，船上包括船夫在内，可以看到三位乘客。两岸河道旁似乎也有不少行人和游客正在欣赏河岸风光或在商铺间穿行。"
        },
        {
            "role": "user",
            "content": "照片是白天还是晚上"
        },
        {
            "role": "assistant",
            "content": "照片呈现的是白天的景象。尽管天空阴沉，但日间的光线使得水面和周围的建筑清晰可见。船上的游客和周边步行的人群都表明这是日常活动的一部分。"
        },
        {
            "role": "user",
            "content": "换下一张有我的照片"
        },
        {
            "role": "assistant",
            "content": "您站在河边的石阶上，照片中您身穿一件印有卡通人物图案的白T恤，配合休闲的短裤和运动鞋。背景是宁静的河流和古色古香的房屋，还有绿色的树木。您看起来很轻松自在。"
        },
        {
            "role": "user",
            "content": "我是什么姿势或动作"
        },
        {
            "role": "assistant",
            "content": "您站在石阶上，两腿微分，双手自然下垂，面朝镜头，表情自然。背后是平静的河流和古朴的建筑，一棵高大的树映入画面。整个照片给人一种宁静舒适的感觉。"
        },
        {
            "role": "user",
            "content": "我又没有背包"
        },
        {
            "role": "assistant",
            "content": "您没有背包，只是简单地站立着，双手自然放在身侧。"
        },
        {
            "role": "user",
            "content": "这组照片中,有我站在桥上的照片吗"
        },
        {
            "role": "assistant",
            "content": "有您站在一座石桥上。桥上挂有橘红色的救生圈，背景是安静的水道和两旁的老式房屋。"
        },
        {
            "role": "user",
            "content": "这张照片中,背景有很多人群吗?是第12张"
        },
        {
            "role": "assistant",
            "content": "背景中没有很多人群，整个场景显得十分宁静。河水平静，两旁是绿树和古老的房屋。"
        },
        {
            "role": "user",
            "content": "这是石桥还是木桥"
        },
        {
            "role": "assistant",
            "content": "您站在的是一座石桥上。"
        },
        {
            "role": "user",
            "content": "照片一共有多少张有我的照片"
        },
        {
            "role": "assistant",
            "content": "几张照片上是您站在河边的石阶上，您穿着印有卡通人物的白色T恤，佩戴黑色手表，背后是一排传统的房屋和绿色的树木。"
        },
        {
            "role": "user",
            "content": "黑色手表是吗"
        },
        {
            "role": "assistant",
            "content": "是的，您佩戴着黑色的手表。您穿着白色带有卡通人物图案的T恤，站在河边石阶上，背景是传统的建筑与树木。天空看起来有点阴沉，河水平静。"
        },
        {
            "role": "user",
            "content": "照片中有女士吗"
        },
        {
            "role": "assistant",
            "content": "有些照片是女士河边的石阶上，背后是老式建筑和绿树。"
        },
        {
            "role": "user",
            "content": "女士的衣服"
        },
        {
            "role": "assistant",
            "content": "女士穿着白色连衣裙，款式优雅。"
        },
        {
            "role": "user",
            "content": "女士有戴帽子吗"
        },
        {
            "role": "assistant",
            "content": "女士没有戴帽子。"
        },
        {
            "role": "user",
            "content": "有没有只有风景的照片"
        },
        {
            "role": "assistant",
            "content": "有的，展示了宁静的河道和两岸覆盖着茂密绿树的美丽风光。"
        },
        {
            "role": "user",
            "content": "照片有没有一些特别的标志或者是字"
        },
        {
            "role": "assistant",
            "content": "照片里有一座用老旧木板搭建的小屋，屋上挂着一个橘红色的救生圈。背景是一座石桥，上面有一些游客。整个场景显得宁静而古朴。"
        },
        {
            "role": "user",
            "content": "照片中有无我和女士合影"
        },
        {
            "role": "assistant",
            "content": "照片中只有您一个人站在河边的石阶上，穿着印有卡通人物图案的白T恤，佩戴黑色手表，背景是一排老式房屋和绿树。"
        },
        {
            "role": "user",
            "content": "换一张照片"
        },
        {
            "role": "assistant",
            "content": "站在木栅栏旁，仰望树木的长发女士，背景是宁静的河流和古色古香的建筑，环境宁静。"
        },
        {
            "role": "user",
            "content": "有没有晚上的照片"
        },
        {
            "role": "assistant",
            "content": "没有晚上的场景，都是在白天拍摄的照片。"
        },
        {
            "role": "user",
            "content": "还有哪些照片没有描述过"
        },
        {
            "role": "assistant",
            "content": "照片勾勒了水乡的几个不同角度。如果您有想了解的照片，我很乐意帮助您。"
        },
        {
            "role": "user",
            "content": "照片中的河流水清澈吗"
        },
        {
            "role": "assistant",
            "content": "河水看起来并不特别清澈，呈现出深绿色或深灰色，河面平静。河岸两旁是郁郁葱葱的绿树和传统建筑。"
        }
    ],
    "reply_history": [
        {
            "dialogue_turn": 0,
            "user_input": null,
            "raw_reply": "我很高兴能帮你回忆照片。这些都是关于中国水乡的美丽瞬间。想先听哪张照片的描述？",
            "reply": "我很高兴能帮你回忆照片。想先听哪张照片的描述？",
            "pics_id": []
        },
        {
            "dialogue_turn": 1,
            "user_input": "有什么场景",
            "raw_reply": "您上传的是一些古水乡的照片。照片中有河流穿行，河面上有木船和游客，周围是老式的房屋。还有石桥，上面有人们在欣赏景色。天空中云层较厚，给人一种宁静古朴的感受。",
            "reply": "这是一些古水乡的照片。照片中有河流穿行，河面上有木船和游客，周围是老式的房屋。还有石桥，上面有人们在欣赏景色。天空中云层较厚，给人一种宁静古朴的感受。",
            "pics_id": [
                1,
                2,
                3
            ]
        },
        {
            "dialogue_turn": 2,
            "user_input": "请问照片是白天还是晚上拍的",
            "raw_reply": "照片是在白天拍摄的。您可以看到河面上有船只，船上有乘客。河岸两旁是老式建筑，人们在桥上或石墩上休息及观赏。虽然天空云层较厚，但光线表明是白日时分。",
            "reply": "照片是在白天拍摄的。您可以看到河面上有船只，船上有乘客。河岸两旁是老式建筑，人们在桥上或石墩上休息及观赏。虽然天空云层较厚，但光线表明是白日时分。",
            "pics_id": [
                1,
                2,
                3
            ]
        },
        {
            "dialogue_turn": 3,
            "user_input": "照片中我穿着什么衣服",
            "raw_reply": "您穿着一件印有卡通人物图案的白色T恤，搭配一条卡其色的短裤，脚穿运动鞋，手中拿着一件物品。背景是宁静的河流和古朴的建筑。",
            "reply": "您穿着一件印有卡通人物图案的白色T恤，搭配一条卡其色的短裤，脚穿运动鞋.",
            "pics_id": [
                18
            ]
        },
        {
            "dialogue_turn": 4,
            "user_input": "照片中除了我还有别人吗",
            "raw_reply": "照片中除了您之外，还有一排老式的房屋和一棵大树，背景是平静的河水。没有其他人出现在照片中。",
            "reply": "照片中除了您之外，还有一排老式的房屋和一棵大树，背景是平静的河水。",
            "pics_id": [
                18
            ]
        },
        {
            "dialogue_turn": 5,
            "user_input": "我穿的衣服上有图案吗",
            "raw_reply": "您穿的白色T恤上印有一只可爱的卡通人物图案。",
            "reply": "您穿的白色T恤上印有一只可爱的卡通人物图案。",
            "pics_id": [
                18
            ]
        },
        {
            "dialogue_turn": 6,
            "user_input": "你能识别图案是什么吗",
            "raw_reply": "对不起，我无法识别图片中的图案。",
            "reply": "对不起，我无法识别图片中的图案。",
            "pics_id": [
                18
            ]
        },
        {
            "dialogue_turn": 7,
            "user_input": "那我身后大树是什么树",
            "raw_reply": "背后的大树高大挺拔，树干通直，树冠呈圆锥形，树叶茂密呈深绿色，具体的树种无法确切识别。",
            "reply": "背后的大树高大挺拔，树干通直，树冠呈圆锥形，树叶茂密呈深绿色",
            "pics_id": [
                18
            ]
        },
        {
            "dialogue_turn": 8,
            "user_input": "照片中的房屋是几层,描述一下特点",
            "raw_reply": "背后的房屋是两层，白墙黑瓦，简约而具有中国传统建筑风格。窗户小巧，房屋排列紧凑沿河而建，展现出江南水乡的古朴韵味。",
            "reply": "背后的房屋是两层，简约而具有中国传统建筑风格。窗户小巧，房屋排列紧凑沿河而建，展现出江南水乡的古朴韵味。",
            "pics_id": [
                15
            ]
        },
        {
            "dialogue_turn": 9,
            "user_input": "窗户有什么特色吗,有没有字",
            "raw_reply": "照片显示房屋的窗户小而方正，具有江南水乡的典型风格。窗户上并未见到任何文字或明显字迹。",
            "reply": "照片显示房屋的窗户小巧,具有江南水乡的典型风格。窗户上并未见到任何文字或明显字迹。",
            "pics_id": [
                1,
                15
            ]
        },
        {
            "dialogue_turn": 10,
            "user_input": "换一张照片",
            "raw_reply": "您在一条宁静的水道上，船夫正在划着木船。河道两旁是老式的建筑，木船为这古镇的风情画增添了活力。天空阴沉，但不失为一个典型的江南水乡景象。",
            "reply": "另一张照片中,您在一条宁静的水道上，船夫正在划着木船。河道两旁是老式的建筑，木船为这古镇的风情画增添了活力。天空阴沉，但不失为一个典型的江南水乡景象。",
            "pics_id": [
                1,
                3,
                5
            ]
        },
        {
            "dialogue_turn": 11,
            "user_input": "你说到的船,是乌篷船吗",
            "raw_reply": "船上有遮阳篷，类似于乌篷船，设计用于江南水乡的河道，为游客提供遮蔽，增添旅行的舒适性。船夫正在划桨，游客们似乎在体验这种传统的水上交通方式。",
            "reply": "船上有遮阳篷，类似于乌篷船，设计用于江南水乡的河道，为游客提供遮蔽，增添旅行的舒适性。船夫正在划桨，游客们似乎在体验这种传统的水上交通方式。",
            "pics_id": [
                5,
                20,
                24
            ]
        },
        {
            "dialogue_turn": 12,
            "user_input": "照片除了我,还有多少人",
            "raw_reply": "您分享的照片上，河道中有一艘带篷的小船，船上包括船夫在内，可以看到三位乘客。两岸河道旁似乎也有不少行人和游客正在欣赏河岸风光或在商铺间穿行。",
            "reply": "您分享的照片上，河道中有一艘带篷的小船，船上包括船夫在内，可以看到三位乘客。两岸河道旁似乎也有不少行人和游客正在欣赏河岸风光或在商铺间穿行。",
            "pics_id": [
                5
            ]
        },
        {
            "dialogue_turn": 13,
            "user_input": "照片是白天还是晚上",
            "raw_reply": "照片呈现的是白天的景象。尽管天空阴沉，但日间的光线使得水面和周围的建筑清晰可见。船上的游客和周边步行的人群都表明这是日常活动的一部分。",
            "reply": "照片呈现的是白天的景象。尽管天空阴沉，但日间的光线使得水面和周围的建筑清晰可见。船上的游客和周边步行的人群都表明这是日常活动的一部分。",
            "pics_id": [
                5
            ]
        },
        {
            "dialogue_turn": 14,
            "user_input": "换下一张有我的照片",
            "raw_reply": "您站在河边的石阶上，照片中您身穿一件印有卡通人物图案的白T恤，配合休闲的短裤和运动鞋。背景是宁静的河流和古色古香的房屋，还有绿色的树木。您看起来很轻松自在。",
            "reply": "您站在河边的石阶上，照片中您身穿一件印有卡通人物图案的白T恤，配合休闲的短裤和运动鞋。背景是宁静的河流和古色古香的房屋，还有绿色的树木。您看起来很轻松自在。",
            "pics_id": [
                18
            ]
        },
        {
            "dialogue_turn": 15,
            "user_input": "我是什么姿势或动作",
            "raw_reply": "您站在石阶上，两腿微分，双手自然下垂，面朝镜头，表情自然。背后是平静的河流和古朴的建筑，一棵高大的树映入画面。整个照片给人一种宁静舒适的感觉。",
            "reply": "您站在石阶上，两腿微分，双手自然下垂，面朝镜头，表情自然。背后是平静的河流和古朴的建筑，一棵高大的树映入画面。整个照片给人一种宁静舒适的感觉。",
            "pics_id": [
                18
            ]
        },
        {
            "dialogue_turn": 16,
            "user_input": "我又没有背包",
            "raw_reply": "您没有背包，只是简单地站立着，双手自然放在身侧。",
            "reply": "您没有背包，只是简单地站立着，双手自然放在身侧。",
            "pics_id": [
                18
            ]
        },
        {
            "dialogue_turn": 17,
            "user_input": "这组照片中,有我站在桥上的照片吗",
            "raw_reply": "您穿着白色连衣裙，站在一座石桥上。桥上挂有橘红色的救生圈，背景是安静的水道和两旁的老式房屋。您双手交叉在前，微微低头，表情平静。",
            "reply": "有您站在一座石桥上。桥上挂有橘红色的救生圈，背景是安静的水道和两旁的老式房屋。",
            "pics_id": [
                17
            ]
        },
        {
            "dialogue_turn": 18,
            "user_input": "这张照片中,背景有很多人群吗?是第12张",
            "raw_reply": "背景中没有很多人群，整个场景显得十分宁静。河水平静，两旁是绿树和古老的房屋。",
            "reply": "背景中没有很多人群，整个场景显得十分宁静。河水平静，两旁是绿树和古老的房屋。",
            "pics_id": [
                12
            ]
        },
        {
            "dialogue_turn": 19,
            "user_input": "这是石桥还是木桥",
            "raw_reply": "您站在的是一座石桥上。",
            "reply": "您站在的是一座石桥上。",
            "pics_id": [
                12
            ]
        },
        {
            "dialogue_turn": 20,
            "user_input": "照片一共有多少张有我的照片",
            "raw_reply": "这张照片上是您站在河边的石阶上，您穿着印有卡通人物的白色T恤，佩戴黑色手表，背后是一排传统的房屋和绿色的树木。",
            "reply": "几张照片上是您站在河边的石阶上，您穿着印有卡通人物的白色T恤，佩戴黑色手表，背后是一排传统的房屋和绿色的树木。",
            "pics_id": [
                18
            ]
        },
        {
            "dialogue_turn": 21,
            "user_input": "黑色手表是吗",
            "raw_reply": "是的，您佩戴着黑色的手表。您穿着白色带有卡通人物图案的T恤，站在河边石阶上，背景是传统的建筑与树木。天空看起来有点阴沉，河水平静。",
            "reply": "是的，您佩戴着黑色的手表。您穿着白色带有卡通人物图案的T恤，站在河边石阶上，背景是传统的建筑与树木。天空看起来有点阴沉，河水平静。",
            "pics_id": [
                18
            ]
        },
        {
            "dialogue_turn": 22,
            "user_input": "照片中有女士吗",
            "raw_reply": "照片中没有女士，只有您一个人站在河边的石阶上，背后是老式建筑和绿树。",
            "reply": "有些照片是女士河边的石阶上，背后是老式建筑和绿树。",
            "pics_id": [
                18
            ]
        },
        {
            "dialogue_turn": 23,
            "user_input": "女士的衣服",
            "raw_reply": "女士穿着白色蕾丝连衣裙，款式优雅。",
            "reply": "女士穿着白色连衣裙，款式优雅。",
            "pics_id": [
                17,
                22,
                23
            ]
        },
        {
            "dialogue_turn": 24,
            "user_input": "女士有戴帽子吗",
            "raw_reply": "女士没有戴帽子。",
            "reply": "女士没有戴帽子。",
            "pics_id": [
                17,
                22,
                23
            ]
        },
        {
            "dialogue_turn": 25,
            "user_input": "有没有只有风景的照片",
            "raw_reply": "有的，展示了宁静的河道和两岸覆盖着茂密绿树的美丽风光。",
            "reply": "有的，展示了宁静的河道和两岸覆盖着茂密绿树的美丽风光。",
            "pics_id": [
                1,
                2,
                3
            ]
        },
        {
            "dialogue_turn": 26,
            "user_input": "照片有没有一些特别的标志或者是字",
            "raw_reply": "照片里有一座用老旧木板搭建的小屋，屋上挂着一个橘红色的救生圈。背景是一座石桥，上面有一些游客。整个场景显得宁静而古朴。",
            "reply": "照片里有一座用老旧木板搭建的小屋，屋上挂着一个橘红色的救生圈。背景是一座石桥，上面有一些游客。整个场景显得宁静而古朴。",
            "pics_id": [
                19
            ]
        },
        {
            "dialogue_turn": 27,
            "user_input": "照片中有无我和女士合影",
            "raw_reply": "照片中只有您一个人站在河边的石阶上，穿着印有卡通人物图案的白T恤，佩戴黑色手表，背景是一排老式房屋和绿树。",
            "reply": "照片中只有您一个人站在河边的石阶上，穿着印有卡通人物图案的白T恤，佩戴黑色手表，背景是一排老式房屋和绿树。",
            "pics_id": [
                18
            ]
        },
        {
            "dialogue_turn": 28,
            "user_input": "换一张照片",
            "raw_reply": "站在木栅栏旁，仰望树木的长发女士，背景是宁静的河流和古色古香的建筑，环境宁静。",
            "reply": "站在木栅栏旁，仰望树木的长发女士，背景是宁静的河流和古色古香的建筑，环境宁静。",
            "pics_id": [
                22
            ]
        },
        {
            "dialogue_turn": 29,
            "user_input": "有没有晚上的照片",
            "raw_reply": "提供的照片描述中没有提到有晚上的场景，都是在白天拍摄的照片。",
            "reply": "没有晚上的场景，都是在白天拍摄的照片。",
            "pics_id": []
        },
        {
            "dialogue_turn": 30,
            "user_input": "还有哪些照片没有描述过",
            "raw_reply": "您看到的是水乡的几个不同角度。有木船在河中航行，乘客似乎在享受周围的古朴风光；一位女士坐在亭子内，背景是一座石桥，亭子外有游客在桥上行走。这些图片都表现出了宁静和古色古香的氛围。",
            "reply": "照片勾勒了水乡的几个不同角度。如果您有想了解的照片，我很乐意帮助您。",
            "pics_id": [
                1,
                5,
                8
            ]
        },
        {
            "dialogue_turn": 31,
            "user_input": "照片中的河流水清澈吗",
            "raw_reply": "河水看起来并不特别清澈，呈现出深绿色或深灰色，河面平静。河岸两旁是郁郁葱葱的绿树和传统建筑。",
            "reply": "河水看起来并不特别清澈，呈现出深绿色或深灰色，河面平静。河岸两旁是郁郁葱葱的绿树和传统建筑。",
            "pics_id": [
                5,
                10,
                11
            ]
        }
    ],
    "description": "1\t这是中国水乡的一端，有一艘木船在河中航行，船上几名乘客。河岸两旁是古朴的建筑，窗户上挂着晾衣服。天空阴沉。\n2\t这是一幅古色古香的水乡风光图。图中展示了一座老式石桥，桥下是一条宁静的河流。石桥上有几位游客正在欣赏两旁传统建筑和美丽的水景。\n3\t这是一幅古镇水道的景象。一条木质船在河流中缓慢行驶，船上有几名乘客；河岸上是传统的灰瓦房，有人在木栏杆旁休息。两岸有树木环绕，呈现宁静古朴的氛围。\n4\t这是一条古色古香的水道，两侧是老式建筑，屋顶覆盖着灰色瓦片。水道中有一条小船，船上有游客。天空多云，看起来像是一个阴天。\n5\t一条宁静的运河穿过古色古香的建筑，河上有一条装有遮阳篷的小船，船上有游客。河岸两旁是排列紧凑的老式房屋，一些游客在河边小路上行走。\n6\t这是一条古色古香的水乡河道景观，有几条木制船只正在河流中穿行，两岸是老式建筑，河边有行走的游客。天空阴沉，可能是雨后或阴天。\n7\t照片中一位女士坐在亭子内，背景是一个古老的石桥和古典建筑。亭子外有一些游客正在桥上行走。天气看起来阴天。\n8\t一位女士坐在古镇的亭子里，背后是一座石桥和行走的人。亭子木质结构，桥和建筑展现出中国传统风格。天空阴云密布。\n9\t照片中是一座中国古典风格的石桥，一些游客正在桥上行走。桥下有一位女士坐在长椅上，手里拿着物品。背景是传统的建筑和树木。天空多云，氛围宁静。\n10\t这是一幅宁静的河景图片。河的两侧覆盖着茂密的绿树，天空阴沉。河水平静，河对面可以看到一座有传统风格的白色建筑，屋顶是黑色的。在远处，有一只小船正缓缓地行驶在河中。\n11\t您面前的是一条静谧的河流，河两岸覆盖着茂密的绿色植物。远处可以看到传统风格的建筑，灰色瓦顶衬托着古朴的氛围，呈现出一种宁静的江南水乡景色。\n12\t您身处一座桥上，背景是一条宁静的河流两旁是绿色茂密的树木和传统的中国风格房屋。天气多云，显得有些阴沉。\n13\t这是一张古镇河道的风景照。照片中有一棵倾斜的大树在前景，树后是宁静的河水和行驶中的小船，远处是古色古香的建筑。整个场景显得安静祥和。\n14\t这是一张河边风景照片。照片中有一条河流，河对岸有几栋古色古香的建筑。河岸边种植着一排垂柳，垂柳的绿色枝条随风轻摆。沥青步道旁有木栅栏，几位游客正在步道上行走。天空阴沉，可能是阴天或将要下雨的天气。\n15\t一棵大树倾斜于河岸边，背后是古朴水乡的建筑和拱桥，河面平静，岸边有几个游客。\n16\t这是一张湖边的照片，有石头砌成的台阶通往水边。三人（一男二女）在台阶上，背景是绿树和远处的建筑。天空有点阴沉。\n17\t一位穿着白色蕾丝连衣裙的女士站在一座古色古香的石桥边，背后是一条安静的水道和两旁的老式房屋。天空阴沉，给照片增添了一丝历史感。\n18\t您站在河边的石阶上，背景是一排古色古香的房屋和绿色的树木。您身穿印有卡通人物图案的白T恤，佩戴黑色手表，看起来轻松自在。\n19\t这张照片显示的是具有传统风情的水乡景色。在画面中心有一座用老旧木板搭建的小屋，屋上挂着一个橘红色的救生圈；背景是一座石桥，上面有一些游客；远处可见传统建筑的屋顶。整个场景显得宁静而古朴。\n20\t这是一幅河边风光的照片。河面上有一艘带顶棚的小船，船上坐着几位游客。两岸是苍翠的树木和古色古香的建筑，给人一种宁静古镇的感觉。\n21\t这张照片展示的是一条宁静的河流旁边的老式建筑。建筑的特色是白墙黑瓦，与绿色的树木和平静的河水形成了和谐的对比。一棵大树的枝叶从画面左侧伸入，增添了一丝生动感。\n22\t一位长发女士穿着白色连衣裙，站在木栅栏旁，仰望着树木。背景是一条宁静的河流和古色古香的建筑。\n23\t一位穿着白色连衣裙的女士微笑着站在树旁和木栅栏前。背景是一座小桥和平静的河流。天空阴沉，环境宁静。\n24\t您面前是一条宁静的河流，两岸是绿树葱郁，与古朴的房屋相映成趣。河面微波荡漾，一叶扁舟静静停泊。天色略显阴沉，但不失一幅宁静和谐的水乡风情画。\n",
    "system_guide": "你的任务是帮助一位视觉障碍用户回忆他/她的相册。\n请你根据当前提供的照片，和用户对话。\n回答不得超出照片内容。\n请不要在回答中出现“第x张照片”、“这x张照片”等字眼。\n请确保你的回答不超过100个汉字。\n\n以下为该用户相册照片逐张的文字描述，可作为参考：",
    "retrieve_guide": "你的任务是根据用户最新谈及的内容，在如下一系列照片的文字描述中，选取最相关的1~3条描述，使得查看对应照片最有可能解答用户问题。\n注意，照片描述中未明确标注为\"你\"/\"您\"的人，都不是我。\n你只需返回对应的照片描述编号。请确保你的回复只含有数字编号，格式为：[照片编号1, 照片编号2, ...]\n\n以下为照片的编号以及对应文字描述：",
    "introduction_guide": "你的任务是帮助一位视觉障碍用户回忆他/她的相册。照片的信息将以\"编号+照片描述\"的格式提供给你。\n注意，照片描述中未明确标注为\"我\"的人，都不是我。\n请你给出开场引导语，可以参考\"我很高兴能帮你回忆照片。请问你有什么想了解的吗?\"。\n请确保你的回答不超过100个汉字。"
}