{
    "user": "lmq_1",
    "resume": null,
    "datetime": "2024-02-25-10:55",
    "chat_history": [
        {
            "role": "assistant",
            "content": "让我先概述一下相册的内容吧！落日余晖下湖畔的围栏和树木剪影；清澈水面波光粼粼，有亭子和装饰船；您的户外自然照；山丘俯瞰城市全景，略有雾蒙；山顶亭子；甘岭凌霄石碑前城市景观；高处俯视城市轻雾中树木和建筑物；圆顶建筑和城市景观；城市风景中的游乐园设施和河流；彩色过山车轨道和游乐项目；城市中繁忙道路、圆顶建筑与游乐"
        },
        {
            "role": "user",
            "content": "我怎么会有苹果商店的户外照片呢?是建筑的照片吗?"
        },
        {
            "role": "assistant",
            "content": "您的确拍摄了苹果商店的照片。这些包括夜晚环境中您在商店前面的生动照片，有的是您跳跃的瞬间，有的是静静站立的照片，还有商店建筑本身的夜景照片。这些照片展示了商店的现代感和活跃的气氛。您当时感觉怎么样？商店的现代设计是否给您留下了深刻印象呢？"
        },
        {
            "role": "user",
            "content": "一共有几张我在苹果商店前面的照片?"
        },
        {
            "role": "assistant",
            "content": "您在苹果商店前面的照片共有三张：一张站在商店前，一张跳跃的瞬间，还有一张夜晚静静站立的照片。这些照片都充满活力，记录了您愉快的时刻。"
        },
        {
            "role": "user",
            "content": "可以看到背景上有文字提示吗例如商店名称"
        },
        {
            "role": "assistant",
            "content": "照片显示了苹果商店的标志：您站在商店前的照片上有亮起的苹果标志；商店建筑的夜景照片中，正门上挂有苹果公司的标志。"
        },
        {
            "role": "user",
            "content": "照片拍摄于什么季节?"
        },
        {
            "role": "assistant",
            "content": "所有关于苹果商店的照片描述中并未提及具体季节，无法确定拍摄时间。不过描述中提到夜晚和灿烂的灯光，可知是在晚上。您对那个夜晚有什么特别的记忆吗？"
        },
        {
            "role": "user",
            "content": "我穿的是长袖还是短袖？"
        },
        {
            "role": "assistant",
            "content": "您在所有提到苹果商店前的照片中都穿着黑色外套，具有紫色装饰的袖子，应该是长袖的。"
        },
        {
            "role": "user",
            "content": "下一个话题吧"
        },
        {
            "role": "assistant",
            "content": "这些照片能让您回想起在湖边的时光吗？"
        },
        {
            "role": "user",
            "content": "哎呀,问题好多呀.照片里面有我吗?"
        },
        {
            "role": "assistant",
            "content": "是的，照片中有您。在这些照片里，您如何度过湖边时光的？"
        },
        {
            "role": "user",
            "content": "我不记得湖面以及周围场景的样子了"
        },
        {
            "role": "assistant",
            "content": "您可以回想一下湖面宁静，亭子和远处山丘的景象，相信那会是很美好的回忆。您与朋友们在湖边一起度过的时刻，是否让您感到快乐和放松？"
        },
        {
            "role": "user",
            "content": "不想聊这个话题了.下一个话题吧"
        },
        {
            "role": "assistant",
            "content": "当然，也可以回忆一下您在游乐园的欢乐时光。您还记得那些令人兴奋的游乐设施吗？"
        },
        {
            "role": "user",
            "content": "是摩天轮吗?"
        },
        {
            "role": "assistant",
            "content": "是的，您曾在摩天轮舱内，背后是明媚的阳光和天空。您还看到了一个壮观的摩天轮，蓝天下显得格外引人注目。"
        }
    ],
    "reply_history": [
        {
            "dialogue_turn": 0,
            "user_input": null,
            "reply": "让我先概述一下相册的内容吧！落日余晖下湖畔的围栏和树木剪影；清澈水面波光粼粼，有亭子和装饰船；您的户外自然照；山丘俯瞰城市全景，略有雾蒙；山顶亭子；甘岭凌霄石碑前城市景观；高处俯视城市轻雾中树木和建筑物；圆顶建筑和城市景观；城市风景中的游乐园设施和河流；彩色过山车轨道和游乐项目；城市中繁忙道路、圆顶建筑与游乐",
            "pics_id": []
        },
        {
            "dialogue_turn": 1,
            "user_input": "我怎么会有苹果商店的户外照片呢?是建筑的照片吗?",
            "reply": "您的确拍摄了苹果商店的照片。这些包括夜晚环境中您在商店前面的生动照片，有的是您跳跃的瞬间，有的是静静站立的照片，还有商店建筑本身的夜景照片。这些照片展示了商店的现代感和活跃的气氛。您当时感觉怎么样？商店的现代设计是否给您留下了深刻印象呢？",
            "pics_id": "[52,53,54,55,56]"
        },
        {
            "dialogue_turn": 2,
            "user_input": "一共有几张我在苹果商店前面的照片?",
            "reply": "您在苹果商店前面的照片共有三张：一张站在商店前，一张跳跃的瞬间，还有一张夜晚静静站立的照片。这些照片都充满活力，记录了您愉快的时刻。",
            "pics_id": "[52, 53, 54]"
        },
        {
            "dialogue_turn": 3,
            "user_input": "可以看到背景上有文字提示吗例如商店名称",
            "reply": "照片显示了苹果商店的标志：您站在商店前的照片上有亮起的苹果标志；商店建筑的夜景照片中，正门上挂有苹果公司的标志。",
            "pics_id": "[54, 55, 56]"
        },
        {
            "dialogue_turn": 4,
            "user_input": "照片拍摄于什么季节?",
            "reply": "所有关于苹果商店的照片描述中并未提及具体季节，无法确定拍摄时间。不过描述中提到夜晚和灿烂的灯光，可知是在晚上。您对那个夜晚有什么特别的记忆吗？",
            "pics_id": "[52,53,54,55,56]"
        },
        {
            "dialogue_turn": 5,
            "user_input": "我穿的是长袖还是短袖？",
            "reply": "您在所有提到苹果商店前的照片中都穿着黑色外套，具有紫色装饰的袖子，应该是长袖的。",
            "pics_id": "[52,53,54]"
        },
        {
            "dialogue_turn": 6,
            "user_input": "下一个话题吧",
            "reply": "这些照片能让您回想起在湖边的时光吗？",
            "pics_id": "当然，我们可以换个话题谈谈自然景观。您有几张照片拍摄了湖边的美景，还有远处的山丘和亭子。那里看起来非常宁静。这些景色在您心中唤起了什么感受呢？[1,2,19,20,24]"
        },
        {
            "dialogue_turn": 7,
            "user_input": "哎呀,问题好多呀.照片里面有我吗?",
            "reply": "是的，照片中有您。在这些照片里，您如何度过湖边时光的？",
            "pics_id": "[3, 14, 18, 29, 30, 31, 33, 36, 43, 44, 46, 49, 50]"
        },
        {
            "dialogue_turn": 8,
            "user_input": "我不记得湖面以及周围场景的样子了",
            "reply": "您可以回想一下湖面宁静，亭子和远处山丘的景象，相信那会是很美好的回忆。您与朋友们在湖边一起度过的时刻，是否让您感到快乐和放松？",
            "pics_id": "[19,20,21,22,23]"
        },
        {
            "dialogue_turn": 9,
            "user_input": "不想聊这个话题了.下一个话题吧",
            "reply": "当然，也可以回忆一下您在游乐园的欢乐时光。您还记得那些令人兴奋的游乐设施吗？",
            "pics_id": []
        },
        {
            "dialogue_turn": 10,
            "user_input": "是摩天轮吗?",
            "reply": "是的，您曾在摩天轮舱内，背后是明媚的阳光和天空。您还看到了一个壮观的摩天轮，蓝天下显得格外引人注目。",
            "pics_id": "[14, 17]"
        }
    ],
    "description": "1\t落日余晖下的湖畔景色，前方有围栏、树木的剪影，和天空中温暖的橘黄色太阳。右侧有建筑物的轮廓和两盏路灯。\n2\t这张照片显示的是一片清澈的水域，可能是一个湖泊或人造水体。水面波光粼粼，远端有亭子和树木，天色似乎有些昏暗。右侧还隐约可以看到一艘装饰有红灯笼的船只。\n3\t您坐在石头边上，穿着灰色夹克，衣领处有紫色毛皮装饰。头发中长，表情自然，环境看起来像是户外的公园或庭院。\n4\t照片展示了从山丘上俯瞰的城市全景，天气略显雾蒙。前方有绿色植被，右侧有一座具有传统风格的亭子。\n5\t图片展示了一座山顶的风景。山顶有一个亭子，亭子是红色的，有着传统的双层翘角屋顶，亭子边是翠绿的树木。背景是朦胧的城市天际线。\n6\t这张照片显示了从山顶远眺的城市风景。画面前方是一块写着“甘岭凌霄”的石碑，背后是连绵的绿色山丘和宽阔的城市景观，空气中有些雾霾，天空灰蒙蒙的。\n7\t这张照片展示了从高处俯瞰的城市景观。照片中，树木前景和远处的建筑物在轻微的雾霾中略显朦胧。前方有一块指示牌，但细节不清楚。整体呈现出一种宁静的氛围。\n8\t这张图片是从一个较高位置拍摄的城市景观。可以看到一个圆顶建筑，周围有树木、道路和一些远处的低层建筑。天气晴朗，视野较远。\n9\t从高处眺望的城市风景，前方有游乐园设施，远处是建筑群和蜿蜒的河流。天气晴朗，能见度高。\n10\t这是一张俯瞰游乐园的照片。照片中有多条彩色的过山车轨道，其中一条呈现激烈的红色，蜿蜒起伏。还可以看到几个游乐项目，以及周围的绿色植被和一条河流。天气晴朗。\n11\t这张照片是从高处拍摄的城市景观。可以看到车辆繁忙的道路、绿树成荫的公园区域，还有一座独特的圆顶建筑和一些游乐设施。天气晴朗。\n12\t这张照片似乎是从高处俯瞰一个游乐园。可以看到多条步道、一些绿色植被和几座小型建筑。还有摩天轮、旋转木马和过山车等游乐设施。 天气晴朗。\n13\t照片展示了一个从高处俯瞰的广阔景观。最显眼的是一个巨大的半球形建筑物，看起来像是个剧院或展览馆。附近有游乐园的各种设施，如滑水道，还有旁边是道路和高楼。天气晴朗。\n14\t您坐在摩天轮的舱内，紫色上衣，从背后看去。舱外阳光明媚，可以看到摩天轮结构和天空的一角。\n15\t这张照片是从高处拍摄的城市景观。景色里有个城堡造型的建筑位于湖中心，湖周围是绿树成荫的公园和游乐设施。城市天际线上远处有现代高楼，蓝天清晰可见。\n16\t女孩背对镜头，手扶缆车护栏，注视下方游乐园景色。游乐园中有红色过山车和绿色滑轨，周围是树木和建筑。天气晴朗。\n17\t这张照片显示了一个巨大的摩天轮，蓝天下显得格外壮观。摩天轮上挂着多个密封舱，舱体为彩色。摩天轮下方是一些建筑和帐篷，还有一些游客。\n18\t您穿着灰色夹克，带有紫色毛领，坐在户外，背景是湖面和树木。 您神情自然，双手交叠放在膝上。\n19\t一群鸭子在湖面上游泳，前方有一只鸭子正在努力地拍打水面。湖中有一座小亭子，在远处可以看到山丘。天空呈现阴沉的灰色。\n20\t湖面上有一群鸳鸯在游泳，周围环境宁静。\n21\t三位女士站在湖边的石头路上，背景是湖面和远处的岸线。她们站得很近，中间一位穿着深蓝色大衣，微笑着。左侧和右侧两位都戴着眼镜。左侧女士穿粉色上衣，右侧女士穿黑色夹克。\n22\t照片显示三位女士站在湖边，背景是阴天的西湖和远处的亭子。左侧身穿粉色外套的女士，中间是黑色大衣和长裙，右侧身穿灰色上衣的女士。\n23\t你站在一座亭子前的湖边，与两位朋友一起。中间的朋友正在比V字手势，你们都面带微笑。背景是宁静的湖面和远处的山丘。\n24\t您穿着黑色大衣，站在中间，左边是穿粉色上衣的女士，右边是穿灰色外套的女士。背景为湖边与亭子。\n25\t您正站在湖边的石板路上，位于两位朋友之间。穿着黑色大衣，左边的朋友身穿粉色外套，右边的朋友着蓝色大衣。背景是亭子和湖面。天气看起来有些阴沉。\n26\t您坐在两位朋友中间，三人坐在湖边的长椅上。背后是古风建筑和行走的游客，湖面宁静。您和朋友们都穿着暖和的外套，微笑着。\n27\t您坐在湖边的长椅上，和两位女士并排坐着。背景是宁静的湖面、远处的亭子和建筑。天空阴沉，可能是秋冬季节。\n28\t您穿着灰色外套，脖子上有紫色毛领，坐在石凳上，与另外两位女士一起，背后是湖面和亭子。天气看起来阴沉。\n29\t您穿着灰色的外套，领口有紫色的皮草装饰，坐在湖边的石墩上，背对着湖水，伸展着双腿，微微侧头，眺望远方。湖上有一座亭子。天空阴沉。\n30\t一位女士坐在湖边的石栏上，背对湖面，伸直双腿，穿着黑色外套和紫色毛领，远望湖对面的景色。天空多云。\n31\t您坐在石栏杆上，面朝湖水，背对镜头。云层密布的天空中，一座亭子和远处的山丘构成背景。您穿着黑色上衣和裤子，外套领边饰有紫色毛领。\n32\t你站在一座弯曲石桥的栏杆上，与两位朋友一起。周围是树木和一条宁静的水道。天空阴沉，给人一种宁静的秋冬气息。\n33\t您穿着深色夹克，肩上有紫色毛绒装饰，坐在一座石桥的栏杆处。桥上还站着两名男士。背景是树木和一条河流。\n34\t三人站在一座古风石桥上，中间一位穿灰黑色服装女士在指向远处，旁边树木初显新绿，桥下有游客经过。\n35\t照片中三位女士站在一座石桥上，环境看起来像是公园。左侧一位穿粉色上衣，中间穿黑色衣服的女士笑着，右侧则是一位穿黑色的女士开心地摆着手势。背景是树木和一些模糊的建筑。\n36\t您穿着灰色夹克，站在一座石桥上，与两位朋友一起合影。周围是树木和人群，天气看起来阴沉。您的一位朋友举手比V字。\n37\t这张照片显示三位女士站在一个有着中国传统建筑风格的亭子中，亭子位于湖边，背后是湖水和远处的群山。地面稍显潮湿。中间的女士与您的脸部特征相似，可能是您本人。\n38\t您站在一个亭子下，和两位女性朋友一起。亭子上方有“夕照亭”三个字，四周是湖景和翠绿的植被。亭子略显湿润，可能是下过雨。\n39\t你站在一个带有传统中国风格的亭子内，与另外两位女士一起摆好姿势，拍照。亭子上方有汉字“听涛亭”。亭子背后是宽阔的湖面和远处的群山。天气看似多云。\n40\t照片中有三位女士站在湖边的一个亭子里，她们面向镜头，背景是湖面和远处的山丘。亭子内墙上有书法作品，亭子外雕刻精美。\n41\t三位女士站在湖边的凉亭内，中间的女士和你的相貌相似。她们微笑着，两边的女士在比V字手势，背景是湖面和远处的群山。\n42\t穿着黑色夹克、毛领子和浅色裤子的女士站在湖边，背景是远处的山和一个游船。天空多云，湖面平静。\n43\t一位女士在室外，背景是宽阔的水面和远处的山脉。她身穿黑色带毛领夹克，黑色裤子，白色鞋子，保持一种欢快的姿势，双臂张开，一脚抬起，显得轻松愉快。\n44\t您穿着黑色的短夹克，配有紫色的毛领。您微笑着，站在湖边的石砖地上，湖水和远处山丘构成背景。您的姿势轻松，右腿稍稍弯曲，呈现出休闲的感觉。\n45\t一个穿着深色羽绒服，戴着耳套的女士在室外水边喜悦地摆出了一种类似舞蹈的姿势；远处有山丘和天空。\n46\t您穿着黑色夹克，下摆有毛绒装饰，笑容灿烂地站在湖边，远处是青山和昏暗的天空。\n47\t这是一张铺着混凝土的地面的照片，地面颜色为灰色，有细小的石子和几片落叶。\n48\t一位女士站在湖边的步道上，背后是宁静的湖面和远山，还有一抹新绿的柳条垂挂在画面一侧。天空多云，为照片增添了些许沉思的氛围。\n49\t一名女士正在湖边的空旷地带高高跃起，背后是阴天的湖面和远处的山脉。她穿着黑色上衣，看起来心情愉快。\n50\t照片中是一位穿着黑色夹克和深色裤子的女性，在湖边的开阔地带跳跃，她的脚离地，头发因动作而轻微飘起。天空多云，远处是连绵的山丘和一棵垂柳。\n51\t穿着黑色大衣，下摆及袖口装饰有紫色毛绒的女士站在湖边，背景是阴天下的宁静湖面和远处隐约的山丘。\n52\t穿黑色夹克，粉色鞋子的女士站在苹果商店前，商店背后夜空中彩色灯光闪烁，周围是行人。\n53\t照片中一个女士在苹果商店前夜景中跳起，背景有透明大窗和过往行人。她穿黑色夹克，脸上带着愉快的表情。\n54\t您穿着黑色外套，袖子上有紫色装饰，站在苹果商店前，商店玻璃幕墙亮起苹果标志，是夜间，周围有其他行人。\n55\t这张照片为一家两层楼高的玻璃建筑，正门上方挂有一个苹果公司的标志。前方有许多行人，地面呈波浪状图案。周围灯光明亮，是晚上时分。\n56\t这是一张苹果零售店的夜景照片。明亮的商店前有苹果的标志，店内灯光通明，顾客较为稀疏。店前宽阔的步行区以波浪状图案铺设。\n",
    "system_guide": "你的任务是帮助一位视觉障碍用户回忆他/她的相册。照片的信息将以\"编号+照片描述\"的格式提供给你。\n注意，照片描述中未明确标注为\"我\"的人，都不是我。\n请你回答用户问题，引导用户探索新照片，可以通过询问用户当时的感受或提及照片中有趣的内容来推动话题进行。\n请务必保证你的回答严格基于照片的文字描述，不得添加超出照片描述的内容。\n请确保你的回答不超过100个汉字，同时每次回答须提供不超过5个照片参考。\n回复格式为：[照片序号1,照片序号2,...]-回复内容",
    "introduction_guide": "你的任务是帮助一位视觉障碍用户回忆他/她的相册。照片的信息将以\"编号+照片描述\"的格式提供给你。\n注意，照片描述中未明确标注为\"我\"的人，都不是我。\n请你向这位用户概述这组照片的内容。你的描述需提供足够的视觉信息，向用户展示照片中的各个场景，并勾勒出各场景的画面，帮助用户充分回忆这段经历。\n请务必保证你的回答严格基于照片的文字描述，不得添加超出照片描述的内容。请确保你的回答不超过100个汉字。"
}