{
    "user": "wl_1",
    "resume": null,
    "datetime": "2024-03-15-09:06",
    "chat_history": [
        {
            "role": "assistant",
            "content": "我很高兴能帮你回忆照片。这些照片记录了你的美好时刻，想先听哪一张的描述呢？"
        },
        {
            "role": "user",
            "content": "照片里有什么内容"
        },
        {
            "role": "assistant",
            "content": "这些照片是你在广州市儿童公园的欢乐时光。你穿着粉红色条纹套头毛衣、黑色裤子和棕色靴子，在宽敞的户外广场上，与一个穿着淡黄色上衣的孩子度过美好时光。背景中有各种彩色的建筑和绚烂的装饰，如一个制作精美的笑脸形状的彩色拱门，以及其他游玩的人们，营造出一种轻松愉快的气氛。天空多云，为这个场景增添了一丝温"
        },
        {
            "role": "user",
            "content": "可以描述第一张照片具体内容吗"
        },
        {
            "role": "assistant",
            "content": "你穿着粉红色条纹套头毛衣、黑色裤子和棕色靴子，在户外的广场上，怀里抱着一个穿淡黄色上衣的孩子。广场周围有彩色建筑和人群，天空多云。"
        },
        {
            "role": "user",
            "content": "照片里有拍的不好的吗"
        },
        {
            "role": "assistant",
            "content": "照片都拍摄得很好，展示了你站在草坪上，怀抱着一个穿着米色衣服的小宝宝。天气晴朗，公园里有树木、坐在草地上休息的人们，以及一个黄色的装置艺术品，看起来气氛宜人。"
        },
        {
            "role": "user",
            "content": "这组照片里有表情不好的吗"
        },
        {
            "role": "assistant",
            "content": "照片中的人物都拍摄得很自然，你站在一个色彩鲜艳的装饰板前，抱着一个小孩。装饰板上有卡通花朵和动物图案，周围有几个人在草地上休闲。你穿着棕色上衣和灰色裤子，面带微笑。"
        },
        {
            "role": "user",
            "content": "有我在草坪上的照片吗"
        },
        {
            "role": "assistant",
            "content": "有一位女士穿着棕色的外套，黑色裤子和靴子，在草坪上抱着一个穿米色衣服的小宝宝。背景是公园，有坐在草地上休息的人们，还有一个黄色的蜜蜂形状的装置艺术。"
        },
        {
            "role": "user",
            "content": "照片的背景都有什么具体内容"
        },
        {
            "role": "assistant",
            "content": "有你站在一个广场上，背景是彩色的建筑和人群。广场中央有一个巨大的笑脸拱门，拱门上方是蓝色的音符装饰，旁边有卡通造型的建筑，气氛活泼，显得很适合家庭出游。天空多云，但光线充足。"
        }
    ],
    "reply_history": [
        {
            "dialogue_turn": 0,
            "user_input": null,
            "raw_reply": "我很高兴能帮你回忆照片。这些照片记录了你的美好时刻，想先听哪一张的描述呢？",
            "reply": "我很高兴能帮你回忆照片。这些照片记录了你的美好时刻，想先听哪一张的描述呢？",
            "pics_id": []
        },
        {
            "dialogue_turn": 1,
            "user_input": "照片里有什么内容",
            "raw_reply": "这些照片是你在广州市儿童公园的欢乐时光。你穿着粉红色条纹套头毛衣、黑色裤子和棕色靴子，在宽敞的户外广场上，与一个穿着淡黄色上衣的孩子度过美好时光。背景中有各种彩色的建筑和绚烂的装饰，如一个制作精美的笑脸形状的彩色拱门，以及其他游玩的人们，营造出一种轻松愉快的气氛。天空多云，为这个场景增添了一丝温",
            "reply": "这些照片是你在广州市儿童公园的欢乐时光。你穿着粉红色条纹套头毛衣、黑色裤子和棕色靴子，在宽敞的户外广场上，与一个穿着淡黄色上衣的孩子度过美好时光。背景中有各种彩色的建筑和绚烂的装饰，如一个制作精美的笑脸形状的彩色拱门，以及其他游玩的人们，营造出一种轻松愉快的气氛。天空多云，为这个场景增添了一丝温",
            "pics_id": [
                1,
                2,
                3
            ]
        },
        {
            "dialogue_turn": 2,
            "user_input": "可以描述第一张照片具体内容吗",
            "raw_reply": "你穿着粉红色条纹套头毛衣、黑色裤子和棕色靴子，在户外的广场上，怀里抱着一个穿淡黄色上衣的孩子。广场周围有彩色建筑和人群，天空多云。",
            "reply": "你穿着粉红色条纹套头毛衣、黑色裤子和棕色靴子，在户外的广场上，怀里抱着一个穿淡黄色上衣的孩子。广场周围有彩色建筑和人群，天空多云。",
            "pics_id": [
                1
            ]
        },
        {
            "dialogue_turn": 3,
            "user_input": "照片里有拍的不好的吗",
            "raw_reply": "照片拍摄得很好，展示了你站在草坪上，怀抱着一个穿着米色衣服的小宝宝。天气晴朗，公园里有树木、坐在草地上休息的人们，以及一个黄色的装置艺术品，看起来气氛宜人。",
            "reply": "照片都拍摄得很好，展示了你站在草坪上，怀抱着一个穿着米色衣服的小宝宝。天气晴朗，公园里有树木、坐在草地上休息的人们，以及一个黄色的装置艺术品，看起来气氛宜人。",
            "pics_id": [
                16
            ]
        },
        {
            "dialogue_turn": 4,
            "user_input": "这组照片里有表情不好的吗 眨眼的",
            "raw_reply": "照片中的人物都拍摄得很自然，没有不佳的表情。你站在一个色彩鲜艳的装饰板前，抱着一个小孩。装饰板上有卡通花朵和动物图案，周围有几个人在草地上休闲。你穿着棕色上衣和灰色裤子，面带微笑。",
            "reply": "照片中的人物都拍摄得很自然，你站在一个色彩鲜艳的装饰板前，抱着一个小孩。装饰板上有卡通花朵和动物图案，周围有几个人在草地上休闲。你穿着棕色上衣和灰色裤子，面带微笑。",
            "pics_id": [
                14
            ]
        },
        {
            "dialogue_turn": 5,
            "user_input": "有我在草坪上的照片吗",
            "raw_reply": "你穿着棕色的外套，黑色裤子和靴子，在草坪上抱着一个穿米色衣服的小宝宝。背景是公园，有坐在草地上休息的人们，还有一个黄色的蜜蜂形状的装置艺术。",
            "reply": "有一位女士穿着棕色的外套，黑色裤子和靴子，在草坪上抱着一个穿米色衣服的小宝宝。背景是公园，有坐在草地上休息的人们，还有一个黄色的蜜蜂形状的装置艺术。",
            "pics_id": [
                16,
                17,
                18
            ]
        },
        {
            "dialogue_turn": 6,
            "user_input": "照片的背景都有什么具体内容",
            "raw_reply": "你站在一个广场上，背景是彩色的建筑和人群。广场中央有一个巨大的笑脸拱门，拱门上方是蓝色的音符装饰，旁边有卡通造型的建筑，气氛活泼，显得很适合家庭出游。天空多云，但光线充足。",
            "reply": "有你站在一个广场上，背景是彩色的建筑和人群。广场中央有一个巨大的笑脸拱门，拱门上方是蓝色的音符装饰，旁边有卡通造型的建筑，气氛活泼，显得很适合家庭出游。天空多云，但光线充足。",
            "pics_id": [
                1,
                2,
                3
            ]
        }
    ],
    "description": "1\t你穿着粉红色条纹套头毛衣、黑色裤子和棕色靴子在户外广场上，抱着一个穿着淡黄色上衣的孩子。广场背景有彩色的建筑和人群。天空多云。\n2\t你穿粉色外套，站在一个有趣的拱门前，看起来像是一个主题公园入口。拱门设计成一张巨大的笑脸，中间写着“广州市儿童公园”，背景是多云的天空。周围有其他游客。\n3\t你穿着粉色波纹毛衣、黑色裤子和棕色靴子，蹲着抱着一个穿着黄色连体衣的小孩。背景是带卡通装饰的彩色拱门和行人。\n4\t一位中年女士抱着一个穿着浅紫色与黄色连体衣的小宝宝站在一个巨大的红色充气拱门前。周围有其他游客。\n5\t一位中年女士蹲在一个大型粉红色充气装置前，怀里抱着一个笑容满面的小宝宝。\n6\t一位中年女士怀里抱着一个婴儿，后方有植物和红色装饰物，女士面带微笑，环境看起来是户外公园。婴儿穿着带图案的连体衣，显得好奇而安静。\n7\t一个穿着棕色外套的女士，手里抱着一个穿着淡紫色连身衣的小宝宝，宝宝正伸出小手。街上还有其他行人和红色的灯笼造型装饰。\n8\t一位中老年女性抱着一个婴儿，站在一个带有鲜艳多彩卡通花朵和小动物的装饰板前。周围有几个人在草地上休闲。女性穿着棕色上衣和灰色裤子，面带微笑。\n9\t一位中年妇女在户外公园，她正用背带抱着一个穿着淡紫色卡通衣服的小婴儿。背景是有彩色气球装饰的游乐场，其他小朋友也在玩耍。\n10\t一位女士抱着一个穿浅色衣服的小宝宝，旁边是摆放着多盆小植物的展示架。背景中有大型彩色气球装置和人群。\n11\t这张图片展示了一位女士和一个小孩站在一个色彩丰富的充气玩具前。充气玩具看起来像是一个卡通角色，有大眼睛、粉色和绿色的身体。背后是一片绿色的草地。\n12\t一位女士怀里抱着一个小孩，站在一个巨大卡通充气模型前，模型是粉色的，有大眼睛和微笑。周围还有其他色彩鲜艳的装饰。\n13\t图中是一个户外活动场景，有许多巨型彩色充气玩具装饰，如巨大的卡通动物和螺旋形结构。一名女士抱着小孩站在前方，旁边有个小女孩在玩耍。\n14\t一位中年女性抱着婴儿站在一个有大型彩色气球装置的户外活动场地，气球造型像是卡通龙。身边有小孩在玩耍，很有节日气氛。\n15\t一位中年女性在一个户外活动中，周围有多个大型彩色充气玩具，如条纹糖果、龙等。前方有个带有“花样派对”的指示牌。有几个孩子在玩耍，其中一个女孩正牵着一位男士的手。\n16\t一位女士在草坪上抱着一个小宝宝。周围是户外公园，有人坐在草地上休息，还有一个黄色的装置艺术。天气看起来不错。\n17\t这张照片展示了一位女士站在草坪上，怀抱一个婴儿。她穿着棕色的外套，黑色裤子和靴子。背景中有很多人在休闲，以及一个黄色的蜜蜂形状的装置。\n18\t一位中年妇女抱着婴儿站在公园的草坪上，远处有一个黄色的气球构成的大型装置艺术，模仿蜜蜂的形状。四周散布着休闲的人们和几棵树。\n19\t一位中年女士抱着小孩站在草坪上，背景是一个巨大的黄色小熊造型装置和散坐的人群。天气看起来晴朗。\n20\t一名中年女士站在草地上，怀里抱着一个穿着米色衣服的小宝宝。背景是公园，有树木、休息的人群和一个黄色的装置艺术品。\n",
    "system_guide": "你的任务是帮助一位视觉障碍用户回忆他/她的相册。\n请你根据当前提供的照片，和用户对话。\n回答不得超出照片内容。\n请不要在回答中出现“第x张照片”、“这x张照片”等字眼。\n请确保你的回答不超过100个汉字。\n\n以下为该用户相册照片逐张的文字描述，可作为参考：",
    "retrieve_guide": "你的任务是根据用户最新谈及的内容，在如下一系列照片的文字描述中，选取最相关的1~3条描述，使得查看对应照片最有可能解答用户问题。\n注意，照片描述中未明确标注为\"你\"/\"您\"的人，都不是我。\n你只需返回对应的照片描述编号。请确保你的回复只含有数字编号，格式为：[照片编号1, 照片编号2, ...]\n\n以下为照片的编号以及对应文字描述：",
    "introduction_guide": "你的任务是帮助一位视觉障碍用户回忆他/她的相册。照片的信息将以\"编号+照片描述\"的格式提供给你。\n注意，照片描述中未明确标注为\"我\"的人，都不是我。\n请你给出开场引导语，可以参考\"我很高兴能帮你回忆照片。请问你有什么想了解的吗?\"。\n请确保你的回答不超过100个汉字。"
}