{
    "user": "zhy_2",
    "resume": null,
    "datetime": "2024-02-22-21:12",
    "chat_history": [
        {
            "role": "assistant",
            "content": "您的照片集记录了一次愉快的户外聚会，有您和朋友们在绿树环绕的公园里品尝美食、合影留念、玩耍秋千和休息等温馨场景。每一张照片都捕捉到了快乐的瞬间，展现了友情的温暖。"
        },
        {
            "role": "user",
            "content": " 哇 我们一张一张照片来看吧 我先去了哪？"
        },
        {
            "role": "assistant",
            "content": "您先去了一个风景优美的户外地点，坐在大树旁享用烤玉米，背景中有一块雕刻着文字的石碑，您看起来心情不错。"
        },
        {
            "role": "user",
            "content": " 石碑上有什么文字吗？"
        },
        {
            "role": "assistant",
            "content": "照片中石碑的具体文字没有提及，只知道有文字雕刻。"
        },
        {
            "role": "user",
            "content": " 这样子呀，玉米是我们现场烤的吗？"
        },
        {
            "role": "assistant",
            "content": "照片中没提及玉米是现场烤的还是提前准备的哦。您当时吃得开心吗？"
        },
        {
            "role": "user",
            "content": " 哈哈哈挺开心的，我们还玩了什么？"
        },
        {
            "role": "assistant",
            "content": "您在一个带有蓝色秋千架的公园里玩耍，秋千周围环绕着茂密的绿色植被，您的表情看起来非常享受和开心呢！您还记得荡秋千的感觉吗？"
        },
        {
            "role": "user",
            "content": " 记得呀 当时爬上去可胆战心惊了 还好有朋友在一旁帮助我"
        },
        {
            "role": "assistant",
            "content": "荡秋千的勇气和朋友的帮助一定让这次体验更难忘。您还和朋友在绿荫下拍了合影，一起制造了许多美好的回忆。"
        },
        {
            "role": "user",
            "content": " 可以描述一下我和谁拍了合影吗？"
        },
        {
            "role": "assistant",
            "content": "您和不同的朋友们拍了许多合影，有时是八人的团体照，有时是更大的集体照，大家都穿着休闲装，在树木或石头前摆出各种姿势，看起来心情都很愉悦。"
        },
        {
            "role": "user",
            "content": " 八人的团体照里有谁？可以详细描述一下吗"
        },
        {
            "role": "assistant",
            "content": "照片里的八人合影都是年轻人，在绿树或岩石背景前。大家穿休闲装或学校运动服，有的戴墨镜，您站在中间，开心微笑。"
        },
        {
            "role": "user",
            "content": "谢谢 我还做了什么"
        },
        {
            "role": "assistant",
            "content": "您还尝试了户外秋千，戴着眼镜、条纹短袖衬衫，享受着飞扬的快乐时光。"
        }
    ],
    "reply_history": [
        {
            "dialogue_turn": 0,
            "user_input": null,
            "reply": "您的照片集记录了一次愉快的户外聚会，有您和朋友们在绿树环绕的公园里品尝美食、合影留念、玩耍秋千和休息等温馨场景。每一张照片都捕捉到了快乐的瞬间，展现了友情的温暖。",
            "pics_id": []
        },
        {
            "dialogue_turn": 1,
            "user_input": " 哇 我们一张一张照片来看吧 我先去了哪？",
            "reply": "您先去了一个风景优美的户外地点，坐在大树旁享用烤玉米，背景中有一块雕刻着文字的石碑，您看起来心情不错。",
            "pics_id": "[1]"
        },
        {
            "dialogue_turn": 2,
            "user_input": " 石碑上有什么文字吗？",
            "reply": "照片中石碑的具体文字没有提及，只知道有文字雕刻。",
            "pics_id": "[1]"
        },
        {
            "dialogue_turn": 3,
            "user_input": " 这样子呀，玉米是我们现场烤的吗？",
            "reply": "照片中没提及玉米是现场烤的还是提前准备的哦。您当时吃得开心吗？",
            "pics_id": "照片中没提及玉米是现场烤的还是提前准备的哦。您当时吃得开心吗？"
        },
        {
            "dialogue_turn": 4,
            "user_input": " 哈哈哈挺开心的，我们还玩了什么？",
            "reply": "您在一个带有蓝色秋千架的公园里玩耍，秋千周围环绕着茂密的绿色植被，您的表情看起来非常享受和开心呢！您还记得荡秋千的感觉吗？",
            "pics_id": "[19,20,21,22,23]"
        },
        {
            "dialogue_turn": 5,
            "user_input": " 记得呀 当时爬上去可胆战心惊了 还好有朋友在一旁帮助我",
            "reply": "荡秋千的勇气和朋友的帮助一定让这次体验更难忘。您还和朋友在绿荫下拍了合影，一起制造了许多美好的回忆。",
            "pics_id": "[19,20,21,22,23]"
        },
        {
            "dialogue_turn": 6,
            "user_input": " 可以描述一下我和谁拍了合影吗？",
            "reply": "您和不同的朋友们拍了许多合影，有时是八人的团体照，有时是更大的集体照，大家都穿着休闲装，在树木或石头前摆出各种姿势，看起来心情都很愉悦。",
            "pics_id": "[7,8,9,12,15]"
        },
        {
            "dialogue_turn": 7,
            "user_input": " 八人的团体照里有谁？可以详细描述一下吗",
            "reply": "照片里的八人合影都是年轻人，在绿树或岩石背景前。大家穿休闲装或学校运动服，有的戴墨镜，您站在中间，开心微笑。",
            "pics_id": "[7,8,9,13,14]"
        },
        {
            "dialogue_turn": 8,
            "user_input": "谢谢 我还做了什么",
            "reply": "您还尝试了户外秋千，戴着眼镜、条纹短袖衬衫，享受着飞扬的快乐时光。",
            "pics_id": "您还尝试了户外秋千，戴着眼镜、条纹短袖衬衫，享受着飞扬的快乐时光。"
        }
    ],
    "description": "1\t一个年轻男子坐在户外，正吃着一串烤玉米。他穿着格子衬衫和短袖，背景是一棵大树和雕刻着文字的石碑。他看起来心情不错。\n2\t一个年轻人蹲坐在石凳上，手持一把打开的折扇，面露微笑，后方有一块石墙和散落的物品。\n3\t一个微笑的年轻人坐在石凳上，身后是一块大石头。地上散落着一些个人物品，如背包和塑料袋。\n4\t一位年轻男士站在树木间的小路上，身穿黑色运动服，左手插腰，右手轻靠在树干上，面带微笑。背景中有其他游客。\n5\t这张照片显示了三位男士在户外，树木成荫的地方。前方的男士戴着墨镜和帽子，穿着黑色运动装，手持一把打开的团扇。背后还有两位男士，其中一位站立，另一位坐着，看上去像是在休息。照片是从侧面拍摄的，角度略微俯视。\n6\t一位年轻男士倚靠在岩石上，岩石上刻有字迹。他穿着条纹短袖T恤和黑色长裤，背后是树木和远处模糊的行人。\n7\t这张照片里是八位年轻人在户外合影。他们穿着休闲校服，背后是绿树和一块大石头。你站在后排中间，微笑着，显得开心。\n8\t这是一张八位年轻男士在户外合影的照片。他们排成两排，前排四人，后排四人。大多数人穿着白色上衣，有两个人戴着墨镜。他们看起来很高兴，有的在笑，有的做着胜利手势。树木为他们提供了荫凉。\n9\t这是一张八位年轻男士在户外合影的照片。他们大多穿着相似的学校运动服，有两人佩戴着太阳镜。他们看起来心情愉快，有的微笑，有的做出搞笑的表情，照片背景是绿树和一块岩石。在照片中间位置，您也穿着学校的运动服，并且带有一个欢快的笑容。\n10\t照片中有两位年轻人并排站立，左侧为您，右侧一位穿着黑色上衣。背后是一块刻有\"上海\"二字的石头，周围是绿树。\n11\t你站在左侧，旁边是另一位穿黑色上衣的人，两人站在一块大石头前，背后是树木。\n12\t这是一张集体照，照片中共有13人，大多数着休闲装或校服，站在户外，树木作背景。你站在第二排最右边，手臂放下，面带微笑。\n13\t这是一张八个年轻人在户外合影的照片。他们站在一个大石头前，背后是树木。你戴着眼镜、穿着黑色上衣，似乎在笑。\n14\t这是一张八名年轻人在户外合影的照片。他们站在一个大石头前，背后是树木，似乎在公园里。大家都穿着休闲装，有笑有闹，气氛愉快。站在照片中间并穿着白色上衣的是您之前提供的那位年轻人。\n15\t这张照片里有九个男士，站在户外一个石头牌坊前，树木环绕。他们中的一些穿着休闲服装，而其他人则穿着校服或运动装。他们看起来心情愉快，有的搂肩、有的摆出鬼脸。照片呈现出一种轻松友好的团队气氛。\n16\t两位年轻人站在一块大石头前摆着搞笑的姿势。左边的穿条纹衫，手臂抬高似乎在模仿跑步；右边的身着深色运动装，胳膊弯曲像是在展示肌肉。背景是树木和休息的人们。\n17\t这是一张两人站在公园的照片。左侧是个戴眼镜的男性，穿着白色T恤，红色运动裤，手势是的V字形。右侧是您，在照片中您穿着条纹T恤，深色长裤。背景中有树木和坐在长椅上的人。\n18\t你与三位朋友站在户外，背后是一块大石头和树木。他们并排站着，左一是刚才的年轻人，右二的人穿有\"SWISSE\"字样的白T恤。右一的人拿着扇子。他们都面带微笑。\n19\t这是一张男孩在户外秋千上的照片。他看起来心情很好，正在向镜头微笑，身体随秋千摆动。周围是树木，秋千架是蓝色的。\n20\t一位男士在户外的蓝色秋千上玩耍，他面带微笑，身体后仰，双腿弯曲并举起，整个人被秋千的链条稳稳托住。周围是茂密的绿色植被。\n21\t这张照片中的人正在荡秋千，他似乎在享受着这个活动。秋千由蓝色的金属架构支撑，周围是绿色的树木。他穿着与之前照片相同的服装。\n22\t这是一位年轻男子在户外秋千上玩耍的照片。他穿着白色无袖上衣和黑色裤子，正向后大幅度摆动。他戴着黑色眼镜，两手紧握秋千链条。周围是茂密的绿色植被。\n23\t你在户外的秋千上，似乎在高速摇摆中，身体后仰，脚部朝向摄影机，表情看起来很享受。背景是绿色的树木。\n24\t一位年轻男士在户外公园的秋千上。他穿着条纹短袖衣和黑色长裤，两脚抬起，似乎正在享受荡秋千的乐趣。背景是树木和其他游乐设施。\n25\t这张照片显示了一个人正坐在秋千上，他穿着条纹上衣和黑色长裤，四周是郁郁葱葱的树木。他看上去似乎很享受这一刻。\n26\t这张照片显示了一个生机勃勃的户外游乐场。正前方有一位年轻男士坐在秋千上，他身穿一件条纹衬衫和深色裤子。在他身后，还有其他几个人在享受其他秋千。周围是茂密的树木和一些散步的游客。整个场景显得休闲愉快。\n27\t这是一张在户外游乐场的照片，有几个人在荡秋千玩耍。图片中心有一位女士坐在秋千上，四周有几个旁观者。背景种有树木，场地看起来很自然。\n28\t照片显示一位年轻男士站在台阶上，穿着白色短袖衬衫和深色长裤，右手在挥手致意。他周围是茂密的绿色植被，阳光透过树叶洒下。\n29\t一位男士站在石阶上，手持扇子，头戴墨镜和棒球帽，身穿粉色短袖衫和深色长裤，周围是绿树。照片需要顺时针旋转90度。\n30\t这张照片捕捉了一群年轻人在户外排成一排，背景是一个具有亚洲传统风格的亭子和茂密的绿叶。第二个男生正是你，你微笑着看向镜头。\n31\t这是一张八人的合照，背景是中国风的亭子和绿色植物。他们在桥上，三人站立，其余五人蹲或坐在前面。他们似乎心情很好，有的挥手，有的竖拇指。\n32\t这张照片显示了一位穿着黑色上衣和黑色裤子的年轻人，站在一个带有荷花的池塘边上。背后有一座风格古典的亭子，周围有其他游客。一位身着红色服装的人正在挥手向镜头示意。\n33\t这是一张多人合影。左边第一位穿白色T恤和深色长裤的年轻人正是你，你站在队伍的一侧，微笑着。其他七位不同年龄和服装的人围成一排。你们站在户外，背景是树木和一部分红色建筑。整体氛围看起来很愉快。\n34\t你与七位朋友一起，大家或握拳、或比V字，开心地站在一起，背景是树木和一部分湖泊。\n35\t这是一张九人的合照，他们在户外，背后是树木和天空。八位男士和一位女士，个别人摆着手势。图片中的人们穿着不同样式的休闲装，显得轻松愉快。\n",
    "system_guide": "你的任务是帮助一位视觉障碍用户回忆他/她的相册，相册中的照片均拍摄自用户的一段旅程，用户会以文字形式提供相册中每一张照片的描述。请你以温暖亲切的口吻，回答用户问题，引导用户探索新照片，可以通过询问用户当时的感受或提及照片中有趣的内容来推动话题进行。请务必保证你的回答严格基于照片的文字描述，不得添加超出照片描述的内容。请确保你的回答不超过100个汉字，同时每次回答须提供不超过5个照片参考。回复格式为：[照片序号1,照片序号2,...]-回复内容\n",
    "introduction_guide": "一位视觉障碍用户向你提供了他/她在一次旅途中拍摄的所有照片的文字描述，请你简洁明了而又不失亲切地向这位用户概述这组照片的内容。你的描述需提供足够的视觉信息，向用户展示他/她途经的各个场景，并勾勒出各场景的画面，帮助用户充分回忆这段旅程。请务必保证你的回答严格基于照片的文字描述，不得添加超出照片描述的内容。请确保你的回答不超过100个汉字。"
}