{
    "user": "zhy_2",
    "resume": null,
    "datetime": "2024-02-26-08:05",
    "chat_history": [
        {
            "role": "assistant",
            "content": "让我先概述一下相册的内容吧！您在不同场合和朋友们进行了多次的户外活动，有时吃着美食，有时漫步在郁郁葱葱的园林和公园中。您还在石凳上、秋千上以及岩石旁留下了快乐的瞬间，和朋友们一起笑容满面地合影。有时候您是照片中开心的中心，有时与大家一起分享快乐，留存下了这些愉悦的记忆。"
        },
        {
            "role": "user",
            "content": " 谢谢 我在做什么"
        },
        {
            "role": "assistant",
            "content": "您正坐在蓝色秋千上，看起来心情不错，脸上挂着灿烂的笑容。阳光穿透树叶，照在您身上和周围的环境，让这个画面充满了温暖和欢快的感觉。您的手臂张开，似乎在享受自由飞翔的感觉。周围是绿意盎然的树木和土地，愉快的时光在这里被定格了。在这样的时候，秋千上荡来荡去的感觉一定非常惬意吧。"
        },
        {
            "role": "user",
            "content": " 谢谢.我还在做什么"
        },
        {
            "role": "assistant",
            "content": null
        }
    ],
    "reply_history": [
        {
            "dialogue_turn": 0,
            "user_input": null,
            "raw_reply": "让我先概述一下相册的内容吧！您在不同场合和朋友们进行了多次的户外活动，有时吃着美食，有时漫步在郁郁葱葱的园林和公园中。您还在石凳上、秋千上以及岩石旁留下了快乐的瞬间，和朋友们一起笑容满面地合影。有时候您是照片中开心的中心，有时与大家一起分享快乐，留存下了这些愉悦的记忆。",
            "reply": "让我先概述一下相册的内容吧！您在不同场合和朋友们进行了多次的户外活动，有时吃着美食，有时漫步在郁郁葱葱的园林和公园中。您还在石凳上、秋千上以及岩石旁留下了快乐的瞬间，和朋友们一起笑容满面地合影。有时候您是照片中开心的中心，有时与大家一起分享快乐，留存下了这些愉悦的记忆。",
            "pics_id": []
        },
        {
            "dialogue_turn": 1,
            "user_input": " 谢谢 我在做什么",
            "raw_reply": "您正坐在蓝色秋千上，看起来心情不错，脸上挂着灿烂的笑容。阳光穿透树叶，照在您身上和周围的环境，让这个画面充满了温暖和欢快的感觉。您的手臂张开，似乎在享受自由飞翔的感觉。周围是绿意盎然的树木和土地，愉快的时光在这里被定格了。在这样的时候，秋千上荡来荡去的感觉一定非常惬意吧。",
            "reply": "您正坐在蓝色秋千上，看起来心情不错，脸上挂着灿烂的笑容。阳光穿透树叶，照在您身上和周围的环境，让这个画面充满了温暖和欢快的感觉。您的手臂张开，似乎在享受自由飞翔的感觉。周围是绿意盎然的树木和土地，愉快的时光在这里被定格了。在这样的时候，秋千上荡来荡去的感觉一定非常惬意吧。",
            "pics_id": [
                19,
                20,
                21
            ]
        },
        {
            "dialogue_turn": 2,
            "user_input": " 谢谢.我还在做什么",
            "raw_reply": "在这两张照片中，您穿着条纹T恤和黑色裤子，正坐在户外的秋千上。在第一张照片中，您似乎正在向后荡，并带着一脸的轻松和愉悦。在第二张照片里，您正坐在秋千上，双脚着地，看起来刚刚结束了一次轻松的荡秋千。两张照片中的背景是一排翠绿的树木，营造了一个宁静舒适的氛围，而其中一张还可见到一盏路灯。其他人也在享受秋千",
            "reply": null,
            "pics_id": [
                25,
                26
            ]
        }
    ],
    "description": "1   一个年轻男子坐在户外，正吃粽子。他穿着格子衬衫和短袖，背景是一棵大树和雕刻着文字的石碑。他看起来心情不错。\n2\t您坐在园林的石凳上，手持一把展开的金色扇子，露出灿烂的笑容，身后是灰色的园墙和翠绿的树叶。\n3\t坐在石凳上的年轻人穿着黑色长袖上衣和深色裤子，背后是大石块，旁边放着行李和一些散落的物品。他看起来心情很好，正在微笑。\n4\t一位年轻男士站在绿树环绕的公园里，穿着黑色运动装，左手搭在树干上，微笑着朝镜头站立。\n5\t照片中展示了三位男士在郁郁葱葱的环境中，其中一位手持扇子，戴着太阳镜和运动帽站在前方；其他两位在后面的阶梯上，笑容友好。\n6\t一位年轻男士站在一个大石头旁，右手轻松搭在石头上。他身穿横条纹的休闲T恤和黑色休闲裤。背景是公园的景致，有树木和远处模糊的行人。\n7\t这张照片显示了一群穿校服的年轻人在户外合照。他们笑容满面，有的竖起拇指或是做V字手势。环境是一个树木繁茂的区域，背景中有岩石和树木。\n8\t这张照片是一群穿着不同校服和休闲装的青年男子在户外合影。他们笑容满面，有的摆出友好手势，背景是树木和岩石。\n9\t图片中是一群青少年男孩，他们穿着校服或休闲服，正站在户外的岩石上合影。他们中有些人笑着，有的摆出酷炫的手势，看起来十分开心和亲密。\n10\t你和另一位年轻男士站在一块刻有“夏卡”字样的石头前，两人微笑着，身后是郁郁葱葱的树木。你穿着白色短袖衬衫和黑色长裤，旁边的男士穿着黑色上衣和同样的黑色长裤。\n11\t你站在一块儿童公园的大石头前，旁边是一位男士，你们并肩站着，都对着镜头微笑。背景是树木和一些绿叶。\n12\t这是一张集体合照，照片中共有12人，大家站在树木和岩石旁，显得十分自然和愉快。图片中心是一位女士，周围是年轻的男士和几位年长的先生。大部分人穿着休闲或校服风格的装扮。\n13\t这张照片展示了一群穿着不同校服的年轻人在户外合影。他们伫立在一块大石头前，背后有树木。他们中的大多数人面带微笑，显得非常开心。其中一个人戴着太阳镜，一个人手持羽毛球拍。\n14\t照片中是一群年轻的男生在户外团体合影。他们站在一块岩石前，背后是树木和天空。几位男生戴着太阳镜，手持羽毛球拍和球，表情愉快，有的张开嘴巴笑，有的面带微笑。他们穿着休闲和校服装，看起来正享受着集体活动的乐趣。\n15\t照片中一群年轻人在树荫下，排成两排站着，合影留念。他们穿着休闲装，一些人戴着太阳镜，背景有石碑和树林。\n16\t图片显示两位年轻人在公园里，一位穿着条纹衬衫的男子正在高高举手呈胜利姿势，而另一位穿着白色运动上衣的男子则双手握拳，低头做出一副健身动作。他们后面是一块有镌刻文字的岩石。\n17\t一位男士和一位女士站在一个刻有文字的大石头前，两人面带微笑，男士身穿条纹T恤，女士身穿白色T恤和红色运动裤，手势比V字。背景是树木和坐着的人。\n18\t您站在三位朋友旁边，四人并排站立，背后是一块大石头和茂密的树木。旁边的朋友拿着一把展开的扇子。天气看起来晴朗。\n19\t这是一张您坐在秋千上，正在荡秋千的照片。您手臂张开，脸上带着笑容，显得很开心。周围是户外的景色，有树木和土地，阳光下感觉十分惬意。\n20\t一位戴着手表的年轻人穿着白色上衣和黑色裤子，正在户外一个蓝色的秋千上微笑着荡秋千。他看起来心情很好，背景是绿色的树木和棕色的小径。\n21\t照片中的人正在户外的蓝色秋千上荡秋千。他表情愉快，身穿白色上衣、黑色裤子，并戴着一款手表。周围是绿色的树木和灌木。秋千被安装在两根蓝色的金属立柱之间。\n22\t一位年轻人正在户外的秋千上玩耍，用力地向后摇摆。他手握秋千的绳子，双腿伸直并抬高。周围是绿色的树木，秋千结构是蓝色的。\n23\t一个人正在户外的蓝色秋千上摇摆，身体向后仰，两脚向天空伸展，似乎正享受秋千带来的乐趣。秋千周围是绿色的植物。\n24\t一个男性坐在旋转秋千上，腿部伸展，面带微笑。背景是公园，有树木和其他游玩的人。\n25\t您正在秋千上荡来荡去，身穿条纹衫和黑裤，四周是绿树和其他人。神情轻松愉快。\n26\t您穿着黑色裤子和条纹T恤，在户外的秋千上坐着，旁边有其他人在玩耍，背景是绿树和一盏路灯。\n27\t这张图片展现的是人们在户外的一个公园里玩耍的情景。前景中，一位女士正坐在秋千上，秋千下放置了一些水，好像是为了在天热时给人降温。她穿着白色T恤，红色长裤和白色运动鞋，看起来正在享受秋千带来的凉爽和乐趣。在她身后，可以看到一个男士站在另一个秋千旁，穿着类似于您的白色上衣和深色裤子，他在微笑着看着其他人玩耍。周围还有其他的游客，有的在观看，有的在行走，环境似乎很愉悦。背景是茂密的树木和一小部分的蓝天。整体氛围活泼而休闲，是一个普通的户外休闲场景。\n28\t一位年轻男士站在石阶上，他穿着白色短袖衬衫和深色长裤，背着黑色双肩包，微笑着向镜头挥手。周围是郁郁葱葱的树木。\n29\t一名男士站在石阶上，左手持着两根玉米，身穿粉色上衣和深色运动裤，戴着太阳镜和黑色鸭舌帽，面带微笑。周围是树木，背光照明。\n30\t照片中是一群站成一排的年轻人。他们身处一个亭子和树木繁茂的环境中。其中一位戴着帽子和墨镜的女士站在前排微笑着。左侧可以看见一个人侧身而立。\n31\t照片里是一群人在亭子附近的栏杆前合影，共八人，表情愉快，有的比手势。背景是树木和亭子，天气晴朗。\n32\t你站在一个带有莲花的池塘边，背后是一个具有传统风格的亭子。旁边有人张开手臂，好像在摆造型。周围其他游客正在参观。天气晴朗。\n33\t照片中是一群青少年和一位成年男士在户外集体合影。他们中有些人笑着，一些人做出了手势。天气看起来晴朗。\n34\t这是一张八个人并排站立在户外的合照。他们看起来心情不错，有些人做着胜利的手势，整个群体散发着友好和快乐的气氛。背景是树木和天空，可能在公园里。\n35\t图中是一群人在户外合影，他们站在树木和一条路旁。前排三人中间是一位戴着墨镜及棒球帽的女士，两侧都是男士。后排五位男士中，你站在最右边，摆出了一个胜利手势。大家表情愉快。\n",
    "system_guide": "你的任务是帮助一位视觉障碍用户回忆他/她的相册。\n请你根据当前提供的照片回答用户问题，引导用户探索新照片，可以通过询问用户当时的感受或提及照片中有趣的内容来推动话题进行。\n请务必保证你的回答严格基于照片，不得添加超出照片内容的信息。\n请不要在回答中出现“第x张照片”、“这x张照片”等字眼。\n请确保你的回答不超过100个汉字。",
    "retrieve_guide": "你的任务是根据用户最新谈及的内容，在如下一系列照片的文字描述中，找出与用户提问最相关的1~3条描述，使得查看对应照片最有可能解答用户的问题。\n注意，照片描述中未明确标注为\"你\"/\"您\"的人，都不是我。\n你只需返回对应的照片描述编号。请确保你的回复只含有数字编号，格式为：[照片编号1, 照片编号2, ...]\n\n以下为照片的编号以及对应文字描述：",
    "introduction_guide": "你的任务是帮助一位视觉障碍用户回忆他/她的相册。照片的信息将以\"编号+照片描述\"的格式提供给你。\n注意，照片描述中未明确标注为\"我\"的人，都不是我。\n请你向这位用户概述这组照片的内容。你的描述需提供足够的视觉信息，向用户展示照片中的各个场景，并勾勒出各场景的画面，帮助用户充分回忆这段经历。\n请务必保证你的回答严格基于照片的文字描述，不得添加超出照片描述的内容。请确保你的回答不超过100个汉字。"
}