{
    "user": "zouchao_1",
    "resume": null,
    "datetime": "2024-03-14-20:48",
    "chat_history": [
        {
            "role": "assistant",
            "content": "我很高兴能帮助你回忆相册中的美好瞬间。想让我描述哪张照片的内容呢？"
        },
        {
            "role": "user",
            "content": "照片包含哪些场景"
        },
        {
            "role": "assistant",
            "content": "照片有水族馆内部的场景。第一张展示了多种颜色斑斓的热带鱼在水族箱中游动，环境中有水草和石头。第二张中，鲨鱼在带有绿光的水中自由游动，背景是模拟岩石。第三张里，橘红色的热带鱼在充满水草的水族箱中自由游动，旁边有模拟树干。"
        },
        {
            "role": "user",
            "content": " 照片里还有哪些其他内容"
        },
        {
            "role": "assistant",
            "content": "很多照片是在各式水族箱中拍摄的。有一张图片捕捉到了一只狮子鱼，它在蓝色背景的水族箱里游动，周围有碎石和几块岩石。"
        },
        {
            "role": "user",
            "content": "水族箱照片有多少张"
        },
        {
            "role": "assistant",
            "content": "10张照片展示了不同的水族箱内部。有一张照片呈现了一群斑驳的鱼儿在清澈的水中游动，周围有气泡和水草。"
        },
        {
            "role": "user",
            "content": "第二张照片是什么"
        },
        {
            "role": "assistant",
            "content": "第二张照片是在水族馆拍摄的。照片中的水面投射着柔和的绿色光线，几条鲨鱼在水中游动，背景是仿造的岩石，营造出一种神秘的海底氛围。"
        },
        {
            "role": "user",
            "content": "第三张照片是什么"
        },
        {
            "role": "assistant",
            "content": "这张照片里是充满活力的橘红色热带鱼，它们在一个环境丰富的水族箱里自由游动。可以看到模拟的树干和繁茂的水草。整体色调带有温暖的紫红色调。"
        },
        {
            "role": "user",
            "content": "第四张照片是什么"
        },
        {
            "role": "assistant",
            "content": "这张图中你看到的是一群黑白相间条纹的热带鱼在一个装饰有水草和紫色砂石的水族箱中游动。水族箱内的光线映照下，鱼的色彩非常鲜明。"
        },
        {
            "role": "user",
            "content": "第五张照片是什么"
        },
        {
            "role": "assistant",
            "content": "这张照片展示了一群色彩鲜艳的橘红色热带鱼在水族箱里游动，它们周围是生机勃勃的水草和模拟的树干。整个画面以紫红色调为主，营造出一种温暖的海底世界氛围。"
        },
        {
            "role": "user",
            "content": "下一个场景"
        },
        {
            "role": "assistant",
            "content": " 这张照片显示了一群红白相间的鱼在水族箱中游动，水族箱内部以蓝色为背景，鱼体主要呈红色，带有白色的条纹。"
        },
        {
            "role": "user",
            "content": "有其他场景吗"
        },
        {
            "role": "assistant",
            "content": "很多照片记录了是水族馆中的一幕，我们可以看到水下的一群鲨鱼。游泳的鲨鱼映衬着柔和的绿色光线，背景中有仿造的岩石，营造出一种神秘的海底氛围。"
        },
        {
            "role": "user",
            "content": "除了这些照片,还有没有其他的"
        },
        {
            "role": "assistant",
            "content": "有一张照片中，您单独站在同一入口，头戴草帽，身着黑色带小花图案的连衣裙，微笑着摆出舒展的姿势。背景是公园内的建筑和行走的游客。"
        },
        {
            "role": "user",
            "content": "照片里还有没有其他内容"
        },
        {
            "role": "assistant",
            "content": "有张照片是公园的入口处，微笑着摆出优雅的姿势。入口旁边有细致的建筑和一个喷泉。天空多云，这里似乎是个充满乐趣的旅游景点。"
        },
        {
            "role": "user",
            "content": "这张照片里有没有文字"
        },
        {
            "role": "assistant",
            "content": " 照片中入口上方有写着“中华恐龙园”和“迪诺水镇”的牌坊，周围的建筑和游客为这个景点增添了活力。您头戴草帽，身着连衣裙，在牌坊前摆出了优雅的姿势。"
        },
        {
            "role": "user",
            "content": "换一张"
        },
        {
            "role": "assistant",
            "content": "您身处一个宽敞的入口前，入口牌楼上写着“恐龙园和“迪诺水镇您微笑着，似乎在享受这个景点带来的快乐。周围有其他游客，以及细致装饰的建筑。"
        },
        {
            "role": "user",
            "content": "这组照片还有没有其他场景"
        },
        {
            "role": "assistant",
            "content": "有张照片是您和女士站在桥上，背后是特色建筑和仿真恐龙模型的湖泊。空中云朵迷人，环境显得宁静而温馨。您俩似乎正在享受这份宁静的时刻。"
        }
        {
            "role": "user",
            "content": "照片总共包含哪些场景"
        },
        {
            "role": "assistant",
            "content": " 您的照片集包含了多种场景，包括多个水族馆的美丽照片，例如鱼缸里多彩的热带鱼、鲨鱼在神秘光影下游动、橘红色热带鱼在水草中穿梭等。还有您在旅游景点的照片，比如站在“迪诺水镇”的入口，以及在桥上背景是湖泊和恐龙模型的画面。"
        },
        {
            "role": "user",
            "content": "还有其他吗"
        },
        {
            "role": "assistant",
            "content": "有张照片是在雪地模拟场景里，您身穿黑色带有中文印字的厚外套，并且穿着黑色运动鞋。背景是画有雪山和极地动物图案的墙壁，传达出一种冬季气息。"
        },
        {
            "role": "user",
            "content": "还有其他内容吗"
        },
        {
            "role": "assistant",
            "content": " 您站在一个装饰有冰雪效果的室内场景中，面带微笑。背后墙面上的绘画模仿了雪山，整体场景营造出寒冷的冬季氛围。"
        }
    ],
    "reply_history": [
        {
            "dialogue_turn": 0,
            "user_input": null,
            "raw_reply": "我很高兴能帮助你回忆相册中的美好瞬间。想让我描述哪张照片的内容呢？",
            "reply": "我很高兴能帮助你回忆相册中的美好瞬间。想让我描述哪张照片的内容呢？",
            "pics_id": []
        },
        {
            "dialogue_turn": 1,
            "user_input": "照片包含哪些场景",
            "raw_reply": "这些照片都是水族馆内部的场景。第一张展示了多种颜色斑斓的热带鱼在水族箱中游动，环境中有水草和石头。第二张中，鲨鱼在带有绿光的水中自由游动，背景是模拟岩石。第三张里，橘红色的热带鱼在充满水草的水族箱中自由游动，旁边有模拟树干。",
            "reply": "照片有水族馆内部的场景。第一张展示了多种颜色斑斓的热带鱼在水族箱中游动，环境中有水草和石头。第二张中，鲨鱼在带有绿光的水中自由游动，背景是模拟岩石。第三张里，橘红色的热带鱼在充满水草的水族箱中自由游动，旁边有模拟树干。",
            "pics_id": [
                1,
                2,
                3
            ]
        },
        {
            "dialogue_turn": 2,
            "user_input": " 照片里的其他内容",
            "raw_reply": "这些照片都是在各式水族箱中拍摄的。第一张图片中，您能看到黑白相间的条纹鱼在紫色砂石和水草装饰的水族箱内悠游。第二张图片捕捉到了一只狮子鱼，它在蓝色背景的水族箱里游动，周围有碎石和几块岩石。第三张图片是一条大型鱼在模拟自然环境的水族箱中游动，其暗色的身体上带有细致的花纹，上方水面波光粼粼。",
            "reply": "很多照片是在各式水族箱中拍摄的。有一张图片捕捉到了一只狮子鱼，它在蓝色背景的水族箱里游动，周围有碎石和几块岩石。",
            "pics_id": [
                4,
                5,
                6
            ]
        },
        {
            "dialogue_turn": 3,
            "user_input": "水族箱照片有多少张",
            "raw_reply": "照片展示了不同的水族箱内部。有一张照片呈现了一群斑驳的鱼儿在清澈的水中游动，周围有气泡和水草。另一张照片中，鲨鱼在柔和的绿色光线下游弋，周围是仿造的岩石。还有一张照片中，一群橘红色热带鱼在紫红色调的水族箱里穿梭，旁边有模拟的树干。",
            "reply": "10张照片展示了不同的水族箱内部。有一张照片呈现了一群斑驳的鱼儿在清澈的水中游动，周围有气泡和水草。",
            "pics_id": [
                1,
                2,
                3
            ]
        },
        {
            "dialogue_turn": 4,
            "user_input": "第二张照片是什么",
            "raw_reply": "这张照片是在水族馆拍摄的。照片中的水面投射着柔和的绿色光线，几条鲨鱼在水中游动，背景是仿造的岩石，营造出一种神秘的海底氛围。",
            "reply": "第二张照片是在水族馆拍摄的。照片中的水面投射着柔和的绿色光线，几条鲨鱼在水中游动，背景是仿造的岩石，营造出一种神秘的海底氛围。",
            "pics_id": [
                2
            ]
        },
        {
            "dialogue_turn": 5,
            "user_input": "第三张",
            "raw_reply": "这张照片里是充满活力的橘红色热带鱼，它们在一个环境丰富的水族箱里自由游动。可以看到模拟的树干和繁茂的水草。整体色调带有温暖的紫红色调。",
            "reply": "这张照片里是充满活力的橘红色热带鱼，它们在一个环境丰富的水族箱里自由游动。可以看到模拟的树干和繁茂的水草。整体色调带有温暖的紫红色调。",
            "pics_id": [
                3
            ]
        },
        {
            "dialogue_turn": 6,
            "user_input": "4",
            "raw_reply": "这张图中你看到的是一群黑白相间条纹的热带鱼在一个装饰有水草和紫色砂石的水族箱中游动。水族箱内的光线映照下，鱼的色彩非常鲜明。",
            "reply": "这张图中你看到的是一群黑白相间条纹的热带鱼在一个装饰有水草和紫色砂石的水族箱中游动。水族箱内的光线映照下，鱼的色彩非常鲜明。",
            "pics_id": [
                4
            ]
        },
        {
            "dialogue_turn": 7,
            "user_input": "5",
            "raw_reply": "这张照片展示了一群色彩鲜艳的橘红色热带鱼在水族箱里游动，它们周围是生机勃勃的水草和模拟的树干。整个画面以紫红色调为主，营造出一种温暖的海底世界氛围。",
            "reply": "这张照片展示了一群色彩鲜艳的橘红色热带鱼在水族箱里游动，它们周围是生机勃勃的水草和模拟的树干。整个画面以紫红色调为主，营造出一种温暖的海底世界氛围。",
            "pics_id": [
                3
            ]
        },
        {
            "dialogue_turn": 8,
            "user_input": "下一张照片",
            "raw_reply": "照片中是一些拥有黑白条纹的热带鱼在水族箱中游动。水族箱以蓝色为背景，装饰有紫色的砂石和岩石，还有些绿色的水草，给人一种宁静祥和的感觉。",
            "reply": "照片中是一些拥有黑白条纹的热带鱼在水族箱中游动。水族箱以蓝色为背景，装饰有紫色的砂石和岩石，还有些绿色的水草，给人一种宁静祥和的感觉。",
            "pics_id": [
                4
            ]
        },
        {
            "dialogue_turn": 9,
            "user_input": "下一张",
            "raw_reply": "这张照片里是一条壮观的狮子鱼在蓝色背景的水族箱中游动，它的鳍似乎在水中展开，非常引人注目。水族箱底部铺着碎石，有几块岩石作为装饰。",
            "reply": "下一张照片是一条壮观的观赏鱼在水族箱中游动，水族箱底部铺着碎石，有几块岩石作为装饰。",
            "pics_id": [
                5
            ]
        },
        {
            "dialogue_turn": 10,
            "user_input": "鱼的样子",
            "raw_reply": "照片中的狮子鱼体型优雅，它的鳍部展开如同狮子的鬃毛一样壮观，背景是鲜明的蓝色，让狮子鱼的条纹和颜色更加显眼。",
            "reply": "照片中的鱼体型优雅，背景是鲜明的蓝色，让这条鱼更加显眼。",
            "pics_id": [
                5
            ]
        },
        {
            "dialogue_turn": 11,
            "user_input": "下一张",
            "raw_reply": "这张照片里，你看到的是一条大型鱼在水中悠然游动，鱼身暗色并且有细密的花纹。水面波光粼粼，在蓝色调的水域中显得格外引人注目。",
            "reply": "这张照片里，是一条鱼在水中悠然游动，水面波光粼粼，在蓝色调的水域中显得格外引人注目。",
            "pics_id": [
                5
            ]
        },
        {
            "dialogue_turn": 12,
            "user_input": "下一张",
            "raw_reply": "照片中是一条狮子鱼在蓝色背景的水族箱内游动，它的鳍展展开，显得非常壮观。水族箱里的岩石和碎石为它提供了一个有趣的环境。",
            "reply": "照片中是一条鱼在蓝色背景的水族箱内游动，显得非常壮观。水族箱里的岩石和碎石为它提供了一个有趣的环境",
            "pics_id": [
                5
            ]
        },
        {
            "dialogue_turn": 13,
            "user_input": "下一张",
            "raw_reply": "您看到的是一群红白相间的鱼，在蓝色的水族箱中自由游动。这些鱼体呈鲜明的红色，带有白色条纹，在水族箱的蓝色背景和岩石砾石装饰中显得非常抢眼。",
            "reply": "下一张是一群鱼儿在蓝色的水族箱中自由游动。这些鱼在水族箱的蓝色背景和岩石砾石装饰中显得非常抢眼。",
            "pics_id": [
                8
            ]
        },
        {
            "dialogue_turn": 14,
            "user_input": "下一张",
            "raw_reply": "这张照片中有一群红白相间的鱼在蓝色背景的水族箱里游动。岩石和砾石装饰着水族箱，鱼儿的颜色在这样的环境里显得非常鲜艳。",
            "reply": "这张照片中有一群鱼在蓝色背景的水族箱里游动。岩石和砾石装饰着水族箱，鱼儿在这样的环境里显得非常鲜艳。",
            "pics_id": [
                8
            ]
        },
        {
            "dialogue_turn": 15,
            "user_input": "第11张照片",
            "raw_reply": "这张照片中的鱼群在水族箱内自由游动，它们身上有着红白相间的条纹，与蓝色背景和岩石、砾石装饰形成了鲜明的对比。",
            "reply": "这张照片中的鱼群在水族箱内自由游动，与蓝色背景和岩石、砾石装饰形成了鲜明的对比。",
            "pics_id": [
                8
            ]
        },
        {
            "dialogue_turn": 16,
            "user_input": "下一个场景",
            "raw_reply": "这张照片显示了一群红白相间的鱼在水族箱中游动，水族箱内部以蓝色为背景，鱼体主要呈红色，带有白色的条纹。",
            "reply": " 这张照片显示了一群红白相间的鱼在水族箱中游动，水族箱内部以蓝色为背景，鱼体主要呈红色，带有白色的条纹。",
            "pics_id": [
                8
            ]
        },
        {
            "dialogue_turn": 17,
            "user_input": "有其他场景吗",
            "raw_reply": "这个场景是水族馆中的一幕，我们可以看到水下的一群鲨鱼。游泳的鲨鱼映衬着柔和的绿色光线，背景中有仿造的岩石，营造出一种神秘的海底氛围。",
            "reply": "很多照片记录了是水族馆中的一幕，我们可以看到水下的一群鲨鱼。游泳的鲨鱼映衬着柔和的绿色光线，背景中有仿造的岩石，营造出一种神秘的海底氛围。",
            "pics_id": [
                2,
                6,
                10
            ]
        },
        {
            "dialogue_turn": 18,
            "user_input": "别的环境的照片,不要水族馆",
            "raw_reply": "这些照片展示了不同的场景。一张是在一个充满蓝色和紫色灯光的暗色房间里，你张开了双手，像是在一个星空般的设置中。另一张是在模仿雪地的设置里，你和另一个人穿着黑色的厚外套，站在人造雪堆旁，墙上画有雪山和极地动物。最后一张是在一个密集彩色灯珠构成的闪亮隧道内，你头戴着带图案的围巾，周围璀璨夺目。",
            "reply": "有一群红白相间的鱼，在蓝色的水族箱中自由游动。这些鱼体呈鲜明的红色，带有白色条纹，在水族箱的蓝色背景和岩石砾石装饰中显得非常抢眼。",
            "pics_id": [
                14,
                17,
                18
            ]
        },
        {
            "dialogue_turn": 19,
            "user_input": "除了这些照片,还有没有其他的",
            "raw_reply": "您站在一个拱门入口前，拱门上写着“迪诺水镇”，背景是精致的建筑和喷泉。您身边有四位男士，中间的两位年轻人看起来很像，可能是兄弟。\n\n另一张照片中，您单独站在同一入口，头戴草帽，身着黑色带小花图案的连衣裙，微笑着摆出舒展的姿势。背景是公园内的建筑和行走的游客。\n\n还有一张照片里，您站在充满粉红色灯光的房间里，太阳镜、",
            "reply": "有一张照片中，您单独站在同一入口，头戴草帽，身着黑色带小花图案的连衣裙，微笑着摆出舒展的姿势。背景是公园内的建筑和行走的游客。",
            "pics_id": [
                11,
                12,
                13
            ]
        },
        {
            "dialogue_turn": 20,
            "user_input": "照片里还有没有其他内容",
            "raw_reply": "您站在恐龙园主题公园的入口处，微笑着摆出优雅的姿势。入口上方写着“中华恐龙园”和“迪诺水镇”。入口旁边有细致的建筑和一个喷泉。天空多云，这里似乎是个充满乐趣的旅游景点。",
            "reply": "有张照片是公园的入口处，微笑着摆出优雅的姿势。入口旁边有细致的建筑和一个喷泉。天空多云，这里似乎是个充满乐趣的旅游景点。",
            "pics_id": [
                12
            ]
        },
        {
            "dialogue_turn": 21,
            "user_input": "这张照片里有没有文字",
            "raw_reply": "照片中入口上方有写着“中华恐龙园”和“迪诺水镇”的牌坊，周围的建筑和游客为这个景点增添了活力。您头戴草帽，身着连衣裙，在牌坊前摆出了优雅的姿势。",
            "reply": " 照片中入口上方有写着“中华恐龙园”和“迪诺水镇”的牌坊，周围的建筑和游客为这个景点增添了活力。您头戴草帽，身着连衣裙，在牌坊前摆出了优雅的姿势。",
            "pics_id": [
                12
            ]
        },
        {
            "dialogue_turn": 22,
            "user_input": "换一张",
            "raw_reply": "您身处一个宽敞的入口前，头戴草帽，身着黑底带小花连衣裙，手拿一个小包。入口牌楼上写着“恐龙园DINOSAUR LAND”和“迪诺水镇DINO WATER TOWN”。您微笑着，似乎在享受这个景点带来的快乐。周围有其他游客，以及细致装饰的建筑。",
            "reply": "您身处一个宽敞的入口前，入口牌楼上写着“恐龙园和“迪诺水镇您微笑着，似乎在享受这个景点带来的快乐。周围有其他游客，以及细致装饰的建筑。",
            "pics_id": [
                12
            ]
        },
        {
            "dialogue_turn": 23,
            "user_input": "这组照片还有没有其他场景",
            "raw_reply": "照片中两位站在桥上，背后是特色建筑和仿真恐龙模型的湖泊。空中云朵迷人，环境显得宁静而温馨。您俩似乎正在享受这份宁静的时刻。",
            "reply": "有张照片是您和女士站在桥上，背后是特色建筑和仿真恐龙模型的湖泊。空中云朵迷人，环境显得宁静而温馨。您俩似乎正在享受这份宁静的时刻。",
            "pics_id": [
                22
            ]
        },
        {
            "dialogue_turn": 24,
            "user_input": "我的衣服",
            "raw_reply": "在这些照片里，您穿着一件黑色带小花图案的连衣裙，戴着一顶很有型的草帽，搭配了黑色的运动鞋。您的装扮既舒适又适合户外活动，非常适合旅游时穿着。",
            "reply": "您穿着一件白色T恤,搭配了黑色的运动鞋。您的装扮既舒适又适合户外活动，非常适合旅游时穿着。",
            "pics_id": [
                12,
                20,
                22
            ]
        },
        {
            "dialogue_turn": 25,
            "user_input": "照片总共包含哪些场景",
            "raw_reply": "您的照片集包含了多种场景，包括多个水族馆的美丽照片，例如鱼缸里多彩的热带鱼、鲨鱼在神秘光影下游动、橘红色热带鱼在水草中穿梭等。还有您在旅游景点的照片，比如站在“迪诺水镇”的入口，以及在桥上背景是湖泊和恐龙模型的画面。此外还有一些个人的欢乐时刻，如您在不同灯光环境下的快乐瞬间，以及和朋友或亲人",
            "reply": " 您的照片集包含了多种场景，包括多个水族馆的美丽照片，例如鱼缸里多彩的热带鱼、鲨鱼在神秘光影下游动、橘红色热带鱼在水草中穿梭等。还有您在旅游景点的照片，比如站在“迪诺水镇”的入口，以及在桥上背景是湖泊和恐龙模型的画面。",
            "pics_id": [
                1,
                2,
                3
            ]
        },
        {
            "dialogue_turn": 26,
            "user_input": "还有其他吗",
            "raw_reply": "这些照片都是展示了水族箱内部的不同场景。第一张展示了色彩斑斓的热带鱼在水族箱中自由游动，水族箱装饰有水草和石头；第二张是鲨鱼在仿造岩石背景下游动的神秘场景；第三张图片中满是橘红色的热带鱼，在充满紫红色调的水草丛中穿梭。这些丰富多彩的水下世界为您的相册增添了迷人的海洋风光。",
            "reply": "这些照片都是展示了水族箱内部的不同场景。第一张展示了色彩斑斓的热带鱼在水族箱中自由游动，水族箱装饰有水草和石头；第二张是鲨鱼在仿造岩石背景下游动的神秘场景；第三张图片中满是橘红色的热带鱼，在充满紫红色调的水草丛中穿梭。这些丰富多彩的水下世界为您的相册增添了迷人的海洋风光。",
            "pics_id": [
                1,
                2,
                3
            ]
        },
        {
            "dialogue_turn": 27,
            "user_input": "这组照片多少张",
            "raw_reply": "您的相册里有23张与水族馆和旅游景点相关的照片。",
            "reply": "您的相册里有23张照片。",
            "pics_id": [
                23
            ]
        },
        {
            "dialogue_turn": 28,
            "user_input": "第17张",
            "raw_reply": "您在这张照片中站在雪地模拟场景里，左手轻搭在人造雪堆上。您身穿黑色带有中文印字的厚外套，并且穿着黑色运动鞋。旁边有另一个人，但其脸部不在画面内。背景是画有雪山和极地动物图案的墙壁，传达出一种冬季气息。",
            "reply": "您在这张照片中站在雪地模拟场景里，您身穿黑色带有中文印字的厚外套，并且穿着黑色运动鞋。背景是画有雪山和极地动物图案的墙壁，传达出一种冬季气息。",
            "pics_id": [
                17
            ]
        },
        {
            "dialogue_turn": 29,
            "user_input": "照片里的文字",
            "raw_reply": "照片中的文字是中文，但是由于照片中文字部分的分辨率不够清晰，我无法阅读具体内容。不过，您穿着的外套上有文字图案，您左手搭在看似由人造雪构成的堆上。整体上，照片里有一种冰雪主题的氛围。",
            "reply": "照片中的文字是中文，整体上，照片里有一种冰雪主题的氛围。",
            "pics_id": [
                17
            ]
        },
        {
            "dialogue_turn": 30,
            "user_input": "18张照片",
            "raw_reply": "在这张照片里，您站在一个装饰有人造雪和雪山画面的冬日场景中。您左手搭在人造雪堆上，身穿黑色厚外套，外套前面有中文印字。旁边有一个人靠近您，但这个人的正脸看不见。",
            "reply": " 在这张照片里，您站在一个装饰有人造雪和雪山画面的冬日场景中。您左手搭在人造雪堆上，身穿黑色厚外套，外套前面有中文印字。旁边有一个人靠近您，但这个人的正脸看不见。",
            "pics_id": [
                17
            ]
        },
        {
            "dialogue_turn": 31,
            "user_input": " 第19张",
            "raw_reply": "您在这张照片中，站在模拟雪地的场景里。您身穿一件黑色的外套，上面有中文的印字，并穿着黑色运动鞋。左手搭在一堆人造雪上，旁边有一个人的侧影，但看不清这个人的脸。背景是绘有雪山和极地动物的墙。",
            "reply": "您在这张照片中，站在模拟雪地的场景里。您身穿一件黑色的外套，上面有中文的印字，并穿着黑色运动鞋。左手搭在一堆人造雪上，背景是绘有雪山和极地动物的墙。",
            "pics_id": [
                17
            ]
        },
        {
            "dialogue_turn": 32,
            "user_input": "还有其他内容吗",
            "raw_reply": "您站在一个装饰有冰雪效果的室内场景中，戴着帽子，面带微笑。身旁有一位身穿相同外套的人背对着镜头，还有其他人在场，但不在焦点中。背后墙面上的绘画模仿了雪山，整体场景营造出寒冷的冬季氛围。",
            "reply": " 您站在一个装饰有冰雪效果的室内场景中，面带微笑。背后墙面上的绘画模仿了雪山，整体场景营造出寒冷的冬季氛围。",
            "pics_id": [
                17
            ]
        }
    ],
    "description": "1\t这是一张鱼缸内部的照片，水族箱里有多种颜色斑斓、形态各异的热带鱼，背景中可以看到水泡和水草，以及几块堆叠的石头。\n2\t这是一张水族馆中的照片。水面投射着柔和的绿色光线，数条鲨鱼在水中游动，背景是仿造的岩石，营造一种神秘的海底氛围。\n3\t这是一张水族箱内部的照片，里面充满了橘红色的热带鱼，它们在水草丛生的环境中自由游动。左侧可以看到一块模拟的树干。整体色调呈现温暖的紫红色调。\n4\t这张图片展示的是一个水族馆场景。图中可见多条黑白相间的条纹鱼，它们在装饰着水草和紫色砂石的水族箱中游动。水族箱中的光线映衬下，鱼的色彩格外鲜明。\n5\t这是一张狮子鱼在蓝色背景的水族箱里游动的照片，它的鳍伸展开，看起来很壮观。水族箱底部有碎石和几块岩石。\n6\t这是一张水族馆内的照片。图中显示一条在水中悠然游动的大型鱼，鱼身呈暗色，有细密的花纹。水面波光粼粼，与鱼身形成鲜明对比。\n7\t这是一张水族馆里的照片，可以看到许多小型鱼类在水族箱中游动，它们体型细长，色泽以浅灰和白点为主。水族箱背景是蓝色，有岩石和珊瑚构成的自然环境。\n8\t图片中是一群红白相间的鱼，它们在水族箱中自由游动。水族箱内部以蓝色为背景，装饰有岩石和砾石。鱼体主要呈红色，带有白色的条纹。\n9\t这是一只黑天鹅在水中游泳的照片，天鹅的头部和颈部清晰可见，其余部分在水下。背景是模糊的蓝色和灰色。\n10\t这张图片显示了几条鲨鱼在水族馆的蓝色水池中游动。画面中心是一条较大的鲨鱼，背景模糊可见其他几条鲨鱼。水池被岩石环绕，其中一个圆形窗户透出绿光。\n11\t五位男士站在“迪诺水镇”的拱门入口前，背景是细致装饰的建筑和喷泉，中间的两个年轻人看起来很像，可能是兄弟。\n12\t一位女士站在恐龙园主题公园的入口处，头戴草帽，身着黑色带小花图案的连衣裙，微笑着摆出舒展的姿势。入口牌坊上写着“中华恐龙园”和“迪诺水镇”。背景是公园内的建筑和游客。\n13\t一位女士站在一个充满粉红色灯光的房间里。她戴着太阳镜，穿着橘红色连衣裙和黑色运动鞋，手持手机，抬起一只手臂，似乎在享受环境。房间里布满了悬挂的灯具，通过镜面反射创造出无尽延伸的视觉效果。\n14\t你穿着黑色T恤和迷彩短裤，在一个充满蓝色和紫色灯光的暗色房间里张开双手站立，背景是点点发光的灯泡，营造出星空般的效果。\n15\t你蹲在地上，脑袋上罩着带红色图案的布料，背景是昏暗的空间内的多色灯光。你面带微笑，环境看起来像是夜晚的户外或者某种主题派对现场。\n16\t你在昏暗带有紫色灯光的房间里，双手张开，身披着彩色图案的披肩，显得神采奕奕。背景中有很多小灯泡，营造出一种梦幻的氛围。\n17\t你站在仿佛雪地的场景里，左手搭在一堆人造雪上，旁边有另一个人靠近他，但脸部无法看清。你们都穿着黑色的厚外套。背景是画着雪山和极地动物的墙。\n18\t你站在一个闪亮的灯光隧道内，穿着黑色T恤和灰色短裤，头戴红色带有图案的围巾。周围是密集的彩色灯珠，营造出璀璨的氛围。你正看向镜头，神情自然。\n19\t图中有两位年轻男士站在一座雕像的两侧，其中一人可能是你。雕像是一个笑容可掬的老人形象，他手持一碟红色物体。背后是复杂的铜炉造型装饰，以及一些飘扬的彩旗。\n20\t您站在一座古色古香的大鼎旁，身着黑色T恤和红色带有图案的短裤，脚穿黑色带红色边的运动鞋。旁边是一个笑容可掬的卡通厨师雕像，手持鱼和锅铲，给人一种欢快的气氛。背景中还有彩旗和其他古代炉具。\n21\t照片中你和一位年轻人站在两个可爱卡通雕像旁边。左边的雕像是个穿着铠甲的笑容可掬的角色，右边的则是个拿着麦克风唱歌的和尚形象。你们身后是一处带有华丽装饰的地方，可能是一个旅游景点。\n22\t这张照片显示两人站在一座桥上，背景是有着特色的建筑物和仿真恐龙模型的湖泊。天空多云，整体氛围宁静。\n23\t这是一张高塔式的游乐设施照片，显得非常高耸。塔顶有蓝色的饰品，底部是有亚洲风格的建筑元素的平台。天空多云，背景中有一些树木和建筑结构。\n",
    "system_guide": "你的任务是帮助一位视觉障碍用户回忆他/她的相册。\n请你根据当前提供的照片，和用户对话。\n回答不得超出照片内容。\n请不要在回答中出现“第x张照片”、“这x张照片”等字眼。\n请确保你的回答不超过100个汉字。\n\n以下为该用户相册照片逐张的文字描述，可作为参考：",
    "retrieve_guide": "你的任务是根据用户最新谈及的内容，在如下一系列照片的文字描述中，选取最相关的1~3条描述，使得查看对应照片最有可能解答用户问题。\n注意，照片描述中未明确标注为\"你\"/\"您\"的人，都不是我。\n你只需返回对应的照片描述编号。请确保你的回复只含有数字编号，格式为：[照片编号1, 照片编号2, ...]\n\n以下为照片的编号以及对应文字描述：",
    "introduction_guide": "你的任务是帮助一位视觉障碍用户回忆他/她的相册。照片的信息将以\"编号+照片描述\"的格式提供给你。\n注意，照片描述中未明确标注为\"我\"的人，都不是我。\n请你给出开场引导语，可以参考\"我很高兴能帮你回忆照片。请问你有什么想了解的吗?\"。\n请确保你的回答不超过100个汉字。"
}